Loading pytorch-gpu/py3/2.7.0
  Loading requirement: gcc/11.4.1 cuda/12.6.3 nccl/2.25.1-1-cuda
    cudnn/9.5.1.17-cuda openmpi/4.1.6-cuda intel-mkl/2020.4 magma/2.9.0-cuda
    sox/14.4.2 hdf5/1.12.0-mpi-cuda libjpeg-turbo/2.1.3 ffmpeg/6.1.1
    openjdk/11.0.2
[I 2025-07-01 11:47:09,273] Using an existing study with name 'hps_parallel_math2_IMPACT' instead of creating a new one.
[I 2025-07-01 11:47:09,275] Using an existing study with name 'hps_parallel_math2_IMPACT' instead of creating a new one.
[I 2025-07-01 11:47:09,278] Using an existing study with name 'hps_parallel_math2_IMPACT' instead of creating a new one.
[I 2025-07-01 11:47:14,097] Using an existing study with name 'hps_parallel_math2_IMPACT' instead of creating a new one.
[I 2025-07-01 11:48:11,814] Trial 3 finished with value: 0.6808915734291077 and parameters: {'learning_rate': 0.0016092279270168257, 'lambda': 7.505876904297042e-08}. Best is trial 3 with value: 0.6808915734291077.
[I 2025-07-01 11:48:17,472] Trial 1 finished with value: 0.684698224067688 and parameters: {'learning_rate': 0.0001566212667330014, 'lambda': 3.789379387804101e-07}. Best is trial 1 with value: 0.684698224067688.
[I 2025-07-01 11:48:30,876] Trial 4 finished with value: 0.6863511204719543 and parameters: {'learning_rate': 5.160847599325648e-05, 'lambda': 3.329476635709643e-08}. Best is trial 4 with value: 0.6863511204719543.
[I 2025-07-01 11:48:41,776] Trial 2 finished with value: 0.6866015195846558 and parameters: {'learning_rate': 0.00526026591340511, 'lambda': 6.194217651833306e-06}. Best is trial 2 with value: 0.6866015195846558.
[I 2025-07-01 11:49:08,977] Trial 5 finished with value: 0.6854495406150818 and parameters: {'learning_rate': 0.00010270932362781551, 'lambda': 1.1026940165215681e-07}. Best is trial 2 with value: 0.6866015195846558.
[I 2025-07-01 11:49:09,567] Trial 6 finished with value: 0.6845479607582092 and parameters: {'learning_rate': 0.00016391021614084014, 'lambda': 1.5000718043635632e-07}. Best is trial 2 with value: 0.6866015195846558.
[I 2025-07-01 11:49:28,778] Trial 7 finished with value: 0.6859503984451294 and parameters: {'learning_rate': 7.983480435546302e-05, 'lambda': 3.182720381096691e-08}. Best is trial 2 with value: 0.6866015195846558.
[I 2025-07-01 11:49:57,020] Trial 10 finished with value: 0.6807913780212402 and parameters: {'learning_rate': 0.0018454731597865289, 'lambda': 2.835348122110786e-06}. Best is trial 2 with value: 0.6866015195846558.
[I 2025-07-01 11:49:58,550] Trial 9 finished with value: 0.685299277305603 and parameters: {'learning_rate': 0.0003063241520999155, 'lambda': 1.658705468507088e-08}. Best is trial 2 with value: 0.6866015195846558.
[I 2025-07-01 11:50:26,718] Trial 11 finished with value: 0.6834961175918579 and parameters: {'learning_rate': 0.0004555645099108926, 'lambda': 1.1373202288173933e-07}. Best is trial 2 with value: 0.6866015195846558.
[I 2025-07-01 11:50:48,057] Trial 13 finished with value: 0.6860505938529968 and parameters: {'learning_rate': 0.00035219583244882284, 'lambda': 1.9802859828054714e-08}. Best is trial 2 with value: 0.6866015195846558.
[I 2025-07-01 11:51:56,950] Trial 8 finished with value: 0.6935136318206787 and parameters: {'learning_rate': 0.009681815809061741, 'lambda': 6.996914203530246e-06}. Best is trial 8 with value: 0.6935136318206787.
[I 2025-07-01 11:52:52,370] Trial 15 finished with value: 0.6987728476524353 and parameters: {'learning_rate': 0.01956044761643108, 'lambda': 5.959660129575608e-06}. Best is trial 15 with value: 0.6987728476524353.
[I 2025-07-01 11:53:55,592] Trial 17 finished with value: 0.6706236004829407 and parameters: {'learning_rate': 0.0378911475248374, 'lambda': 1.6175490911562446e-06}. Best is trial 15 with value: 0.6987728476524353.
[I 2025-07-01 11:54:11,175] Trial 12 finished with value: 0.654495358467102 and parameters: {'learning_rate': 0.025588483191202924, 'lambda': 1.806635868596554e-07}. Best is trial 15 with value: 0.6987728476524353.
[I 2025-07-01 11:55:04,912] Trial 18 finished with value: 0.7073879241943359 and parameters: {'learning_rate': 0.04937195791391551, 'lambda': 9.844483404010954e-06}. Best is trial 18 with value: 0.7073879241943359.
[I 2025-07-01 11:56:04,614] Trial 14 finished with value: 0.7105935215950012 and parameters: {'learning_rate': 0.022294261485080926, 'lambda': 8.55434313540955e-06}. Best is trial 14 with value: 0.7105935215950012.
[I 2025-07-01 11:57:00,709] Trial 16 finished with value: 0.7104432582855225 and parameters: {'learning_rate': 0.02138216200225052, 'lambda': 8.069738913463047e-06}. Best is trial 14 with value: 0.7105935215950012.
[I 2025-07-01 11:57:23,448] Trial 19 finished with value: 0.7053844332695007 and parameters: {'learning_rate': 0.00764339573378363, 'lambda': 9.15976275418064e-06}. Best is trial 14 with value: 0.7105935215950012.
[I 2025-07-01 11:57:36,480] Trial 20 finished with value: 0.6878036260604858 and parameters: {'learning_rate': 1.565756200316972e-05, 'lambda': 6.668701831928233e-07}. Best is trial 14 with value: 0.7105935215950012.
[I 2025-07-01 11:58:10,880] Trial 23 finished with value: 0.6715752482414246 and parameters: {'learning_rate': 0.002356496438407847, 'lambda': 9.434953981915108e-07}. Best is trial 14 with value: 0.7105935215950012.
[I 2025-07-01 11:58:24,330] Trial 24 finished with value: 0.6696218252182007 and parameters: {'learning_rate': 0.00255354419287198, 'lambda': 2.3708667049861593e-06}. Best is trial 14 with value: 0.7105935215950012.
[I 2025-07-01 11:59:44,440] Trial 22 finished with value: 0.6693713665008545 and parameters: {'learning_rate': 0.006531952066358981, 'lambda': 1.001435630852994e-06}. Best is trial 14 with value: 0.7105935215950012.
[I 2025-07-01 11:59:51,142] Trial 25 finished with value: 0.6874029636383057 and parameters: {'learning_rate': 0.04218040931718454, 'lambda': 3.0831397772764944e-06}. Best is trial 14 with value: 0.7105935215950012.
[I 2025-07-01 12:00:24,796] Trial 26 finished with value: 0.6967693567276001 and parameters: {'learning_rate': 0.0440717432122949, 'lambda': 3.6560835107252264e-06}. Best is trial 14 with value: 0.7105935215950012.
[I 2025-07-01 12:00:59,075] Trial 21 finished with value: 0.688454806804657 and parameters: {'learning_rate': 1.370836648192812e-05, 'lambda': 9.299010302637145e-07}. Best is trial 14 with value: 0.7105935215950012.
[I 2025-07-01 12:02:26,794] Trial 30 finished with value: 0.6797896027565002 and parameters: {'learning_rate': 0.015856815862212336, 'lambda': 4.263394034985429e-06}. Best is trial 14 with value: 0.7105935215950012.
[I 2025-07-01 12:02:28,617] Trial 28 finished with value: 0.679338812828064 and parameters: {'learning_rate': 0.016039519637565707, 'lambda': 3.5960545596998447e-06}. Best is trial 14 with value: 0.7105935215950012.
[I 2025-07-01 12:02:43,438] Trial 27 finished with value: 0.699474036693573 and parameters: {'learning_rate': 0.04118347384740225, 'lambda': 3.645738128708408e-06}. Best is trial 14 with value: 0.7105935215950012.
[I 2025-07-01 12:03:24,354] Trial 29 finished with value: 0.7110443115234375 and parameters: {'learning_rate': 0.015111921985485867, 'lambda': 9.676314290555912e-06}. Best is trial 29 with value: 0.7110443115234375.
[I 2025-07-01 12:03:30,911] Trial 33 finished with value: 0.6593538522720337 and parameters: {'learning_rate': 0.003974411817275434, 'lambda': 3.6082668937083795e-07}. Best is trial 29 with value: 0.7110443115234375.
[I 2025-07-01 12:04:11,955] Trial 34 finished with value: 0.6627598404884338 and parameters: {'learning_rate': 0.0041904351704744065, 'lambda': 1.6259689999409628e-06}. Best is trial 29 with value: 0.7110443115234375.
[I 2025-07-01 12:04:22,323] Trial 32 finished with value: 0.694966197013855 and parameters: {'learning_rate': 0.0037447403574384936, 'lambda': 9.639267044626162e-06}. Best is trial 29 with value: 0.7110443115234375.
[I 2025-07-01 12:05:05,916] Trial 31 finished with value: 0.7064863443374634 and parameters: {'learning_rate': 0.01312739787373661, 'lambda': 9.3878253242877e-06}. Best is trial 29 with value: 0.7110443115234375.
[I 2025-07-01 12:05:52,035] Trial 37 finished with value: 0.6872527003288269 and parameters: {'learning_rate': 0.011349479764938417, 'lambda': 5.559933612886707e-06}. Best is trial 29 with value: 0.7110443115234375.
[I 2025-07-01 12:06:02,610] Trial 35 finished with value: 0.7077385187149048 and parameters: {'learning_rate': 0.015300987424890822, 'lambda': 9.865287086354538e-06}. Best is trial 29 with value: 0.7110443115234375.
[I 2025-07-01 12:06:39,452] Trial 39 finished with value: 0.6831955909729004 and parameters: {'learning_rate': 0.0008857356919494693, 'lambda': 5.524502386936176e-06}. Best is trial 29 with value: 0.7110443115234375.
[I 2025-07-01 12:06:40,040] Trial 38 finished with value: 0.6946155428886414 and parameters: {'learning_rate': 0.02320310454565279, 'lambda': 6.361272338822186e-06}. Best is trial 29 with value: 0.7110443115234375.
[I 2025-07-01 12:06:50,108] Trial 40 finished with value: 0.6860505938529968 and parameters: {'learning_rate': 0.0008546287494982074, 'lambda': 2.0021661166800277e-06}. Best is trial 29 with value: 0.7110443115234375.
[I 2025-07-01 12:07:19,801] Trial 36 finished with value: 0.7084898352622986 and parameters: {'learning_rate': 0.010790535756105904, 'lambda': 8.876398054666153e-06}. Best is trial 29 with value: 0.7110443115234375.
[I 2025-07-01 12:07:27,477] Trial 42 finished with value: 0.6863511204719543 and parameters: {'learning_rate': 0.0009222774726246044, 'lambda': 1.8479063931341757e-06}. Best is trial 29 with value: 0.7110443115234375.
[I 2025-07-01 12:07:45,099] Trial 43 finished with value: 0.6826446056365967 and parameters: {'learning_rate': 0.025742182898325968, 'lambda': 4.840715724266573e-06}. Best is trial 29 with value: 0.7110443115234375.
[I 2025-07-01 12:09:07,622] Trial 45 finished with value: 0.6834961175918579 and parameters: {'learning_rate': 0.008581369386673749, 'lambda': 4.937926674384412e-06}. Best is trial 29 with value: 0.7110443115234375.
[I 2025-07-01 12:09:30,366] Trial 41 finished with value: 0.672827422618866 and parameters: {'learning_rate': 0.0195537543485652, 'lambda': 2.0340557264490438e-06}. Best is trial 29 with value: 0.7110443115234375.
[I 2025-07-01 12:10:32,127] Trial 44 finished with value: 0.7045329213142395 and parameters: {'learning_rate': 0.02615903099343803, 'lambda': 4.7605636587756966e-06}. Best is trial 29 with value: 0.7110443115234375.
[I 2025-07-01 12:10:49,471] Trial 47 finished with value: 0.689055860042572 and parameters: {'learning_rate': 0.005824472333564152, 'lambda': 7.022514360439122e-06}. Best is trial 29 with value: 0.7110443115234375.
[I 2025-07-01 12:11:20,843] Trial 48 finished with value: 0.6891059279441833 and parameters: {'learning_rate': 0.005904239730149531, 'lambda': 7.320042387337246e-06}. Best is trial 29 with value: 0.7110443115234375.
[I 2025-07-01 12:12:22,980] Trial 49 finished with value: 0.689055860042572 and parameters: {'learning_rate': 0.006483807050305569, 'lambda': 6.386602999599165e-06}. Best is trial 29 with value: 0.7110443115234375.
[I 2025-07-01 12:12:43,535] Trial 46 finished with value: 0.6974204778671265 and parameters: {'learning_rate': 0.008784384571127176, 'lambda': 7.341481572799894e-06}. Best is trial 29 with value: 0.7110443115234375.
[I 2025-07-01 12:14:55,833] Trial 51 finished with value: 0.6974705457687378 and parameters: {'learning_rate': 0.011181061299471313, 'lambda': 7.289620932645e-06}. Best is trial 29 with value: 0.7110443115234375.
[I 2025-07-01 12:15:44,094] Trial 52 finished with value: 0.6460806131362915 and parameters: {'learning_rate': 0.009808788523502582, 'lambda': 3.865863159542231e-08}. Best is trial 29 with value: 0.7110443115234375.
[I 2025-07-01 12:15:53,232] Trial 53 finished with value: 0.6758326888084412 and parameters: {'learning_rate': 0.012163670498308432, 'lambda': 2.553044480368809e-06}. Best is trial 29 with value: 0.7110443115234375.
[I 2025-07-01 12:15:53,334] Trial 50 finished with value: 0.6974705457687378 and parameters: {'learning_rate': 0.011511716143692308, 'lambda': 6.887104231814946e-06}. Best is trial 29 with value: 0.7110443115234375.
[I 2025-07-01 12:16:48,409] Trial 56 finished with value: 0.7094916105270386 and parameters: {'learning_rate': 0.03212823598621347, 'lambda': 9.96557138526472e-06}. Best is trial 29 with value: 0.7110443115234375.
[I 2025-07-01 12:17:27,511] Trial 57 finished with value: 0.709140956401825 and parameters: {'learning_rate': 0.032937889207190055, 'lambda': 9.560380393425063e-06}. Best is trial 29 with value: 0.7110443115234375.
[I 2025-07-01 12:17:48,586] Trial 54 finished with value: 0.662559449672699 and parameters: {'learning_rate': 0.03326132137089071, 'lambda': 4.915628076224199e-07}. Best is trial 29 with value: 0.7110443115234375.
[I 2025-07-01 12:18:12,333] Trial 58 finished with value: 0.7106435894966125 and parameters: {'learning_rate': 0.030633463810506523, 'lambda': 9.843347374833905e-06}. Best is trial 29 with value: 0.7110443115234375.
[I 2025-07-01 12:18:17,067] Trial 55 finished with value: 0.7117956280708313 and parameters: {'learning_rate': 0.029462622641427193, 'lambda': 8.313547443450802e-06}. Best is trial 55 with value: 0.7117956280708313.
[I 2025-07-01 12:19:43,619] Trial 62 finished with value: 0.6748309135437012 and parameters: {'learning_rate': 0.029036687273471275, 'lambda': 3.065766169096565e-06}. Best is trial 55 with value: 0.7117956280708313.
[I 2025-07-01 12:20:54,251] Trial 60 finished with value: 0.6706236004829407 and parameters: {'learning_rate': 0.029942870092663366, 'lambda': 1.2664520987051515e-06}. Best is trial 55 with value: 0.7117956280708313.
[I 2025-07-01 12:21:31,494] Trial 59 finished with value: 0.6990733742713928 and parameters: {'learning_rate': 0.03148405918118621, 'lambda': 4.16021964187576e-06}. Best is trial 55 with value: 0.7117956280708313.
[I 2025-07-01 12:21:48,925] Trial 61 finished with value: 0.6963185667991638 and parameters: {'learning_rate': 0.031559625682509806, 'lambda': 3.052970798428679e-06}. Best is trial 55 with value: 0.7117956280708313.
[I 2025-07-01 12:22:11,971] Trial 63 finished with value: 0.6496368646621704 and parameters: {'learning_rate': 0.01931712714258032, 'lambda': 2.1436343900275177e-07}. Best is trial 55 with value: 0.7117956280708313.
[I 2025-07-01 12:23:07,248] Trial 65 finished with value: 0.7064362168312073 and parameters: {'learning_rate': 0.049966370412891356, 'lambda': 8.05870338423514e-06}. Best is trial 55 with value: 0.7117956280708313.
[I 2025-07-01 12:23:13,833] Trial 64 finished with value: 0.689055860042572 and parameters: {'learning_rate': 0.0189160597537756, 'lambda': 4.0260337315336085e-06}. Best is trial 55 with value: 0.7117956280708313.
[I 2025-07-01 12:23:21,888] Trial 67 finished with value: 0.709140956401825 and parameters: {'learning_rate': 0.04538337487829562, 'lambda': 8.086556785096744e-06}. Best is trial 55 with value: 0.7117956280708313.
[I 2025-07-01 12:24:15,336] Trial 70 finished with value: 0.6852491497993469 and parameters: {'learning_rate': 0.00015550037353394774, 'lambda': 5.434171747270103e-06}. Best is trial 55 with value: 0.7117956280708313.
[I 2025-07-01 12:24:53,472] Trial 68 finished with value: 0.6869020462036133 and parameters: {'learning_rate': 2.6713047045144693e-05, 'lambda': 5.6847326668358755e-06}. Best is trial 55 with value: 0.7117956280708313.
[I 2025-07-01 12:25:26,247] Trial 66 finished with value: 0.7119458913803101 and parameters: {'learning_rate': 0.019717497455142917, 'lambda': 8.556574790606898e-06}. Best is trial 66 with value: 0.7119458913803101.
[I 2025-07-01 12:25:35,860] Trial 71 finished with value: 0.6875030994415283 and parameters: {'learning_rate': 3.151225262885891e-05, 'lambda': 1.1075902188281658e-08}. Best is trial 66 with value: 0.7119458913803101.
[I 2025-07-01 12:27:44,147] Trial 69 finished with value: 0.7024793028831482 and parameters: {'learning_rate': 0.02284258434820754, 'lambda': 5.535952258610031e-06}. Best is trial 66 with value: 0.7119458913803101.
[I 2025-07-01 12:27:53,922] Trial 73 finished with value: 0.6464813351631165 and parameters: {'learning_rate': 0.014829583121570532, 'lambda': 1.2195286929918658e-08}. Best is trial 66 with value: 0.7119458913803101.
[I 2025-07-01 12:28:29,938] Trial 74 finished with value: 0.7101427316665649 and parameters: {'learning_rate': 0.015905705628530088, 'lambda': 8.26889928870456e-06}. Best is trial 66 with value: 0.7119458913803101.
[I 2025-07-01 12:28:54,089] Trial 72 finished with value: 0.713498592376709 and parameters: {'learning_rate': 0.02352947272000544, 'lambda': 9.793510314444054e-06}. Best is trial 72 with value: 0.713498592376709.
[I 2025-07-01 12:29:01,966] Trial 76 finished with value: 0.7113949060440063 and parameters: {'learning_rate': 0.03864018042648674, 'lambda': 9.763298122715174e-06}. Best is trial 72 with value: 0.713498592376709.
[I 2025-07-01 12:29:53,671] Trial 75 finished with value: 0.708590030670166 and parameters: {'learning_rate': 0.016257779824290806, 'lambda': 9.050514160753456e-06}. Best is trial 72 with value: 0.713498592376709.
[I 2025-07-01 12:30:29,836] Trial 77 finished with value: 0.7111945748329163 and parameters: {'learning_rate': 0.01773654592365671, 'lambda': 9.879950775027596e-06}. Best is trial 72 with value: 0.713498592376709.
[I 2025-07-01 12:30:41,448] Trial 79 finished with value: 0.6977710723876953 and parameters: {'learning_rate': 0.02111812200041207, 'lambda': 6.273740683110524e-06}. Best is trial 72 with value: 0.713498592376709.
[I 2025-07-01 12:32:05,974] Trial 82 finished with value: 0.7023290395736694 and parameters: {'learning_rate': 0.03938451715068185, 'lambda': 4.7416641055258046e-06}. Best is trial 72 with value: 0.713498592376709.
[I 2025-07-01 12:32:11,663] Trial 81 finished with value: 0.701076865196228 and parameters: {'learning_rate': 0.038457356787687004, 'lambda': 4.626822272826377e-06}. Best is trial 72 with value: 0.713498592376709.
[I 2025-07-01 12:32:13,719] Trial 80 finished with value: 0.6531930565834045 and parameters: {'learning_rate': 0.022810201884776792, 'lambda': 8.300087400864929e-08}. Best is trial 72 with value: 0.713498592376709.
[I 2025-07-01 12:32:23,848] Trial 78 finished with value: 0.7108940482139587 and parameters: {'learning_rate': 0.017814798669214843, 'lambda': 8.040216868018334e-06}. Best is trial 72 with value: 0.713498592376709.
[I 2025-07-01 12:32:52,949] Trial 83 finished with value: 0.6822940111160278 and parameters: {'learning_rate': 0.0015087693887873262, 'lambda': 3.754659989672746e-06}. Best is trial 72 with value: 0.713498592376709.
[I 2025-07-01 12:35:43,653] Trial 84 finished with value: 0.6785874962806702 and parameters: {'learning_rate': 0.007946116745476944, 'lambda': 3.6915942408771837e-06}. Best is trial 72 with value: 0.713498592376709.
[I 2025-07-01 12:36:34,136] Trial 85 finished with value: 0.6998246908187866 and parameters: {'learning_rate': 0.007559376219710472, 'lambda': 7.856483356610615e-06}. Best is trial 72 with value: 0.713498592376709.
[I 2025-07-01 12:37:42,021] Trial 88 finished with value: 0.7033308148384094 and parameters: {'learning_rate': 0.013784750752168565, 'lambda': 7.927892479290914e-06}. Best is trial 72 with value: 0.713498592376709.
[I 2025-07-01 12:37:53,645] Trial 87 finished with value: 0.7012271285057068 and parameters: {'learning_rate': 0.013646041613652623, 'lambda': 7.597862901425216e-06}. Best is trial 72 with value: 0.713498592376709.
[I 2025-07-01 12:37:55,641] Trial 89 finished with value: 0.6899573802947998 and parameters: {'learning_rate': 0.013612889535386637, 'lambda': 6.200471915597702e-06}. Best is trial 72 with value: 0.713498592376709.
[I 2025-07-01 12:38:58,528] Trial 86 finished with value: 0.6976709365844727 and parameters: {'learning_rate': 0.008115119051274329, 'lambda': 8.168341006495745e-06}. Best is trial 72 with value: 0.713498592376709.
[I 2025-07-01 12:40:55,829] Trial 90 finished with value: 0.7045329213142395 and parameters: {'learning_rate': 0.02619334277611328, 'lambda': 6.413668392357319e-06}. Best is trial 72 with value: 0.713498592376709.
[I 2025-07-01 12:41:00,215] Trial 93 finished with value: 0.694966197013855 and parameters: {'learning_rate': 0.004692792079407198, 'lambda': 9.761464817252276e-06}. Best is trial 72 with value: 0.713498592376709.
[I 2025-07-01 12:41:17,218] Trial 92 finished with value: 0.7021787762641907 and parameters: {'learning_rate': 0.01864759269586572, 'lambda': 6.586729125556447e-06}. Best is trial 72 with value: 0.713498592376709.
[I 2025-07-01 12:42:36,742] Trial 91 finished with value: 0.7009266018867493 and parameters: {'learning_rate': 0.025452663077727634, 'lambda': 6.125454514539631e-06}. Best is trial 72 with value: 0.713498592376709.
[I 2025-07-01 12:43:26,433] Trial 96 finished with value: 0.706386148929596 and parameters: {'learning_rate': 0.03783957731721937, 'lambda': 5.200298753866409e-06}. Best is trial 72 with value: 0.713498592376709.
[I 2025-07-01 12:43:44,619] Trial 97 finished with value: 0.7104432582855225 and parameters: {'learning_rate': 0.039132474653127594, 'lambda': 9.712784582714121e-06}. Best is trial 72 with value: 0.713498592376709.
[I 2025-07-01 12:43:45,399] Trial 94 finished with value: 0.690808892250061 and parameters: {'learning_rate': 0.01819934775304057, 'lambda': 5.121681181412657e-06}. Best is trial 72 with value: 0.713498592376709.
[I 2025-07-01 12:44:32,475] Trial 95 finished with value: 0.7007763385772705 and parameters: {'learning_rate': 0.017954775440920882, 'lambda': 6.8458916618257835e-06}. Best is trial 72 with value: 0.713498592376709.
[I 2025-07-01 12:44:32,849] Trial 100 finished with value: 0.683095395565033 and parameters: {'learning_rate': 0.0005267503187675073, 'lambda': 8.468148136803772e-06}. Best is trial 72 with value: 0.713498592376709.
[I 2025-07-01 12:46:23,303] Trial 98 finished with value: 0.7115952968597412 and parameters: {'learning_rate': 0.017924563664525918, 'lambda': 9.925838926203068e-06}. Best is trial 72 with value: 0.713498592376709.
[I 2025-07-01 12:47:20,432] Trial 99 finished with value: 0.7115451693534851 and parameters: {'learning_rate': 0.01896506689110112, 'lambda': 8.558028726473986e-06}. Best is trial 72 with value: 0.713498592376709.
[I 2025-07-01 12:47:35,810] Trial 101 finished with value: 0.7100926637649536 and parameters: {'learning_rate': 0.02192020880146871, 'lambda': 8.601048226671938e-06}. Best is trial 72 with value: 0.713498592376709.
[I 2025-07-01 12:47:36,016] Trial 102 finished with value: 0.7133483290672302 and parameters: {'learning_rate': 0.02308788422007466, 'lambda': 8.715883255783095e-06}. Best is trial 72 with value: 0.713498592376709.
[I 2025-07-01 12:48:33,841] Trial 103 finished with value: 0.7132982611656189 and parameters: {'learning_rate': 0.02629403718312932, 'lambda': 9.996186630241149e-06}. Best is trial 72 with value: 0.713498592376709.
[I 2025-07-01 12:51:01,874] Trial 106 finished with value: 0.6964187026023865 and parameters: {'learning_rate': 0.01029561166054976, 'lambda': 7.107749313961673e-06}. Best is trial 72 with value: 0.713498592376709.
[I 2025-07-01 12:51:51,534] Trial 107 finished with value: 0.69236159324646 and parameters: {'learning_rate': 0.010583797572116818, 'lambda': 7.22003362560808e-06}. Best is trial 72 with value: 0.713498592376709.
[I 2025-07-01 12:52:06,541] Trial 104 finished with value: 0.7045829892158508 and parameters: {'learning_rate': 0.02676381226749932, 'lambda': 4.320729844750461e-06}. Best is trial 72 with value: 0.713498592376709.
[I 2025-07-01 12:52:10,030] Trial 105 finished with value: 0.7095416784286499 and parameters: {'learning_rate': 0.010608415837600109, 'lambda': 9.913197256310097e-06}. Best is trial 72 with value: 0.713498592376709.
[I 2025-07-01 12:53:39,807] Trial 110 finished with value: 0.7102929949760437 and parameters: {'learning_rate': 0.03636352595355247, 'lambda': 8.765333221694063e-06}. Best is trial 72 with value: 0.713498592376709.
[I 2025-07-01 12:54:01,938] Trial 109 finished with value: 0.7130478024482727 and parameters: {'learning_rate': 0.026813868231514038, 'lambda': 9.941913725284957e-06}. Best is trial 72 with value: 0.713498592376709.
[I 2025-07-01 12:54:17,016] Trial 108 finished with value: 0.7073377966880798 and parameters: {'learning_rate': 0.02462243312567296, 'lambda': 7.20592406347261e-06}. Best is trial 72 with value: 0.713498592376709.
[I 2025-07-01 12:54:28,368] Trial 111 finished with value: 0.7054345011711121 and parameters: {'learning_rate': 0.04983727731497283, 'lambda': 5.767331788232643e-06}. Best is trial 72 with value: 0.713498592376709.
[I 2025-07-01 12:55:22,123] Trial 112 finished with value: 0.7062860131263733 and parameters: {'learning_rate': 0.04538854900502451, 'lambda': 5.664160881721237e-06}. Best is trial 72 with value: 0.713498592376709.
[I 2025-07-01 12:56:18,308] Trial 115 finished with value: 0.6439769268035889 and parameters: {'learning_rate': 0.015621822167668326, 'lambda': 4.255246000039895e-08}. Best is trial 72 with value: 0.713498592376709.
[I 2025-07-01 12:57:12,586] Trial 114 finished with value: 0.6619083285331726 and parameters: {'learning_rate': 0.04734782358177652, 'lambda': 4.188736134983684e-08}. Best is trial 72 with value: 0.713498592376709.
[I 2025-07-01 12:59:02,660] Trial 113 finished with value: 0.7022289037704468 and parameters: {'learning_rate': 0.024809960300611278, 'lambda': 5.816457960979592e-06}. Best is trial 72 with value: 0.713498592376709.
[I 2025-07-01 12:59:21,227] Trial 117 finished with value: 0.7106937170028687 and parameters: {'learning_rate': 0.021927045009712633, 'lambda': 8.6537043057009e-06}. Best is trial 72 with value: 0.713498592376709.
[I 2025-07-01 13:00:05,199] Trial 118 finished with value: 0.7123966813087463 and parameters: {'learning_rate': 0.027012909744577544, 'lambda': 8.455412790725563e-06}. Best is trial 72 with value: 0.713498592376709.
[I 2025-07-01 13:00:23,163] Trial 116 finished with value: 0.7114450335502625 and parameters: {'learning_rate': 0.017114598712451953, 'lambda': 8.783631428843743e-06}. Best is trial 72 with value: 0.713498592376709.
[I 2025-07-01 13:01:34,670] Trial 119 finished with value: 0.7120961546897888 and parameters: {'learning_rate': 0.02904318897494382, 'lambda': 8.146453596090159e-06}. Best is trial 72 with value: 0.713498592376709.
[I 2025-07-01 13:01:52,001] Trial 122 finished with value: 0.6624593138694763 and parameters: {'learning_rate': 0.03318358046589294, 'lambda': 5.811593196730824e-07}. Best is trial 72 with value: 0.713498592376709.
[I 2025-07-01 13:03:09,867] Trial 121 finished with value: 0.7094414830207825 and parameters: {'learning_rate': 0.02954441100304118, 'lambda': 6.953367368222143e-06}. Best is trial 72 with value: 0.713498592376709.
[I 2025-07-01 13:03:20,893] Trial 120 finished with value: 0.670673668384552 and parameters: {'learning_rate': 0.030459580782086507, 'lambda': 7.378909561546445e-07}. Best is trial 72 with value: 0.713498592376709.
[I 2025-07-01 13:04:42,323] Trial 123 finished with value: 0.7118456959724426 and parameters: {'learning_rate': 0.03104089990876292, 'lambda': 6.815357078847978e-06}. Best is trial 72 with value: 0.713498592376709.
[I 2025-07-01 13:04:59,126] Trial 124 finished with value: 0.7063360810279846 and parameters: {'learning_rate': 0.029087257002754083, 'lambda': 6.473009339872814e-06}. Best is trial 72 with value: 0.713498592376709.
[I 2025-07-01 13:05:53,512] Trial 125 finished with value: 0.7113949060440063 and parameters: {'learning_rate': 0.021201805179502285, 'lambda': 8.663633731956357e-06}. Best is trial 72 with value: 0.713498592376709.
[I 2025-07-01 13:06:11,828] Trial 126 finished with value: 0.7107938528060913 and parameters: {'learning_rate': 0.021015936598691373, 'lambda': 8.68170450977617e-06}. Best is trial 72 with value: 0.713498592376709.
[I 2025-07-01 13:06:47,199] Trial 127 finished with value: 0.7110943794250488 and parameters: {'learning_rate': 0.035987082700338804, 'lambda': 7.902733597110318e-06}. Best is trial 72 with value: 0.713498592376709.
[I 2025-07-01 13:07:59,259] Trial 129 finished with value: 0.7108439803123474 and parameters: {'learning_rate': 0.03602632915603158, 'lambda': 7.743019324395732e-06}. Best is trial 72 with value: 0.713498592376709.
[I 2025-07-01 13:08:07,162] Trial 131 finished with value: 0.6841973066329956 and parameters: {'learning_rate': 0.012559041861507931, 'lambda': 4.904757850977265e-06}. Best is trial 72 with value: 0.713498592376709.
[I 2025-07-01 13:08:34,712] Trial 128 finished with value: 0.7117956280708313 and parameters: {'learning_rate': 0.019881510096910596, 'lambda': 8.55037009955997e-06}. Best is trial 72 with value: 0.713498592376709.
[I 2025-07-01 13:08:45,957] Trial 130 finished with value: 0.6611069440841675 and parameters: {'learning_rate': 0.03700908803064372, 'lambda': 2.262569869665547e-07}. Best is trial 72 with value: 0.713498592376709.
[I 2025-07-01 13:08:46,720] Trial 132 finished with value: 0.6612070798873901 and parameters: {'learning_rate': 0.0031807152901990304, 'lambda': 2.0925511281859682e-07}. Best is trial 72 with value: 0.713498592376709.
[I 2025-07-01 13:09:23,171] Trial 134 finished with value: 0.6851490139961243 and parameters: {'learning_rate': 0.0002970938960152924, 'lambda': 6.5165040957540325e-06}. Best is trial 72 with value: 0.713498592376709.
[I 2025-07-01 13:09:34,306] Trial 135 finished with value: 0.6846480965614319 and parameters: {'learning_rate': 0.00027881405151982064, 'lambda': 7.018929665214108e-06}. Best is trial 72 with value: 0.713498592376709.
[I 2025-07-01 13:10:41,977] Trial 133 finished with value: 0.657250165939331 and parameters: {'learning_rate': 0.02699696686282021, 'lambda': 2.8785704581155795e-07}. Best is trial 72 with value: 0.713498592376709.
[I 2025-07-01 13:10:58,544] Trial 136 finished with value: 0.7133984565734863 and parameters: {'learning_rate': 0.026056534558822196, 'lambda': 9.989746893996333e-06}. Best is trial 72 with value: 0.713498592376709.
[I 2025-07-01 13:11:26,307] Trial 137 finished with value: 0.7139995098114014 and parameters: {'learning_rate': 0.02434866869389585, 'lambda': 9.986203190699059e-06}. Best is trial 137 with value: 0.7139995098114014.
[I 2025-07-01 13:11:52,151] Trial 138 finished with value: 0.7138993144035339 and parameters: {'learning_rate': 0.026232476296104243, 'lambda': 9.711275843273388e-06}. Best is trial 137 with value: 0.7139995098114014.
[I 2025-07-01 13:13:31,563] Trial 140 finished with value: 0.7066866755485535 and parameters: {'learning_rate': 0.015439340790865124, 'lambda': 9.853376596135358e-06}. Best is trial 137 with value: 0.7139995098114014.
[I 2025-07-01 13:13:57,736] Trial 141 finished with value: 0.7071875333786011 and parameters: {'learning_rate': 0.02054584919165133, 'lambda': 7.603157450632563e-06}. Best is trial 137 with value: 0.7139995098114014.
[I 2025-07-01 13:14:51,562] Trial 142 finished with value: 0.7137490510940552 and parameters: {'learning_rate': 0.022768615552162304, 'lambda': 9.991089714164113e-06}. Best is trial 137 with value: 0.7139995098114014.
[I 2025-07-01 13:15:08,352] Trial 139 finished with value: 0.7146506309509277 and parameters: {'learning_rate': 0.016848380924625605, 'lambda': 9.972254466547545e-06}. Best is trial 139 with value: 0.7146506309509277.
[I 2025-07-01 13:16:16,733] Trial 143 finished with value: 0.709140956401825 and parameters: {'learning_rate': 0.02400357044581047, 'lambda': 7.530521181587197e-06}. Best is trial 139 with value: 0.7146506309509277.
[I 2025-07-01 13:16:31,958] Trial 144 finished with value: 0.7139995098114014 and parameters: {'learning_rate': 0.024680844789043147, 'lambda': 9.962124295527635e-06}. Best is trial 139 with value: 0.7146506309509277.
[I 2025-07-01 13:17:58,685] Trial 145 finished with value: 0.7142499089241028 and parameters: {'learning_rate': 0.02465357516216046, 'lambda': 9.816306822380786e-06}. Best is trial 139 with value: 0.7146506309509277.
[I 2025-07-01 13:18:31,955] Trial 146 finished with value: 0.7112947702407837 and parameters: {'learning_rate': 0.028231439847523094, 'lambda': 7.672342262869373e-06}. Best is trial 139 with value: 0.7146506309509277.
[I 2025-07-01 13:19:47,120] Trial 147 finished with value: 0.7055847644805908 and parameters: {'learning_rate': 0.028250189161454987, 'lambda': 6.287104876155981e-06}. Best is trial 139 with value: 0.7146506309509277.
[I 2025-07-01 13:20:07,315] Trial 148 finished with value: 0.703831672668457 and parameters: {'learning_rate': 0.02705169373327986, 'lambda': 6.0052985160380056e-06}. Best is trial 139 with value: 0.7146506309509277.
[I 2025-07-01 13:20:45,515] Trial 149 finished with value: 0.7138492465019226 and parameters: {'learning_rate': 0.02520278306114598, 'lambda': 9.933099018198378e-06}. Best is trial 139 with value: 0.7146506309509277.
[I 2025-07-01 13:21:06,244] Trial 150 finished with value: 0.7135487198829651 and parameters: {'learning_rate': 0.024736023023941314, 'lambda': 9.99125666001911e-06}. Best is trial 139 with value: 0.7146506309509277.
[I 2025-07-01 13:22:06,657] Trial 151 finished with value: 0.7141497731208801 and parameters: {'learning_rate': 0.02472210870270095, 'lambda': 9.871760856541919e-06}. Best is trial 139 with value: 0.7146506309509277.
[I 2025-07-01 13:23:07,681] Trial 155 finished with value: 0.6848985552787781 and parameters: {'learning_rate': 7.652400888478295e-05, 'lambda': 9.999366428167465e-06}. Best is trial 139 with value: 0.7146506309509277.
[I 2025-07-01 13:23:10,208] Trial 152 finished with value: 0.714500367641449 and parameters: {'learning_rate': 0.024050302552769704, 'lambda': 9.58014175885464e-06}. Best is trial 139 with value: 0.7146506309509277.
[I 2025-07-01 13:23:24,177] Trial 154 finished with value: 0.7135987877845764 and parameters: {'learning_rate': 0.02243761522838874, 'lambda': 9.841174263887733e-06}. Best is trial 139 with value: 0.7146506309509277.
[I 2025-07-01 13:24:08,873] Trial 153 finished with value: 0.7135987877845764 and parameters: {'learning_rate': 0.02327182027322819, 'lambda': 9.834304789048749e-06}. Best is trial 139 with value: 0.7146506309509277.
[I 2025-07-01 13:25:28,415] Trial 157 finished with value: 0.714500367641449 and parameters: {'learning_rate': 0.024045942954347546, 'lambda': 9.984796702546301e-06}. Best is trial 139 with value: 0.7146506309509277.
[I 2025-07-01 13:25:39,282] Trial 156 finished with value: 0.7126471400260925 and parameters: {'learning_rate': 0.023625465970712405, 'lambda': 8.957758315776391e-06}. Best is trial 139 with value: 0.7146506309509277.
[I 2025-07-01 13:25:55,514] Trial 158 finished with value: 0.7120961546897888 and parameters: {'learning_rate': 0.02354634746895769, 'lambda': 9.123533079432905e-06}. Best is trial 139 with value: 0.7146506309509277.
[I 2025-07-01 13:27:40,441] Trial 160 finished with value: 0.7122964859008789 and parameters: {'learning_rate': 0.02205276282714, 'lambda': 8.85964735651397e-06}. Best is trial 139 with value: 0.7146506309509277.
[I 2025-07-01 13:28:17,881] Trial 162 finished with value: 0.7046831846237183 and parameters: {'learning_rate': 0.015314357912510805, 'lambda': 7.407803510475108e-06}. Best is trial 139 with value: 0.7146506309509277.
[I 2025-07-01 13:28:26,883] Trial 159 finished with value: 0.7086400985717773 and parameters: {'learning_rate': 0.013021422171461355, 'lambda': 9.876864568419027e-06}. Best is trial 139 with value: 0.7146506309509277.
[I 2025-07-01 13:29:57,750] Trial 161 finished with value: 0.7028800249099731 and parameters: {'learning_rate': 0.014889669241656227, 'lambda': 7.344065720205972e-06}. Best is trial 139 with value: 0.7146506309509277.
[I 2025-07-01 13:29:58,699] Trial 165 finished with value: 0.7098422050476074 and parameters: {'learning_rate': 0.04078567865398355, 'lambda': 7.554491983117762e-06}. Best is trial 139 with value: 0.7146506309509277.
srun: Job step aborted: Waiting up to 62 seconds for job step to finish.
slurmstepd: error: *** STEP 713396.0 ON r9i7n8 CANCELLED AT 2025-07-01T13:30:43 ***
slurmstepd: error: *** JOB 713396 ON r9i7n8 CANCELLED AT 2025-07-01T13:30:43 ***
