PID 837457 sees CUDA_VISIBLE_DEVICES = 0
→ torch.device is 0 Tesla V100-SXM2-16GB
[INFO 47:19] Using device: cuda
[INFO 47:19] #### config : {'seed': 0, 'dataset_name': 'algebra', 'load_params': True, 'save_params': False, 'embs_path': '../embs/', 'params_path': '../ckpt/', 'early_stopping': True, 'esc': 'error', 'verbose_early_stopping': False, 'disable_tqdm': False, 'valid_metric': 'rmse', 'learning_rate': 0.001, 'batch_size': 512, 'valid_batch_size': 10000, 'num_epochs': 100, 'eval_freq': 1, 'patience': 20, 'device': device(type='cuda'), 'lambda': 6.883708386254995e-06, 'tensorboard': False, 'flush_freq': True, 'pred_metrics': ['mi_acc', 'rmse', 'mae', 'mi_prec', 'mi_rec', 'mi_f_b', 'mi_auc', 'ma_prec', 'ma_rec', 'ma_f_b'], 'profile_metrics': ['meta_doa', 'pc-er', 'rm'], 'num_responses': 12, 'low_mem': False, 'n_query': 25, 'CDM': 'impact', 'i_fold': 1, 'num_inner_users_epochs': 3, 'num_inner_epochs': 10, 'inner_lr': 0.0001, 'inner_user_lr': 0.008921749543575398, 'meta_lr': 1.0, 'meta_trainer': 'Approx_GAP', 'num_workers': 0, 'pin_memory': False, 'debug': False} ####
[INFO 47:48] Random_cont_model
[INFO 47:48] compiling CDM model
[INFO 47:52] compiling selection model
[INFO 47:52] ⏳ Début de l'entraînement...
[INFO 47:52] ------- START Training
[INFO 47:52] train on cuda
[INFO 48:13] - meta_params: 1.0
[INFO 48:21] rmse : 0.4788593351840973
[INFO 48:21] valid_rmse : 2.884694814682007
[INFO 48:21] valid_loss : 4.45969295501709
[INFO 48:39] - meta_params: 1.0
[INFO 48:46] rmse : 0.4788593351840973
[INFO 48:46] valid_rmse : 2.884694814682007
[INFO 48:46] valid_loss : 4.47835636138916
[INFO 49:03] - meta_params: 1.0
[INFO 49:10] rmse : 0.4775034189224243
[INFO 49:10] valid_rmse : 2.8765265941619873
[INFO 49:10] valid_loss : 4.4829301834106445
[INFO 49:28] - meta_params: 1.0
[INFO 49:34] rmse : 0.4815596640110016
[INFO 49:34] valid_rmse : 2.9009618759155273
[INFO 49:34] valid_loss : 4.467315196990967
[INFO 49:52] - meta_params: 0.5
[INFO 49:58] rmse : 0.46882498264312744
[INFO 49:58] valid_rmse : 2.824246883392334
[INFO 49:58] valid_loss : 4.450815677642822
[INFO 50:16] - meta_params: 0.5
[INFO 50:22] rmse : 0.4765973389148712
[INFO 50:22] valid_rmse : 2.871068239212036
[INFO 50:22] valid_loss : 4.452476501464844
[INFO 50:40] - meta_params: 0.5
[INFO 50:46] rmse : 0.4720408618450165
[INFO 50:46] valid_rmse : 2.8436195850372314
[INFO 50:46] valid_loss : 4.483428478240967
[INFO 51:04] - meta_params: 0.5
[INFO 51:10] rmse : 0.4729556441307068
[INFO 51:10] valid_rmse : 2.849130392074585
[INFO 51:10] valid_loss : 4.483694076538086
[INFO 51:28] - meta_params: 0.25
[INFO 51:34] rmse : 0.4913340210914612
[INFO 51:34] valid_rmse : 2.959843635559082
[INFO 51:34] valid_loss : 4.498418807983398
[INFO 51:51] - meta_params: 0.25
[INFO 51:58] rmse : 0.4842449724674225
[INFO 51:58] valid_rmse : 2.9171383380889893
[INFO 51:58] valid_loss : 4.491145610809326
[INFO 52:14] - meta_params: 0.25
[INFO 52:21] rmse : 0.47272711992263794
[INFO 52:21] valid_rmse : 2.8477537631988525
[INFO 52:21] valid_loss : 4.4622673988342285
[INFO 52:38] - meta_params: 0.125
[INFO 52:44] rmse : 0.48491397500038147
[INFO 52:44] valid_rmse : 2.921168565750122
[INFO 52:44] valid_loss : 4.480275630950928
[INFO 53:01] - meta_params: 0.125
[INFO 53:07] rmse : 0.4871373474597931
[INFO 53:07] valid_rmse : 2.9345624446868896
[INFO 53:07] valid_loss : 4.474081039428711
[INFO 53:24] - meta_params: 0.125
[INFO 53:30] rmse : 0.4775034189224243
[INFO 53:30] valid_rmse : 2.8765265941619873
[INFO 53:30] valid_loss : 4.477822780609131
[INFO 53:46] - meta_params: 0.0625
[INFO 53:52] rmse : 0.47135359048843384
[INFO 53:52] valid_rmse : 2.839479446411133
[INFO 53:52] valid_loss : 4.437232494354248
[INFO 54:09] - meta_params: 0.0625
[INFO 54:15] rmse : 0.48268038034439087
[INFO 54:15] valid_rmse : 2.9077131748199463
[INFO 54:15] valid_loss : 4.470553874969482
[INFO 54:31] - meta_params: 0.0625
[INFO 54:38] rmse : 0.48335152864456177
[INFO 54:38] valid_rmse : 2.9117562770843506
[INFO 54:38] valid_loss : 4.478329181671143
[INFO 54:54] - meta_params: 0.0625
[INFO 55:00] rmse : 0.4655868709087372
[INFO 55:00] valid_rmse : 2.8047401905059814
[INFO 55:00] valid_loss : 4.473952293395996
[INFO 55:16] - meta_params: 0.03125
[INFO 55:22] rmse : 0.4770506024360657
[INFO 55:22] valid_rmse : 2.8737988471984863
[INFO 55:22] valid_loss : 4.482647895812988
[INFO 55:38] - meta_params: 0.03125
[INFO 55:44] rmse : 0.47546231746673584
[INFO 55:44] valid_rmse : 2.8642308712005615
[INFO 55:44] valid_loss : 4.517563343048096
[INFO 55:59] - meta_params: 0.03125
[INFO 56:06] rmse : 0.48535946011543274
[INFO 56:06] valid_rmse : 2.9238522052764893
[INFO 56:06] valid_loss : 4.484224319458008
[INFO 56:21] - meta_params: 0.015625
[INFO 56:28] rmse : 0.4846910834312439
[INFO 56:28] valid_rmse : 2.919825792312622
[INFO 56:28] valid_loss : 4.4878644943237305
[INFO 56:43] - meta_params: 0.015625
[INFO 56:49] rmse : 0.479535847902298
[INFO 56:49] valid_rmse : 2.88877010345459
[INFO 56:49] valid_loss : 4.475276470184326
[INFO 57:05] - meta_params: 0.015625
[INFO 57:11] rmse : 0.47455233335494995
[INFO 57:11] valid_rmse : 2.8587491512298584
[INFO 57:11] valid_loss : 4.468059539794922
[INFO 57:26] - meta_params: 0.0078125
[INFO 57:32] rmse : 0.47795581817626953
[INFO 57:32] valid_rmse : 2.8792519569396973
[INFO 57:32] valid_loss : 4.508164882659912
[INFO 57:47] - meta_params: 0.0078125
[INFO 57:54] rmse : 0.47637054324150085
[INFO 57:54] valid_rmse : 2.869702100753784
[INFO 57:54] valid_loss : 4.458144664764404
[INFO 58:08] - meta_params: 0.0078125
[INFO 58:15] rmse : 0.48178401589393616
[INFO 58:15] valid_rmse : 2.902313470840454
[INFO 58:15] valid_loss : 4.461080551147461
[INFO 58:30] - meta_params: 0.00390625
[INFO 58:36] rmse : 0.4740966856479645
[INFO 58:36] valid_rmse : 2.856004238128662
[INFO 58:36] valid_loss : 4.423541069030762
[INFO 58:51] - meta_params: 0.00390625
[INFO 58:57] rmse : 0.48178401589393616
[INFO 58:57] valid_rmse : 2.902313470840454
[INFO 58:57] valid_loss : 4.4879608154296875
[INFO 59:12] - meta_params: 0.00390625
[INFO 59:18] rmse : 0.47840777039527893
[INFO 59:18] valid_rmse : 2.881974458694458
[INFO 59:18] valid_loss : 4.481867790222168
[INFO 59:32] - meta_params: 0.00390625
[INFO 59:39] rmse : 0.4722697138786316
[INFO 59:39] valid_rmse : 2.844998359680176
[INFO 59:39] valid_loss : 4.458108901977539
[INFO 59:53] - meta_params: 0.001953125
[INFO 59:59] rmse : 0.48491397500038147
[INFO 59:59] valid_rmse : 2.921168565750122
[INFO 59:59] valid_loss : 4.5167012214660645
[INFO 00:14] - meta_params: 0.001953125
[INFO 00:20] rmse : 0.46859440207481384
[INFO 00:20] valid_rmse : 2.8228578567504883
[INFO 00:20] valid_loss : 4.490184783935547
[INFO 00:34] - meta_params: 0.001953125
[INFO 00:41] rmse : 0.4824564456939697
[INFO 00:41] valid_rmse : 2.9063642024993896
[INFO 00:41] valid_loss : 4.489160537719727
[INFO 00:56] - meta_params: 0.0009765625
[INFO 01:02] rmse : 0.4806612432003021
[INFO 01:02] valid_rmse : 2.895549774169922
[INFO 01:02] valid_loss : 4.46764612197876
[INFO 01:16] - meta_params: 0.0009765625
[INFO 01:22] rmse : 0.47908493876457214
[INFO 01:22] valid_rmse : 2.8860538005828857
[INFO 01:22] valid_loss : 4.489486217498779
[INFO 01:37] - meta_params: 0.0009765625
[INFO 01:43] rmse : 0.4715828001499176
[INFO 01:43] valid_rmse : 2.840860366821289
[INFO 01:43] valid_loss : 4.5015153884887695
[INFO 01:57] - meta_params: 0.00048828125
[INFO 02:03] rmse : 0.48602694272994995
[INFO 02:03] valid_rmse : 2.927873134613037
[INFO 02:03] valid_loss : 4.480183124542236
[INFO 02:03] -- END Training --
[INFO 02:03] ✅ Entraînement terminé en 851.44 secondes.
[INFO 02:03] train on cuda
[WARNING 02:15] Computing RM on meta and QUERY set
[INFO 02:18] RM: 0.0067135042821851185
[WARNING 02:21] Computing RM on meta and QUERY set
[INFO 02:21] RM: 0.016777923139391502
[WARNING 02:25] Computing RM on meta and QUERY set
[INFO 02:25] RM: 0.023140311627355754
[WARNING 02:29] Computing RM on meta and QUERY set
[INFO 02:29] RM: 0.02945984090758457
[WARNING 02:33] Computing RM on meta and QUERY set
[INFO 02:33] RM: 0.03523367175268088
[WARNING 02:37] Computing RM on meta and QUERY set
[INFO 02:37] RM: 0.0412274580627397
[WARNING 02:41] Computing RM on meta and QUERY set
[INFO 02:41] RM: 0.04805786039990669
[WARNING 02:45] Computing RM on meta and QUERY set
[INFO 02:45] RM: 0.05478104772299666
[WARNING 02:49] Computing RM on meta and QUERY set
[INFO 02:49] RM: 0.06516949026269071
[WARNING 02:53] Computing RM on meta and QUERY set
[INFO 02:53] RM: 0.07649693873102463
[WARNING 02:57] Computing RM on meta and QUERY set
[INFO 02:57] RM: 0.08725405201534073
[WARNING 03:01] Computing RM on meta and QUERY set
[INFO 03:01] RM: 0.09752350293998512
[WARNING 03:05] Computing RM on meta and QUERY set
[INFO 03:05] RM: 0.10669719722402517
[WARNING 03:09] Computing RM on meta and QUERY set
[INFO 03:09] RM: 0.11615875905882532
[WARNING 03:13] Computing RM on meta and QUERY set
[INFO 03:13] RM: 0.12678032429629651
[WARNING 03:17] Computing RM on meta and QUERY set
[INFO 03:17] RM: 0.1415084769787118
[WARNING 03:20] Computing RM on meta and QUERY set
[INFO 03:20] RM: 0.15362383482369452
[WARNING 03:24] Computing RM on meta and QUERY set
[INFO 03:24] RM: 0.1681277198450275
[WARNING 03:28] Computing RM on meta and QUERY set
[INFO 03:28] RM: 0.18356331634182022
[WARNING 03:32] Computing RM on meta and QUERY set
[INFO 03:32] RM: 0.19751407503994406
[WARNING 03:36] Computing RM on meta and QUERY set
[INFO 03:36] RM: 0.21109860214661316
[WARNING 03:40] Computing RM on meta and QUERY set
[INFO 03:40] RM: 0.2238142678621762
[WARNING 03:44] Computing RM on meta and QUERY set
[INFO 03:44] RM: 0.23509853154584906
[WARNING 03:48] Computing RM on meta and QUERY set
[INFO 03:48] RM: 0.24528254529949625
[WARNING 03:52] Computing RM on meta and QUERY set
[INFO 03:52] RM: 0.25449759087356666
[INFO 03:52] Fold 1; pareto_index: 9.922536083597349; results: ({0: {'mi_acc': 0.7849023938179016, 'rmse': 0.46378612518310547, 'mae': 0.215097576379776, 'mi_prec': 0.9098408818244934, 'mi_rec': 0.8158520460128784, 'mi_f_b': 0.8602869510650635, 'mi_auc': 0.7336663426846772, 'ma_prec': 0.6802947521209717, 'ma_rec': 0.7336663007736206, 'ma_f_b': 0.6965616941452026}, 1: {'mi_acc': 0.7855457663536072, 'rmse': 0.46309199929237366, 'mae': 0.21445420384407043, 'mi_prec': 0.9098408818244934, 'mi_rec': 0.8164992332458496, 'mi_f_b': 0.860646665096283, 'mi_auc': 0.7345833150757126, 'ma_prec': 0.6814767718315125, 'ma_rec': 0.73458331823349, 'ma_f_b': 0.6977651715278625}, 2: {'mi_acc': 0.784259021282196, 'rmse': 0.4644792079925537, 'mae': 0.21574093401432037, 'mi_prec': 0.9083676934242249, 'mi_rec': 0.8160402178764343, 'mi_f_b': 0.8597322702407837, 'mi_auc': 0.732313901774472, 'ma_prec': 0.6803461909294128, 'ma_rec': 0.732313871383667, 'ma_f_b': 0.6963471174240112}, 3: {'mi_acc': 0.7855457663536072, 'rmse': 0.46309199929237366, 'mae': 0.21445420384407043, 'mi_prec': 0.9104301929473877, 'mi_rec': 0.8161647915840149, 'mi_f_b': 0.8607242703437805, 'mi_auc': 0.7347642788862043, 'ma_prec': 0.6809834241867065, 'ma_rec': 0.7347642779350281, 'ma_f_b': 0.6973705291748047}, 4: {'mi_acc': 0.7851168513298035, 'rmse': 0.46355485916137695, 'mae': 0.21488311886787415, 'mi_prec': 0.9101355075836182, 'mi_rec': 0.8159006834030151, 'mi_f_b': 0.8604456782341003, 'mi_auc': 0.73406208795412, 'ma_prec': 0.6804420948028564, 'ma_rec': 0.7340620756149292, 'ma_f_b': 0.6967652440071106}, 5: {'mi_acc': 0.7844734787940979, 'rmse': 0.46424829959869385, 'mae': 0.21552647650241852, 'mi_prec': 0.9098408818244934, 'mi_rec': 0.8154211640357971, 'mi_f_b': 0.8600472807884216, 'mi_auc': 0.7330530546100393, 'ma_prec': 0.6795067191123962, 'ma_rec': 0.7330530881881714, 'ma_f_b': 0.6957579255104065}, 6: {'mi_acc': 0.7851168513298035, 'rmse': 0.46355485916137695, 'mae': 0.21488311886787415, 'mi_prec': 0.9092516303062439, 'mi_rec': 0.8164021372795105, 'mi_f_b': 0.8603290319442749, 'mi_auc': 0.7337956221874682, 'ma_prec': 0.6811821460723877, 'ma_rec': 0.7337956428527832, 'ma_f_b': 0.6973578333854675}, 7: {'mi_acc': 0.785760223865509, 'rmse': 0.4628604054450989, 'mae': 0.21423976123332977, 'mi_prec': 0.9095462560653687, 'mi_rec': 0.8168827891349792, 'mi_f_b': 0.8607277870178223, 'mi_auc': 0.7347988526735627, 'ma_prec': 0.6821174621582031, 'ma_rec': 0.7347988486289978, 'ma_f_b': 0.6983619928359985}, 8: {'mi_acc': 0.7861891388893127, 'rmse': 0.46239686012268066, 'mae': 0.21381084620952606, 'mi_prec': 0.9101355075836182, 'mi_rec': 0.8169796466827393, 'mi_f_b': 0.861045241355896, 'mi_auc': 0.7355873231775298, 'ma_prec': 0.6824121475219727, 'ma_rec': 0.7355873584747314, 'ma_f_b': 0.6987699270248413}, 9: {'mi_acc': 0.7834012508392334, 'rmse': 0.46540170907974243, 'mae': 0.2165987491607666, 'mi_prec': 0.9054213166236877, 'mi_rec': 0.8168527483940125, 'mi_f_b': 0.8588597178459167, 'mi_auc': 0.7302909638472463, 'ma_prec': 0.6812370419502258, 'ma_rec': 0.7302910089492798, 'ma_f_b': 0.6967109441757202}, 10: {'mi_acc': 0.7823289632797241, 'rmse': 0.4665522575378418, 'mae': 0.21767102181911469, 'mi_prec': 0.905126690864563, 'mi_rec': 0.815936267375946, 'mi_f_b': 0.8582204580307007, 'mi_auc': 0.7286808223675453, 'ma_prec': 0.679513692855835, 'ma_rec': 0.7286808490753174, 'ma_f_b': 0.6949154734611511}, 11: {'mi_acc': 0.7803988456726074, 'rmse': 0.46861615777015686, 'mae': 0.219601109623909, 'mi_prec': 0.9033588767051697, 'mi_rec': 0.8149920105934143, 'mi_f_b': 0.8569032549858093, 'mi_auc': 0.725476034956729, 'ma_prec': 0.6774477958679199, 'ma_rec': 0.7254760265350342, 'ma_f_b': 0.6925069093704224}, 12: {'mi_acc': 0.7799699306488037, 'rmse': 0.4690735936164856, 'mae': 0.2200300246477127, 'mi_prec': 0.9018856883049011, 'mi_rec': 0.8153969049453735, 'mi_f_b': 0.8564633727073669, 'mi_auc': 0.72453013814967, 'ma_prec': 0.6778931617736816, 'ma_rec': 0.7245301008224487, 'ma_f_b': 0.6926945447921753}, 13: {'mi_acc': 0.7797554731369019, 'rmse': 0.46930211782455444, 'mae': 0.22024446725845337, 'mi_prec': 0.9018856883049011, 'mi_rec': 0.8151797652244568, 'mi_f_b': 0.8563435673713684, 'mi_auc': 0.7242198361069235, 'ma_prec': 0.6774991750717163, 'ma_rec': 0.724219799041748, 'ma_f_b': 0.6922967433929443}, 14: {'mi_acc': 0.7797554731369019, 'rmse': 0.46930211782455444, 'mae': 0.22024446725845337, 'mi_prec': 0.9007071256637573, 'mi_rec': 0.815852701663971, 'mi_f_b': 0.8561825752258301, 'mi_auc': 0.7239743760073561, 'ma_prec': 0.6784859299659729, 'ma_rec': 0.723974347114563, 'ma_f_b': 0.6930798292160034}, 15: {'mi_acc': 0.7816855907440186, 'rmse': 0.4672412574291229, 'mae': 0.21831437945365906, 'mi_prec': 0.9021803140640259, 'mi_rec': 0.8169690370559692, 'mi_f_b': 0.8574628829956055, 'mi_auc': 0.7270637600527203, 'ma_prec': 0.6807985901832581, 'ma_rec': 0.727063775062561, 'ma_f_b': 0.695672869682312}, 16: {'mi_acc': 0.7808277606964111, 'rmse': 0.4681583046913147, 'mae': 0.21917219460010529, 'mi_prec': 0.9018856883049011, 'mi_rec': 0.816266655921936, 'mi_f_b': 0.8569429516792297, 'mi_auc': 0.7257675063891932, 'ma_prec': 0.6794692277908325, 'ma_rec': 0.7257674932479858, 'ma_f_b': 0.6942826509475708}, 17: {'mi_acc': 0.7793266177177429, 'rmse': 0.46975886821746826, 'mae': 0.22067338228225708, 'mi_prec': 0.9001178741455078, 'mi_rec': 0.8157543540000916, 'mi_f_b': 0.8558622002601624, 'mi_auc': 0.7232366466835956, 'ma_prec': 0.6781913042068481, 'ma_rec': 0.7232366800308228, 'ma_f_b': 0.6926773190498352}, 18: {'mi_acc': 0.7853313088417053, 'rmse': 0.4633235037326813, 'mae': 0.2146686613559723, 'mi_prec': 0.9063052535057068, 'mi_rec': 0.8183027505874634, 'mi_f_b': 0.8600587844848633, 'mi_auc': 0.7332664142930123, 'ma_prec': 0.6840431094169617, 'ma_rec': 0.7332664132118225, 'ma_f_b': 0.6997026205062866}, 19: {'mi_acc': 0.7851168513298035, 'rmse': 0.46355485916137695, 'mae': 0.21488311886787415, 'mi_prec': 0.9048320651054382, 'mi_rec': 0.8189333081245422, 'mi_f_b': 0.8597424626350403, 'mi_auc': 0.7325772909821102, 'ma_prec': 0.6848825216293335, 'ma_rec': 0.7325772643089294, 'ma_f_b': 0.7002654075622559}, 20: {'mi_acc': 0.7885481119155884, 'rmse': 0.4598389267921448, 'mae': 0.21145184338092804, 'mi_prec': 0.9092516303062439, 'mi_rec': 0.8198724985122681, 'mi_f_b': 0.8622520565986633, 'mi_auc': 0.7386347919934655, 'ma_prec': 0.6874863505363464, 'ma_rec': 0.7386348247528076, 'ma_f_b': 0.7037274837493896}, 21: {'mi_acc': 0.7881191968917847, 'rmse': 0.4603050649166107, 'mae': 0.21188075840473175, 'mi_prec': 0.9089570045471191, 'mi_rec': 0.8196067810058594, 'mi_f_b': 0.8619725704193115, 'mi_auc': 0.7379457810603115, 'ma_prec': 0.6869450211524963, 'ma_rec': 0.7379457950592041, 'ma_f_b': 0.7031265497207642}, 22: {'mi_acc': 0.7906926870346069, 'rmse': 0.4575011730194092, 'mae': 0.20930731296539307, 'mi_prec': 0.9107248187065125, 'mi_rec': 0.8212008476257324, 'mi_f_b': 0.8636490106582642, 'mi_auc': 0.7420798466592352, 'ma_prec': 0.6901929974555969, 'ma_rec': 0.7420798540115356, 'ma_f_b': 0.7067322731018066}, 23: {'mi_acc': 0.7911216020584106, 'rmse': 0.457032173871994, 'mae': 0.20887839794158936, 'mi_prec': 0.9101355075836182, 'mi_rec': 0.8219797611236572, 'mi_f_b': 0.8638142943382263, 'mi_auc': 0.7424816009456069, 'ma_prec': 0.6914743781089783, 'ma_rec': 0.7424815893173218, 'ma_f_b': 0.7078961133956909}, 24: {'mi_acc': 0.7919793725013733, 'rmse': 0.4560927450656891, 'mae': 0.20802058279514313, 'mi_prec': 0.9104301929473877, 'mi_rec': 0.8226836919784546, 'mi_f_b': 0.8643356561660767, 'mi_auc': 0.7437564065081317, 'ma_prec': 0.6928037405014038, 'ma_rec': 0.7437564134597778, 'ma_f_b': 0.7092818021774292}}, {0: {'meta_doa': np.float64(0.4948815216953866), 'pc-er': -0.084228515625, 'rm': 0.0067135042821851185}, 1: {'meta_doa': np.float64(0.49572026792558976), 'pc-er': -0.07635498046875, 'rm': 0.016777923139391502}, 2: {'meta_doa': np.float64(0.49623494112909855), 'pc-er': -0.07122802734375, 'rm': 0.023140311627355754}, 3: {'meta_doa': np.float64(0.4966757267245825), 'pc-er': -0.06988525390625, 'rm': 0.02945984090758457}, 4: {'meta_doa': np.float64(0.4970794503308231), 'pc-er': -0.07037353515625, 'rm': 0.03523367175268088}, 5: {'meta_doa': np.float64(0.4974781519849515), 'pc-er': 0.1103515625, 'rm': 0.0412274580627397}, 6: {'meta_doa': np.float64(0.49829951075180956), 'pc-er': 0.1077880859375, 'rm': 0.04805786039990669}, 7: {'meta_doa': np.float64(0.4992432278662923), 'pc-er': 0.1068115234375, 'rm': 0.05478104772299666}, 8: {'meta_doa': np.float64(0.500263180340727), 'pc-er': 0.10455322265625, 'rm': 0.06516949026269071}, 9: {'meta_doa': np.float64(0.5015569779290429), 'pc-er': 0.103515625, 'rm': 0.07649693873102463}, 10: {'meta_doa': np.float64(0.5027258395793682), 'pc-er': 0.10357666015625, 'rm': 0.08725405201534073}, 11: {'meta_doa': np.float64(0.5035921513123885), 'pc-er': 0.0980224609375, 'rm': 0.09752350293998512}, 12: {'meta_doa': np.float64(0.5043414442507981), 'pc-er': 0.095458984375, 'rm': 0.10669719722402517}, 13: {'meta_doa': np.float64(0.5053118113244698), 'pc-er': 0.0924072265625, 'rm': 0.11615875905882532}, 14: {'meta_doa': np.float64(0.506740606224262), 'pc-er': 0.090087890625, 'rm': 0.12678032429629651}, 15: {'meta_doa': np.float64(0.508818883158718), 'pc-er': 0.08734130859375, 'rm': 0.1415084769787118}, 16: {'meta_doa': np.float64(0.5101871555059025), 'pc-er': 0.08514404296875, 'rm': 0.15362383482369452}, 17: {'meta_doa': np.float64(0.5115146940639137), 'pc-er': 0.08648681640625, 'rm': 0.1681277198450275}, 18: {'meta_doa': np.float64(0.5129656339126061), 'pc-er': 0.0804443359375, 'rm': 0.18356331634182022}, 19: {'meta_doa': np.float64(0.5141819614104135), 'pc-er': 0.0765380859375, 'rm': 0.19751407503994406}, 20: {'meta_doa': np.float64(0.5155594750047785), 'pc-er': 0.074951171875, 'rm': 0.21109860214661316}, 21: {'meta_doa': np.float64(0.5167740630152841), 'pc-er': 0.074462890625, 'rm': 0.2238142678621762}, 22: {'meta_doa': np.float64(0.5177900215893153), 'pc-er': 0.07415771484375, 'rm': 0.23509853154584906}, 23: {'meta_doa': np.float64(0.5187217048028476), 'pc-er': 0.07501220703125, 'rm': 0.24528254529949625}, 24: {'meta_doa': np.float64(0.5194378206294005), 'pc-er': 0.07476806640625, 'rm': 0.25449759087356666}})
