PID 405488 sees CUDA_VISIBLE_DEVICES = 0
→ torch.device is 0 Tesla V100-SXM2-16GB
[INFO 57:07] Using device: cuda
[INFO 57:07] #### config : {'seed': 0, 'dataset_name': 'assist0910', 'load_params': True, 'save_params': False, 'embs_path': '../embs/', 'params_path': '../ckpt/', 'early_stopping': True, 'esc': 'error', 'verbose_early_stopping': False, 'disable_tqdm': False, 'valid_metric': 'rmse', 'learning_rate': 0.003, 'batch_size': 512, 'valid_batch_size': 10000, 'num_epochs': 100, 'eval_freq': 1, 'patience': 20, 'device': device(type='cuda'), 'lambda': 0, 'tensorboard': False, 'flush_freq': True, 'pred_metrics': ['mi_acc', 'rmse', 'mae', 'mi_prec', 'mi_rec', 'mi_f_b', 'mi_auc', 'ma_prec', 'ma_rec', 'ma_f_b'], 'profile_metrics': ['meta_doa', 'pc-er', 'rm'], 'num_responses': 12, 'low_mem': False, 'n_query': 16, 'CDM': 'impact', 'i_fold': 2, 'num_inner_users_epochs': 3, 'num_inner_epochs': 10, 'inner_lr': 0.0001, 'inner_user_lr': 0.0007838402204978467, 'meta_lr': 2.0, 'meta_trainer': 'GAP', 'num_workers': 0, 'pin_memory': False, 'debug': False, 'learning_users_emb_lr': 0.001} ####
[INFO 57:24] Random_cont_model
[INFO 57:25] compiling CDM model
[INFO 57:32] compiling selection model
[INFO 57:32] ⏳ Training started...
[INFO 57:32] ------- START Training
[INFO 57:32] train on cuda
[INFO 57:51] - meta_params: 2.0
[INFO 57:51] - cross_cond: 2.0
[INFO 57:51] - meta_lambda: 2.0
[INFO 57:51] - learning_users_emb: 0.001
[INFO 57:59] rmse : 0.47170862555503845
[INFO 57:59] valid_rmse : 1.1505088806152344
[INFO 57:59] valid_loss : 0.7149669528007507
[INFO 58:12] - meta_params: 2.0
[INFO 58:12] - cross_cond: 2.0
[INFO 58:12] - meta_lambda: 2.0
[INFO 58:12] - learning_users_emb: 0.001
[INFO 58:18] rmse : 0.47552379965782166
[INFO 58:18] valid_rmse : 1.1598141193389893
[INFO 58:18] valid_loss : 0.735089123249054
[INFO 58:30] - meta_params: 2.0
[INFO 58:30] - cross_cond: 2.0
[INFO 58:30] - meta_lambda: 2.0
[INFO 58:30] - learning_users_emb: 0.001
[INFO 58:35] rmse : 0.45951196551322937
[INFO 58:35] valid_rmse : 1.1207609176635742
[INFO 58:36] valid_loss : 0.7186737060546875
[INFO 58:47] - meta_params: 2.0
[INFO 58:47] - cross_cond: 2.0
[INFO 58:47] - meta_lambda: 2.0
[INFO 58:47] - learning_users_emb: 0.001
[INFO 58:53] rmse : 0.4600733816623688
[INFO 58:53] valid_rmse : 1.122130274772644
[INFO 58:53] valid_loss : 0.7213866710662842
[INFO 59:04] - meta_params: 1.0
[INFO 59:04] - cross_cond: 1.0
[INFO 59:04] - meta_lambda: 1.0
[INFO 59:04] - learning_users_emb: 0.0005
[INFO 59:10] rmse : 0.44755977392196655
[INFO 59:10] valid_rmse : 1.091609239578247
[INFO 59:10] valid_loss : 0.7301242351531982
[INFO 59:20] - meta_params: 1.0
[INFO 59:20] - cross_cond: 1.0
[INFO 59:20] - meta_lambda: 1.0
[INFO 59:20] - learning_users_emb: 0.0005
[INFO 59:26] rmse : 0.454428106546402
[INFO 59:26] valid_rmse : 1.1083612442016602
[INFO 59:26] valid_loss : 0.7399673461914062
[INFO 59:36] - meta_params: 1.0
[INFO 59:36] - cross_cond: 1.0
[INFO 59:36] - meta_lambda: 1.0
[INFO 59:36] - learning_users_emb: 0.0005
[INFO 59:41] rmse : 0.4405843913555145
[INFO 59:41] valid_rmse : 1.0745960474014282
[INFO 59:41] valid_loss : 0.690733015537262
[INFO 59:51] - meta_params: 1.0
[INFO 59:51] - cross_cond: 1.0
[INFO 59:51] - meta_lambda: 1.0
[INFO 59:51] - learning_users_emb: 0.0005
[INFO 59:57] rmse : 0.44524678587913513
[INFO 59:57] valid_rmse : 1.085967779159546
[INFO 59:57] valid_loss : 0.7068096995353699
[INFO 00:06] - meta_params: 1.0
[INFO 00:06] - cross_cond: 1.0
[INFO 00:06] - meta_lambda: 1.0
[INFO 00:06] - learning_users_emb: 0.0005
[INFO 00:12] rmse : 0.44175460934638977
[INFO 00:12] valid_rmse : 1.0774502754211426
[INFO 00:12] valid_loss : 0.6765050292015076
[INFO 00:21] - meta_params: 1.0
[INFO 00:21] - cross_cond: 1.0
[INFO 00:21] - meta_lambda: 1.0
[INFO 00:21] - learning_users_emb: 0.0005
[INFO 00:27] rmse : 0.4334968030452728
[INFO 00:27] valid_rmse : 1.0573092699050903
[INFO 00:27] valid_loss : 0.7481859922409058
[INFO 00:36] - meta_params: 1.0
[INFO 00:36] - cross_cond: 1.0
[INFO 00:36] - meta_lambda: 1.0
[INFO 00:36] - learning_users_emb: 0.0005
[INFO 00:42] rmse : 0.4364639222621918
[INFO 00:42] valid_rmse : 1.0645462274551392
[INFO 00:42] valid_loss : 0.7107091546058655
[INFO 00:50] - meta_params: 1.0
[INFO 00:50] - cross_cond: 1.0
[INFO 00:50] - meta_lambda: 1.0
[INFO 00:50] - learning_users_emb: 0.0005
[INFO 00:56] rmse : 0.41710954904556274
[INFO 00:56] valid_rmse : 1.0173404216766357
[INFO 00:56] valid_loss : 0.6920310854911804
[INFO 01:05] - meta_params: 0.5
[INFO 01:05] - cross_cond: 0.5
[INFO 01:05] - meta_lambda: 0.5
[INFO 01:05] - learning_users_emb: 0.00025
[INFO 01:10] rmse : 0.44175460934638977
[INFO 01:10] valid_rmse : 1.0774502754211426
[INFO 01:10] valid_loss : 0.6409838795661926
[INFO 01:19] - meta_params: 0.5
[INFO 01:19] - cross_cond: 0.5
[INFO 01:19] - meta_lambda: 0.5
[INFO 01:19] - learning_users_emb: 0.00025
[INFO 01:25] rmse : 0.4382345974445343
[INFO 01:25] valid_rmse : 1.0688649415969849
[INFO 01:25] valid_loss : 0.7086320519447327
[INFO 01:33] - meta_params: 0.5
[INFO 01:33] - cross_cond: 0.5
[INFO 01:33] - meta_lambda: 0.5
[INFO 01:33] - learning_users_emb: 0.00025
[INFO 01:39] rmse : 0.4262913465499878
[INFO 01:39] valid_rmse : 1.039734959602356
[INFO 01:39] valid_loss : 0.7833658456802368
[INFO 01:46] - meta_params: 0.5
[INFO 01:46] - cross_cond: 0.5
[INFO 01:46] - meta_lambda: 0.5
[INFO 01:46] - learning_users_emb: 0.00025
[INFO 01:52] rmse : 0.42810407280921936
[INFO 01:52] valid_rmse : 1.0441563129425049
[INFO 01:52] valid_loss : 0.7023687958717346
[INFO 02:00] - meta_params: 0.25
[INFO 02:00] - cross_cond: 0.25
[INFO 02:00] - meta_lambda: 0.25
[INFO 02:00] - learning_users_emb: 0.000125
[INFO 02:06] rmse : 0.42689645290374756
[INFO 02:06] valid_rmse : 1.0412108898162842
[INFO 02:06] valid_loss : 0.7701389193534851
[INFO 02:14] - meta_params: 0.25
[INFO 02:14] - cross_cond: 0.25
[INFO 02:14] - meta_lambda: 0.25
[INFO 02:14] - learning_users_emb: 0.000125
[INFO 02:20] rmse : 0.4299091696739197
[INFO 02:20] valid_rmse : 1.0485589504241943
[INFO 02:20] valid_loss : 0.6997829675674438
[INFO 02:27] - meta_params: 0.25
[INFO 02:27] - cross_cond: 0.25
[INFO 02:27] - meta_lambda: 0.25
[INFO 02:27] - learning_users_emb: 0.000125
[INFO 02:33] rmse : 0.4464047849178314
[INFO 02:33] valid_rmse : 1.0887922048568726
[INFO 02:33] valid_loss : 0.7188358902931213
[INFO 02:40] - meta_params: 0.125
[INFO 02:40] - cross_cond: 0.125
[INFO 02:40] - meta_lambda: 0.125
[INFO 02:40] - learning_users_emb: 6.25e-05
[INFO 02:46] rmse : 0.43764516711235046
[INFO 02:46] valid_rmse : 1.0674272775650024
[INFO 02:46] valid_loss : 0.7765328884124756
[INFO 02:54] - meta_params: 0.125
[INFO 02:54] - cross_cond: 0.125
[INFO 02:54] - meta_lambda: 0.125
[INFO 02:54] - learning_users_emb: 6.25e-05
[INFO 02:59] rmse : 0.4382345974445343
[INFO 02:59] valid_rmse : 1.0688649415969849
[INFO 02:59] valid_loss : 0.7297322154045105
[INFO 03:07] - meta_params: 0.125
[INFO 03:07] - cross_cond: 0.125
[INFO 03:07] - meta_lambda: 0.125
[INFO 03:07] - learning_users_emb: 6.25e-05
[INFO 03:12] rmse : 0.43764516711235046
[INFO 03:12] valid_rmse : 1.0674272775650024
[INFO 03:12] valid_loss : 0.7397028803825378
[INFO 03:20] - meta_params: 0.0625
[INFO 03:20] - cross_cond: 0.0625
[INFO 03:20] - meta_lambda: 0.0625
[INFO 03:20] - learning_users_emb: 3.125e-05
[INFO 03:26] rmse : 0.43941107392311096
[INFO 03:26] valid_rmse : 1.0717343091964722
[INFO 03:26] valid_loss : 0.7522873282432556
[INFO 03:33] - meta_params: 0.0625
[INFO 03:33] - cross_cond: 0.0625
[INFO 03:33] - meta_lambda: 0.0625
[INFO 03:33] - learning_users_emb: 3.125e-05
[INFO 03:39] rmse : 0.4244708716869354
[INFO 03:39] valid_rmse : 1.0352948904037476
[INFO 03:39] valid_loss : 0.654798686504364
[INFO 03:46] - meta_params: 0.0625
[INFO 03:46] - cross_cond: 0.0625
[INFO 03:46] - meta_lambda: 0.0625
[INFO 03:46] - learning_users_emb: 3.125e-05
[INFO 03:52] rmse : 0.4323042035102844
[INFO 03:52] valid_rmse : 1.0544005632400513
[INFO 03:52] valid_loss : 0.6813547611236572
[INFO 03:59] - meta_params: 0.03125
[INFO 03:59] - cross_cond: 0.03125
[INFO 03:59] - meta_lambda: 0.03125
[INFO 03:59] - learning_users_emb: 1.5625e-05
[INFO 04:04] rmse : 0.4299091696739197
[INFO 04:04] valid_rmse : 1.0485589504241943
[INFO 04:04] valid_loss : 0.6874354481697083
[INFO 04:11] - meta_params: 0.03125
[INFO 04:11] - cross_cond: 0.03125
[INFO 04:11] - meta_lambda: 0.03125
[INFO 04:11] - learning_users_emb: 1.5625e-05
[INFO 04:17] rmse : 0.4287066161632538
[INFO 04:17] valid_rmse : 1.045625925064087
[INFO 04:17] valid_loss : 0.67027348279953
[INFO 04:24] - meta_params: 0.03125
[INFO 04:24] - cross_cond: 0.03125
[INFO 04:24] - meta_lambda: 0.03125
[INFO 04:24] - learning_users_emb: 1.5625e-05
[INFO 04:30] rmse : 0.43409183621406555
[INFO 04:30] valid_rmse : 1.058760643005371
[INFO 04:30] valid_loss : 0.6941164135932922
[INFO 04:37] - meta_params: 0.015625
[INFO 04:37] - cross_cond: 0.015625
[INFO 04:37] - meta_lambda: 0.015625
[INFO 04:37] - learning_users_emb: 7.8125e-06
[INFO 04:43] rmse : 0.4287066161632538
[INFO 04:43] valid_rmse : 1.045625925064087
[INFO 04:43] valid_loss : 0.7182446122169495
[INFO 04:50] - meta_params: 0.015625
[INFO 04:50] - cross_cond: 0.015625
[INFO 04:50] - meta_lambda: 0.015625
[INFO 04:50] - learning_users_emb: 7.8125e-06
[INFO 04:55] rmse : 0.4405843913555145
[INFO 04:55] valid_rmse : 1.0745960474014282
[INFO 04:55] valid_loss : 0.7238562107086182
[INFO 05:02] - meta_params: 0.015625
[INFO 05:02] - cross_cond: 0.015625
[INFO 05:02] - meta_lambda: 0.015625
[INFO 05:02] - learning_users_emb: 7.8125e-06
[INFO 05:08] rmse : 0.4262913465499878
[INFO 05:08] valid_rmse : 1.039734959602356
[INFO 05:08] valid_loss : 0.7353612184524536
[INFO 05:14] - meta_params: 0.0078125
[INFO 05:14] - cross_cond: 0.0078125
[INFO 05:14] - meta_lambda: 0.0078125
[INFO 05:14] - learning_users_emb: 3.90625e-06
[INFO 05:20] rmse : 0.42810407280921936
[INFO 05:20] valid_rmse : 1.0441563129425049
[INFO 05:20] valid_loss : 0.7265627384185791
[INFO 05:20] -- END Training --
[INFO 05:20] ✅ Training completed in 468.28 seconds.
[INFO 05:20] train on cuda
[WARNING 05:36] Computing RM on meta and QUERY set
[INFO 05:40] RM: 0.1569408770961264
[WARNING 05:43] Computing RM on meta and QUERY set
[INFO 05:43] RM: 0.19413683713512386
[WARNING 05:45] Computing RM on meta and QUERY set
[INFO 05:45] RM: 0.2307522840785826
[WARNING 05:48] Computing RM on meta and QUERY set
[INFO 05:48] RM: 0.26691678246299094
[WARNING 05:51] Computing RM on meta and QUERY set
[INFO 05:51] RM: 0.29383084494543826
[WARNING 05:54] Computing RM on meta and QUERY set
[INFO 05:54] RM: 0.3094312177292786
[WARNING 05:56] Computing RM on meta and QUERY set
[INFO 05:56] RM: 0.31994888705615887
[WARNING 05:59] Computing RM on meta and QUERY set
[INFO 05:59] RM: 0.3289606024723925
[WARNING 06:02] Computing RM on meta and QUERY set
[INFO 06:02] RM: 0.333951698229203
[WARNING 06:05] Computing RM on meta and QUERY set
[INFO 06:05] RM: 0.34681906384548283
[WARNING 06:07] Computing RM on meta and QUERY set
[INFO 06:07] RM: 0.35716758288346484
[WARNING 06:10] Computing RM on meta and QUERY set
[INFO 06:10] RM: 0.36559839068956
[WARNING 06:13] Computing RM on meta and QUERY set
[INFO 06:13] RM: 0.3668635711128516
[WARNING 06:16] Computing RM on meta and QUERY set
[INFO 06:16] RM: 0.37321777137546286
[WARNING 06:19] Computing RM on meta and QUERY set
[INFO 06:19] RM: 0.3778921878697099
[WARNING 06:21] Computing RM on meta and QUERY set
[INFO 06:21] RM: 0.38286284574280116
[INFO 06:21] Fold 2; pareto_index: 6.049913667710317; results: ({0: {'mi_acc': 0.6483516693115234, 'rmse': 0.5929994583129883, 'mae': 0.35164836049079895, 'mi_prec': 0.853233814239502, 'mi_rec': 0.6751968264579773, 'mi_f_b': 0.7538461089134216, 'mi_auc': 0.6089162546542148, 'ma_prec': 0.5755530595779419, 'ma_rec': 0.6089162826538086, 'ma_f_b': 0.5692307353019714}, 1: {'mi_acc': 0.6525379419326782, 'rmse': 0.5894591212272644, 'mae': 0.3474620580673218, 'mi_prec': 0.8524046540260315, 'mi_rec': 0.6789960265159607, 'mi_f_b': 0.7558823823928833, 'mi_auc': 0.615316658292544, 'ma_prec': 0.5815215110778809, 'ma_rec': 0.61531662940979, 'ma_f_b': 0.57667076587677}, 2: {'mi_acc': 0.6535844802856445, 'rmse': 0.5885707139968872, 'mae': 0.3464154899120331, 'mi_prec': 0.8548921942710876, 'mi_rec': 0.6791831254959106, 'mi_f_b': 0.7569750547409058, 'mi_auc': 0.6169452574198675, 'ma_prec': 0.5820560455322266, 'ma_rec': 0.6169452667236328, 'ma_f_b': 0.5770303606987}, 3: {'mi_acc': 0.6535844802856445, 'rmse': 0.5885707139968872, 'mae': 0.3464154899120331, 'mi_prec': 0.8540630340576172, 'mi_rec': 0.6794195175170898, 'mi_f_b': 0.7567964196205139, 'mi_auc': 0.6169249524063992, 'ma_prec': 0.5823506712913513, 'ma_rec': 0.6169249415397644, 'ma_f_b': 0.5774891376495361}, 4: {'mi_acc': 0.6577708125114441, 'rmse': 0.5850035548210144, 'mae': 0.3422291874885559, 'mi_prec': 0.853233814239502, 'mi_rec': 0.6832669377326965, 'mi_f_b': 0.7588496208190918, 'mi_auc': 0.6231149476169395, 'ma_prec': 0.5883190631866455, 'ma_rec': 0.6231149435043335, 'ma_f_b': 0.5848302245140076}, 5: {'mi_acc': 0.6541078090667725, 'rmse': 0.588126003742218, 'mae': 0.34589219093322754, 'mi_prec': 0.8482587337493896, 'mi_rec': 0.681545615196228, 'mi_f_b': 0.755818247795105, 'mi_auc': 0.6176020864139354, 'ma_prec': 0.585122287273407, 'ma_rec': 0.6176021099090576, 'ma_f_b': 0.5814965963363647}, 6: {'mi_acc': 0.6535844802856445, 'rmse': 0.5885707139968872, 'mae': 0.3464154899120331, 'mi_prec': 0.8474295139312744, 'mi_rec': 0.6813333630561829, 'mi_f_b': 0.7553585171699524, 'mi_auc': 0.6168223844282239, 'ma_prec': 0.5847076773643494, 'ma_rec': 0.616822361946106, 'ma_f_b': 0.5810842514038086}, 7: {'mi_acc': 0.6499214768409729, 'rmse': 0.5916743278503418, 'mae': 0.3500784933567047, 'mi_prec': 0.8366500735282898, 'mi_rec': 0.6812964081764221, 'mi_f_b': 0.7510234117507935, 'mi_auc': 0.6115784432266067, 'ma_prec': 0.5835732817649841, 'ma_rec': 0.6115784645080566, 'ma_f_b': 0.5807980298995972}, 8: {'mi_acc': 0.6541078090667725, 'rmse': 0.588126003742218, 'mae': 0.34589219093322754, 'mi_prec': 0.8358209133148193, 'mi_rec': 0.6852481365203857, 'mi_f_b': 0.7530817985534668, 'mi_auc': 0.6176240652617268, 'ma_prec': 0.5895416736602783, 'ma_rec': 0.617624044418335, 'ma_f_b': 0.5878946185112}, 9: {'mi_acc': 0.6582940816879272, 'rmse': 0.5845561623573303, 'mae': 0.34170591831207275, 'mi_prec': 0.832504153251648, 'mi_rec': 0.6900343894958496, 'mi_f_b': 0.7546035647392273, 'mi_auc': 0.6235259540604088, 'ma_prec': 0.5963939428329468, 'ma_rec': 0.6235259771347046, 'ma_f_b': 0.5960786938667297}, 10: {'mi_acc': 0.6619570851325989, 'rmse': 0.5814145803451538, 'mae': 0.3380429148674011, 'mi_prec': 0.832504153251648, 'mi_rec': 0.6933701634407043, 'mi_f_b': 0.7565938234329224, 'mi_auc': 0.6285425342768158, 'ma_prec': 0.6013584733009338, 'ma_rec': 0.6285425424575806, 'ma_f_b': 0.6017558574676514}, 11: {'mi_acc': 0.6650968194007874, 'rmse': 0.5787081718444824, 'mae': 0.33490318059921265, 'mi_prec': 0.8308457732200623, 'mi_rec': 0.6968011260032654, 'mi_f_b': 0.7579424977302551, 'mi_auc': 0.6327557360322505, 'ma_prec': 0.606203019618988, 'ma_rec': 0.6327557563781738, 'ma_f_b': 0.6073244214057922}, 12: {'mi_acc': 0.668236494064331, 'rmse': 0.5759891271591187, 'mae': 0.33176347613334656, 'mi_prec': 0.8291873931884766, 'mi_rec': 0.7002801299095154, 'mi_f_b': 0.7593014240264893, 'mi_auc': 0.6368895384240653, 'ma_prec': 0.611047625541687, 'ma_rec': 0.6368895769119263, 'ma_f_b': 0.6128156781196594}, 13: {'mi_acc': 0.6698063611984253, 'rmse': 0.57462477684021, 'mae': 0.3301936089992523, 'mi_prec': 0.8283582329750061, 'mi_rec': 0.7020379304885864, 'mi_f_b': 0.7599847912788391, 'mi_auc': 0.6389288100641682, 'ma_prec': 0.6134698987007141, 'ma_rec': 0.6389287710189819, 'ma_f_b': 0.6155330538749695}, 14: {'mi_acc': 0.6718994975090027, 'rmse': 0.5728005766868591, 'mae': 0.3281004726886749, 'mi_prec': 0.8291873931884766, 'mi_rec': 0.7037297487258911, 'mi_f_b': 0.7613246440887451, 'mi_auc': 0.6416608022519353, 'ma_prec': 0.6160121560096741, 'ma_rec': 0.6416608095169067, 'ma_f_b': 0.6183192133903503}, 15: {'mi_acc': 0.6755625009536743, 'rmse': 0.569594144821167, 'mae': 0.3244374692440033, 'mi_prec': 0.8308457732200623, 'mi_rec': 0.7066290378570557, 'mi_f_b': 0.7637194395065308, 'mi_auc': 0.6464179757793882, 'ma_prec': 0.6203874349594116, 'ma_rec': 0.6464179754257202, 'ma_f_b': 0.6230950951576233}}, {0: {'meta_doa': np.float64(0.5401014402396674), 'pc-er': 0.0462646484375, 'rm': 0.1569408770961264}, 1: {'meta_doa': np.float64(0.5472085193901927), 'pc-er': 0.08197021484375, 'rm': 0.19413683713512386}, 2: {'meta_doa': np.float64(0.5573121606264103), 'pc-er': 0.0853271484375, 'rm': 0.2307522840785826}, 3: {'meta_doa': np.float64(0.5629964393488932), 'pc-er': 0.086181640625, 'rm': 0.26691678246299094}, 4: {'meta_doa': np.float64(0.5637256470456572), 'pc-er': 0.12225341796875, 'rm': 0.29383084494543826}, 5: {'meta_doa': np.float64(0.5671323731827455), 'pc-er': 0.12103271484375, 'rm': 0.3094312177292786}, 6: {'meta_doa': np.float64(0.5709529104209329), 'pc-er': 0.1337890625, 'rm': 0.31994888705615887}, 7: {'meta_doa': np.float64(0.5768634159816202), 'pc-er': 0.180908203125, 'rm': 0.3289606024723925}, 8: {'meta_doa': np.float64(0.5786040494729963), 'pc-er': 0.19287109375, 'rm': 0.333951698229203}, 9: {'meta_doa': np.float64(0.5825193302057843), 'pc-er': 0.2008056640625, 'rm': 0.34681906384548283}, 10: {'meta_doa': np.float64(0.5870520416143041), 'pc-er': 0.2156982421875, 'rm': 0.35716758288346484}, 11: {'meta_doa': np.float64(0.5870820203380777), 'pc-er': 0.2279052734375, 'rm': 0.36559839068956}, 12: {'meta_doa': np.float64(0.5864918730395617), 'pc-er': 0.2474365234375, 'rm': 0.3668635711128516}, 13: {'meta_doa': np.float64(0.5875180041398008), 'pc-er': 0.258056640625, 'rm': 0.37321777137546286}, 14: {'meta_doa': np.float64(0.5881563456040253), 'pc-er': 0.2529296875, 'rm': 0.3778921878697099}, 15: {'meta_doa': np.float64(0.5905728429346386), 'pc-er': 0.25927734375, 'rm': 0.38286284574280116}})
