PID 836375 sees CUDA_VISIBLE_DEVICES = 0
→ torch.device is 0 Tesla V100-SXM2-16GB
[INFO 40:48] Using device: cuda
[INFO 40:48] #### config : {'seed': 0, 'dataset_name': 'algebra', 'load_params': True, 'save_params': False, 'embs_path': '../embs/', 'params_path': '../ckpt/', 'early_stopping': True, 'esc': 'error', 'verbose_early_stopping': False, 'disable_tqdm': False, 'valid_metric': 'rmse', 'learning_rate': 0.001, 'batch_size': 512, 'valid_batch_size': 10000, 'num_epochs': 100, 'eval_freq': 1, 'patience': 20, 'device': device(type='cuda'), 'lambda': 6.883708386254995e-06, 'tensorboard': False, 'flush_freq': True, 'pred_metrics': ['mi_acc', 'rmse', 'mae', 'mi_prec', 'mi_rec', 'mi_f_b', 'mi_auc', 'ma_prec', 'ma_rec', 'ma_f_b'], 'profile_metrics': ['meta_doa', 'pc-er', 'rm'], 'num_responses': 12, 'low_mem': False, 'n_query': 25, 'CDM': 'impact', 'i_fold': 2, 'num_inner_users_epochs': 7, 'num_inner_epochs': 10, 'inner_lr': 0.0001, 'inner_user_lr': 0.01, 'meta_lr': 0.05, 'meta_trainer': 'Adam', 'num_workers': 0, 'pin_memory': False, 'debug': False} ####
[INFO 41:15] Random_cont_model
[INFO 41:15] compiling CDM model
[INFO 41:44] compiling selection model
[INFO 41:44] ⏳ Début de l'entraînement...
[INFO 41:44] ✅ Entraînement terminé en 0.00 secondes.
[INFO 41:44] train on cuda
[WARNING 42:13] Computing RM on meta and QUERY set
[INFO 42:16] RM: 0.0034073454464305757
[WARNING 42:20] Computing RM on meta and QUERY set
[INFO 42:20] RM: 0.004148693907348018
[WARNING 42:24] Computing RM on meta and QUERY set
[INFO 42:24] RM: 0.007651011277553018
[WARNING 42:28] Computing RM on meta and QUERY set
[INFO 42:28] RM: 0.011180923549988219
[WARNING 42:31] Computing RM on meta and QUERY set
[INFO 42:32] RM: 0.017037489743379902
[WARNING 42:35] Computing RM on meta and QUERY set
[INFO 42:35] RM: 0.01877565092222031
[WARNING 42:39] Computing RM on meta and QUERY set
[INFO 42:39] RM: 0.026745448657878763
[WARNING 42:43] Computing RM on meta and QUERY set
[INFO 42:43] RM: 0.043143671037370074
[WARNING 42:46] Computing RM on meta and QUERY set
[INFO 42:46] RM: 0.06328926339426393
[WARNING 42:50] Computing RM on meta and QUERY set
[INFO 42:50] RM: 0.07758979941921759
[WARNING 42:54] Computing RM on meta and QUERY set
[INFO 42:54] RM: 0.08888136163574564
[WARNING 42:58] Computing RM on meta and QUERY set
[INFO 42:58] RM: 0.10380679773562837
[WARNING 43:01] Computing RM on meta and QUERY set
[INFO 43:01] RM: 0.12406247111676946
[WARNING 43:05] Computing RM on meta and QUERY set
[INFO 43:05] RM: 0.14519508489296337
[WARNING 43:09] Computing RM on meta and QUERY set
[INFO 43:09] RM: 0.15039251149654054
[WARNING 43:13] Computing RM on meta and QUERY set
[INFO 43:13] RM: 0.15955746197165943
[WARNING 43:16] Computing RM on meta and QUERY set
[INFO 43:16] RM: 0.1740081472180399
[WARNING 43:20] Computing RM on meta and QUERY set
[INFO 43:20] RM: 0.17901132701233677
[WARNING 43:24] Computing RM on meta and QUERY set
[INFO 43:24] RM: 0.19399542019981814
[WARNING 43:28] Computing RM on meta and QUERY set
[INFO 43:28] RM: 0.2114214092845665
[WARNING 43:31] Computing RM on meta and QUERY set
[INFO 43:31] RM: 0.22035854815950617
[WARNING 43:35] Computing RM on meta and QUERY set
[INFO 43:35] RM: 0.24328119897861922
[WARNING 43:39] Computing RM on meta and QUERY set
[INFO 43:39] RM: 0.2624444774485342
[WARNING 43:43] Computing RM on meta and QUERY set
[INFO 43:43] RM: 0.2779348331115162
[WARNING 43:46] Computing RM on meta and QUERY set
[INFO 43:47] RM: 0.29432284142685494
[INFO 43:47] Fold 2; pareto_index: 9.629703479392616; results: ({0: {'mi_acc': 0.7583747506141663, 'rmse': 0.4915539026260376, 'mae': 0.24162524938583374, 'mi_prec': 0.8988970518112183, 'mi_rec': 0.7882858514785767, 'mi_f_b': 0.8399656414985657, 'mi_auc': 0.7118224919175516, 'ma_prec': 0.6603803038597107, 'ma_rec': 0.711822509765625, 'ma_f_b': 0.6735101938247681}, 1: {'mi_acc': 0.7603198885917664, 'rmse': 0.48957139253616333, 'mae': 0.23968014121055603, 'mi_prec': 0.8985906839370728, 'mi_rec': 0.790353000164032, 'mi_f_b': 0.8410035967826843, 'mi_auc': 0.7144996463952912, 'ma_prec': 0.6638954877853394, 'ma_rec': 0.7144996523857117, 'ma_f_b': 0.6771933436393738}, 2: {'mi_acc': 0.7572941780090332, 'rmse': 0.49265187978744507, 'mae': 0.24270586669445038, 'mi_prec': 0.8958333134651184, 'mi_rec': 0.7887780070304871, 'mi_f_b': 0.8389040231704712, 'mi_auc': 0.70960638509987, 'ma_prec': 0.6606826186180115, 'ma_rec': 0.709606409072876, 'ma_f_b': 0.6735036969184875}, 3: {'mi_acc': 0.7570780515670776, 'rmse': 0.49287116527557373, 'mae': 0.24292197823524475, 'mi_prec': 0.9013480544090271, 'mi_rec': 0.7857906222343445, 'mi_f_b': 0.8396118879318237, 'mi_auc': 0.7105623433129096, 'ma_prec': 0.6564700603485107, 'ma_rec': 0.7105623483657837, 'ma_f_b': 0.6695833206176758}, 4: {'mi_acc': 0.7603198885917664, 'rmse': 0.48957139253616333, 'mae': 0.23968014121055603, 'mi_prec': 0.90625, 'mi_rec': 0.7864929437637329, 'mi_f_b': 0.8421352505683899, 'mi_auc': 0.7165721121047238, 'ma_prec': 0.658554196357727, 'ma_rec': 0.716572105884552, 'ma_f_b': 0.6723013520240784}, 5: {'mi_acc': 0.7672358155250549, 'rmse': 0.4824564456939697, 'mae': 0.23276421427726746, 'mi_prec': 0.9099264740943909, 'mi_rec': 0.7913669347763062, 'mi_f_b': 0.8465155959129333, 'mi_auc': 0.7274912335577761, 'ma_prec': 0.6677291989326477, 'ma_rec': 0.7274912595748901, 'ma_f_b': 0.6825336217880249}, 6: {'mi_acc': 0.7672358155250549, 'rmse': 0.4824564456939697, 'mae': 0.23276421427726746, 'mi_prec': 0.9093137383460999, 'mi_rec': 0.7916777729988098, 'mi_f_b': 0.8464280962944031, 'mi_auc': 0.7272739700974169, 'ma_prec': 0.6681565046310425, 'ma_rec': 0.7272739410400391, 'ma_f_b': 0.6829195022583008}, 7: {'mi_acc': 0.7670196890830994, 'rmse': 0.48268038034439087, 'mae': 0.23298034071922302, 'mi_prec': 0.9087010025978088, 'mi_rec': 0.7917779088020325, 'mi_f_b': 0.8462197184562683, 'mi_auc': 0.7267629550218682, 'ma_prec': 0.6682169437408447, 'ma_rec': 0.7267629504203796, 'ma_f_b': 0.6829137802124023}, 8: {'mi_acc': 0.7639939785003662, 'rmse': 0.4858045279979706, 'mae': 0.23600605130195618, 'mi_prec': 0.9010416865348816, 'mi_rec': 0.7927223443984985, 'mi_f_b': 0.8434184789657593, 'mi_auc': 0.7202434106294109, 'ma_prec': 0.668422520160675, 'ma_rec': 0.7202433943748474, 'ma_f_b': 0.6822355389595032}, 9: {'mi_acc': 0.7655068039894104, 'rmse': 0.4842449724674225, 'mae': 0.2344931960105896, 'mi_prec': 0.9013480544090271, 'mi_rec': 0.794062077999115, 'mi_f_b': 0.8443105220794678, 'mi_auc': 0.7224106486807709, 'ma_prec': 0.6707767248153687, 'ma_rec': 0.7224106788635254, 'ma_f_b': 0.6847373247146606}, 10: {'mi_acc': 0.7668035626411438, 'rmse': 0.48290419578552246, 'mae': 0.2331964522600174, 'mi_prec': 0.9016544222831726, 'mi_rec': 0.7951905131340027, 'mi_f_b': 0.8450825214385986, 'mi_auc': 0.7242691106192186, 'ma_prec': 0.6727641224861145, 'ma_rec': 0.7242691516876221, 'ma_f_b': 0.6868488192558289}, 11: {'mi_acc': 0.7659390568733215, 'rmse': 0.48379844427108765, 'mae': 0.23406094312667847, 'mi_prec': 0.8985906839370728, 'mi_rec': 0.7959294319152832, 'mi_f_b': 0.8441502451896667, 'mi_auc': 0.7222747006138963, 'ma_prec': 0.6734333038330078, 'ma_rec': 0.722274661064148, 'ma_f_b': 0.6871510744094849}, 12: {'mi_acc': 0.7652906775474548, 'rmse': 0.4844680726528168, 'mae': 0.23470932245254517, 'mi_prec': 0.8949142098426819, 'mi_rec': 0.7972161769866943, 'mi_f_b': 0.8432447910308838, 'mi_auc': 0.7205187743450915, 'ma_prec': 0.6748965978622437, 'ma_rec': 0.7205188274383545, 'ma_f_b': 0.6881743669509888}, 13: {'mi_acc': 0.7648584246635437, 'rmse': 0.48491397500038147, 'mae': 0.2351415604352951, 'mi_prec': 0.8936887383460999, 'mi_rec': 0.7974302768707275, 'mi_f_b': 0.8428200483322144, 'mi_auc': 0.7196645772924577, 'ma_prec': 0.6750175356864929, 'ma_rec': 0.7196645736694336, 'ma_f_b': 0.6881338953971863}, 14: {'mi_acc': 0.765722930431366, 'rmse': 0.48402175307273865, 'mae': 0.23427706956863403, 'mi_prec': 0.8949142098426819, 'mi_rec': 0.7976515293121338, 'mi_f_b': 0.843488335609436, 'mi_auc': 0.721105571009358, 'ma_prec': 0.6756302714347839, 'ma_rec': 0.7211055755615234, 'ma_f_b': 0.6889262795448303}, 15: {'mi_acc': 0.7691808938980103, 'rmse': 0.48043638467788696, 'mae': 0.23081910610198975, 'mi_prec': 0.8933823704719543, 'mi_rec': 0.801980197429657, 'mi_f_b': 0.8452173471450806, 'mi_auc': 0.7254098770119192, 'ma_prec': 0.6825679540634155, 'ma_rec': 0.7254098653793335, 'ma_f_b': 0.6957607269287109}, 16: {'mi_acc': 0.7678841948509216, 'rmse': 0.48178401589393616, 'mae': 0.23211584985256195, 'mi_prec': 0.8943014740943909, 'mi_rec': 0.8001644611358643, 'mi_f_b': 0.8446180820465088, 'mi_auc': 0.7238820325520133, 'ma_prec': 0.6797259449958801, 'ma_rec': 0.7238820195198059, 'ma_f_b': 0.693017840385437}, 17: {'mi_acc': 0.7629133462905884, 'rmse': 0.4869154691696167, 'mae': 0.23708666861057281, 'mi_prec': 0.8921568393707275, 'mi_rec': 0.796281099319458, 'mi_f_b': 0.8414968848228455, 'mi_auc': 0.7166972533962546, 'ma_prec': 0.6727842092514038, 'ma_rec': 0.7166972160339355, 'ma_f_b': 0.6856434345245361}, 18: {'mi_acc': 0.7605360150337219, 'rmse': 0.4893506169319153, 'mae': 0.23946401476860046, 'mi_prec': 0.8848039507865906, 'mi_rec': 0.7977900505065918, 'mi_f_b': 0.8390470743179321, 'mi_auc': 0.7122018796600591, 'ma_prec': 0.6738766431808472, 'ma_rec': 0.7122018337249756, 'ma_f_b': 0.6857682466506958}, 19: {'mi_acc': 0.7598876357078552, 'rmse': 0.49001264572143555, 'mae': 0.24011239409446716, 'mi_prec': 0.8841911554336548, 'mi_rec': 0.7974578738212585, 'mi_f_b': 0.8385878205299377, 'mi_auc': 0.7112289306438242, 'ma_prec': 0.6732034087181091, 'ma_rec': 0.7112289667129517, 'ma_f_b': 0.6850045919418335}, 20: {'mi_acc': 0.7594553828239441, 'rmse': 0.49045348167419434, 'mae': 0.2405446320772171, 'mi_prec': 0.8829656839370728, 'mi_rec': 0.7976750731468201, 'mi_f_b': 0.8381562232971191, 'mi_auc': 0.710474612005409, 'ma_prec': 0.6733243465423584, 'ma_rec': 0.7104746103286743, 'ma_f_b': 0.6849594116210938}, 21: {'mi_acc': 0.7607521414756775, 'rmse': 0.4891297221183777, 'mae': 0.2392478883266449, 'mi_prec': 0.8811274766921997, 'mi_rec': 0.800000011920929, 'mi_f_b': 0.8386061787605286, 'mi_auc': 0.712015503875969, 'ma_prec': 0.6768072843551636, 'ma_rec': 0.7120155096054077, 'ma_f_b': 0.68819659948349}, 22: {'mi_acc': 0.7607521414756775, 'rmse': 0.4891297221183777, 'mae': 0.2392478883266449, 'mi_prec': 0.8777573704719543, 'mi_rec': 0.8018471598625183, 'mi_f_b': 0.8380869030952454, 'mi_auc': 0.7116446562374036, 'ma_prec': 0.6791574954986572, 'ma_rec': 0.7116446495056152, 'ma_f_b': 0.6900405883789062}, 23: {'mi_acc': 0.7611843347549438, 'rmse': 0.4886876940727234, 'mae': 0.23881565034389496, 'mi_prec': 0.8765318393707275, 'mi_rec': 0.8029749989509583, 'mi_f_b': 0.8381426930427551, 'mi_auc': 0.7121078112767183, 'ma_prec': 0.6807457208633423, 'ma_rec': 0.71210777759552, 'ma_f_b': 0.6914240121841431}, 24: {'mi_acc': 0.7614004611968994, 'rmse': 0.4884665012359619, 'mae': 0.2385995239019394, 'mi_prec': 0.8719362616539001, 'mi_rec': 0.8057757616043091, 'mi_f_b': 0.8375515341758728, 'mi_auc': 0.7120203023110298, 'ma_prec': 0.6843173503875732, 'ma_rec': 0.7120202779769897, 'ma_f_b': 0.6942029595375061}}, {0: {'meta_doa': np.float64(0.49574078964292667), 'pc-er': -0.031097412109375, 'rm': 0.0034073454464305757}, 1: {'meta_doa': np.float64(0.49664732693426467), 'pc-er': -0.15283203125, 'rm': 0.004148693907348018}, 2: {'meta_doa': np.float64(0.49463988932152436), 'pc-er': -0.005260467529296875, 'rm': 0.007651011277553018}, 3: {'meta_doa': np.float64(0.5011213204054953), 'pc-er': 0.1292724609375, 'rm': 0.011180923549988219}, 4: {'meta_doa': np.float64(0.5036331115253089), 'pc-er': 0.11456298828125, 'rm': 0.017037489743379902}, 5: {'meta_doa': np.float64(0.5003346429207564), 'pc-er': 0.2186279296875, 'rm': 0.01877565092222031}, 6: {'meta_doa': np.float64(0.4984042260269425), 'pc-er': 0.1741943359375, 'rm': 0.026745448657878763}, 7: {'meta_doa': np.float64(0.49980884112037816), 'pc-er': 0.1634521484375, 'rm': 0.043143671037370074}, 8: {'meta_doa': np.float64(0.5007670747737059), 'pc-er': 0.0277862548828125, 'rm': 0.06328926339426393}, 9: {'meta_doa': np.float64(0.5013966793384481), 'pc-er': -0.10870361328125, 'rm': 0.07758979941921759}, 10: {'meta_doa': np.float64(0.49979008806751013), 'pc-er': -0.10870361328125, 'rm': 0.08888136163574564}, 11: {'meta_doa': np.float64(0.5004274811522135), 'pc-er': 0.04241943359375, 'rm': 0.10380679773562837}, 12: {'meta_doa': np.float64(0.5034465625643367), 'pc-er': 0.0694580078125, 'rm': 0.12406247111676946}, 13: {'meta_doa': np.float64(0.5095417834040269), 'pc-er': 0.0982666015625, 'rm': 0.14519508489296337}, 14: {'meta_doa': np.float64(0.5069420288653553), 'pc-er': 0.10736083984375, 'rm': 0.15039251149654054}, 15: {'meta_doa': np.float64(0.5058921504668448), 'pc-er': 0.0269622802734375, 'rm': 0.15955746197165943}, 16: {'meta_doa': np.float64(0.50861853130802), 'pc-er': 0.1715087890625, 'rm': 0.1740081472180399}, 17: {'meta_doa': np.float64(0.508308207764374), 'pc-er': 0.1529541015625, 'rm': 0.17901132701233677}, 18: {'meta_doa': np.float64(0.5080914226417478), 'pc-er': 0.149169921875, 'rm': 0.19399542019981814}, 19: {'meta_doa': np.float64(0.5089921908818364), 'pc-er': 0.167236328125, 'rm': 0.2114214092845665}, 20: {'meta_doa': np.float64(0.5110850407546468), 'pc-er': 0.1746826171875, 'rm': 0.22035854815950617}, 21: {'meta_doa': np.float64(0.5125232783365331), 'pc-er': 0.180419921875, 'rm': 0.24328119897861922}, 22: {'meta_doa': np.float64(0.5122443261840701), 'pc-er': 0.1895751953125, 'rm': 0.2624444774485342}, 23: {'meta_doa': np.float64(0.5140043904945849), 'pc-er': 0.1953125, 'rm': 0.2779348331115162}, 24: {'meta_doa': np.float64(0.5172126029330005), 'pc-er': 0.1915283203125, 'rm': 0.29432284142685494}})
