PID 3164815 sees CUDA_VISIBLE_DEVICES = 0
→ torch.device is 0 Tesla V100-SXM2-16GB
[INFO 38:05] Using device: cuda
[INFO 38:05] #### config : {'seed': 0, 'dataset_name': 'math2', 'load_params': True, 'save_params': False, 'embs_path': '../embs/', 'params_path': '../ckpt/', 'early_stopping': True, 'esc': 'error', 'verbose_early_stopping': False, 'disable_tqdm': False, 'valid_metric': 'rmse', 'learning_rate': 0.003, 'batch_size': 512, 'valid_batch_size': 10000, 'num_epochs': 100, 'eval_freq': 1, 'patience': 20, 'device': device(type='cuda'), 'lambda': 0, 'tensorboard': False, 'flush_freq': True, 'pred_metrics': ['mi_acc', 'rmse', 'mae', 'mi_prec', 'mi_rec', 'mi_f_b', 'mi_auc', 'ma_prec', 'ma_rec', 'ma_f_b'], 'profile_metrics': ['meta_doa', 'pc-er', 'rm'], 'num_responses': 12, 'low_mem': False, 'n_query': 16, 'CDM': 'ncdm', 'i_fold': 1, 'num_inner_users_epochs': 3, 'num_inner_epochs': 10, 'inner_lr': 0.0001, 'inner_user_lr': 0.01, 'meta_lr': 2.5, 'meta_trainer': 'GAP', 'num_workers': 0, 'pin_memory': False, 'debug': False, 'learning_users_emb': 1.5} ####
[INFO 38:32] Random_cont_model
../ckpt/math2_NCDM_fold_1_seed_0
[INFO 38:57] compiling selection model
[INFO 41:35] ⏳ Training started...
[INFO 41:35] ------- START Training
[INFO 41:35] train on cuda
[INFO 43:22] - meta_params: 2.5
[INFO 43:22] - cross_cond: 2.5
[INFO 43:22] - learning_users_emb: 0.0005
[INFO 43:57] rmse : 0.5385108590126038
[INFO 43:57] valid_rmse : 0.6886327862739563
[INFO 43:57] valid_loss : 1.0706095695495605
[INFO 45:27] - meta_params: 2.5
[INFO 45:27] - cross_cond: 2.5
[INFO 45:27] - learning_users_emb: 0.0005
[INFO 46:12] rmse : 0.5393531918525696
[INFO 46:12] valid_rmse : 0.6897099614143372
[INFO 46:12] valid_loss : 1.0747402906417847
[INFO 47:43] - meta_params: 2.5
[INFO 47:43] - cross_cond: 2.5
[INFO 47:43] - learning_users_emb: 0.0005
[INFO 48:14] rmse : 0.540310800075531
[INFO 48:14] valid_rmse : 0.6909345388412476
[INFO 48:14] valid_loss : 1.0772842168807983
[INFO 49:46] - meta_params: 2.5
[INFO 49:46] - cross_cond: 2.5
[INFO 49:46] - learning_users_emb: 0.0005
[INFO 50:16] rmse : 0.536204993724823
[INFO 50:16] valid_rmse : 0.6856841444969177
[INFO 50:16] valid_loss : 1.062568187713623
[INFO 51:49] - meta_params: 2.5
[INFO 51:49] - cross_cond: 2.5
[INFO 51:49] - learning_users_emb: 0.0005
[INFO 52:19] rmse : 0.540922999382019
[INFO 52:19] valid_rmse : 0.6917173862457275
[INFO 52:19] valid_loss : 1.0789694786071777
[INFO 53:51] - meta_params: 2.5
[INFO 53:51] - cross_cond: 2.5
[INFO 53:51] - learning_users_emb: 0.0005
[INFO 54:22] rmse : 0.5430394411087036
[INFO 54:22] valid_rmse : 0.6944237947463989
[INFO 54:22] valid_loss : 1.087273120880127
[INFO 55:54] - meta_params: 2.5
[INFO 55:54] - cross_cond: 2.5
[INFO 55:54] - learning_users_emb: 0.0005
[INFO 56:25] rmse : 0.5396877527236938
[INFO 56:25] valid_rmse : 0.6901378035545349
[INFO 56:25] valid_loss : 1.0754514932632446
[INFO 57:57] - meta_params: 1.25
[INFO 57:57] - cross_cond: 1.25
[INFO 57:57] - learning_users_emb: 0.00025
[INFO 58:28] rmse : 0.5409661531448364
[INFO 58:28] valid_rmse : 0.6917725801467896
[INFO 58:28] valid_loss : 1.0801455974578857
[INFO 00:00] - meta_params: 1.25
[INFO 00:00] - cross_cond: 1.25
[INFO 00:00] - learning_users_emb: 0.00025
[INFO 00:31] rmse : 0.5403989553451538
[INFO 00:31] valid_rmse : 0.6910472512245178
[INFO 00:31] valid_loss : 1.0776325464248657
[INFO 02:03] - meta_params: 1.25
[INFO 02:03] - cross_cond: 1.25
[INFO 02:03] - learning_users_emb: 0.00025
[INFO 02:33] rmse : 0.539089560508728
[INFO 02:33] valid_rmse : 0.6893728375434875
[INFO 02:33] valid_loss : 1.0712823867797852
[INFO 04:05] - meta_params: 0.625
[INFO 04:05] - cross_cond: 0.625
[INFO 04:05] - learning_users_emb: 0.000125
[INFO 04:36] rmse : 0.5402711629867554
[INFO 04:36] valid_rmse : 0.6908838152885437
[INFO 04:36] valid_loss : 1.0769025087356567
[INFO 06:09] - meta_params: 0.625
[INFO 06:09] - cross_cond: 0.625
[INFO 06:09] - learning_users_emb: 0.000125
[INFO 06:44] rmse : 0.5352514982223511
[INFO 06:44] valid_rmse : 0.6844648122787476
[INFO 06:44] valid_loss : 1.060202717781067
[INFO 08:16] - meta_params: 0.625
[INFO 08:16] - cross_cond: 0.625
[INFO 08:16] - learning_users_emb: 0.000125
[INFO 08:47] rmse : 0.5368862748146057
[INFO 08:47] valid_rmse : 0.6865553259849548
[INFO 08:47] valid_loss : 1.0644904375076294
[INFO 10:20] - meta_params: 0.625
[INFO 10:20] - cross_cond: 0.625
[INFO 10:20] - learning_users_emb: 0.000125
[INFO 10:50] rmse : 0.5365123152732849
[INFO 10:50] valid_rmse : 0.6860771179199219
[INFO 10:50] valid_loss : 1.0660369396209717
[INFO 12:23] - meta_params: 0.625
[INFO 12:23] - cross_cond: 0.625
[INFO 12:23] - learning_users_emb: 0.000125
[INFO 12:54] rmse : 0.5444596409797668
[INFO 12:54] valid_rmse : 0.6962399482727051
[INFO 12:54] valid_loss : 1.091495156288147
[INFO 14:26] - meta_params: 0.3125
[INFO 14:26] - cross_cond: 0.3125
[INFO 14:26] - learning_users_emb: 6.25e-05
[INFO 14:56] rmse : 0.5370282530784607
[INFO 14:56] valid_rmse : 0.6867368817329407
[INFO 14:56] valid_loss : 1.0666007995605469
[INFO 16:29] - meta_params: 0.3125
[INFO 16:29] - cross_cond: 0.3125
[INFO 16:29] - learning_users_emb: 6.25e-05
[INFO 16:59] rmse : 0.5353010892868042
[INFO 16:59] valid_rmse : 0.6845282316207886
[INFO 16:59] valid_loss : 1.0606670379638672
[INFO 18:31] - meta_params: 0.3125
[INFO 18:31] - cross_cond: 0.3125
[INFO 18:31] - learning_users_emb: 6.25e-05
[INFO 19:01] rmse : 0.5396630167961121
[INFO 19:01] valid_rmse : 0.6901061534881592
[INFO 19:01] valid_loss : 1.0752639770507812
[INFO 20:34] - meta_params: 0.15625
[INFO 20:34] - cross_cond: 0.15625
[INFO 20:34] - learning_users_emb: 3.125e-05
[INFO 21:05] rmse : 0.5351582169532776
[INFO 21:05] valid_rmse : 0.684345543384552
[INFO 21:05] valid_loss : 1.0569632053375244
[INFO 22:37] - meta_params: 0.15625
[INFO 22:37] - cross_cond: 0.15625
[INFO 22:37] - learning_users_emb: 3.125e-05
[INFO 23:08] rmse : 0.5367774367332458
[INFO 23:08] valid_rmse : 0.6864161491394043
[INFO 23:08] valid_loss : 1.0664230585098267
[INFO 24:41] - meta_params: 0.15625
[INFO 24:41] - cross_cond: 0.15625
[INFO 24:41] - learning_users_emb: 3.125e-05
[INFO 25:12] rmse : 0.5375263094902039
[INFO 25:12] valid_rmse : 0.6873737573623657
[INFO 25:12] valid_loss : 1.0664191246032715
[INFO 26:45] - meta_params: 0.15625
[INFO 26:45] - cross_cond: 0.15625
[INFO 26:45] - learning_users_emb: 3.125e-05
[INFO 27:16] rmse : 0.5381366610527039
[INFO 27:16] valid_rmse : 0.6881542801856995
[INFO 27:16] valid_loss : 1.068772792816162
[INFO 28:47] - meta_params: 0.078125
[INFO 28:47] - cross_cond: 0.078125
[INFO 28:47] - learning_users_emb: 1.5625e-05
[INFO 29:18] rmse : 0.5364078283309937
[INFO 29:18] valid_rmse : 0.6859434843063354
[INFO 29:18] valid_loss : 1.061940312385559
[INFO 30:49] - meta_params: 0.078125
[INFO 30:49] - cross_cond: 0.078125
[INFO 30:49] - learning_users_emb: 1.5625e-05
[INFO 31:20] rmse : 0.5374301075935364
[INFO 31:20] valid_rmse : 0.6872507929801941
[INFO 31:20] valid_loss : 1.066781997680664
[INFO 32:52] - meta_params: 0.078125
[INFO 32:52] - cross_cond: 0.078125
[INFO 32:52] - learning_users_emb: 1.5625e-05
[INFO 33:22] rmse : 0.533362090587616
[INFO 33:22] valid_rmse : 0.6820486783981323
[INFO 33:22] valid_loss : 1.0531259775161743
[INFO 34:54] - meta_params: 0.078125
[INFO 34:54] - cross_cond: 0.078125
[INFO 34:54] - learning_users_emb: 1.5625e-05
[INFO 35:25] rmse : 0.5394963622093201
[INFO 35:25] valid_rmse : 0.6898930072784424
[INFO 35:25] valid_loss : 1.0756255388259888
[INFO 37:00] - meta_params: 0.078125
[INFO 37:00] - cross_cond: 0.078125
[INFO 37:00] - learning_users_emb: 1.5625e-05
[INFO 37:30] rmse : 0.5419244766235352
[INFO 37:30] valid_rmse : 0.6929980516433716
[INFO 37:30] valid_loss : 1.0829110145568848
[INFO 39:03] - meta_params: 0.078125
[INFO 39:03] - cross_cond: 0.078125
[INFO 39:03] - learning_users_emb: 1.5625e-05
[INFO 39:34] rmse : 0.5386159420013428
[INFO 39:34] valid_rmse : 0.6887671947479248
[INFO 39:34] valid_loss : 1.0706746578216553
[INFO 41:07] - meta_params: 0.0390625
[INFO 41:07] - cross_cond: 0.0390625
[INFO 41:07] - learning_users_emb: 7.8125e-06
[INFO 41:37] rmse : 0.5430405735969543
[INFO 41:37] valid_rmse : 0.6944252848625183
[INFO 41:37] valid_loss : 1.0883915424346924
[INFO 43:09] - meta_params: 0.0390625
[INFO 43:09] - cross_cond: 0.0390625
[INFO 43:09] - learning_users_emb: 7.8125e-06
[INFO 43:39] rmse : 0.5377447009086609
[INFO 43:39] valid_rmse : 0.6876530647277832
[INFO 43:39] valid_loss : 1.066873550415039
[INFO 45:46] - meta_params: 0.0390625
[INFO 45:46] - cross_cond: 0.0390625
[INFO 45:46] - learning_users_emb: 7.8125e-06
[INFO 46:29] rmse : 0.5361807346343994
[INFO 46:29] valid_rmse : 0.6856530904769897
[INFO 46:29] valid_loss : 1.0631029605865479
[INFO 48:40] - meta_params: 0.01953125
[INFO 48:40] - cross_cond: 0.01953125
[INFO 48:40] - learning_users_emb: 3.90625e-06
[INFO 49:22] rmse : 0.5377588868141174
[INFO 49:22] valid_rmse : 0.6876711845397949
[INFO 49:22] valid_loss : 1.0691205263137817
[INFO 51:31] - meta_params: 0.01953125
[INFO 51:31] - cross_cond: 0.01953125
[INFO 51:31] - learning_users_emb: 3.90625e-06
[INFO 52:14] rmse : 0.5346355438232422
[INFO 52:14] valid_rmse : 0.6836771368980408
[INFO 52:14] valid_loss : 1.058190107345581
[INFO 54:11] - meta_params: 0.01953125
[INFO 54:11] - cross_cond: 0.01953125
[INFO 54:11] - learning_users_emb: 3.90625e-06
[INFO 54:54] rmse : 0.5335271954536438
[INFO 54:54] valid_rmse : 0.6822597980499268
[INFO 54:54] valid_loss : 1.0508642196655273
[INFO 57:04] - meta_params: 0.01953125
[INFO 57:04] - cross_cond: 0.01953125
[INFO 57:04] - learning_users_emb: 3.90625e-06
[INFO 57:47] rmse : 0.538273274898529
[INFO 57:47] valid_rmse : 0.6883289813995361
[INFO 57:47] valid_loss : 1.0704673528671265
[INFO 59:57] - meta_params: 0.01953125
[INFO 59:57] - cross_cond: 0.01953125
[INFO 59:57] - learning_users_emb: 3.90625e-06
[INFO 00:40] rmse : 0.5378099083900452
[INFO 00:40] valid_rmse : 0.687736451625824
[INFO 00:40] valid_loss : 1.0684919357299805
[INFO 02:50] - meta_params: 0.01953125
[INFO 02:50] - cross_cond: 0.01953125
[INFO 02:50] - learning_users_emb: 3.90625e-06
[INFO 03:33] rmse : 0.5390288829803467
[INFO 03:33] valid_rmse : 0.68929523229599
[INFO 03:33] valid_loss : 1.0723180770874023
[INFO 05:44] - meta_params: 0.009765625
[INFO 05:44] - cross_cond: 0.009765625
[INFO 05:44] - learning_users_emb: 1.953125e-06
[INFO 06:27] rmse : 0.5344656705856323
[INFO 06:27] valid_rmse : 0.6834599375724792
[INFO 06:27] valid_loss : 1.0568888187408447
[INFO 08:36] - meta_params: 0.009765625
[INFO 08:36] - cross_cond: 0.009765625
[INFO 08:36] - learning_users_emb: 1.953125e-06
[INFO 09:19] rmse : 0.5377539396286011
[INFO 09:19] valid_rmse : 0.6876648664474487
[INFO 09:19] valid_loss : 1.0709195137023926
[INFO 11:31] - meta_params: 0.009765625
[INFO 11:31] - cross_cond: 0.009765625
[INFO 11:31] - learning_users_emb: 1.953125e-06
[INFO 12:20] rmse : 0.5396881699562073
[INFO 12:20] valid_rmse : 0.6901383399963379
[INFO 12:20] valid_loss : 1.0760000944137573
[INFO 14:03] - meta_params: 0.0048828125
[INFO 14:03] - cross_cond: 0.0048828125
[INFO 14:03] - learning_users_emb: 9.765625e-07
[INFO 14:34] rmse : 0.5356600284576416
[INFO 14:34] valid_rmse : 0.6849872469902039
[INFO 14:34] valid_loss : 1.0632518529891968
[INFO 16:05] - meta_params: 0.0048828125
[INFO 16:05] - cross_cond: 0.0048828125
[INFO 16:05] - learning_users_emb: 9.765625e-07
[INFO 16:36] rmse : 0.5310677289962769
[INFO 16:36] valid_rmse : 0.6791147589683533
[INFO 16:36] valid_loss : 1.0458158254623413
[INFO 18:09] - meta_params: 0.0048828125
[INFO 18:09] - cross_cond: 0.0048828125
[INFO 18:09] - learning_users_emb: 9.765625e-07
[INFO 18:40] rmse : 0.533205509185791
[INFO 18:40] valid_rmse : 0.6818484663963318
[INFO 18:40] valid_loss : 1.053228735923767
[INFO 20:17] - meta_params: 0.0048828125
[INFO 20:17] - cross_cond: 0.0048828125
[INFO 20:17] - learning_users_emb: 9.765625e-07
[INFO 20:47] rmse : 0.5363256931304932
[INFO 20:47] valid_rmse : 0.6858384609222412
[INFO 20:47] valid_loss : 1.0644817352294922
[INFO 22:20] - meta_params: 0.0048828125
[INFO 22:20] - cross_cond: 0.0048828125
[INFO 22:20] - learning_users_emb: 9.765625e-07
[INFO 22:50] rmse : 0.5335700511932373
[INFO 22:50] valid_rmse : 0.6823146343231201
[INFO 22:50] valid_loss : 1.0523227453231812
[INFO 24:35] - meta_params: 0.00244140625
[INFO 24:35] - cross_cond: 0.00244140625
[INFO 24:35] - learning_users_emb: 4.8828125e-07
[INFO 25:08] rmse : 0.5415840744972229
[INFO 25:08] valid_rmse : 0.6925627589225769
[INFO 25:08] valid_loss : 1.0821620225906372
[INFO 26:40] - meta_params: 0.00244140625
[INFO 26:40] - cross_cond: 0.00244140625
[INFO 26:40] - learning_users_emb: 4.8828125e-07
[INFO 27:10] rmse : 0.5312938690185547
[INFO 27:10] valid_rmse : 0.6794039011001587
[INFO 27:10] valid_loss : 1.0441582202911377
[INFO 28:40] - meta_params: 0.00244140625
[INFO 28:40] - cross_cond: 0.00244140625
[INFO 28:40] - learning_users_emb: 4.8828125e-07
[INFO 29:10] rmse : 0.5363335609436035
[INFO 29:10] valid_rmse : 0.6858485341072083
[INFO 29:10] valid_loss : 1.0623760223388672
[INFO 30:40] - meta_params: 0.00244140625
[INFO 30:40] - cross_cond: 0.00244140625
[INFO 30:40] - learning_users_emb: 4.8828125e-07
[INFO 31:10] rmse : 0.5398820638656616
[INFO 31:10] valid_rmse : 0.6903862357139587
[INFO 31:10] valid_loss : 1.0754941701889038
[INFO 32:41] - meta_params: 0.00244140625
[INFO 32:41] - cross_cond: 0.00244140625
[INFO 32:41] - learning_users_emb: 4.8828125e-07
[INFO 33:10] rmse : 0.5407724380493164
[INFO 33:10] valid_rmse : 0.691524863243103
[INFO 33:10] valid_loss : 1.0786898136138916
[INFO 34:40] - meta_params: 0.001220703125
[INFO 34:40] - cross_cond: 0.001220703125
[INFO 34:40] - learning_users_emb: 2.44140625e-07
[INFO 35:09] rmse : 0.5369900465011597
[INFO 35:09] valid_rmse : 0.6866880059242249
[INFO 35:09] valid_loss : 1.0664961338043213
[INFO 36:37] - meta_params: 0.001220703125
[INFO 36:37] - cross_cond: 0.001220703125
[INFO 36:37] - learning_users_emb: 2.44140625e-07
[INFO 37:06] rmse : 0.5354357361793518
[INFO 37:06] valid_rmse : 0.6847004294395447
[INFO 37:06] valid_loss : 1.0592519044876099
[INFO 38:36] - meta_params: 0.001220703125
[INFO 38:36] - cross_cond: 0.001220703125
[INFO 38:36] - learning_users_emb: 2.44140625e-07
[INFO 39:17] rmse : 0.5374952554702759
[INFO 39:17] valid_rmse : 0.6873340606689453
[INFO 39:17] valid_loss : 1.0658466815948486
[INFO 41:24] - meta_params: 0.0006103515625
[INFO 41:24] - cross_cond: 0.0006103515625
[INFO 41:24] - learning_users_emb: 1.220703125e-07
[INFO 42:05] rmse : 0.5414006114006042
[INFO 42:05] valid_rmse : 0.692328155040741
[INFO 42:05] valid_loss : 1.082171082496643
[INFO 44:12] - meta_params: 0.0006103515625
[INFO 44:12] - cross_cond: 0.0006103515625
[INFO 44:12] - learning_users_emb: 1.220703125e-07
[INFO 44:54] rmse : 0.5373460650444031
[INFO 44:54] valid_rmse : 0.6871432662010193
[INFO 44:54] valid_loss : 1.0663700103759766
[INFO 47:01] - meta_params: 0.0006103515625
[INFO 47:01] - cross_cond: 0.0006103515625
[INFO 47:01] - learning_users_emb: 1.220703125e-07
[INFO 47:43] rmse : 0.538924515247345
[INFO 47:43] valid_rmse : 0.6891617774963379
[INFO 47:43] valid_loss : 1.0730751752853394
[INFO 50:20] - meta_params: 0.00030517578125
[INFO 50:20] - cross_cond: 0.00030517578125
[INFO 50:20] - learning_users_emb: 6.103515625e-08
[INFO 51:08] rmse : 0.5390820503234863
[INFO 51:08] valid_rmse : 0.6893632411956787
[INFO 51:08] valid_loss : 1.0732818841934204
[INFO 52:47] - meta_params: 0.00030517578125
[INFO 52:47] - cross_cond: 0.00030517578125
[INFO 52:47] - learning_users_emb: 6.103515625e-08
[INFO 53:16] rmse : 0.5343577265739441
[INFO 53:16] valid_rmse : 0.6833218932151794
[INFO 53:16] valid_loss : 1.0543767213821411
[INFO 54:44] - meta_params: 0.00030517578125
[INFO 54:44] - cross_cond: 0.00030517578125
[INFO 54:44] - learning_users_emb: 6.103515625e-08
[INFO 55:13] rmse : 0.5371310710906982
[INFO 55:13] valid_rmse : 0.6868683695793152
[INFO 55:13] valid_loss : 1.067152738571167
[INFO 56:40] - meta_params: 0.000152587890625
[INFO 56:40] - cross_cond: 0.000152587890625
[INFO 56:40] - learning_users_emb: 3.0517578125e-08
[INFO 57:09] rmse : 0.5398222208023071
[INFO 57:09] valid_rmse : 0.6903097033500671
[INFO 57:09] valid_loss : 1.0742807388305664
[INFO 58:36] - meta_params: 0.000152587890625
[INFO 58:36] - cross_cond: 0.000152587890625
[INFO 58:36] - learning_users_emb: 3.0517578125e-08
[INFO 59:05] rmse : 0.539491593837738
[INFO 59:05] valid_rmse : 0.6898869276046753
[INFO 59:05] valid_loss : 1.074863076210022
[INFO 00:30] - meta_params: 0.000152587890625
[INFO 00:30] - cross_cond: 0.000152587890625
[INFO 00:30] - learning_users_emb: 3.0517578125e-08
[INFO 00:59] rmse : 0.5375925302505493
[INFO 00:59] valid_rmse : 0.6874584555625916
[INFO 00:59] valid_loss : 1.0678086280822754
[INFO 00:59] -- END Training --
[INFO 00:59] ✅ Training completed in 8363.25 seconds.
[INFO 00:59] train on cuda
[WARNING 03:17] Computing RM on meta and QUERY set
[INFO 03:32] RM: 0.03005080929719061
[WARNING 03:34] Computing RM on meta and QUERY set
[INFO 03:34] RM: 0.04624379010065714
[WARNING 03:35] Computing RM on meta and QUERY set
[INFO 03:35] RM: 0.06562144130283784
[WARNING 03:37] Computing RM on meta and QUERY set
[INFO 03:37] RM: 0.08196750321160495
[WARNING 03:39] Computing RM on meta and QUERY set
[INFO 03:39] RM: 0.09494129038791072
[WARNING 03:40] Computing RM on meta and QUERY set
[INFO 03:40] RM: 0.10261323843826584
[WARNING 03:42] Computing RM on meta and QUERY set
[INFO 03:42] RM: 0.11015453611753577
[WARNING 03:43] Computing RM on meta and QUERY set
[INFO 03:43] RM: 0.12118811685775571
[WARNING 03:45] Computing RM on meta and QUERY set
[INFO 03:45] RM: 0.1264910655286971
[WARNING 03:46] Computing RM on meta and QUERY set
[INFO 03:46] RM: 0.13172617305191572
[WARNING 03:48] Computing RM on meta and QUERY set
[INFO 03:48] RM: 0.13636220800932483
[WARNING 03:50] Computing RM on meta and QUERY set
[INFO 03:50] RM: 0.13903860681446017
[WARNING 03:51] Computing RM on meta and QUERY set
[INFO 03:51] RM: 0.14100887765526932
[WARNING 03:53] Computing RM on meta and QUERY set
[INFO 03:53] RM: 0.1435203380140877
[WARNING 03:55] Computing RM on meta and QUERY set
[INFO 03:55] RM: 0.1428469390586456
[WARNING 03:56] Computing RM on meta and QUERY set
[INFO 03:56] RM: 0.14385830614348522
[INFO 03:56] Fold 1; pareto_index: 4.93367408797718; results: ({0: {'mi_acc': 0.5396113395690918, 'rmse': 0.5772354006767273, 'mae': 0.4723793566226959, 'mi_prec': 0.47951915860176086, 'mi_rec': 0.48557257652282715, 'mi_f_b': 0.48252689838409424, 'mi_auc': nan, 'ma_prec': 0.5339143872261047, 'ma_rec': 0.533998966217041, 'ma_f_b': 0.5339398384094238}, 1: {'mi_acc': 0.5510712265968323, 'rmse': 0.5698333978652954, 'mae': 0.46544885635375977, 'mi_prec': 0.46527159214019775, 'mi_rec': 0.49844980239868164, 'mi_f_b': 0.4812895953655243, 'mi_auc': nan, 'ma_prec': 0.5429370403289795, 'ma_rec': 0.5436446070671082, 'ma_f_b': 0.5427967309951782}, 2: {'mi_acc': 0.5578474998474121, 'rmse': 0.5643924474716187, 'mae': 0.459621787071228, 'mi_prec': 0.44590383768081665, 'mi_rec': 0.5069602727890015, 'mi_f_b': 0.4744759202003479, 'mi_auc': nan, 'ma_prec': 0.5472347736358643, 'ma_rec': 0.5489271879196167, 'ma_f_b': 0.5464320778846741}, 3: {'mi_acc': 0.567115068435669, 'rmse': 0.5595754981040955, 'mae': 0.45410221815109253, 'mi_prec': 0.4321015179157257, 'mi_rec': 0.5198178887367249, 'mi_f_b': 0.4719182848930359, 'mi_auc': nan, 'ma_prec': 0.5543152093887329, 'ma_rec': 0.5574807524681091, 'ma_f_b': 0.5525751709938049}, 4: {'mi_acc': 0.5766816139221191, 'rmse': 0.5549189448356628, 'mae': 0.4482816755771637, 'mi_prec': 0.4341050684452057, 'mi_rec': 0.533369779586792, 'mi_f_b': 0.47864505648612976, 'mi_auc': nan, 'ma_prec': 0.5631647706031799, 'ma_rec': 0.5674373507499695, 'ma_f_b': 0.5611644983291626}, 5: {'mi_acc': 0.5807672739028931, 'rmse': 0.552466869354248, 'mae': 0.4447159469127655, 'mi_prec': 0.4367764890193939, 'mi_rec': 0.5391591191291809, 'mi_f_b': 0.4825974702835083, 'mi_auc': nan, 'ma_prec': 0.567116379737854, 'ma_rec': 0.5717996954917908, 'ma_f_b': 0.5651113986968994}, 6: {'mi_acc': 0.5841554403305054, 'rmse': 0.5507424473762512, 'mae': 0.4423452317714691, 'mi_prec': 0.43610864877700806, 'mi_rec': 0.5443178415298462, 'mi_f_b': 0.4842417240142822, 'mi_auc': nan, 'ma_prec': 0.5701199769973755, 'ma_rec': 0.5753751993179321, 'ma_f_b': 0.5679410696029663}, 7: {'mi_acc': 0.5873442888259888, 'rmse': 0.5478249192237854, 'mae': 0.4385684132575989, 'mi_prec': 0.43967053294181824, 'mi_rec': 0.5487635731697083, 'mi_f_b': 0.48819679021835327, 'mi_auc': nan, 'ma_prec': 0.5733441710472107, 'ma_rec': 0.5788410902023315, 'ma_f_b': 0.5712542533874512}, 8: {'mi_acc': 0.5914299488067627, 'rmse': 0.5459553003311157, 'mae': 0.4361969232559204, 'mi_prec': 0.4450133442878723, 'mi_rec': 0.5543538331985474, 'mi_f_b': 0.49370211362838745, 'mi_auc': nan, 'ma_prec': 0.5775490999221802, 'ma_rec': 0.5832898616790771, 'ma_f_b': 0.5756181478500366}, 9: {'mi_acc': 0.5947184562683105, 'rmse': 0.5446624159812927, 'mae': 0.43405675888061523, 'mi_prec': 0.44723954796791077, 'mi_rec': 0.5591427683830261, 'mi_f_b': 0.49696967005729675, 'mi_auc': nan, 'ma_prec': 0.5807368755340576, 'ma_rec': 0.5868517160415649, 'ma_f_b': 0.5788143873214722}, 10: {'mi_acc': 0.5962132215499878, 'rmse': 0.5438268184661865, 'mae': 0.43277403712272644, 'mi_prec': 0.4485752582550049, 'mi_rec': 0.5612813234329224, 'mi_f_b': 0.49863892793655396, 'mi_auc': nan, 'ma_prec': 0.5822165608406067, 'ma_rec': 0.5884761810302734, 'ma_f_b': 0.5803171396255493}, 11: {'mi_acc': 0.6014947295188904, 'rmse': 0.5419363379478455, 'mae': 0.4300230145454407, 'mi_prec': 0.45569902658462524, 'mi_rec': 0.5684531927108765, 'mi_f_b': 0.5058692693710327, 'mi_auc': nan, 'ma_prec': 0.5876727104187012, 'ma_rec': 0.5942203998565674, 'ma_f_b': 0.5859896540641785}, 12: {'mi_acc': 0.6014947295188904, 'rmse': 0.5416090488433838, 'mae': 0.429173082113266, 'mi_prec': 0.45569902658462524, 'mi_rec': 0.5684531927108765, 'mi_f_b': 0.5058692693710327, 'mi_auc': nan, 'ma_prec': 0.5876727104187012, 'ma_rec': 0.5942203998565674, 'ma_f_b': 0.5859896540641785}, 13: {'mi_acc': 0.6056801080703735, 'rmse': 0.5389206409454346, 'mae': 0.42619696259498596, 'mi_prec': 0.4565894901752472, 'mi_rec': 0.5749930143356323, 'mi_f_b': 0.5089961886405945, 'mi_auc': nan, 'ma_prec': 0.5915457010269165, 'ma_rec': 0.5987982749938965, 'ma_f_b': 0.5897741317749023}, 14: {'mi_acc': 0.6080717444419861, 'rmse': 0.5383241772651672, 'mae': 0.42526283860206604, 'mi_prec': 0.4601513743400574, 'mi_rec': 0.578181803226471, 'mi_f_b': 0.5124581456184387, 'mi_auc': nan, 'ma_prec': 0.594048261642456, 'ma_rec': 0.6013973951339722, 'ma_f_b': 0.592395007610321}, 15: {'mi_acc': 0.6087692975997925, 'rmse': 0.537571132183075, 'mae': 0.42383861541748047, 'mi_prec': 0.4581478238105774, 'mi_rec': 0.579718291759491, 'mi_f_b': 0.5118129849433899, 'mi_auc': nan, 'ma_prec': 0.5944897532463074, 'ma_rec': 0.6021952629089355, 'ma_f_b': 0.5927039384841919}}, {0: {'meta_doa': np.float64(0.5143430760812949), 'pc-er': -0.12176513671875, 'rm': 0.03005080929719061}, 1: {'meta_doa': np.float64(0.5183986442605579), 'pc-er': -0.0899658203125, 'rm': 0.04624379010065714}, 2: {'meta_doa': np.float64(0.5181989290714641), 'pc-er': -0.0914306640625, 'rm': 0.06562144130283784}, 3: {'meta_doa': np.float64(0.5219098837205698), 'pc-er': 0.006458282470703125, 'rm': 0.08196750321160495}, 4: {'meta_doa': np.float64(0.5216973150926537), 'pc-er': 0.008880615234375, 'rm': 0.09494129038791072}, 5: {'meta_doa': np.float64(0.5238040425077415), 'pc-er': 0.19189453125, 'rm': 0.10261323843826584}, 6: {'meta_doa': np.float64(0.5255935191765705), 'pc-er': 0.255615234375, 'rm': 0.11015453611753577}, 7: {'meta_doa': np.float64(0.5282862615012915), 'pc-er': 0.256103515625, 'rm': 0.12118811685775571}, 8: {'meta_doa': np.float64(0.5316706448346872), 'pc-er': 0.0947265625, 'rm': 0.1264910655286971}, 9: {'meta_doa': np.float64(0.5307984760213402), 'pc-er': 0.094970703125, 'rm': 0.13172617305191572}, 10: {'meta_doa': np.float64(0.5316268415366578), 'pc-er': 0.172119140625, 'rm': 0.13636220800932483}, 11: {'meta_doa': np.float64(0.5336579473511326), 'pc-er': 0.1707763671875, 'rm': 0.13903860681446017}, 12: {'meta_doa': np.float64(0.5340635175093915), 'pc-er': 0.173583984375, 'rm': 0.14100887765526932}, 13: {'meta_doa': np.float64(0.5353586840976494), 'pc-er': 0.1749267578125, 'rm': 0.1435203380140877}, 14: {'meta_doa': np.float64(0.5349933944233265), 'pc-er': 0.26806640625, 'rm': 0.1428469390586456}, 15: {'meta_doa': np.float64(0.5324441324537325), 'pc-er': 0.267822265625, 'rm': 0.14385830614348522}})
