PID 836374 sees CUDA_VISIBLE_DEVICES = 0
→ torch.device is 0 Tesla V100-SXM2-16GB
[INFO 40:48] Using device: cuda
[INFO 40:48] #### config : {'seed': 0, 'dataset_name': 'algebra', 'load_params': True, 'save_params': False, 'embs_path': '../embs/', 'params_path': '../ckpt/', 'early_stopping': True, 'esc': 'error', 'verbose_early_stopping': False, 'disable_tqdm': False, 'valid_metric': 'rmse', 'learning_rate': 0.001, 'batch_size': 512, 'valid_batch_size': 10000, 'num_epochs': 100, 'eval_freq': 1, 'patience': 20, 'device': device(type='cuda'), 'lambda': 6.883708386254995e-06, 'tensorboard': False, 'flush_freq': True, 'pred_metrics': ['mi_acc', 'rmse', 'mae', 'mi_prec', 'mi_rec', 'mi_f_b', 'mi_auc', 'ma_prec', 'ma_rec', 'ma_f_b'], 'profile_metrics': ['meta_doa', 'pc-er', 'rm'], 'num_responses': 12, 'low_mem': False, 'n_query': 25, 'CDM': 'impact', 'i_fold': 3, 'num_inner_users_epochs': 7, 'num_inner_epochs': 10, 'inner_lr': 0.0001, 'inner_user_lr': 0.01, 'meta_lr': 0.05, 'meta_trainer': 'Adam', 'num_workers': 0, 'pin_memory': False, 'debug': False} ####
[INFO 41:15] Random_cont_model
[INFO 41:15] compiling CDM model
[INFO 41:44] compiling selection model
[INFO 41:44] ⏳ Début de l'entraînement...
[INFO 41:44] ✅ Entraînement terminé en 0.00 secondes.
[INFO 41:44] train on cuda
[WARNING 42:13] Computing RM on meta and QUERY set
[INFO 42:16] RM: -0.0036032868840912276
[WARNING 42:20] Computing RM on meta and QUERY set
[INFO 42:20] RM: -0.0033193566086646697
[WARNING 42:24] Computing RM on meta and QUERY set
[INFO 42:24] RM: 0.003927725643645595
[WARNING 42:28] Computing RM on meta and QUERY set
[INFO 42:28] RM: 0.00997164269648888
[WARNING 42:32] Computing RM on meta and QUERY set
[INFO 42:32] RM: 0.015337767568719502
[WARNING 42:35] Computing RM on meta and QUERY set
[INFO 42:35] RM: 0.02091058933668406
[WARNING 42:39] Computing RM on meta and QUERY set
[INFO 42:39] RM: 0.028293809116520015
[WARNING 42:43] Computing RM on meta and QUERY set
[INFO 42:43] RM: 0.04005869785769721
[WARNING 42:47] Computing RM on meta and QUERY set
[INFO 42:47] RM: 0.05667905322339662
[WARNING 42:50] Computing RM on meta and QUERY set
[INFO 42:50] RM: 0.06915907469045914
[WARNING 42:54] Computing RM on meta and QUERY set
[INFO 42:54] RM: 0.07877922403397529
[WARNING 42:58] Computing RM on meta and QUERY set
[INFO 42:58] RM: 0.08538777300591949
[WARNING 43:02] Computing RM on meta and QUERY set
[INFO 43:02] RM: 0.08904339203097353
[WARNING 43:05] Computing RM on meta and QUERY set
[INFO 43:05] RM: 0.09700749291029444
[WARNING 43:09] Computing RM on meta and QUERY set
[INFO 43:09] RM: 0.1111694199472194
[WARNING 43:13] Computing RM on meta and QUERY set
[INFO 43:13] RM: 0.1306090647646949
[WARNING 43:17] Computing RM on meta and QUERY set
[INFO 43:17] RM: 0.14879342333387618
[WARNING 43:20] Computing RM on meta and QUERY set
[INFO 43:20] RM: 0.1707581759122488
[WARNING 43:24] Computing RM on meta and QUERY set
[INFO 43:24] RM: 0.17994324400315068
[WARNING 43:28] Computing RM on meta and QUERY set
[INFO 43:28] RM: 0.1956880074440001
[WARNING 43:32] Computing RM on meta and QUERY set
[INFO 43:32] RM: 0.21271460059865022
[WARNING 43:35] Computing RM on meta and QUERY set
[INFO 43:35] RM: 0.2299317853246066
[WARNING 43:39] Computing RM on meta and QUERY set
[INFO 43:39] RM: 0.24545204299154938
[WARNING 43:43] Computing RM on meta and QUERY set
[INFO 43:43] RM: 0.26151603667263557
[WARNING 43:47] Computing RM on meta and QUERY set
[INFO 43:47] RM: 0.27132893870939045
[INFO 43:47] Fold 3; pareto_index: 9.577855054907916; results: ({0: {'mi_acc': 0.7682105302810669, 'rmse': 0.48144519329071045, 'mae': 0.2317894697189331, 'mi_prec': 0.892711341381073, 'mi_rec': 0.8068511486053467, 'mi_f_b': 0.8476124405860901, 'mi_auc': 0.7107554028792363, 'ma_prec': 0.6687041521072388, 'ma_rec': 0.7107554078102112, 'ma_f_b': 0.6818281412124634}, 1: {'mi_acc': 0.7661052346229553, 'rmse': 0.48362666368484497, 'mae': 0.2338947355747223, 'mi_prec': 0.8921282887458801, 'mi_rec': 0.805051326751709, 'mi_f_b': 0.8463560342788696, 'mi_auc': 0.7075836068873229, 'ma_prec': 0.6653823256492615, 'ma_rec': 0.7075836062431335, 'ma_f_b': 0.6783565282821655}, 2: {'mi_acc': 0.770736813545227, 'rmse': 0.47881433367729187, 'mae': 0.22926315665245056, 'mi_prec': 0.8973761200904846, 'mi_rec': 0.8068152070045471, 'mi_f_b': 0.8496894836425781, 'mi_auc': 0.7151723074550922, 'ma_prec': 0.6695213913917542, 'ma_rec': 0.715172290802002, 'ma_f_b': 0.6833813190460205}, 3: {'mi_acc': 0.7635789513587952, 'rmse': 0.4862314760684967, 'mae': 0.23642104864120483, 'mi_prec': 0.8918367624282837, 'mi_rec': 0.8026764392852783, 'mi_f_b': 0.8449109196662903, 'mi_auc': 0.7037876457058194, 'ma_prec': 0.6610698699951172, 'ma_rec': 0.703787624835968, 'ma_f_b': 0.6738941669464111}, 4: {'mi_acc': 0.761894702911377, 'rmse': 0.4879603087902069, 'mae': 0.23810525238513947, 'mi_prec': 0.8909621238708496, 'mi_rec': 0.8014686703681946, 'mi_f_b': 0.8438493013381958, 'mi_auc': 0.7011612242675943, 'ma_prec': 0.6587386131286621, 'ma_rec': 0.70116126537323, 'ma_f_b': 0.671370804309845}, 5: {'mi_acc': 0.7612631320953369, 'rmse': 0.4886070489883423, 'mae': 0.2387368381023407, 'mi_prec': 0.8892128467559814, 'mi_rec': 0.8017876148223877, 'mi_f_b': 0.8432402610778809, 'mi_auc': 0.7000481300422611, 'ma_prec': 0.6590003967285156, 'ma_rec': 0.7000481486320496, 'ma_f_b': 0.6713994741439819}, 6: {'mi_acc': 0.7635789513587952, 'rmse': 0.4862314760684967, 'mae': 0.23642104864120483, 'mi_prec': 0.8930029273033142, 'mi_rec': 0.8020424246788025, 'mi_f_b': 0.8450820446014404, 'mi_auc': 0.7039213171521554, 'ma_prec': 0.6601378321647644, 'ma_rec': 0.7039213180541992, 'ma_f_b': 0.6730962991714478}, 7: {'mi_acc': 0.7631579041481018, 'rmse': 0.4866642653942108, 'mae': 0.2368420958518982, 'mi_prec': 0.892711341381073, 'mi_rec': 0.8017805814743042, 'mi_f_b': 0.8448061943054199, 'mi_auc': 0.7032533358983813, 'ma_prec': 0.6596132516860962, 'ma_rec': 0.7032533288002014, 'ma_f_b': 0.6725142002105713}, 8: {'mi_acc': 0.7621052265167236, 'rmse': 0.48774453997612, 'mae': 0.23789472877979279, 'mi_prec': 0.8915451765060425, 'mi_rec': 0.8013626933097839, 'mi_f_b': 0.8440518975257874, 'mi_auc': 0.701537872768328, 'ma_prec': 0.6586513519287109, 'ma_rec': 0.7015378475189209, 'ma_f_b': 0.6713604927062988}, 9: {'mi_acc': 0.7639999985694885, 'rmse': 0.48579829931259155, 'mae': 0.23600000143051147, 'mi_prec': 0.8909621238708496, 'mi_rec': 0.8035761117935181, 'mi_f_b': 0.8450158834457397, 'mi_auc': 0.7043223809580667, 'ma_prec': 0.6625264883041382, 'ma_rec': 0.704322338104248, 'ma_f_b': 0.675264835357666}, 10: {'mi_acc': 0.7705262899398804, 'rmse': 0.4790341258049011, 'mae': 0.22947368025779724, 'mi_prec': 0.8979591727256775, 'mi_rec': 0.8062826991081238, 'mi_f_b': 0.8496551513671875, 'mi_auc': 0.7149693182457918, 'ma_prec': 0.6686765551567078, 'ma_rec': 0.714969277381897, 'ma_f_b': 0.6826053857803345}, 11: {'mi_acc': 0.7709473371505737, 'rmse': 0.47859442234039307, 'mae': 0.22905263304710388, 'mi_prec': 0.8973761200904846, 'mi_rec': 0.807026743888855, 'mi_f_b': 0.8498066663742065, 'mi_auc': 0.7154791837539609, 'ma_prec': 0.6699001789093018, 'ma_rec': 0.7154791951179504, 'ma_f_b': 0.6837685704231262}, 12: {'mi_acc': 0.7635789513587952, 'rmse': 0.4862314760684967, 'mae': 0.23642104864120483, 'mi_prec': 0.8886297345161438, 'mi_rec': 0.8044338822364807, 'mi_f_b': 0.8444383144378662, 'mi_auc': 0.7034656430562318, 'ma_prec': 0.6636330485343933, 'ma_rec': 0.7034656405448914, 'ma_f_b': 0.6760551929473877}, 13: {'mi_acc': 0.7646315693855286, 'rmse': 0.4851478338241577, 'mae': 0.23536841571331024, 'mi_prec': 0.8883382081985474, 'mi_rec': 0.8056584000587463, 'mi_f_b': 0.8449805974960327, 'mi_auc': 0.7049986123918867, 'ma_prec': 0.6657600402832031, 'ma_rec': 0.7049986124038696, 'ma_f_b': 0.6781721115112305}, 14: {'mi_acc': 0.7646315693855286, 'rmse': 0.4851478338241577, 'mae': 0.23536841571331024, 'mi_prec': 0.8871719837188721, 'mi_rec': 0.8063063025474548, 'mi_f_b': 0.8448083996772766, 'mi_auc': 0.7048949564318416, 'ma_prec': 0.6666920185089111, 'ma_rec': 0.7048949599266052, 'ma_f_b': 0.6789373159408569}, 15: {'mi_acc': 0.7606315612792969, 'rmse': 0.4892529249191284, 'mae': 0.23936842381954193, 'mi_prec': 0.8851311802864075, 'mi_rec': 0.8033871650695801, 'mi_f_b': 0.8422805070877075, 'mi_auc': 0.6988099445987078, 'ma_prec': 0.6611261963844299, 'ma_rec': 0.6988099813461304, 'ma_f_b': 0.6729953289031982}, 16: {'mi_acc': 0.7591578960418701, 'rmse': 0.49075666069984436, 'mae': 0.24084210395812988, 'mi_prec': 0.8804664611816406, 'mi_rec': 0.8044752478599548, 'mi_f_b': 0.8407571911811829, 'mi_auc': 0.6964143200398825, 'ma_prec': 0.6622029542922974, 'ma_rec': 0.6964143514633179, 'ma_f_b': 0.6734009981155396}, 17: {'mi_acc': 0.754105269908905, 'rmse': 0.495877742767334, 'mae': 0.24589473009109497, 'mi_prec': 0.8760932683944702, 'mi_rec': 0.8017609119415283, 'mi_f_b': 0.8372805118560791, 'mi_auc': 0.6888046212803847, 'ma_prec': 0.6566072702407837, 'ma_rec': 0.6888046264648438, 'ma_f_b': 0.6671329736709595}, 18: {'mi_acc': 0.7524210214614868, 'rmse': 0.49757304787635803, 'mae': 0.2475789487361908, 'mi_prec': 0.8723031878471375, 'mi_rec': 0.8021447658538818, 'mi_f_b': 0.8357540965080261, 'mi_auc': 0.68636650370604, 'ma_prec': 0.656606137752533, 'ma_rec': 0.6863664984703064, 'ma_f_b': 0.6665949821472168}, 19: {'mi_acc': 0.745894730091095, 'rmse': 0.5040885806083679, 'mae': 0.25410526990890503, 'mi_prec': 0.8658891916275024, 'mi_rec': 0.7990314960479736, 'mi_f_b': 0.8311179280281067, 'mi_auc': 0.6768632699605511, 'ma_prec': 0.6499900817871094, 'ma_rec': 0.6768633127212524, 'ma_f_b': 0.6590778827667236}, 20: {'mi_acc': 0.7511578798294067, 'rmse': 0.4988407492637634, 'mae': 0.24884210526943207, 'mi_prec': 0.8685131072998047, 'mi_rec': 0.802964985370636, 'mi_f_b': 0.834453821182251, 'mi_auc': 0.6846555567074435, 'ma_prec': 0.6573625802993774, 'ma_rec': 0.6846555471420288, 'ma_f_b': 0.6668031811714172}, 21: {'mi_acc': 0.7536842226982117, 'rmse': 0.49630212783813477, 'mae': 0.24631579220294952, 'mi_prec': 0.8688046932220459, 'mi_rec': 0.8054053783416748, 'mi_f_b': 0.8359046578407288, 'mi_auc': 0.6884169884169884, 'ma_prec': 0.6616750955581665, 'ma_rec': 0.6884169578552246, 'ma_f_b': 0.6711169481277466}, 22: {'mi_acc': 0.7538947463035583, 'rmse': 0.49608996510505676, 'mae': 0.24610525369644165, 'mi_prec': 0.8699708580970764, 'mi_rec': 0.8049635887145996, 'mi_f_b': 0.8362057209014893, 'mi_auc': 0.6886754633055392, 'ma_prec': 0.6611217856407166, 'ma_rec': 0.6886754631996155, 'ma_f_b': 0.6707477569580078}, 23: {'mi_acc': 0.7519999742507935, 'rmse': 0.4979959726333618, 'mae': 0.24799999594688416, 'mi_prec': 0.8673469424247742, 'mi_rec': 0.8044888973236084, 'mi_f_b': 0.8347362279891968, 'mi_auc': 0.6859897036112419, 'ma_prec': 0.6598098278045654, 'ma_rec': 0.6859897375106812, 'ma_f_b': 0.6690544486045837}, 24: {'mi_acc': 0.7564210295677185, 'rmse': 0.49353715777397156, 'mae': 0.2435789406299591, 'mi_prec': 0.8664723038673401, 'mi_rec': 0.8095886707305908, 'mi_f_b': 0.8370652198791504, 'mi_auc': 0.6925607843859988, 'ma_prec': 0.668463408946991, 'ma_rec': 0.6925607919692993, 'ma_f_b': 0.677390456199646}}, {0: {'meta_doa': np.float64(0.4893838271357467), 'pc-er': -0.1358642578125, 'rm': -0.0036032868840912276}, 1: {'meta_doa': np.float64(0.4892896333898618), 'pc-er': -0.111572265625, 'rm': -0.0033193566086646697}, 2: {'meta_doa': np.float64(0.4867606558493305), 'pc-er': 0.13330078125, 'rm': 0.003927725643645595}, 3: {'meta_doa': np.float64(0.49014951217123176), 'pc-er': 0.1424560546875, 'rm': 0.00997164269648888}, 4: {'meta_doa': np.float64(0.492795408079877), 'pc-er': 0.1258544921875, 'rm': 0.015337767568719502}, 5: {'meta_doa': np.float64(0.49339538447239034), 'pc-er': 0.1060791015625, 'rm': 0.02091058933668406}, 6: {'meta_doa': np.float64(0.4969159306271274), 'pc-er': 0.09088134765625, 'rm': 0.028293809116520015}, 7: {'meta_doa': np.float64(0.49867856324596954), 'pc-er': 0.0888671875, 'rm': 0.04005869785769721}, 8: {'meta_doa': np.float64(0.5014834067211743), 'pc-er': 0.083740234375, 'rm': 0.05667905322339662}, 9: {'meta_doa': np.float64(0.5050629772367519), 'pc-er': 0.08258056640625, 'rm': 0.06915907469045914}, 10: {'meta_doa': np.float64(0.5087627482881836), 'pc-er': 0.07977294921875, 'rm': 0.07877922403397529}, 11: {'meta_doa': np.float64(0.5061094077423126), 'pc-er': 0.0863037109375, 'rm': 0.08538777300591949}, 12: {'meta_doa': np.float64(0.5032666474776624), 'pc-er': 0.09710693359375, 'rm': 0.08904339203097353}, 13: {'meta_doa': np.float64(0.49896032809659396), 'pc-er': 0.10443115234375, 'rm': 0.09700749291029444}, 14: {'meta_doa': np.float64(0.5015658698769352), 'pc-er': 0.1173095703125, 'rm': 0.1111694199472194}, 15: {'meta_doa': np.float64(0.5034889871230653), 'pc-er': 0.12939453125, 'rm': 0.1306090647646949}, 16: {'meta_doa': np.float64(0.5084990354382297), 'pc-er': 0.1390380859375, 'rm': 0.14879342333387618}, 17: {'meta_doa': np.float64(0.5104795653020724), 'pc-er': 0.1591796875, 'rm': 0.1707581759122488}, 18: {'meta_doa': np.float64(0.5122513319832771), 'pc-er': 0.1617431640625, 'rm': 0.17994324400315068}, 19: {'meta_doa': np.float64(0.51223044244355), 'pc-er': 0.192626953125, 'rm': 0.1956880074440001}, 20: {'meta_doa': np.float64(0.516099314396872), 'pc-er': 0.2191162109375, 'rm': 0.21271460059865022}, 21: {'meta_doa': np.float64(0.5152351977681988), 'pc-er': 0.23876953125, 'rm': 0.2299317853246066}, 22: {'meta_doa': np.float64(0.5142519572371562), 'pc-er': 0.2509765625, 'rm': 0.24545204299154938}, 23: {'meta_doa': np.float64(0.5168957863150676), 'pc-er': 0.2626953125, 'rm': 0.26151603667263557}, 24: {'meta_doa': np.float64(0.519739843625349), 'pc-er': 0.265625, 'rm': 0.27132893870939045}})
