PID 1872516 sees CUDA_VISIBLE_DEVICES = 0
→ torch.device is 0 Tesla V100-SXM2-16GB
[INFO 49:03] Using device: cuda
[INFO 49:03] #### config : {'seed': 0, 'dataset_name': 'math2', 'load_params': True, 'save_params': False, 'embs_path': '../embs/', 'params_path': '../ckpt/', 'early_stopping': True, 'esc': 'error', 'verbose_early_stopping': False, 'disable_tqdm': False, 'valid_metric': 'rmse', 'learning_rate': 0.001, 'batch_size': 512, 'valid_batch_size': 10000, 'num_epochs': 100, 'eval_freq': 1, 'patience': 20, 'device': device(type='cuda'), 'lambda': 2.67605964593852e-06, 'tensorboard': False, 'flush_freq': True, 'pred_metrics': ['mi_acc', 'rmse', 'mae', 'mi_prec', 'mi_rec', 'mi_f_b', 'mi_auc', 'ma_prec', 'ma_rec', 'ma_f_b'], 'profile_metrics': ['meta_doa', 'pc-er', 'rm'], 'num_responses': 12, 'low_mem': False, 'n_query': 16, 'CDM': 'impact', 'i_fold': 4, 'num_inner_users_epochs': 9, 'num_inner_epochs': 10, 'inner_lr': 0.0001, 'inner_user_lr': 0.003, 'meta_lr': 0.05, 'meta_trainer': 'Adam', 'num_workers': 0, 'pin_memory': False, 'debug': False} ####
[INFO 49:15] Random_cont_model
[INFO 49:15] compiling CDM model
[INFO 49:20] compiling selection model
[INFO 49:20] ⏳ Début de l'entraînement...
[INFO 49:20] ✅ Entraînement terminé en 0.00 secondes.
[INFO 49:20] train on cuda
Meta_loss tensor(0.7183, device='cuda:0', grad_fn=<DotBackward0>)
Meta_loss tensor(0.7156, device='cuda:0', grad_fn=<DotBackward0>)
Meta_loss tensor(0.7134, device='cuda:0', grad_fn=<DotBackward0>)
Meta_loss tensor(0.7117, device='cuda:0', grad_fn=<DotBackward0>)
Meta_loss tensor(0.7102, device='cuda:0', grad_fn=<DotBackward0>)
Meta_loss tensor(0.7089, device='cuda:0', grad_fn=<DotBackward0>)
Meta_loss tensor(0.7080, device='cuda:0', grad_fn=<DotBackward0>)
Meta_loss tensor(0.7073, device='cuda:0', grad_fn=<DotBackward0>)
Meta_loss tensor(0.7068, device='cuda:0', grad_fn=<DotBackward0>)
Meta_loss tensor(0.7064, device='cuda:0', grad_fn=<DotBackward0>)
Meta_loss tensor(0.7062, device='cuda:0', grad_fn=<DotBackward0>)
Meta_loss tensor(0.7062, device='cuda:0', grad_fn=<DotBackward0>)
Meta_loss tensor(0.7063, device='cuda:0', grad_fn=<DotBackward0>)
Meta_loss tensor(0.7066, device='cuda:0', grad_fn=<DotBackward0>)
Meta_loss tensor(0.7068, device='cuda:0', grad_fn=<DotBackward0>)
Meta_loss tensor(0.7073, device='cuda:0', grad_fn=<DotBackward0>)
Meta_loss tensor(0.7077, device='cuda:0', grad_fn=<DotBackward0>)
Meta_loss tensor(0.7083, device='cuda:0', grad_fn=<DotBackward0>)
Meta_loss tensor(0.7090, device='cuda:0', grad_fn=<DotBackward0>)
Meta_loss tensor(0.7097, device='cuda:0', grad_fn=<DotBackward0>)
Meta_loss tensor(0.7104, device='cuda:0', grad_fn=<DotBackward0>)
Meta_loss tensor(0.7112, device='cuda:0', grad_fn=<DotBackward0>)
Meta_loss tensor(0.7121, device='cuda:0', grad_fn=<DotBackward0>)
---------- best_epoch : 11 ;   
[WARNING 49:51] Computing RM on meta and QUERY set
[INFO 49:53] RM: 0.8202247635745009
[INFO 49:53] Fold 4; results: ({'mi_acc': 0.6928749084472656, 'rmse': 0.5541886687278748, 'mae': 0.307125061750412, 'mi_prec': 0.6475540399551392, 'mi_rec': 0.6499200463294983, 'mi_f_b': 0.6487348675727844, 'mi_auc': 0.6880258074008229, 'ma_prec': 0.6878727674484253, 'ma_rec': 0.6880258321762085, 'ma_f_b': 0.6879474520683289}, {'meta_doa': np.float64(0.7300441207472437), 'pc-er': 0.1160888671875, 'rm': 0.8202247635745009})
