PID 174190 sees CUDA_VISIBLE_DEVICES = 0
→ torch.device is 0 Tesla V100-SXM2-16GB
[INFO 13:35] Using device: cuda
[INFO 13:35] #### config : {'seed': 0, 'dataset_name': 'assist0910', 'load_params': True, 'save_params': False, 'embs_path': '../embs/', 'params_path': '../ckpt/', 'early_stopping': True, 'esc': 'error', 'verbose_early_stopping': False, 'disable_tqdm': False, 'valid_metric': 'rmse', 'learning_rate': 0.001, 'batch_size': 512, 'valid_batch_size': 10000, 'num_epochs': 100, 'eval_freq': 1, 'patience': 20, 'device': device(type='cuda'), 'lambda': 2.67605964593852e-06, 'tensorboard': False, 'flush_freq': True, 'pred_metrics': ['mi_acc', 'rmse', 'mae', 'mi_prec', 'mi_rec', 'mi_f_b', 'mi_auc', 'ma_prec', 'ma_rec', 'ma_f_b'], 'profile_metrics': ['meta_doa', 'pc-er', 'rm'], 'num_responses': 12, 'low_mem': False, 'n_query': 16, 'CDM': 'impact', 'i_fold': 2, 'num_inner_users_epochs': 3, 'num_inner_epochs': 10, 'inner_lr': 0.0001, 'inner_user_lr': 0.01, 'meta_lr': 2.0, 'meta_trainer': 'Approx_GAP', 'num_workers': 0, 'pin_memory': False, 'debug': False} ####
[INFO 13:52] Random_cont_model
[INFO 13:52] compiling CDM model
[INFO 13:57] compiling selection model
[INFO 13:57] ⏳ Début de l'entraînement...
[INFO 13:57] ------- START Training
[INFO 13:57] train on cuda
[INFO 14:15] - meta_params: 2.0
[INFO 14:22] rmse : 0.5357628464698792
[INFO 14:22] valid_rmse : 1.3067387342453003
[INFO 14:22] valid_loss : 1.6377272605895996
[INFO 14:34] - meta_params: 2.0
[INFO 14:40] rmse : 0.5347983837127686
[INFO 14:40] valid_rmse : 1.3043863773345947
[INFO 14:40] valid_loss : 1.6178333759307861
[INFO 14:52] - meta_params: 2.0
[INFO 14:57] rmse : 0.5240720510482788
[INFO 14:57] valid_rmse : 1.2782245874404907
[INFO 14:57] valid_loss : 1.6062754392623901
[INFO 15:08] - meta_params: 2.0
[INFO 15:13] rmse : 0.5230860114097595
[INFO 15:13] valid_rmse : 1.2758195400238037
[INFO 15:13] valid_loss : 1.60215425491333
[INFO 15:24] - meta_params: 2.0
[INFO 15:29] rmse : 0.5080660581588745
[INFO 15:29] valid_rmse : 1.2391855716705322
[INFO 15:29] valid_loss : 1.583446741104126
[INFO 15:39] - meta_params: 2.0
[INFO 15:44] rmse : 0.5065395832061768
[INFO 15:44] valid_rmse : 1.2354624271392822
[INFO 15:44] valid_loss : 1.598007082939148
[INFO 15:54] - meta_params: 2.0
[INFO 15:59] rmse : 0.5065395832061768
[INFO 15:59] valid_rmse : 1.2354624271392822
[INFO 15:59] valid_loss : 1.5789862871170044
[INFO 16:08] - meta_params: 2.0
[INFO 16:14] rmse : 0.5050084590911865
[INFO 16:14] valid_rmse : 1.231727957725525
[INFO 16:14] valid_loss : 1.5898594856262207
[INFO 16:22] - meta_params: 2.0
[INFO 16:28] rmse : 0.49363526701927185
[INFO 16:28] valid_rmse : 1.2039884328842163
[INFO 16:28] valid_loss : 1.5709893703460693
[INFO 16:37] - meta_params: 2.0
[INFO 16:42] rmse : 0.5019322633743286
[INFO 16:42] valid_rmse : 1.2242250442504883
[INFO 16:42] valid_loss : 1.5711162090301514
[INFO 16:51] - meta_params: 2.0
[INFO 16:56] rmse : 0.49311208724975586
[INFO 16:56] valid_rmse : 1.2027124166488647
[INFO 16:56] valid_loss : 1.5797910690307617
[INFO 17:04] - meta_params: 2.0
[INFO 17:10] rmse : 0.48252904415130615
[INFO 17:10] valid_rmse : 1.1769001483917236
[INFO 17:10] valid_loss : 1.559432029724121
[INFO 17:18] - meta_params: 2.0
[INFO 17:23] rmse : 0.49363526701927185
[INFO 17:23] valid_rmse : 1.2039884328842163
[INFO 17:23] valid_loss : 1.5755187273025513
[INFO 17:31] - meta_params: 2.0
[INFO 17:36] rmse : 0.48731985688209534
[INFO 17:36] valid_rmse : 1.1885850429534912
[INFO 17:36] valid_loss : 1.5521271228790283
[INFO 17:44] - meta_params: 2.0
[INFO 17:49] rmse : 0.4835977554321289
[INFO 17:49] valid_rmse : 1.179506778717041
[INFO 17:49] valid_loss : 1.5613925457000732
[INFO 17:57] - meta_params: 2.0
[INFO 18:02] rmse : 0.47606632113456726
[INFO 18:02] valid_rmse : 1.161137342453003
[INFO 18:02] valid_loss : 1.5727795362472534
[INFO 18:10] - meta_params: 2.0
[INFO 18:15] rmse : 0.47606632113456726
[INFO 18:15] valid_rmse : 1.161137342453003
[INFO 18:15] valid_loss : 1.5773274898529053
[INFO 18:22] - meta_params: 1.0
[INFO 18:28] rmse : 0.4846641421318054
[INFO 18:28] valid_rmse : 1.18210768699646
[INFO 18:28] valid_loss : 1.582374930381775
[INFO 18:35] - meta_params: 1.0
[INFO 18:41] rmse : 0.48731985688209534
[INFO 18:41] valid_rmse : 1.1885850429534912
[INFO 18:41] valid_loss : 1.5932021141052246
[INFO 18:48] - meta_params: 1.0
[INFO 18:53] rmse : 0.4952015280723572
[INFO 18:53] valid_rmse : 1.2078086137771606
[INFO 18:53] valid_loss : 1.589235782623291
[INFO 19:00] - meta_params: 0.5
[INFO 19:06] rmse : 0.49101370573043823
[INFO 19:06] valid_rmse : 1.197594404220581
[INFO 19:06] valid_loss : 1.5637673139572144
[INFO 19:13] - meta_params: 0.5
[INFO 19:18] rmse : 0.48519644141197205
[INFO 19:18] valid_rmse : 1.1834059953689575
[INFO 19:18] valid_loss : 1.5562974214553833
[INFO 19:25] - meta_params: 0.5
[INFO 19:31] rmse : 0.47552379965782166
[INFO 19:31] valid_rmse : 1.1598141193389893
[INFO 19:31] valid_loss : 1.5558452606201172
[INFO 19:37] - meta_params: 0.25
[INFO 19:43] rmse : 0.47225552797317505
[INFO 19:43] valid_rmse : 1.1518428325653076
[INFO 19:43] valid_loss : 1.5606937408447266
[INFO 19:49] - meta_params: 0.25
[INFO 19:55] rmse : 0.4793085753917694
[INFO 19:55] valid_rmse : 1.169045329093933
[INFO 19:55] valid_loss : 1.561367154121399
[INFO 20:02] - meta_params: 0.25
[INFO 20:07] rmse : 0.48784926533699036
[INFO 20:07] valid_rmse : 1.1898763179779053
[INFO 20:07] valid_loss : 1.5387707948684692
[INFO 20:14] - meta_params: 0.25
[INFO 20:19] rmse : 0.4835977554321289
[INFO 20:19] valid_rmse : 1.179506778717041
[INFO 20:19] valid_loss : 1.562856912612915
[INFO 20:26] - meta_params: 0.25
[INFO 20:31] rmse : 0.48678985238075256
[INFO 20:31] valid_rmse : 1.1872923374176025
[INFO 20:31] valid_loss : 1.5809714794158936
[INFO 20:38] - meta_params: 0.25
[INFO 20:43] rmse : 0.4798468053340912
[INFO 20:43] valid_rmse : 1.1703580617904663
[INFO 20:43] valid_loss : 1.5423953533172607
[INFO 20:49] - meta_params: 0.125
[INFO 20:55] rmse : 0.4952015280723572
[INFO 20:55] valid_rmse : 1.2078086137771606
[INFO 20:55] valid_loss : 1.5883257389068604
[INFO 21:01] - meta_params: 0.125
[INFO 21:07] rmse : 0.473892480134964
[INFO 21:07] valid_rmse : 1.1558353900909424
[INFO 21:07] valid_loss : 1.5492525100708008
[INFO 21:13] - meta_params: 0.125
[INFO 21:19] rmse : 0.4793085753917694
[INFO 21:19] valid_rmse : 1.169045329093933
[INFO 21:19] valid_loss : 1.5488933324813843
[INFO 21:25] - meta_params: 0.0625
[INFO 21:31] rmse : 0.47606632113456726
[INFO 21:31] valid_rmse : 1.161137342453003
[INFO 21:31] valid_loss : 1.5699998140335083
[INFO 21:37] - meta_params: 0.0625
[INFO 21:42] rmse : 0.48092150688171387
[INFO 21:42] valid_rmse : 1.1729793548583984
[INFO 21:42] valid_loss : 1.5775753259658813
[INFO 21:49] - meta_params: 0.0625
[INFO 21:54] rmse : 0.4862593114376068
[INFO 21:54] valid_rmse : 1.1859983205795288
[INFO 21:54] valid_loss : 1.5364391803741455
[INFO 22:00] - meta_params: 0.0625
[INFO 22:06] rmse : 0.4656502306461334
[INFO 22:06] valid_rmse : 1.1357322931289673
[INFO 22:06] valid_loss : 1.5490590333938599
[INFO 22:12] - meta_params: 0.0625
[INFO 22:18] rmse : 0.48731985688209534
[INFO 22:18] valid_rmse : 1.1885850429534912
[INFO 22:18] valid_loss : 1.5632023811340332
[INFO 22:24] - meta_params: 0.0625
[INFO 22:29] rmse : 0.4678623676300049
[INFO 22:29] valid_rmse : 1.1411277055740356
[INFO 22:29] valid_loss : 1.54354727268219
[INFO 22:35] - meta_params: 0.03125
[INFO 22:41] rmse : 0.47714951634407043
[INFO 22:41] valid_rmse : 1.163779377937317
[INFO 22:41] valid_loss : 1.5518105030059814
[INFO 22:47] - meta_params: 0.03125
[INFO 22:52] rmse : 0.477690190076828
[INFO 22:52] valid_rmse : 1.1650980710983276
[INFO 22:52] valid_loss : 1.5507423877716064
[INFO 22:58] - meta_params: 0.03125
[INFO 23:04] rmse : 0.47552379965782166
[INFO 23:04] valid_rmse : 1.1598141193389893
[INFO 23:04] valid_loss : 1.5664854049682617
[INFO 23:10] - meta_params: 0.015625
[INFO 23:15] rmse : 0.48092150688171387
[INFO 23:15] valid_rmse : 1.1729793548583984
[INFO 23:15] valid_loss : 1.5550607442855835
[INFO 23:21] - meta_params: 0.015625
[INFO 23:27] rmse : 0.48199379444122314
[INFO 23:27] valid_rmse : 1.175594687461853
[INFO 23:27] valid_loss : 1.5723638534545898
[INFO 23:32] - meta_params: 0.015625
[INFO 23:38] rmse : 0.473892480134964
[INFO 23:38] valid_rmse : 1.1558353900909424
[INFO 23:38] valid_loss : 1.5561679601669312
[INFO 23:44] - meta_params: 0.0078125
[INFO 23:49] rmse : 0.49363526701927185
[INFO 23:49] valid_rmse : 1.2039884328842163
[INFO 23:49] valid_loss : 1.581607699394226
[INFO 23:55] - meta_params: 0.0078125
[INFO 24:00] rmse : 0.47443687915802
[INFO 24:00] valid_rmse : 1.157163143157959
[INFO 24:00] valid_loss : 1.557073712348938
[INFO 24:06] - meta_params: 0.0078125
[INFO 24:11] rmse : 0.47552379965782166
[INFO 24:11] valid_rmse : 1.1598141193389893
[INFO 24:11] valid_loss : 1.549410104751587
[INFO 24:17] - meta_params: 0.00390625
[INFO 24:23] rmse : 0.47714951634407043
[INFO 24:23] valid_rmse : 1.163779377937317
[INFO 24:23] valid_loss : 1.5730373859405518
[INFO 24:29] - meta_params: 0.00390625
[INFO 24:34] rmse : 0.4803844690322876
[INFO 24:34] valid_rmse : 1.1716694831848145
[INFO 24:34] valid_loss : 1.5650219917297363
[INFO 24:39] - meta_params: 0.00390625
[INFO 24:45] rmse : 0.48519644141197205
[INFO 24:45] valid_rmse : 1.1834059953689575
[INFO 24:45] valid_loss : 1.5571948289871216
[INFO 24:51] - meta_params: 0.001953125
[INFO 24:56] rmse : 0.4883780777454376
[INFO 24:56] valid_rmse : 1.1911660432815552
[INFO 24:56] valid_loss : 1.5769942998886108
[INFO 25:02] - meta_params: 0.001953125
[INFO 25:07] rmse : 0.47443687915802
[INFO 25:07] valid_rmse : 1.157163143157959
[INFO 25:07] valid_loss : 1.5449652671813965
[INFO 25:13] - meta_params: 0.001953125
[INFO 25:18] rmse : 0.4728018045425415
[INFO 25:18] valid_rmse : 1.1531751155853271
[INFO 25:18] valid_loss : 1.553699016571045
[INFO 25:24] - meta_params: 0.0009765625
[INFO 25:29] rmse : 0.4749806225299835
[INFO 25:29] valid_rmse : 1.1584893465042114
[INFO 25:29] valid_loss : 1.585849642753601
[INFO 25:35] - meta_params: 0.0009765625
[INFO 25:40] rmse : 0.4798468053340912
[INFO 25:40] valid_rmse : 1.1703580617904663
[INFO 25:40] valid_loss : 1.5810414552688599
[INFO 25:46] - meta_params: 0.0009765625
[INFO 25:52] rmse : 0.4904877245426178
[INFO 25:52] valid_rmse : 1.196311593055725
[INFO 25:52] valid_loss : 1.5660723447799683
[INFO 25:52] -- END Training --
[INFO 25:52] ✅ Entraînement terminé en 714.64 secondes.
[INFO 25:52] train on cuda
[WARNING 26:01] Computing RM on meta and QUERY set
[INFO 26:04] RM: -0.02221084078323508
[WARNING 26:07] Computing RM on meta and QUERY set
[INFO 26:07] RM: -0.01582184447116771
[WARNING 26:10] Computing RM on meta and QUERY set
[INFO 26:10] RM: -0.00961452043090583
[WARNING 26:12] Computing RM on meta and QUERY set
[INFO 26:12] RM: -0.003314957358892033
[WARNING 26:15] Computing RM on meta and QUERY set
[INFO 26:15] RM: 0.008901413165665752
[WARNING 26:18] Computing RM on meta and QUERY set
[INFO 26:18] RM: 0.019153575905024076
[WARNING 26:21] Computing RM on meta and QUERY set
[INFO 26:21] RM: 0.029216819255315298
[WARNING 26:23] Computing RM on meta and QUERY set
[INFO 26:23] RM: 0.03872865457526424
[WARNING 26:26] Computing RM on meta and QUERY set
[INFO 26:26] RM: 0.05167281637348552
[WARNING 26:29] Computing RM on meta and QUERY set
[INFO 26:29] RM: 0.06465739951545406
[WARNING 26:32] Computing RM on meta and QUERY set
[INFO 26:32] RM: 0.07675810882632093
[WARNING 26:35] Computing RM on meta and QUERY set
[INFO 26:35] RM: 0.08751371323332266
[WARNING 26:37] Computing RM on meta and QUERY set
[INFO 26:37] RM: 0.10262159558878756
[WARNING 26:40] Computing RM on meta and QUERY set
[INFO 26:40] RM: 0.11367410989303127
[WARNING 26:43] Computing RM on meta and QUERY set
[INFO 26:43] RM: 0.12460639119492684
[WARNING 26:46] Computing RM on meta and QUERY set
[INFO 26:46] RM: 0.13487091550668887
[INFO 26:46] Fold 2; pareto_index: 5.055156060231798; results: ({0: {'mi_acc': 0.6420722007751465, 'rmse': 0.5982706546783447, 'mae': 0.35792776942253113, 'mi_prec': 0.795190691947937, 'mi_rec': 0.6869627237319946, 'mi_f_b': 0.7371252775192261, 'mi_auc': 0.6036755501154478, 'ma_prec': 0.5876662731170654, 'ma_rec': 0.6036755442619324, 'ma_f_b': 0.5882347822189331}, 1: {'mi_acc': 0.6425954699516296, 'rmse': 0.5978331565856934, 'mae': 0.357404500246048, 'mi_prec': 0.7927031517028809, 'mi_rec': 0.6882649660110474, 'mi_f_b': 0.7368015646934509, 'mi_auc': 0.6046688678698807, 'ma_prec': 0.5892593860626221, 'ma_rec': 0.6046688556671143, 'ma_f_b': 0.590079665184021}, 2: {'mi_acc': 0.6410256624221802, 'rmse': 0.599144697189331, 'mae': 0.3589743673801422, 'mi_prec': 0.7910447716712952, 'mi_rec': 0.6873198747634888, 'mi_f_b': 0.7355435490608215, 'mi_auc': 0.6027421603363438, 'ma_prec': 0.5877209901809692, 'ma_rec': 0.6027421951293945, 'ma_f_b': 0.5884557962417603}, 3: {'mi_acc': 0.6373626589775085, 'rmse': 0.6021937727928162, 'mae': 0.36263737082481384, 'mi_prec': 0.7868988513946533, 'mi_rec': 0.6851985454559326, 'mi_f_b': 0.732535719871521, 'mi_auc': 0.5983027000315713, 'ma_prec': 0.584229588508606, 'ma_rec': 0.5983027219772339, 'ma_f_b': 0.5847893953323364}, 4: {'mi_acc': 0.6347461938858032, 'rmse': 0.6043623089790344, 'mae': 0.3652537763118744, 'mi_prec': 0.7844112515449524, 'mi_rec': 0.6835260391235352, 'mi_f_b': 0.7305020093917847, 'mi_auc': 0.5950836888923012, 'ma_prec': 0.5815673470497131, 'ma_rec': 0.5950837135314941, 'ma_f_b': 0.5819718241691589}, 5: {'mi_acc': 0.6384091973304749, 'rmse': 0.601324200630188, 'mae': 0.36159077286720276, 'mi_prec': 0.7868988513946533, 'mi_rec': 0.6861894726753235, 'mi_f_b': 0.7331016063690186, 'mi_auc': 0.5997235094984552, 'ma_prec': 0.5856480002403259, 'ma_rec': 0.5997235178947449, 'ma_f_b': 0.5863399505615234}, 6: {'mi_acc': 0.6405023336410522, 'rmse': 0.599581241607666, 'mae': 0.35949763655662537, 'mi_prec': 0.7852404713630676, 'mi_rec': 0.6887272596359253, 'mi_f_b': 0.7338240742683411, 'mi_auc': 0.6027591587516962, 'ma_prec': 0.5890741348266602, 'ma_rec': 0.6027591228485107, 'ma_f_b': 0.5901191234588623}, 7: {'mi_acc': 0.6431187987327576, 'rmse': 0.5973953604698181, 'mae': 0.35688120126724243, 'mi_prec': 0.7860696315765381, 'mi_rec': 0.6909620761871338, 'mi_f_b': 0.7354537844657898, 'mi_auc': 0.6061489530877286, 'ma_prec': 0.5923255681991577, 'ma_rec': 0.6061489582061768, 'ma_f_b': 0.5936111211776733}, 8: {'mi_acc': 0.645211935043335, 'rmse': 0.5956408977508545, 'mae': 0.35478806495666504, 'mi_prec': 0.7852404713630676, 'mi_rec': 0.6932650208473206, 'mi_f_b': 0.7363919615745544, 'mi_auc': 0.6090178247612394, 'ma_prec': 0.595457136631012, 'ma_rec': 0.6090178489685059, 'ma_f_b': 0.596996009349823}, 9: {'mi_acc': 0.645211935043335, 'rmse': 0.5956408977508545, 'mae': 0.35478806495666504, 'mi_prec': 0.7852404713630676, 'mi_rec': 0.6932650208473206, 'mi_f_b': 0.7363919615745544, 'mi_auc': 0.6090178247612394, 'ma_prec': 0.595457136631012, 'ma_rec': 0.6090178489685059, 'ma_f_b': 0.596996009349823}, 10: {'mi_acc': 0.6473050713539124, 'rmse': 0.5938812494277954, 'mae': 0.35269492864608765, 'mi_prec': 0.7868988513946533, 'mi_rec': 0.6947291493415833, 'mi_f_b': 0.7379471659660339, 'mi_auc': 0.6115847515682298, 'ma_prec': 0.5977047681808472, 'ma_rec': 0.6115847826004028, 'ma_f_b': 0.5993735790252686}, 11: {'mi_acc': 0.6462584733963013, 'rmse': 0.5947617292404175, 'mae': 0.35374149680137634, 'mi_prec': 0.7852404713630676, 'mi_rec': 0.6942815184593201, 'mi_f_b': 0.7369649410247803, 'mi_auc': 0.6103948758088642, 'ma_prec': 0.5968755483627319, 'ma_rec': 0.6103948354721069, 'ma_f_b': 0.5985144376754761}, 12: {'mi_acc': 0.6499214768409729, 'rmse': 0.5916743278503418, 'mae': 0.3500784933567047, 'mi_prec': 0.7852404713630676, 'mi_rec': 0.6978629231452942, 'mi_f_b': 0.7389777302742004, 'mi_auc': 0.6151769538347758, 'ma_prec': 0.601840078830719, 'ma_rec': 0.6151769161224365, 'ma_f_b': 0.6038017868995667}, 13: {'mi_acc': 0.6562009453773499, 'rmse': 0.5863438248634338, 'mae': 0.34379905462265015, 'mi_prec': 0.7918739914894104, 'mi_rec': 0.7016899585723877, 'mi_f_b': 0.7440593242645264, 'mi_auc': 0.6226631487542583, 'ma_prec': 0.6079937219619751, 'ma_rec': 0.622663140296936, 'ma_f_b': 0.6102766990661621}, 14: {'mi_acc': 0.6562009453773499, 'rmse': 0.5863438248634338, 'mae': 0.34379905462265015, 'mi_prec': 0.7868988513946533, 'mi_rec': 0.703484058380127, 'mi_f_b': 0.7428571581840515, 'mi_auc': 0.6230943443014332, 'ma_prec': 0.6097614765167236, 'ma_rec': 0.6230943202972412, 'ma_f_b': 0.6121547222137451}, 15: {'mi_acc': 0.6556776762008667, 'rmse': 0.5867898464202881, 'mae': 0.3443223536014557, 'mi_prec': 0.7835820913314819, 'mi_rec': 0.7041728496551514, 'mi_f_b': 0.7417582273483276, 'mi_auc': 0.6227367017723986, 'ma_prec': 0.6102307438850403, 'ma_rec': 0.6227366924285889, 'ma_f_b': 0.6126373410224915}}, {0: {'meta_doa': np.float64(0.47320981012572727), 'pc-er': -0.03662109375, 'rm': -0.02221084078323508}, 1: {'meta_doa': np.float64(0.47484046442889744), 'pc-er': -0.025177001953125, 'rm': -0.01582184447116771}, 2: {'meta_doa': np.float64(0.47593322064646143), 'pc-er': -0.0159454345703125, 'rm': -0.00961452043090583}, 3: {'meta_doa': np.float64(0.47769101194735364), 'pc-er': -0.04925537109375, 'rm': -0.003314957358892033}, 4: {'meta_doa': np.float64(0.48073972950545585), 'pc-er': -0.042205810546875, 'rm': 0.008901413165665752}, 5: {'meta_doa': np.float64(0.4842624554901132), 'pc-er': -0.0295867919921875, 'rm': 0.019153575905024076}, 6: {'meta_doa': np.float64(0.4867038132438064), 'pc-er': -0.01922607421875, 'rm': 0.029216819255315298}, 7: {'meta_doa': np.float64(0.4887784533209094), 'pc-er': -0.00951385498046875, 'rm': 0.03872865457526424}, 8: {'meta_doa': np.float64(0.49125902971466584), 'pc-er': 0.041046142578125, 'rm': 0.05167281637348552}, 9: {'meta_doa': np.float64(0.4939543724626826), 'pc-er': 0.057525634765625, 'rm': 0.06465739951545406}, 10: {'meta_doa': np.float64(0.49593668909473654), 'pc-er': 0.073486328125, 'rm': 0.07675810882632093}, 11: {'meta_doa': np.float64(0.4980226699007525), 'pc-er': 0.08563232421875, 'rm': 0.08751371323332266}, 12: {'meta_doa': np.float64(0.49963478528858846), 'pc-er': 0.10107421875, 'rm': 0.10262159558878756}, 13: {'meta_doa': np.float64(0.5021309662579111), 'pc-er': 0.11529541015625, 'rm': 0.11367410989303127}, 14: {'meta_doa': np.float64(0.5044818375209451), 'pc-er': 0.125244140625, 'rm': 0.12460639119492684}, 15: {'meta_doa': np.float64(0.5070347751495013), 'pc-er': 0.133544921875, 'rm': 0.13487091550668887}})
