PID 1873284 sees CUDA_VISIBLE_DEVICES = 0
→ torch.device is 0 Tesla V100-SXM2-16GB
[INFO 50:11] Using device: cuda
[INFO 50:11] #### config : {'seed': 0, 'dataset_name': 'algebra', 'load_params': True, 'save_params': False, 'embs_path': '../embs/', 'params_path': '../ckpt/', 'early_stopping': True, 'esc': 'error', 'verbose_early_stopping': False, 'disable_tqdm': False, 'valid_metric': 'rmse', 'learning_rate': 0.001, 'batch_size': 512, 'valid_batch_size': 10000, 'num_epochs': 100, 'eval_freq': 1, 'patience': 20, 'device': device(type='cuda'), 'lambda': 2.67605964593852e-06, 'tensorboard': False, 'flush_freq': True, 'pred_metrics': ['mi_acc', 'rmse', 'mae', 'mi_prec', 'mi_rec', 'mi_f_b', 'mi_auc', 'ma_prec', 'ma_rec', 'ma_f_b'], 'profile_metrics': ['meta_doa', 'pc-er', 'rm'], 'num_responses': 12, 'low_mem': False, 'n_query': 25, 'CDM': 'impact', 'i_fold': 1, 'num_inner_users_epochs': 9, 'num_inner_epochs': 10, 'inner_lr': 0.0001, 'inner_user_lr': 0.009, 'meta_lr': 0.05, 'meta_trainer': 'Adam', 'num_workers': 0, 'pin_memory': False, 'debug': False} ####
[INFO 50:38] Random_cont_model
[INFO 50:39] compiling CDM model
[INFO 50:44] compiling selection model
[INFO 50:44] ⏳ Début de l'entraînement...
[INFO 50:44] ✅ Entraînement terminé en 0.00 secondes.
[INFO 50:44] train on cuda
Meta_loss tensor(0.7179, device='cuda:0', grad_fn=<DotBackward0>)
Meta_loss tensor(0.7170, device='cuda:0', grad_fn=<DotBackward0>)
Meta_loss tensor(0.7162, device='cuda:0', grad_fn=<DotBackward0>)
Meta_loss tensor(0.7156, device='cuda:0', grad_fn=<DotBackward0>)
Meta_loss tensor(0.7151, device='cuda:0', grad_fn=<DotBackward0>)
Meta_loss tensor(0.7146, device='cuda:0', grad_fn=<DotBackward0>)
Meta_loss tensor(0.7141, device='cuda:0', grad_fn=<DotBackward0>)
Meta_loss tensor(0.7138, device='cuda:0', grad_fn=<DotBackward0>)
Meta_loss tensor(0.7134, device='cuda:0', grad_fn=<DotBackward0>)
Meta_loss tensor(0.7131, device='cuda:0', grad_fn=<DotBackward0>)
Meta_loss tensor(0.7129, device='cuda:0', grad_fn=<DotBackward0>)
Meta_loss tensor(0.7127, device='cuda:0', grad_fn=<DotBackward0>)
Meta_loss tensor(0.7125, device='cuda:0', grad_fn=<DotBackward0>)
Meta_loss tensor(0.7123, device='cuda:0', grad_fn=<DotBackward0>)
Meta_loss tensor(0.7122, device='cuda:0', grad_fn=<DotBackward0>)
Meta_loss tensor(0.7121, device='cuda:0', grad_fn=<DotBackward0>)
Meta_loss tensor(0.7121, device='cuda:0', grad_fn=<DotBackward0>)
Meta_loss tensor(0.7121, device='cuda:0', grad_fn=<DotBackward0>)
Meta_loss tensor(0.7121, device='cuda:0', grad_fn=<DotBackward0>)
Meta_loss tensor(0.7121, device='cuda:0', grad_fn=<DotBackward0>)
Meta_loss tensor(0.7123, device='cuda:0', grad_fn=<DotBackward0>)
Meta_loss tensor(0.7125, device='cuda:0', grad_fn=<DotBackward0>)
Meta_loss tensor(0.7127, device='cuda:0', grad_fn=<DotBackward0>)
Meta_loss tensor(0.7130, device='cuda:0', grad_fn=<DotBackward0>)
Meta_loss tensor(0.7134, device='cuda:0', grad_fn=<DotBackward0>)
Meta_loss tensor(0.7137, device='cuda:0', grad_fn=<DotBackward0>)
Meta_loss tensor(0.7141, device='cuda:0', grad_fn=<DotBackward0>)
Meta_loss tensor(0.7146, device='cuda:0', grad_fn=<DotBackward0>)
Meta_loss tensor(0.7151, device='cuda:0', grad_fn=<DotBackward0>)
---------- best_epoch : 17 ;   
[WARNING 50:56] Computing RM on meta and QUERY set
[INFO 50:58] RM: 0.18292868013542576
[INFO 50:58] Fold 1; results: ({'mi_acc': 0.7831867933273315, 'rmse': 0.46563205122947693, 'mae': 0.21681320667266846, 'mi_prec': 0.9119033813476562, 'mi_rec': 0.8129761219024658, 'mi_f_b': 0.8596028089523315, 'mi_auc': 0.7318385156217396, 'ma_prec': 0.6754158139228821, 'ma_rec': 0.7318385243415833, 'ma_f_b': 0.6919190883636475}, {'meta_doa': np.float64(0.5312005766608894), 'pc-er': 0.1466064453125, 'rm': 0.18292868013542576})
