PID 4065424 sees CUDA_VISIBLE_DEVICES = 0
→ torch.device is 0 Tesla V100-SXM2-16GB
[INFO 35:49] Using device: cuda
[INFO 35:49] #### config : {'seed': 0, 'dataset_name': 'math2', 'load_params': True, 'save_params': False, 'embs_path': '../embs/', 'params_path': '../ckpt/', 'early_stopping': True, 'esc': 'error', 'verbose_early_stopping': False, 'disable_tqdm': False, 'valid_metric': 'rmse', 'learning_rate': 0.001, 'batch_size': 512, 'valid_batch_size': 10000, 'num_epochs': 100, 'eval_freq': 1, 'patience': 20, 'device': device(type='cuda'), 'lambda': 2.67605964593852e-06, 'tensorboard': False, 'flush_freq': True, 'pred_metrics': ['mi_acc', 'rmse', 'mae', 'mi_prec', 'mi_rec', 'mi_f_b', 'mi_auc', 'ma_prec', 'ma_rec', 'ma_f_b'], 'profile_metrics': ['meta_doa', 'pc-er', 'rm'], 'num_responses': 12, 'low_mem': False, 'n_query': 16, 'CDM': 'ncdm', 'i_fold': 1, 'num_inner_users_epochs': 9, 'num_inner_epochs': 10, 'inner_lr': 0.0001, 'inner_user_lr': 0.001, 'meta_lr': 0.05, 'meta_trainer': 'Adam', 'num_workers': 0, 'pin_memory': False, 'debug': False} ####
[INFO 36:01] Random_cont_model
../ckpt/math2_NCDM_fold_1_seed_0
[INFO 36:01] compiling selection model
[INFO 36:06] ⏳ Début de l'entraînement...
[INFO 36:06] ✅ Entraînement terminé en 0.00 secondes.
[INFO 36:06] train on cuda
Meta_loss tensor(1.0111, device='cuda:0', grad_fn=<BinaryCrossEntropyBackward0>)
Meta_loss tensor(1.0095, device='cuda:0', grad_fn=<BinaryCrossEntropyBackward0>)
Meta_loss tensor(1.0079, device='cuda:0', grad_fn=<BinaryCrossEntropyBackward0>)
Meta_loss tensor(1.0065, device='cuda:0', grad_fn=<BinaryCrossEntropyBackward0>)
Meta_loss tensor(1.0048, device='cuda:0', grad_fn=<BinaryCrossEntropyBackward0>)
Meta_loss tensor(1.0035, device='cuda:0', grad_fn=<BinaryCrossEntropyBackward0>)
Meta_loss tensor(1.0024, device='cuda:0', grad_fn=<BinaryCrossEntropyBackward0>)
Meta_loss tensor(1.0009, device='cuda:0', grad_fn=<BinaryCrossEntropyBackward0>)
Meta_loss tensor(0.9996, device='cuda:0', grad_fn=<BinaryCrossEntropyBackward0>)
Meta_loss tensor(0.9984, device='cuda:0', grad_fn=<BinaryCrossEntropyBackward0>)
Meta_loss tensor(0.9970, device='cuda:0', grad_fn=<BinaryCrossEntropyBackward0>)
Meta_loss tensor(0.9958, device='cuda:0', grad_fn=<BinaryCrossEntropyBackward0>)
Meta_loss tensor(0.9942, device='cuda:0', grad_fn=<BinaryCrossEntropyBackward0>)
Meta_loss tensor(0.9928, device='cuda:0', grad_fn=<BinaryCrossEntropyBackward0>)
Meta_loss tensor(0.9915, device='cuda:0', grad_fn=<BinaryCrossEntropyBackward0>)
Meta_loss tensor(0.9904, device='cuda:0', grad_fn=<BinaryCrossEntropyBackward0>)
Meta_loss tensor(0.9894, device='cuda:0', grad_fn=<BinaryCrossEntropyBackward0>)
Meta_loss tensor(0.9882, device='cuda:0', grad_fn=<BinaryCrossEntropyBackward0>)
Meta_loss tensor(0.9870, device='cuda:0', grad_fn=<BinaryCrossEntropyBackward0>)
Meta_loss tensor(0.9857, device='cuda:0', grad_fn=<BinaryCrossEntropyBackward0>)
Meta_loss tensor(0.9844, device='cuda:0', grad_fn=<BinaryCrossEntropyBackward0>)
Meta_loss tensor(0.9833, device='cuda:0', grad_fn=<BinaryCrossEntropyBackward0>)
Meta_loss tensor(0.9824, device='cuda:0', grad_fn=<BinaryCrossEntropyBackward0>)
Meta_loss tensor(0.9813, device='cuda:0', grad_fn=<BinaryCrossEntropyBackward0>)
Meta_loss tensor(0.9804, device='cuda:0', grad_fn=<BinaryCrossEntropyBackward0>)
Meta_loss tensor(0.9794, device='cuda:0', grad_fn=<BinaryCrossEntropyBackward0>)
Meta_loss tensor(0.9785, device='cuda:0', grad_fn=<BinaryCrossEntropyBackward0>)
Meta_loss tensor(0.9776, device='cuda:0', grad_fn=<BinaryCrossEntropyBackward0>)
Meta_loss tensor(0.9769, device='cuda:0', grad_fn=<BinaryCrossEntropyBackward0>)
Meta_loss tensor(0.9760, device='cuda:0', grad_fn=<BinaryCrossEntropyBackward0>)
Meta_loss tensor(0.9750, device='cuda:0', grad_fn=<BinaryCrossEntropyBackward0>)
Meta_loss tensor(0.9739, device='cuda:0', grad_fn=<BinaryCrossEntropyBackward0>)
Meta_loss tensor(0.9729, device='cuda:0', grad_fn=<BinaryCrossEntropyBackward0>)
Meta_loss tensor(0.9718, device='cuda:0', grad_fn=<BinaryCrossEntropyBackward0>)
Meta_loss tensor(0.9707, device='cuda:0', grad_fn=<BinaryCrossEntropyBackward0>)
Meta_loss tensor(0.9697, device='cuda:0', grad_fn=<BinaryCrossEntropyBackward0>)
Meta_loss tensor(0.9689, device='cuda:0', grad_fn=<BinaryCrossEntropyBackward0>)
Meta_loss tensor(0.9680, device='cuda:0', grad_fn=<BinaryCrossEntropyBackward0>)
Meta_loss tensor(0.9671, device='cuda:0', grad_fn=<BinaryCrossEntropyBackward0>)
Meta_loss tensor(0.9664, device='cuda:0', grad_fn=<BinaryCrossEntropyBackward0>)
Meta_loss tensor(0.9657, device='cuda:0', grad_fn=<BinaryCrossEntropyBackward0>)
Meta_loss tensor(0.9649, device='cuda:0', grad_fn=<BinaryCrossEntropyBackward0>)
Meta_loss tensor(0.9642, device='cuda:0', grad_fn=<BinaryCrossEntropyBackward0>)
Meta_loss tensor(0.9634, device='cuda:0', grad_fn=<BinaryCrossEntropyBackward0>)
Meta_loss tensor(0.9628, device='cuda:0', grad_fn=<BinaryCrossEntropyBackward0>)
Meta_loss tensor(0.9620, device='cuda:0', grad_fn=<BinaryCrossEntropyBackward0>)
Meta_loss tensor(0.9614, device='cuda:0', grad_fn=<BinaryCrossEntropyBackward0>)
Meta_loss tensor(0.9607, device='cuda:0', grad_fn=<BinaryCrossEntropyBackward0>)
Meta_loss tensor(0.9599, device='cuda:0', grad_fn=<BinaryCrossEntropyBackward0>)
Meta_loss tensor(0.9592, device='cuda:0', grad_fn=<BinaryCrossEntropyBackward0>)
Meta_loss tensor(0.9585, device='cuda:0', grad_fn=<BinaryCrossEntropyBackward0>)
Meta_loss tensor(0.9578, device='cuda:0', grad_fn=<BinaryCrossEntropyBackward0>)
Meta_loss tensor(0.9572, device='cuda:0', grad_fn=<BinaryCrossEntropyBackward0>)
Meta_loss tensor(0.9567, device='cuda:0', grad_fn=<BinaryCrossEntropyBackward0>)
Meta_loss tensor(0.9560, device='cuda:0', grad_fn=<BinaryCrossEntropyBackward0>)
Meta_loss tensor(0.9555, device='cuda:0', grad_fn=<BinaryCrossEntropyBackward0>)
Meta_loss tensor(0.9549, device='cuda:0', grad_fn=<BinaryCrossEntropyBackward0>)
Meta_loss tensor(0.9542, device='cuda:0', grad_fn=<BinaryCrossEntropyBackward0>)
Meta_loss tensor(0.9539, device='cuda:0', grad_fn=<BinaryCrossEntropyBackward0>)
Meta_loss tensor(0.9533, device='cuda:0', grad_fn=<BinaryCrossEntropyBackward0>)
Meta_loss tensor(0.9529, device='cuda:0', grad_fn=<BinaryCrossEntropyBackward0>)
Meta_loss tensor(0.9524, device='cuda:0', grad_fn=<BinaryCrossEntropyBackward0>)
Meta_loss tensor(0.9516, device='cuda:0', grad_fn=<BinaryCrossEntropyBackward0>)
Meta_loss tensor(0.9512, device='cuda:0', grad_fn=<BinaryCrossEntropyBackward0>)
Meta_loss tensor(0.9506, device='cuda:0', grad_fn=<BinaryCrossEntropyBackward0>)
Meta_loss tensor(0.9500, device='cuda:0', grad_fn=<BinaryCrossEntropyBackward0>)
Meta_loss tensor(0.9495, device='cuda:0', grad_fn=<BinaryCrossEntropyBackward0>)
Meta_loss tensor(0.9488, device='cuda:0', grad_fn=<BinaryCrossEntropyBackward0>)
Meta_loss tensor(0.9483, device='cuda:0', grad_fn=<BinaryCrossEntropyBackward0>)
Meta_loss tensor(0.9479, device='cuda:0', grad_fn=<BinaryCrossEntropyBackward0>)
Meta_loss tensor(0.9472, device='cuda:0', grad_fn=<BinaryCrossEntropyBackward0>)
Meta_loss tensor(0.9465, device='cuda:0', grad_fn=<BinaryCrossEntropyBackward0>)
Meta_loss tensor(0.9460, device='cuda:0', grad_fn=<BinaryCrossEntropyBackward0>)
Meta_loss tensor(0.9454, device='cuda:0', grad_fn=<BinaryCrossEntropyBackward0>)
Meta_loss tensor(0.9447, device='cuda:0', grad_fn=<BinaryCrossEntropyBackward0>)
Meta_loss tensor(0.9439, device='cuda:0', grad_fn=<BinaryCrossEntropyBackward0>)
Meta_loss tensor(0.9434, device='cuda:0', grad_fn=<BinaryCrossEntropyBackward0>)
Meta_loss tensor(0.9429, device='cuda:0', grad_fn=<BinaryCrossEntropyBackward0>)
Meta_loss tensor(0.9423, device='cuda:0', grad_fn=<BinaryCrossEntropyBackward0>)
Meta_loss tensor(0.9418, device='cuda:0', grad_fn=<BinaryCrossEntropyBackward0>)
Meta_loss tensor(0.9414, device='cuda:0', grad_fn=<BinaryCrossEntropyBackward0>)
Meta_loss tensor(0.9408, device='cuda:0', grad_fn=<BinaryCrossEntropyBackward0>)
Meta_loss tensor(0.9403, device='cuda:0', grad_fn=<BinaryCrossEntropyBackward0>)
Meta_loss tensor(0.9399, device='cuda:0', grad_fn=<BinaryCrossEntropyBackward0>)
Meta_loss tensor(0.9394, device='cuda:0', grad_fn=<BinaryCrossEntropyBackward0>)
Meta_loss tensor(0.9391, device='cuda:0', grad_fn=<BinaryCrossEntropyBackward0>)
Meta_loss tensor(0.9386, device='cuda:0', grad_fn=<BinaryCrossEntropyBackward0>)
Meta_loss tensor(0.9383, device='cuda:0', grad_fn=<BinaryCrossEntropyBackward0>)
Meta_loss tensor(0.9378, device='cuda:0', grad_fn=<BinaryCrossEntropyBackward0>)
Meta_loss tensor(0.9374, device='cuda:0', grad_fn=<BinaryCrossEntropyBackward0>)
Meta_loss tensor(0.9371, device='cuda:0', grad_fn=<BinaryCrossEntropyBackward0>)
Meta_loss tensor(0.9369, device='cuda:0', grad_fn=<BinaryCrossEntropyBackward0>)
Meta_loss tensor(0.9366, device='cuda:0', grad_fn=<BinaryCrossEntropyBackward0>)
Meta_loss tensor(0.9365, device='cuda:0', grad_fn=<BinaryCrossEntropyBackward0>)
Meta_loss tensor(0.9361, device='cuda:0', grad_fn=<BinaryCrossEntropyBackward0>)
Meta_loss tensor(0.9360, device='cuda:0', grad_fn=<BinaryCrossEntropyBackward0>)
Meta_loss tensor(0.9358, device='cuda:0', grad_fn=<BinaryCrossEntropyBackward0>)
Meta_loss tensor(0.9357, device='cuda:0', grad_fn=<BinaryCrossEntropyBackward0>)
Meta_loss tensor(0.9354, device='cuda:0', grad_fn=<BinaryCrossEntropyBackward0>)
Meta_loss tensor(0.9352, device='cuda:0', grad_fn=<BinaryCrossEntropyBackward0>)
Meta_loss tensor(0.9351, device='cuda:0', grad_fn=<BinaryCrossEntropyBackward0>)
Meta_loss tensor(0.9349, device='cuda:0', grad_fn=<BinaryCrossEntropyBackward0>)
Meta_loss tensor(0.9346, device='cuda:0', grad_fn=<BinaryCrossEntropyBackward0>)
Meta_loss tensor(0.9344, device='cuda:0', grad_fn=<BinaryCrossEntropyBackward0>)
Meta_loss tensor(0.9342, device='cuda:0', grad_fn=<BinaryCrossEntropyBackward0>)
Meta_loss tensor(0.9338, device='cuda:0', grad_fn=<BinaryCrossEntropyBackward0>)
Meta_loss tensor(0.9334, device='cuda:0', grad_fn=<BinaryCrossEntropyBackward0>)
Meta_loss tensor(0.9330, device='cuda:0', grad_fn=<BinaryCrossEntropyBackward0>)
Meta_loss tensor(0.9328, device='cuda:0', grad_fn=<BinaryCrossEntropyBackward0>)
Meta_loss tensor(0.9324, device='cuda:0', grad_fn=<BinaryCrossEntropyBackward0>)
Meta_loss tensor(0.9319, device='cuda:0', grad_fn=<BinaryCrossEntropyBackward0>)
Meta_loss tensor(0.9315, device='cuda:0', grad_fn=<BinaryCrossEntropyBackward0>)
Meta_loss tensor(0.9312, device='cuda:0', grad_fn=<BinaryCrossEntropyBackward0>)
Meta_loss tensor(0.9306, device='cuda:0', grad_fn=<BinaryCrossEntropyBackward0>)
Meta_loss tensor(0.9302, device='cuda:0', grad_fn=<BinaryCrossEntropyBackward0>)
Meta_loss tensor(0.9298, device='cuda:0', grad_fn=<BinaryCrossEntropyBackward0>)
Meta_loss tensor(0.9293, device='cuda:0', grad_fn=<BinaryCrossEntropyBackward0>)
Meta_loss tensor(0.9290, device='cuda:0', grad_fn=<BinaryCrossEntropyBackward0>)
Meta_loss tensor(0.9285, device='cuda:0', grad_fn=<BinaryCrossEntropyBackward0>)
Meta_loss tensor(0.9281, device='cuda:0', grad_fn=<BinaryCrossEntropyBackward0>)
Meta_loss tensor(0.9277, device='cuda:0', grad_fn=<BinaryCrossEntropyBackward0>)
Meta_loss tensor(0.9275, device='cuda:0', grad_fn=<BinaryCrossEntropyBackward0>)
Meta_loss tensor(0.9271, device='cuda:0', grad_fn=<BinaryCrossEntropyBackward0>)
Meta_loss tensor(0.9267, device='cuda:0', grad_fn=<BinaryCrossEntropyBackward0>)
Meta_loss tensor(0.9263, device='cuda:0', grad_fn=<BinaryCrossEntropyBackward0>)
Meta_loss tensor(0.9258, device='cuda:0', grad_fn=<BinaryCrossEntropyBackward0>)
Meta_loss tensor(0.9257, device='cuda:0', grad_fn=<BinaryCrossEntropyBackward0>)
Meta_loss tensor(0.9254, device='cuda:0', grad_fn=<BinaryCrossEntropyBackward0>)
Meta_loss tensor(0.9250, device='cuda:0', grad_fn=<BinaryCrossEntropyBackward0>)
Meta_loss tensor(0.9246, device='cuda:0', grad_fn=<BinaryCrossEntropyBackward0>)
Meta_loss tensor(0.9244, device='cuda:0', grad_fn=<BinaryCrossEntropyBackward0>)
Meta_loss tensor(0.9242, device='cuda:0', grad_fn=<BinaryCrossEntropyBackward0>)
Meta_loss tensor(0.9241, device='cuda:0', grad_fn=<BinaryCrossEntropyBackward0>)
Meta_loss tensor(0.9238, device='cuda:0', grad_fn=<BinaryCrossEntropyBackward0>)
Meta_loss tensor(0.9235, device='cuda:0', grad_fn=<BinaryCrossEntropyBackward0>)
Meta_loss tensor(0.9232, device='cuda:0', grad_fn=<BinaryCrossEntropyBackward0>)
Meta_loss tensor(0.9228, device='cuda:0', grad_fn=<BinaryCrossEntropyBackward0>)
Meta_loss tensor(0.9224, device='cuda:0', grad_fn=<BinaryCrossEntropyBackward0>)
Meta_loss tensor(0.9221, device='cuda:0', grad_fn=<BinaryCrossEntropyBackward0>)
Meta_loss tensor(0.9218, device='cuda:0', grad_fn=<BinaryCrossEntropyBackward0>)
Meta_loss tensor(0.9216, device='cuda:0', grad_fn=<BinaryCrossEntropyBackward0>)
Meta_loss tensor(0.9214, device='cuda:0', grad_fn=<BinaryCrossEntropyBackward0>)
Meta_loss tensor(0.9212, device='cuda:0', grad_fn=<BinaryCrossEntropyBackward0>)
Meta_loss tensor(0.9210, device='cuda:0', grad_fn=<BinaryCrossEntropyBackward0>)
Meta_loss tensor(0.9207, device='cuda:0', grad_fn=<BinaryCrossEntropyBackward0>)
Meta_loss tensor(0.9202, device='cuda:0', grad_fn=<BinaryCrossEntropyBackward0>)
Meta_loss tensor(0.9199, device='cuda:0', grad_fn=<BinaryCrossEntropyBackward0>)
Meta_loss tensor(0.9196, device='cuda:0', grad_fn=<BinaryCrossEntropyBackward0>)
Meta_loss tensor(0.9192, device='cuda:0', grad_fn=<BinaryCrossEntropyBackward0>)
Meta_loss tensor(0.9191, device='cuda:0', grad_fn=<BinaryCrossEntropyBackward0>)
Meta_loss tensor(0.9189, device='cuda:0', grad_fn=<BinaryCrossEntropyBackward0>)
Meta_loss tensor(0.9187, device='cuda:0', grad_fn=<BinaryCrossEntropyBackward0>)
Meta_loss tensor(0.9186, device='cuda:0', grad_fn=<BinaryCrossEntropyBackward0>)
Meta_loss tensor(0.9182, device='cuda:0', grad_fn=<BinaryCrossEntropyBackward0>)
Meta_loss tensor(0.9177, device='cuda:0', grad_fn=<BinaryCrossEntropyBackward0>)
Meta_loss tensor(0.9175, device='cuda:0', grad_fn=<BinaryCrossEntropyBackward0>)
Meta_loss tensor(0.9173, device='cuda:0', grad_fn=<BinaryCrossEntropyBackward0>)
Meta_loss tensor(0.9170, device='cuda:0', grad_fn=<BinaryCrossEntropyBackward0>)
Meta_loss tensor(0.9169, device='cuda:0', grad_fn=<BinaryCrossEntropyBackward0>)
Meta_loss tensor(0.9167, device='cuda:0', grad_fn=<BinaryCrossEntropyBackward0>)
Meta_loss tensor(0.9167, device='cuda:0', grad_fn=<BinaryCrossEntropyBackward0>)
Meta_loss tensor(0.9164, device='cuda:0', grad_fn=<BinaryCrossEntropyBackward0>)
Meta_loss tensor(0.9162, device='cuda:0', grad_fn=<BinaryCrossEntropyBackward0>)
Meta_loss tensor(0.9159, device='cuda:0', grad_fn=<BinaryCrossEntropyBackward0>)
Meta_loss tensor(0.9156, device='cuda:0', grad_fn=<BinaryCrossEntropyBackward0>)
Meta_loss tensor(0.9155, device='cuda:0', grad_fn=<BinaryCrossEntropyBackward0>)
Meta_loss tensor(0.9153, device='cuda:0', grad_fn=<BinaryCrossEntropyBackward0>)
Meta_loss tensor(0.9149, device='cuda:0', grad_fn=<BinaryCrossEntropyBackward0>)
Meta_loss tensor(0.9147, device='cuda:0', grad_fn=<BinaryCrossEntropyBackward0>)
Meta_loss tensor(0.9145, device='cuda:0', grad_fn=<BinaryCrossEntropyBackward0>)
Meta_loss tensor(0.9141, device='cuda:0', grad_fn=<BinaryCrossEntropyBackward0>)
Meta_loss tensor(0.9140, device='cuda:0', grad_fn=<BinaryCrossEntropyBackward0>)
Meta_loss tensor(0.9141, device='cuda:0', grad_fn=<BinaryCrossEntropyBackward0>)
Meta_loss tensor(0.9139, device='cuda:0', grad_fn=<BinaryCrossEntropyBackward0>)
Meta_loss tensor(0.9135, device='cuda:0', grad_fn=<BinaryCrossEntropyBackward0>)
Meta_loss tensor(0.9133, device='cuda:0', grad_fn=<BinaryCrossEntropyBackward0>)
Meta_loss tensor(0.9131, device='cuda:0', grad_fn=<BinaryCrossEntropyBackward0>)
Meta_loss tensor(0.9129, device='cuda:0', grad_fn=<BinaryCrossEntropyBackward0>)
Meta_loss tensor(0.9128, device='cuda:0', grad_fn=<BinaryCrossEntropyBackward0>)
Meta_loss tensor(0.9126, device='cuda:0', grad_fn=<BinaryCrossEntropyBackward0>)
Meta_loss tensor(0.9125, device='cuda:0', grad_fn=<BinaryCrossEntropyBackward0>)
Meta_loss tensor(0.9122, device='cuda:0', grad_fn=<BinaryCrossEntropyBackward0>)
Meta_loss tensor(0.9121, device='cuda:0', grad_fn=<BinaryCrossEntropyBackward0>)
Meta_loss tensor(0.9118, device='cuda:0', grad_fn=<BinaryCrossEntropyBackward0>)
Meta_loss tensor(0.9115, device='cuda:0', grad_fn=<BinaryCrossEntropyBackward0>)
Meta_loss tensor(0.9114, device='cuda:0', grad_fn=<BinaryCrossEntropyBackward0>)
Meta_loss tensor(0.9111, device='cuda:0', grad_fn=<BinaryCrossEntropyBackward0>)
Meta_loss tensor(0.9111, device='cuda:0', grad_fn=<BinaryCrossEntropyBackward0>)
Meta_loss tensor(0.9111, device='cuda:0', grad_fn=<BinaryCrossEntropyBackward0>)
Meta_loss tensor(0.9108, device='cuda:0', grad_fn=<BinaryCrossEntropyBackward0>)
Meta_loss tensor(0.9109, device='cuda:0', grad_fn=<BinaryCrossEntropyBackward0>)
Meta_loss tensor(0.9108, device='cuda:0', grad_fn=<BinaryCrossEntropyBackward0>)
Meta_loss tensor(0.9108, device='cuda:0', grad_fn=<BinaryCrossEntropyBackward0>)
Meta_loss tensor(0.9107, device='cuda:0', grad_fn=<BinaryCrossEntropyBackward0>)
Meta_loss tensor(0.9105, device='cuda:0', grad_fn=<BinaryCrossEntropyBackward0>)
Meta_loss tensor(0.9102, device='cuda:0', grad_fn=<BinaryCrossEntropyBackward0>)
Meta_loss tensor(0.9100, device='cuda:0', grad_fn=<BinaryCrossEntropyBackward0>)
Meta_loss tensor(0.9098, device='cuda:0', grad_fn=<BinaryCrossEntropyBackward0>)
Meta_loss tensor(0.9098, device='cuda:0', grad_fn=<BinaryCrossEntropyBackward0>)
Meta_loss tensor(0.9097, device='cuda:0', grad_fn=<BinaryCrossEntropyBackward0>)
Meta_loss tensor(0.9095, device='cuda:0', grad_fn=<BinaryCrossEntropyBackward0>)
Meta_loss tensor(0.9093, device='cuda:0', grad_fn=<BinaryCrossEntropyBackward0>)
Meta_loss tensor(0.9093, device='cuda:0', grad_fn=<BinaryCrossEntropyBackward0>)
Meta_loss tensor(0.9091, device='cuda:0', grad_fn=<BinaryCrossEntropyBackward0>)
Meta_loss tensor(0.9088, device='cuda:0', grad_fn=<BinaryCrossEntropyBackward0>)
Meta_loss tensor(0.9090, device='cuda:0', grad_fn=<BinaryCrossEntropyBackward0>)
Meta_loss tensor(0.9090, device='cuda:0', grad_fn=<BinaryCrossEntropyBackward0>)
Meta_loss tensor(0.9088, device='cuda:0', grad_fn=<BinaryCrossEntropyBackward0>)
Meta_loss tensor(0.9087, device='cuda:0', grad_fn=<BinaryCrossEntropyBackward0>)
Meta_loss tensor(0.9087, device='cuda:0', grad_fn=<BinaryCrossEntropyBackward0>)
Meta_loss tensor(0.9085, device='cuda:0', grad_fn=<BinaryCrossEntropyBackward0>)
Meta_loss tensor(0.9082, device='cuda:0', grad_fn=<BinaryCrossEntropyBackward0>)
Meta_loss tensor(0.9079, device='cuda:0', grad_fn=<BinaryCrossEntropyBackward0>)
Meta_loss tensor(0.9077, device='cuda:0', grad_fn=<BinaryCrossEntropyBackward0>)
Meta_loss tensor(0.9075, device='cuda:0', grad_fn=<BinaryCrossEntropyBackward0>)
Meta_loss tensor(0.9073, device='cuda:0', grad_fn=<BinaryCrossEntropyBackward0>)
Meta_loss tensor(0.9071, device='cuda:0', grad_fn=<BinaryCrossEntropyBackward0>)
Meta_loss tensor(0.9069, device='cuda:0', grad_fn=<BinaryCrossEntropyBackward0>)
Meta_loss tensor(0.9066, device='cuda:0', grad_fn=<BinaryCrossEntropyBackward0>)
Meta_loss tensor(0.9065, device='cuda:0', grad_fn=<BinaryCrossEntropyBackward0>)
Meta_loss tensor(0.9065, device='cuda:0', grad_fn=<BinaryCrossEntropyBackward0>)
Meta_loss tensor(0.9063, device='cuda:0', grad_fn=<BinaryCrossEntropyBackward0>)
Meta_loss tensor(0.9060, device='cuda:0', grad_fn=<BinaryCrossEntropyBackward0>)
Meta_loss tensor(0.9058, device='cuda:0', grad_fn=<BinaryCrossEntropyBackward0>)
Meta_loss tensor(0.9056, device='cuda:0', grad_fn=<BinaryCrossEntropyBackward0>)
Meta_loss tensor(0.9056, device='cuda:0', grad_fn=<BinaryCrossEntropyBackward0>)
Meta_loss tensor(0.9055, device='cuda:0', grad_fn=<BinaryCrossEntropyBackward0>)
Meta_loss tensor(0.9053, device='cuda:0', grad_fn=<BinaryCrossEntropyBackward0>)
Meta_loss tensor(0.9052, device='cuda:0', grad_fn=<BinaryCrossEntropyBackward0>)
Meta_loss tensor(0.9050, device='cuda:0', grad_fn=<BinaryCrossEntropyBackward0>)
Meta_loss tensor(0.9048, device='cuda:0', grad_fn=<BinaryCrossEntropyBackward0>)
Meta_loss tensor(0.9047, device='cuda:0', grad_fn=<BinaryCrossEntropyBackward0>)
Meta_loss tensor(0.9047, device='cuda:0', grad_fn=<BinaryCrossEntropyBackward0>)
Meta_loss tensor(0.9045, device='cuda:0', grad_fn=<BinaryCrossEntropyBackward0>)
Meta_loss tensor(0.9040, device='cuda:0', grad_fn=<BinaryCrossEntropyBackward0>)
Meta_loss tensor(0.9038, device='cuda:0', grad_fn=<BinaryCrossEntropyBackward0>)
Meta_loss tensor(0.9036, device='cuda:0', grad_fn=<BinaryCrossEntropyBackward0>)
Meta_loss tensor(0.9036, device='cuda:0', grad_fn=<BinaryCrossEntropyBackward0>)
Meta_loss tensor(0.9033, device='cuda:0', grad_fn=<BinaryCrossEntropyBackward0>)
Meta_loss tensor(0.9030, device='cuda:0', grad_fn=<BinaryCrossEntropyBackward0>)
Meta_loss tensor(0.9029, device='cuda:0', grad_fn=<BinaryCrossEntropyBackward0>)
Meta_loss tensor(0.9027, device='cuda:0', grad_fn=<BinaryCrossEntropyBackward0>)
Meta_loss tensor(0.9026, device='cuda:0', grad_fn=<BinaryCrossEntropyBackward0>)
Meta_loss tensor(0.9023, device='cuda:0', grad_fn=<BinaryCrossEntropyBackward0>)
Meta_loss tensor(0.9021, device='cuda:0', grad_fn=<BinaryCrossEntropyBackward0>)
Meta_loss tensor(0.9019, device='cuda:0', grad_fn=<BinaryCrossEntropyBackward0>)
Meta_loss tensor(0.9017, device='cuda:0', grad_fn=<BinaryCrossEntropyBackward0>)
Meta_loss tensor(0.9015, device='cuda:0', grad_fn=<BinaryCrossEntropyBackward0>)
Meta_loss tensor(0.9013, device='cuda:0', grad_fn=<BinaryCrossEntropyBackward0>)
Meta_loss tensor(0.9012, device='cuda:0', grad_fn=<BinaryCrossEntropyBackward0>)
Meta_loss tensor(0.9010, device='cuda:0', grad_fn=<BinaryCrossEntropyBackward0>)
Meta_loss tensor(0.9005, device='cuda:0', grad_fn=<BinaryCrossEntropyBackward0>)
Meta_loss tensor(0.9003, device='cuda:0', grad_fn=<BinaryCrossEntropyBackward0>)
Meta_loss tensor(0.9004, device='cuda:0', grad_fn=<BinaryCrossEntropyBackward0>)
Meta_loss tensor(0.9002, device='cuda:0', grad_fn=<BinaryCrossEntropyBackward0>)
Meta_loss tensor(0.9001, device='cuda:0', grad_fn=<BinaryCrossEntropyBackward0>)
Meta_loss tensor(0.8998, device='cuda:0', grad_fn=<BinaryCrossEntropyBackward0>)
Meta_loss tensor(0.8995, device='cuda:0', grad_fn=<BinaryCrossEntropyBackward0>)
Meta_loss tensor(0.8994, device='cuda:0', grad_fn=<BinaryCrossEntropyBackward0>)
Meta_loss tensor(0.8995, device='cuda:0', grad_fn=<BinaryCrossEntropyBackward0>)
Meta_loss tensor(0.8997, device='cuda:0', grad_fn=<BinaryCrossEntropyBackward0>)
Meta_loss tensor(0.8995, device='cuda:0', grad_fn=<BinaryCrossEntropyBackward0>)
Meta_loss tensor(0.8993, device='cuda:0', grad_fn=<BinaryCrossEntropyBackward0>)
Meta_loss tensor(0.8993, device='cuda:0', grad_fn=<BinaryCrossEntropyBackward0>)
Meta_loss tensor(0.8993, device='cuda:0', grad_fn=<BinaryCrossEntropyBackward0>)
Meta_loss tensor(0.8992, device='cuda:0', grad_fn=<BinaryCrossEntropyBackward0>)
Meta_loss tensor(0.8992, device='cuda:0', grad_fn=<BinaryCrossEntropyBackward0>)
Meta_loss tensor(0.8992, device='cuda:0', grad_fn=<BinaryCrossEntropyBackward0>)
Meta_loss tensor(0.8993, device='cuda:0', grad_fn=<BinaryCrossEntropyBackward0>)
Meta_loss tensor(0.8994, device='cuda:0', grad_fn=<BinaryCrossEntropyBackward0>)
Meta_loss tensor(0.8993, device='cuda:0', grad_fn=<BinaryCrossEntropyBackward0>)
Meta_loss tensor(0.8995, device='cuda:0', grad_fn=<BinaryCrossEntropyBackward0>)
Meta_loss tensor(0.8995, device='cuda:0', grad_fn=<BinaryCrossEntropyBackward0>)
Meta_loss tensor(0.8992, device='cuda:0', grad_fn=<BinaryCrossEntropyBackward0>)
Meta_loss tensor(0.8990, device='cuda:0', grad_fn=<BinaryCrossEntropyBackward0>)
Meta_loss tensor(0.8992, device='cuda:0', grad_fn=<BinaryCrossEntropyBackward0>)
Meta_loss tensor(0.8990, device='cuda:0', grad_fn=<BinaryCrossEntropyBackward0>)
Meta_loss tensor(0.8992, device='cuda:0', grad_fn=<BinaryCrossEntropyBackward0>)
Meta_loss tensor(0.8991, device='cuda:0', grad_fn=<BinaryCrossEntropyBackward0>)
Meta_loss tensor(0.8991, device='cuda:0', grad_fn=<BinaryCrossEntropyBackward0>)
Meta_loss tensor(0.8990, device='cuda:0', grad_fn=<BinaryCrossEntropyBackward0>)
Meta_loss tensor(0.8985, device='cuda:0', grad_fn=<BinaryCrossEntropyBackward0>)
Meta_loss tensor(0.8985, device='cuda:0', grad_fn=<BinaryCrossEntropyBackward0>)
Meta_loss tensor(0.8983, device='cuda:0', grad_fn=<BinaryCrossEntropyBackward0>)
Meta_loss tensor(0.8983, device='cuda:0', grad_fn=<BinaryCrossEntropyBackward0>)
Meta_loss tensor(0.8985, device='cuda:0', grad_fn=<BinaryCrossEntropyBackward0>)
Meta_loss tensor(0.8985, device='cuda:0', grad_fn=<BinaryCrossEntropyBackward0>)
Meta_loss tensor(0.8983, device='cuda:0', grad_fn=<BinaryCrossEntropyBackward0>)
Meta_loss tensor(0.8982, device='cuda:0', grad_fn=<BinaryCrossEntropyBackward0>)
Meta_loss tensor(0.8982, device='cuda:0', grad_fn=<BinaryCrossEntropyBackward0>)
Meta_loss tensor(0.8980, device='cuda:0', grad_fn=<BinaryCrossEntropyBackward0>)
Meta_loss tensor(0.8978, device='cuda:0', grad_fn=<BinaryCrossEntropyBackward0>)
Meta_loss tensor(0.8976, device='cuda:0', grad_fn=<BinaryCrossEntropyBackward0>)
Meta_loss tensor(0.8974, device='cuda:0', grad_fn=<BinaryCrossEntropyBackward0>)
Meta_loss tensor(0.8973, device='cuda:0', grad_fn=<BinaryCrossEntropyBackward0>)
Meta_loss tensor(0.8973, device='cuda:0', grad_fn=<BinaryCrossEntropyBackward0>)
Meta_loss tensor(0.8973, device='cuda:0', grad_fn=<BinaryCrossEntropyBackward0>)
Meta_loss tensor(0.8972, device='cuda:0', grad_fn=<BinaryCrossEntropyBackward0>)
Meta_loss tensor(0.8974, device='cuda:0', grad_fn=<BinaryCrossEntropyBackward0>)
Meta_loss tensor(0.8972, device='cuda:0', grad_fn=<BinaryCrossEntropyBackward0>)
Meta_loss tensor(0.8971, device='cuda:0', grad_fn=<BinaryCrossEntropyBackward0>)
Meta_loss tensor(0.8970, device='cuda:0', grad_fn=<BinaryCrossEntropyBackward0>)
Meta_loss tensor(0.8972, device='cuda:0', grad_fn=<BinaryCrossEntropyBackward0>)
Meta_loss tensor(0.8971, device='cuda:0', grad_fn=<BinaryCrossEntropyBackward0>)
Meta_loss tensor(0.8972, device='cuda:0', grad_fn=<BinaryCrossEntropyBackward0>)
Meta_loss tensor(0.8971, device='cuda:0', grad_fn=<BinaryCrossEntropyBackward0>)
Meta_loss tensor(0.8970, device='cuda:0', grad_fn=<BinaryCrossEntropyBackward0>)
Meta_loss tensor(0.8971, device='cuda:0', grad_fn=<BinaryCrossEntropyBackward0>)
Meta_loss tensor(0.8970, device='cuda:0', grad_fn=<BinaryCrossEntropyBackward0>)
Meta_loss tensor(0.8968, device='cuda:0', grad_fn=<BinaryCrossEntropyBackward0>)
Meta_loss tensor(0.8967, device='cuda:0', grad_fn=<BinaryCrossEntropyBackward0>)
Meta_loss tensor(0.8966, device='cuda:0', grad_fn=<BinaryCrossEntropyBackward0>)
Meta_loss tensor(0.8965, device='cuda:0', grad_fn=<BinaryCrossEntropyBackward0>)
Meta_loss tensor(0.8965, device='cuda:0', grad_fn=<BinaryCrossEntropyBackward0>)
Meta_loss tensor(0.8965, device='cuda:0', grad_fn=<BinaryCrossEntropyBackward0>)
Meta_loss tensor(0.8965, device='cuda:0', grad_fn=<BinaryCrossEntropyBackward0>)
Meta_loss tensor(0.8965, device='cuda:0', grad_fn=<BinaryCrossEntropyBackward0>)
Meta_loss tensor(0.8965, device='cuda:0', grad_fn=<BinaryCrossEntropyBackward0>)
Meta_loss tensor(0.8965, device='cuda:0', grad_fn=<BinaryCrossEntropyBackward0>)
Meta_loss tensor(0.8964, device='cuda:0', grad_fn=<BinaryCrossEntropyBackward0>)
Meta_loss tensor(0.8963, device='cuda:0', grad_fn=<BinaryCrossEntropyBackward0>)
Meta_loss tensor(0.8963, device='cuda:0', grad_fn=<BinaryCrossEntropyBackward0>)
Meta_loss tensor(0.8963, device='cuda:0', grad_fn=<BinaryCrossEntropyBackward0>)
Meta_loss tensor(0.8964, device='cuda:0', grad_fn=<BinaryCrossEntropyBackward0>)
Meta_loss tensor(0.8964, device='cuda:0', grad_fn=<BinaryCrossEntropyBackward0>)
Meta_loss tensor(0.8963, device='cuda:0', grad_fn=<BinaryCrossEntropyBackward0>)
Meta_loss tensor(0.8963, device='cuda:0', grad_fn=<BinaryCrossEntropyBackward0>)
Meta_loss tensor(0.8964, device='cuda:0', grad_fn=<BinaryCrossEntropyBackward0>)
Meta_loss tensor(0.8963, device='cuda:0', grad_fn=<BinaryCrossEntropyBackward0>)
Meta_loss tensor(0.8965, device='cuda:0', grad_fn=<BinaryCrossEntropyBackward0>)
Meta_loss tensor(0.8968, device='cuda:0', grad_fn=<BinaryCrossEntropyBackward0>)
Meta_loss tensor(0.8968, device='cuda:0', grad_fn=<BinaryCrossEntropyBackward0>)
Meta_loss tensor(0.8969, device='cuda:0', grad_fn=<BinaryCrossEntropyBackward0>)
Meta_loss tensor(0.8968, device='cuda:0', grad_fn=<BinaryCrossEntropyBackward0>)
Meta_loss tensor(0.8967, device='cuda:0', grad_fn=<BinaryCrossEntropyBackward0>)
Meta_loss tensor(0.8966, device='cuda:0', grad_fn=<BinaryCrossEntropyBackward0>)
Meta_loss tensor(0.8964, device='cuda:0', grad_fn=<BinaryCrossEntropyBackward0>)
---------- best_epoch : 325 ;   
[WARNING 42:30] Computing RM on meta and QUERY set
[INFO 42:33] RM: 0.0782153104336319
[INFO 42:33] Fold 1; results: ({'mi_acc': 0.5840557813644409, 'rmse': 0.5563156008720398, 'mae': 0.43923842906951904, 'mi_prec': 0.48441675305366516, 'mi_rec': 0.5394150018692017, 'mi_f_b': 0.5104386806488037, 'mi_auc': nan, 'ma_prec': 0.5746095776557922, 'ma_rec': 0.5767396688461304, 'ma_f_b': 0.5744327902793884}, {'meta_doa': np.float64(0.5122199039400409), 'pc-er': -0.0047760009765625, 'rm': 0.0782153104336319})
