PID 4065425 sees CUDA_VISIBLE_DEVICES = 0
→ torch.device is 0 Tesla V100-SXM2-16GB
[INFO 35:49] Using device: cuda
[INFO 35:49] #### config : {'seed': 0, 'dataset_name': 'math2', 'load_params': True, 'save_params': False, 'embs_path': '../embs/', 'params_path': '../ckpt/', 'early_stopping': True, 'esc': 'error', 'verbose_early_stopping': False, 'disable_tqdm': False, 'valid_metric': 'rmse', 'learning_rate': 0.001, 'batch_size': 512, 'valid_batch_size': 10000, 'num_epochs': 100, 'eval_freq': 1, 'patience': 20, 'device': device(type='cuda'), 'lambda': 2.67605964593852e-06, 'tensorboard': False, 'flush_freq': True, 'pred_metrics': ['mi_acc', 'rmse', 'mae', 'mi_prec', 'mi_rec', 'mi_f_b', 'mi_auc', 'ma_prec', 'ma_rec', 'ma_f_b'], 'profile_metrics': ['meta_doa', 'pc-er', 'rm'], 'num_responses': 12, 'low_mem': False, 'n_query': 16, 'CDM': 'ncdm', 'i_fold': 3, 'num_inner_users_epochs': 9, 'num_inner_epochs': 10, 'inner_lr': 0.0001, 'inner_user_lr': 0.001, 'meta_lr': 0.05, 'meta_trainer': 'Adam', 'num_workers': 0, 'pin_memory': False, 'debug': False} ####
[INFO 36:01] Random_cont_model
../ckpt/math2_NCDM_fold_3_seed_0
[INFO 36:01] compiling selection model
[INFO 36:06] ⏳ Début de l'entraînement...
[INFO 36:06] ✅ Entraînement terminé en 0.00 secondes.
[INFO 36:06] train on cuda
Meta_loss tensor(1.0241, device='cuda:0', grad_fn=<BinaryCrossEntropyBackward0>)
Meta_loss tensor(1.0222, device='cuda:0', grad_fn=<BinaryCrossEntropyBackward0>)
Meta_loss tensor(1.0204, device='cuda:0', grad_fn=<BinaryCrossEntropyBackward0>)
Meta_loss tensor(1.0187, device='cuda:0', grad_fn=<BinaryCrossEntropyBackward0>)
Meta_loss tensor(1.0172, device='cuda:0', grad_fn=<BinaryCrossEntropyBackward0>)
Meta_loss tensor(1.0152, device='cuda:0', grad_fn=<BinaryCrossEntropyBackward0>)
Meta_loss tensor(1.0136, device='cuda:0', grad_fn=<BinaryCrossEntropyBackward0>)
Meta_loss tensor(1.0121, device='cuda:0', grad_fn=<BinaryCrossEntropyBackward0>)
Meta_loss tensor(1.0104, device='cuda:0', grad_fn=<BinaryCrossEntropyBackward0>)
Meta_loss tensor(1.0089, device='cuda:0', grad_fn=<BinaryCrossEntropyBackward0>)
Meta_loss tensor(1.0073, device='cuda:0', grad_fn=<BinaryCrossEntropyBackward0>)
Meta_loss tensor(1.0059, device='cuda:0', grad_fn=<BinaryCrossEntropyBackward0>)
Meta_loss tensor(1.0043, device='cuda:0', grad_fn=<BinaryCrossEntropyBackward0>)
Meta_loss tensor(1.0026, device='cuda:0', grad_fn=<BinaryCrossEntropyBackward0>)
Meta_loss tensor(1.0012, device='cuda:0', grad_fn=<BinaryCrossEntropyBackward0>)
Meta_loss tensor(0.9996, device='cuda:0', grad_fn=<BinaryCrossEntropyBackward0>)
Meta_loss tensor(0.9981, device='cuda:0', grad_fn=<BinaryCrossEntropyBackward0>)
Meta_loss tensor(0.9968, device='cuda:0', grad_fn=<BinaryCrossEntropyBackward0>)
Meta_loss tensor(0.9955, device='cuda:0', grad_fn=<BinaryCrossEntropyBackward0>)
Meta_loss tensor(0.9941, device='cuda:0', grad_fn=<BinaryCrossEntropyBackward0>)
Meta_loss tensor(0.9927, device='cuda:0', grad_fn=<BinaryCrossEntropyBackward0>)
Meta_loss tensor(0.9913, device='cuda:0', grad_fn=<BinaryCrossEntropyBackward0>)
Meta_loss tensor(0.9900, device='cuda:0', grad_fn=<BinaryCrossEntropyBackward0>)
Meta_loss tensor(0.9888, device='cuda:0', grad_fn=<BinaryCrossEntropyBackward0>)
Meta_loss tensor(0.9876, device='cuda:0', grad_fn=<BinaryCrossEntropyBackward0>)
Meta_loss tensor(0.9862, device='cuda:0', grad_fn=<BinaryCrossEntropyBackward0>)
Meta_loss tensor(0.9848, device='cuda:0', grad_fn=<BinaryCrossEntropyBackward0>)
Meta_loss tensor(0.9834, device='cuda:0', grad_fn=<BinaryCrossEntropyBackward0>)
Meta_loss tensor(0.9822, device='cuda:0', grad_fn=<BinaryCrossEntropyBackward0>)
Meta_loss tensor(0.9811, device='cuda:0', grad_fn=<BinaryCrossEntropyBackward0>)
Meta_loss tensor(0.9799, device='cuda:0', grad_fn=<BinaryCrossEntropyBackward0>)
Meta_loss tensor(0.9786, device='cuda:0', grad_fn=<BinaryCrossEntropyBackward0>)
Meta_loss tensor(0.9775, device='cuda:0', grad_fn=<BinaryCrossEntropyBackward0>)
Meta_loss tensor(0.9763, device='cuda:0', grad_fn=<BinaryCrossEntropyBackward0>)
Meta_loss tensor(0.9753, device='cuda:0', grad_fn=<BinaryCrossEntropyBackward0>)
Meta_loss tensor(0.9743, device='cuda:0', grad_fn=<BinaryCrossEntropyBackward0>)
Meta_loss tensor(0.9732, device='cuda:0', grad_fn=<BinaryCrossEntropyBackward0>)
Meta_loss tensor(0.9722, device='cuda:0', grad_fn=<BinaryCrossEntropyBackward0>)
Meta_loss tensor(0.9711, device='cuda:0', grad_fn=<BinaryCrossEntropyBackward0>)
Meta_loss tensor(0.9702, device='cuda:0', grad_fn=<BinaryCrossEntropyBackward0>)
Meta_loss tensor(0.9692, device='cuda:0', grad_fn=<BinaryCrossEntropyBackward0>)
Meta_loss tensor(0.9681, device='cuda:0', grad_fn=<BinaryCrossEntropyBackward0>)
Meta_loss tensor(0.9672, device='cuda:0', grad_fn=<BinaryCrossEntropyBackward0>)
Meta_loss tensor(0.9663, device='cuda:0', grad_fn=<BinaryCrossEntropyBackward0>)
Meta_loss tensor(0.9654, device='cuda:0', grad_fn=<BinaryCrossEntropyBackward0>)
Meta_loss tensor(0.9647, device='cuda:0', grad_fn=<BinaryCrossEntropyBackward0>)
Meta_loss tensor(0.9641, device='cuda:0', grad_fn=<BinaryCrossEntropyBackward0>)
Meta_loss tensor(0.9634, device='cuda:0', grad_fn=<BinaryCrossEntropyBackward0>)
Meta_loss tensor(0.9625, device='cuda:0', grad_fn=<BinaryCrossEntropyBackward0>)
Meta_loss tensor(0.9618, device='cuda:0', grad_fn=<BinaryCrossEntropyBackward0>)
Meta_loss tensor(0.9611, device='cuda:0', grad_fn=<BinaryCrossEntropyBackward0>)
Meta_loss tensor(0.9604, device='cuda:0', grad_fn=<BinaryCrossEntropyBackward0>)
Meta_loss tensor(0.9597, device='cuda:0', grad_fn=<BinaryCrossEntropyBackward0>)
Meta_loss tensor(0.9590, device='cuda:0', grad_fn=<BinaryCrossEntropyBackward0>)
Meta_loss tensor(0.9581, device='cuda:0', grad_fn=<BinaryCrossEntropyBackward0>)
Meta_loss tensor(0.9574, device='cuda:0', grad_fn=<BinaryCrossEntropyBackward0>)
Meta_loss tensor(0.9567, device='cuda:0', grad_fn=<BinaryCrossEntropyBackward0>)
Meta_loss tensor(0.9559, device='cuda:0', grad_fn=<BinaryCrossEntropyBackward0>)
Meta_loss tensor(0.9554, device='cuda:0', grad_fn=<BinaryCrossEntropyBackward0>)
Meta_loss tensor(0.9548, device='cuda:0', grad_fn=<BinaryCrossEntropyBackward0>)
Meta_loss tensor(0.9542, device='cuda:0', grad_fn=<BinaryCrossEntropyBackward0>)
Meta_loss tensor(0.9536, device='cuda:0', grad_fn=<BinaryCrossEntropyBackward0>)
Meta_loss tensor(0.9530, device='cuda:0', grad_fn=<BinaryCrossEntropyBackward0>)
Meta_loss tensor(0.9524, device='cuda:0', grad_fn=<BinaryCrossEntropyBackward0>)
Meta_loss tensor(0.9516, device='cuda:0', grad_fn=<BinaryCrossEntropyBackward0>)
Meta_loss tensor(0.9510, device='cuda:0', grad_fn=<BinaryCrossEntropyBackward0>)
Meta_loss tensor(0.9503, device='cuda:0', grad_fn=<BinaryCrossEntropyBackward0>)
Meta_loss tensor(0.9497, device='cuda:0', grad_fn=<BinaryCrossEntropyBackward0>)
Meta_loss tensor(0.9490, device='cuda:0', grad_fn=<BinaryCrossEntropyBackward0>)
Meta_loss tensor(0.9483, device='cuda:0', grad_fn=<BinaryCrossEntropyBackward0>)
Meta_loss tensor(0.9477, device='cuda:0', grad_fn=<BinaryCrossEntropyBackward0>)
Meta_loss tensor(0.9471, device='cuda:0', grad_fn=<BinaryCrossEntropyBackward0>)
Meta_loss tensor(0.9467, device='cuda:0', grad_fn=<BinaryCrossEntropyBackward0>)
Meta_loss tensor(0.9461, device='cuda:0', grad_fn=<BinaryCrossEntropyBackward0>)
Meta_loss tensor(0.9457, device='cuda:0', grad_fn=<BinaryCrossEntropyBackward0>)
Meta_loss tensor(0.9453, device='cuda:0', grad_fn=<BinaryCrossEntropyBackward0>)
Meta_loss tensor(0.9447, device='cuda:0', grad_fn=<BinaryCrossEntropyBackward0>)
Meta_loss tensor(0.9441, device='cuda:0', grad_fn=<BinaryCrossEntropyBackward0>)
Meta_loss tensor(0.9435, device='cuda:0', grad_fn=<BinaryCrossEntropyBackward0>)
Meta_loss tensor(0.9429, device='cuda:0', grad_fn=<BinaryCrossEntropyBackward0>)
Meta_loss tensor(0.9422, device='cuda:0', grad_fn=<BinaryCrossEntropyBackward0>)
Meta_loss tensor(0.9415, device='cuda:0', grad_fn=<BinaryCrossEntropyBackward0>)
Meta_loss tensor(0.9411, device='cuda:0', grad_fn=<BinaryCrossEntropyBackward0>)
Meta_loss tensor(0.9407, device='cuda:0', grad_fn=<BinaryCrossEntropyBackward0>)
Meta_loss tensor(0.9402, device='cuda:0', grad_fn=<BinaryCrossEntropyBackward0>)
Meta_loss tensor(0.9396, device='cuda:0', grad_fn=<BinaryCrossEntropyBackward0>)
Meta_loss tensor(0.9391, device='cuda:0', grad_fn=<BinaryCrossEntropyBackward0>)
Meta_loss tensor(0.9386, device='cuda:0', grad_fn=<BinaryCrossEntropyBackward0>)
Meta_loss tensor(0.9381, device='cuda:0', grad_fn=<BinaryCrossEntropyBackward0>)
Meta_loss tensor(0.9375, device='cuda:0', grad_fn=<BinaryCrossEntropyBackward0>)
Meta_loss tensor(0.9370, device='cuda:0', grad_fn=<BinaryCrossEntropyBackward0>)
Meta_loss tensor(0.9364, device='cuda:0', grad_fn=<BinaryCrossEntropyBackward0>)
Meta_loss tensor(0.9360, device='cuda:0', grad_fn=<BinaryCrossEntropyBackward0>)
Meta_loss tensor(0.9354, device='cuda:0', grad_fn=<BinaryCrossEntropyBackward0>)
Meta_loss tensor(0.9348, device='cuda:0', grad_fn=<BinaryCrossEntropyBackward0>)
Meta_loss tensor(0.9343, device='cuda:0', grad_fn=<BinaryCrossEntropyBackward0>)
Meta_loss tensor(0.9338, device='cuda:0', grad_fn=<BinaryCrossEntropyBackward0>)
Meta_loss tensor(0.9333, device='cuda:0', grad_fn=<BinaryCrossEntropyBackward0>)
Meta_loss tensor(0.9328, device='cuda:0', grad_fn=<BinaryCrossEntropyBackward0>)
Meta_loss tensor(0.9324, device='cuda:0', grad_fn=<BinaryCrossEntropyBackward0>)
Meta_loss tensor(0.9319, device='cuda:0', grad_fn=<BinaryCrossEntropyBackward0>)
Meta_loss tensor(0.9315, device='cuda:0', grad_fn=<BinaryCrossEntropyBackward0>)
Meta_loss tensor(0.9313, device='cuda:0', grad_fn=<BinaryCrossEntropyBackward0>)
Meta_loss tensor(0.9309, device='cuda:0', grad_fn=<BinaryCrossEntropyBackward0>)
Meta_loss tensor(0.9304, device='cuda:0', grad_fn=<BinaryCrossEntropyBackward0>)
Meta_loss tensor(0.9300, device='cuda:0', grad_fn=<BinaryCrossEntropyBackward0>)
Meta_loss tensor(0.9298, device='cuda:0', grad_fn=<BinaryCrossEntropyBackward0>)
Meta_loss tensor(0.9294, device='cuda:0', grad_fn=<BinaryCrossEntropyBackward0>)
Meta_loss tensor(0.9289, device='cuda:0', grad_fn=<BinaryCrossEntropyBackward0>)
Meta_loss tensor(0.9286, device='cuda:0', grad_fn=<BinaryCrossEntropyBackward0>)
Meta_loss tensor(0.9282, device='cuda:0', grad_fn=<BinaryCrossEntropyBackward0>)
Meta_loss tensor(0.9279, device='cuda:0', grad_fn=<BinaryCrossEntropyBackward0>)
Meta_loss tensor(0.9276, device='cuda:0', grad_fn=<BinaryCrossEntropyBackward0>)
Meta_loss tensor(0.9273, device='cuda:0', grad_fn=<BinaryCrossEntropyBackward0>)
Meta_loss tensor(0.9270, device='cuda:0', grad_fn=<BinaryCrossEntropyBackward0>)
Meta_loss tensor(0.9266, device='cuda:0', grad_fn=<BinaryCrossEntropyBackward0>)
Meta_loss tensor(0.9261, device='cuda:0', grad_fn=<BinaryCrossEntropyBackward0>)
Meta_loss tensor(0.9256, device='cuda:0', grad_fn=<BinaryCrossEntropyBackward0>)
Meta_loss tensor(0.9251, device='cuda:0', grad_fn=<BinaryCrossEntropyBackward0>)
Meta_loss tensor(0.9248, device='cuda:0', grad_fn=<BinaryCrossEntropyBackward0>)
Meta_loss tensor(0.9245, device='cuda:0', grad_fn=<BinaryCrossEntropyBackward0>)
Meta_loss tensor(0.9243, device='cuda:0', grad_fn=<BinaryCrossEntropyBackward0>)
Meta_loss tensor(0.9241, device='cuda:0', grad_fn=<BinaryCrossEntropyBackward0>)
Meta_loss tensor(0.9239, device='cuda:0', grad_fn=<BinaryCrossEntropyBackward0>)
Meta_loss tensor(0.9238, device='cuda:0', grad_fn=<BinaryCrossEntropyBackward0>)
Meta_loss tensor(0.9235, device='cuda:0', grad_fn=<BinaryCrossEntropyBackward0>)
Meta_loss tensor(0.9233, device='cuda:0', grad_fn=<BinaryCrossEntropyBackward0>)
Meta_loss tensor(0.9231, device='cuda:0', grad_fn=<BinaryCrossEntropyBackward0>)
Meta_loss tensor(0.9229, device='cuda:0', grad_fn=<BinaryCrossEntropyBackward0>)
Meta_loss tensor(0.9226, device='cuda:0', grad_fn=<BinaryCrossEntropyBackward0>)
Meta_loss tensor(0.9222, device='cuda:0', grad_fn=<BinaryCrossEntropyBackward0>)
Meta_loss tensor(0.9220, device='cuda:0', grad_fn=<BinaryCrossEntropyBackward0>)
Meta_loss tensor(0.9217, device='cuda:0', grad_fn=<BinaryCrossEntropyBackward0>)
Meta_loss tensor(0.9216, device='cuda:0', grad_fn=<BinaryCrossEntropyBackward0>)
Meta_loss tensor(0.9213, device='cuda:0', grad_fn=<BinaryCrossEntropyBackward0>)
Meta_loss tensor(0.9211, device='cuda:0', grad_fn=<BinaryCrossEntropyBackward0>)
Meta_loss tensor(0.9208, device='cuda:0', grad_fn=<BinaryCrossEntropyBackward0>)
Meta_loss tensor(0.9205, device='cuda:0', grad_fn=<BinaryCrossEntropyBackward0>)
Meta_loss tensor(0.9202, device='cuda:0', grad_fn=<BinaryCrossEntropyBackward0>)
Meta_loss tensor(0.9200, device='cuda:0', grad_fn=<BinaryCrossEntropyBackward0>)
Meta_loss tensor(0.9197, device='cuda:0', grad_fn=<BinaryCrossEntropyBackward0>)
Meta_loss tensor(0.9193, device='cuda:0', grad_fn=<BinaryCrossEntropyBackward0>)
Meta_loss tensor(0.9189, device='cuda:0', grad_fn=<BinaryCrossEntropyBackward0>)
Meta_loss tensor(0.9188, device='cuda:0', grad_fn=<BinaryCrossEntropyBackward0>)
Meta_loss tensor(0.9185, device='cuda:0', grad_fn=<BinaryCrossEntropyBackward0>)
Meta_loss tensor(0.9184, device='cuda:0', grad_fn=<BinaryCrossEntropyBackward0>)
Meta_loss tensor(0.9183, device='cuda:0', grad_fn=<BinaryCrossEntropyBackward0>)
Meta_loss tensor(0.9181, device='cuda:0', grad_fn=<BinaryCrossEntropyBackward0>)
Meta_loss tensor(0.9177, device='cuda:0', grad_fn=<BinaryCrossEntropyBackward0>)
Meta_loss tensor(0.9174, device='cuda:0', grad_fn=<BinaryCrossEntropyBackward0>)
Meta_loss tensor(0.9172, device='cuda:0', grad_fn=<BinaryCrossEntropyBackward0>)
Meta_loss tensor(0.9169, device='cuda:0', grad_fn=<BinaryCrossEntropyBackward0>)
Meta_loss tensor(0.9168, device='cuda:0', grad_fn=<BinaryCrossEntropyBackward0>)
Meta_loss tensor(0.9167, device='cuda:0', grad_fn=<BinaryCrossEntropyBackward0>)
Meta_loss tensor(0.9166, device='cuda:0', grad_fn=<BinaryCrossEntropyBackward0>)
Meta_loss tensor(0.9166, device='cuda:0', grad_fn=<BinaryCrossEntropyBackward0>)
Meta_loss tensor(0.9165, device='cuda:0', grad_fn=<BinaryCrossEntropyBackward0>)
Meta_loss tensor(0.9164, device='cuda:0', grad_fn=<BinaryCrossEntropyBackward0>)
Meta_loss tensor(0.9163, device='cuda:0', grad_fn=<BinaryCrossEntropyBackward0>)
Meta_loss tensor(0.9162, device='cuda:0', grad_fn=<BinaryCrossEntropyBackward0>)
Meta_loss tensor(0.9162, device='cuda:0', grad_fn=<BinaryCrossEntropyBackward0>)
Meta_loss tensor(0.9159, device='cuda:0', grad_fn=<BinaryCrossEntropyBackward0>)
Meta_loss tensor(0.9154, device='cuda:0', grad_fn=<BinaryCrossEntropyBackward0>)
Meta_loss tensor(0.9151, device='cuda:0', grad_fn=<BinaryCrossEntropyBackward0>)
Meta_loss tensor(0.9149, device='cuda:0', grad_fn=<BinaryCrossEntropyBackward0>)
Meta_loss tensor(0.9149, device='cuda:0', grad_fn=<BinaryCrossEntropyBackward0>)
Meta_loss tensor(0.9146, device='cuda:0', grad_fn=<BinaryCrossEntropyBackward0>)
Meta_loss tensor(0.9145, device='cuda:0', grad_fn=<BinaryCrossEntropyBackward0>)
Meta_loss tensor(0.9142, device='cuda:0', grad_fn=<BinaryCrossEntropyBackward0>)
Meta_loss tensor(0.9140, device='cuda:0', grad_fn=<BinaryCrossEntropyBackward0>)
Meta_loss tensor(0.9139, device='cuda:0', grad_fn=<BinaryCrossEntropyBackward0>)
Meta_loss tensor(0.9137, device='cuda:0', grad_fn=<BinaryCrossEntropyBackward0>)
Meta_loss tensor(0.9136, device='cuda:0', grad_fn=<BinaryCrossEntropyBackward0>)
Meta_loss tensor(0.9133, device='cuda:0', grad_fn=<BinaryCrossEntropyBackward0>)
Meta_loss tensor(0.9132, device='cuda:0', grad_fn=<BinaryCrossEntropyBackward0>)
Meta_loss tensor(0.9130, device='cuda:0', grad_fn=<BinaryCrossEntropyBackward0>)
Meta_loss tensor(0.9128, device='cuda:0', grad_fn=<BinaryCrossEntropyBackward0>)
Meta_loss tensor(0.9127, device='cuda:0', grad_fn=<BinaryCrossEntropyBackward0>)
Meta_loss tensor(0.9125, device='cuda:0', grad_fn=<BinaryCrossEntropyBackward0>)
Meta_loss tensor(0.9124, device='cuda:0', grad_fn=<BinaryCrossEntropyBackward0>)
Meta_loss tensor(0.9122, device='cuda:0', grad_fn=<BinaryCrossEntropyBackward0>)
Meta_loss tensor(0.9120, device='cuda:0', grad_fn=<BinaryCrossEntropyBackward0>)
Meta_loss tensor(0.9119, device='cuda:0', grad_fn=<BinaryCrossEntropyBackward0>)
Meta_loss tensor(0.9119, device='cuda:0', grad_fn=<BinaryCrossEntropyBackward0>)
Meta_loss tensor(0.9118, device='cuda:0', grad_fn=<BinaryCrossEntropyBackward0>)
Meta_loss tensor(0.9117, device='cuda:0', grad_fn=<BinaryCrossEntropyBackward0>)
Meta_loss tensor(0.9115, device='cuda:0', grad_fn=<BinaryCrossEntropyBackward0>)
Meta_loss tensor(0.9113, device='cuda:0', grad_fn=<BinaryCrossEntropyBackward0>)
Meta_loss tensor(0.9113, device='cuda:0', grad_fn=<BinaryCrossEntropyBackward0>)
Meta_loss tensor(0.9112, device='cuda:0', grad_fn=<BinaryCrossEntropyBackward0>)
Meta_loss tensor(0.9112, device='cuda:0', grad_fn=<BinaryCrossEntropyBackward0>)
Meta_loss tensor(0.9110, device='cuda:0', grad_fn=<BinaryCrossEntropyBackward0>)
Meta_loss tensor(0.9108, device='cuda:0', grad_fn=<BinaryCrossEntropyBackward0>)
Meta_loss tensor(0.9108, device='cuda:0', grad_fn=<BinaryCrossEntropyBackward0>)
Meta_loss tensor(0.9107, device='cuda:0', grad_fn=<BinaryCrossEntropyBackward0>)
Meta_loss tensor(0.9105, device='cuda:0', grad_fn=<BinaryCrossEntropyBackward0>)
Meta_loss tensor(0.9103, device='cuda:0', grad_fn=<BinaryCrossEntropyBackward0>)
Meta_loss tensor(0.9102, device='cuda:0', grad_fn=<BinaryCrossEntropyBackward0>)
Meta_loss tensor(0.9103, device='cuda:0', grad_fn=<BinaryCrossEntropyBackward0>)
Meta_loss tensor(0.9100, device='cuda:0', grad_fn=<BinaryCrossEntropyBackward0>)
Meta_loss tensor(0.9098, device='cuda:0', grad_fn=<BinaryCrossEntropyBackward0>)
Meta_loss tensor(0.9097, device='cuda:0', grad_fn=<BinaryCrossEntropyBackward0>)
Meta_loss tensor(0.9099, device='cuda:0', grad_fn=<BinaryCrossEntropyBackward0>)
Meta_loss tensor(0.9099, device='cuda:0', grad_fn=<BinaryCrossEntropyBackward0>)
Meta_loss tensor(0.9099, device='cuda:0', grad_fn=<BinaryCrossEntropyBackward0>)
Meta_loss tensor(0.9099, device='cuda:0', grad_fn=<BinaryCrossEntropyBackward0>)
Meta_loss tensor(0.9099, device='cuda:0', grad_fn=<BinaryCrossEntropyBackward0>)
Meta_loss tensor(0.9099, device='cuda:0', grad_fn=<BinaryCrossEntropyBackward0>)
Meta_loss tensor(0.9098, device='cuda:0', grad_fn=<BinaryCrossEntropyBackward0>)
Meta_loss tensor(0.9096, device='cuda:0', grad_fn=<BinaryCrossEntropyBackward0>)
Meta_loss tensor(0.9094, device='cuda:0', grad_fn=<BinaryCrossEntropyBackward0>)
Meta_loss tensor(0.9092, device='cuda:0', grad_fn=<BinaryCrossEntropyBackward0>)
Meta_loss tensor(0.9092, device='cuda:0', grad_fn=<BinaryCrossEntropyBackward0>)
Meta_loss tensor(0.9091, device='cuda:0', grad_fn=<BinaryCrossEntropyBackward0>)
Meta_loss tensor(0.9092, device='cuda:0', grad_fn=<BinaryCrossEntropyBackward0>)
Meta_loss tensor(0.9093, device='cuda:0', grad_fn=<BinaryCrossEntropyBackward0>)
Meta_loss tensor(0.9092, device='cuda:0', grad_fn=<BinaryCrossEntropyBackward0>)
Meta_loss tensor(0.9091, device='cuda:0', grad_fn=<BinaryCrossEntropyBackward0>)
Meta_loss tensor(0.9092, device='cuda:0', grad_fn=<BinaryCrossEntropyBackward0>)
Meta_loss tensor(0.9090, device='cuda:0', grad_fn=<BinaryCrossEntropyBackward0>)
Meta_loss tensor(0.9088, device='cuda:0', grad_fn=<BinaryCrossEntropyBackward0>)
Meta_loss tensor(0.9088, device='cuda:0', grad_fn=<BinaryCrossEntropyBackward0>)
Meta_loss tensor(0.9087, device='cuda:0', grad_fn=<BinaryCrossEntropyBackward0>)
Meta_loss tensor(0.9087, device='cuda:0', grad_fn=<BinaryCrossEntropyBackward0>)
Meta_loss tensor(0.9088, device='cuda:0', grad_fn=<BinaryCrossEntropyBackward0>)
Meta_loss tensor(0.9083, device='cuda:0', grad_fn=<BinaryCrossEntropyBackward0>)
Meta_loss tensor(0.9080, device='cuda:0', grad_fn=<BinaryCrossEntropyBackward0>)
Meta_loss tensor(0.9079, device='cuda:0', grad_fn=<BinaryCrossEntropyBackward0>)
Meta_loss tensor(0.9080, device='cuda:0', grad_fn=<BinaryCrossEntropyBackward0>)
Meta_loss tensor(0.9079, device='cuda:0', grad_fn=<BinaryCrossEntropyBackward0>)
Meta_loss tensor(0.9077, device='cuda:0', grad_fn=<BinaryCrossEntropyBackward0>)
Meta_loss tensor(0.9075, device='cuda:0', grad_fn=<BinaryCrossEntropyBackward0>)
Meta_loss tensor(0.9074, device='cuda:0', grad_fn=<BinaryCrossEntropyBackward0>)
Meta_loss tensor(0.9073, device='cuda:0', grad_fn=<BinaryCrossEntropyBackward0>)
Meta_loss tensor(0.9072, device='cuda:0', grad_fn=<BinaryCrossEntropyBackward0>)
Meta_loss tensor(0.9069, device='cuda:0', grad_fn=<BinaryCrossEntropyBackward0>)
Meta_loss tensor(0.9069, device='cuda:0', grad_fn=<BinaryCrossEntropyBackward0>)
Meta_loss tensor(0.9069, device='cuda:0', grad_fn=<BinaryCrossEntropyBackward0>)
Meta_loss tensor(0.9067, device='cuda:0', grad_fn=<BinaryCrossEntropyBackward0>)
Meta_loss tensor(0.9066, device='cuda:0', grad_fn=<BinaryCrossEntropyBackward0>)
Meta_loss tensor(0.9064, device='cuda:0', grad_fn=<BinaryCrossEntropyBackward0>)
Meta_loss tensor(0.9063, device='cuda:0', grad_fn=<BinaryCrossEntropyBackward0>)
Meta_loss tensor(0.9063, device='cuda:0', grad_fn=<BinaryCrossEntropyBackward0>)
Meta_loss tensor(0.9062, device='cuda:0', grad_fn=<BinaryCrossEntropyBackward0>)
Meta_loss tensor(0.9061, device='cuda:0', grad_fn=<BinaryCrossEntropyBackward0>)
Meta_loss tensor(0.9061, device='cuda:0', grad_fn=<BinaryCrossEntropyBackward0>)
Meta_loss tensor(0.9059, device='cuda:0', grad_fn=<BinaryCrossEntropyBackward0>)
Meta_loss tensor(0.9057, device='cuda:0', grad_fn=<BinaryCrossEntropyBackward0>)
Meta_loss tensor(0.9057, device='cuda:0', grad_fn=<BinaryCrossEntropyBackward0>)
Meta_loss tensor(0.9056, device='cuda:0', grad_fn=<BinaryCrossEntropyBackward0>)
Meta_loss tensor(0.9056, device='cuda:0', grad_fn=<BinaryCrossEntropyBackward0>)
Meta_loss tensor(0.9057, device='cuda:0', grad_fn=<BinaryCrossEntropyBackward0>)
Meta_loss tensor(0.9054, device='cuda:0', grad_fn=<BinaryCrossEntropyBackward0>)
Meta_loss tensor(0.9055, device='cuda:0', grad_fn=<BinaryCrossEntropyBackward0>)
Meta_loss tensor(0.9053, device='cuda:0', grad_fn=<BinaryCrossEntropyBackward0>)
Meta_loss tensor(0.9052, device='cuda:0', grad_fn=<BinaryCrossEntropyBackward0>)
Meta_loss tensor(0.9051, device='cuda:0', grad_fn=<BinaryCrossEntropyBackward0>)
Meta_loss tensor(0.9050, device='cuda:0', grad_fn=<BinaryCrossEntropyBackward0>)
Meta_loss tensor(0.9048, device='cuda:0', grad_fn=<BinaryCrossEntropyBackward0>)
Meta_loss tensor(0.9050, device='cuda:0', grad_fn=<BinaryCrossEntropyBackward0>)
Meta_loss tensor(0.9051, device='cuda:0', grad_fn=<BinaryCrossEntropyBackward0>)
Meta_loss tensor(0.9050, device='cuda:0', grad_fn=<BinaryCrossEntropyBackward0>)
Meta_loss tensor(0.9047, device='cuda:0', grad_fn=<BinaryCrossEntropyBackward0>)
Meta_loss tensor(0.9048, device='cuda:0', grad_fn=<BinaryCrossEntropyBackward0>)
Meta_loss tensor(0.9047, device='cuda:0', grad_fn=<BinaryCrossEntropyBackward0>)
Meta_loss tensor(0.9045, device='cuda:0', grad_fn=<BinaryCrossEntropyBackward0>)
Meta_loss tensor(0.9043, device='cuda:0', grad_fn=<BinaryCrossEntropyBackward0>)
Meta_loss tensor(0.9041, device='cuda:0', grad_fn=<BinaryCrossEntropyBackward0>)
Meta_loss tensor(0.9040, device='cuda:0', grad_fn=<BinaryCrossEntropyBackward0>)
Meta_loss tensor(0.9040, device='cuda:0', grad_fn=<BinaryCrossEntropyBackward0>)
Meta_loss tensor(0.9041, device='cuda:0', grad_fn=<BinaryCrossEntropyBackward0>)
Meta_loss tensor(0.9041, device='cuda:0', grad_fn=<BinaryCrossEntropyBackward0>)
Meta_loss tensor(0.9038, device='cuda:0', grad_fn=<BinaryCrossEntropyBackward0>)
Meta_loss tensor(0.9036, device='cuda:0', grad_fn=<BinaryCrossEntropyBackward0>)
Meta_loss tensor(0.9033, device='cuda:0', grad_fn=<BinaryCrossEntropyBackward0>)
Meta_loss tensor(0.9031, device='cuda:0', grad_fn=<BinaryCrossEntropyBackward0>)
Meta_loss tensor(0.9031, device='cuda:0', grad_fn=<BinaryCrossEntropyBackward0>)
Meta_loss tensor(0.9030, device='cuda:0', grad_fn=<BinaryCrossEntropyBackward0>)
Meta_loss tensor(0.9028, device='cuda:0', grad_fn=<BinaryCrossEntropyBackward0>)
Meta_loss tensor(0.9027, device='cuda:0', grad_fn=<BinaryCrossEntropyBackward0>)
Meta_loss tensor(0.9028, device='cuda:0', grad_fn=<BinaryCrossEntropyBackward0>)
Meta_loss tensor(0.9027, device='cuda:0', grad_fn=<BinaryCrossEntropyBackward0>)
Meta_loss tensor(0.9028, device='cuda:0', grad_fn=<BinaryCrossEntropyBackward0>)
Meta_loss tensor(0.9028, device='cuda:0', grad_fn=<BinaryCrossEntropyBackward0>)
Meta_loss tensor(0.9026, device='cuda:0', grad_fn=<BinaryCrossEntropyBackward0>)
Meta_loss tensor(0.9026, device='cuda:0', grad_fn=<BinaryCrossEntropyBackward0>)
Meta_loss tensor(0.9027, device='cuda:0', grad_fn=<BinaryCrossEntropyBackward0>)
Meta_loss tensor(0.9027, device='cuda:0', grad_fn=<BinaryCrossEntropyBackward0>)
Meta_loss tensor(0.9027, device='cuda:0', grad_fn=<BinaryCrossEntropyBackward0>)
Meta_loss tensor(0.9027, device='cuda:0', grad_fn=<BinaryCrossEntropyBackward0>)
Meta_loss tensor(0.9026, device='cuda:0', grad_fn=<BinaryCrossEntropyBackward0>)
Meta_loss tensor(0.9027, device='cuda:0', grad_fn=<BinaryCrossEntropyBackward0>)
Meta_loss tensor(0.9027, device='cuda:0', grad_fn=<BinaryCrossEntropyBackward0>)
Meta_loss tensor(0.9025, device='cuda:0', grad_fn=<BinaryCrossEntropyBackward0>)
Meta_loss tensor(0.9025, device='cuda:0', grad_fn=<BinaryCrossEntropyBackward0>)
Meta_loss tensor(0.9026, device='cuda:0', grad_fn=<BinaryCrossEntropyBackward0>)
Meta_loss tensor(0.9026, device='cuda:0', grad_fn=<BinaryCrossEntropyBackward0>)
Meta_loss tensor(0.9026, device='cuda:0', grad_fn=<BinaryCrossEntropyBackward0>)
Meta_loss tensor(0.9025, device='cuda:0', grad_fn=<BinaryCrossEntropyBackward0>)
Meta_loss tensor(0.9025, device='cuda:0', grad_fn=<BinaryCrossEntropyBackward0>)
Meta_loss tensor(0.9025, device='cuda:0', grad_fn=<BinaryCrossEntropyBackward0>)
Meta_loss tensor(0.9024, device='cuda:0', grad_fn=<BinaryCrossEntropyBackward0>)
Meta_loss tensor(0.9022, device='cuda:0', grad_fn=<BinaryCrossEntropyBackward0>)
Meta_loss tensor(0.9021, device='cuda:0', grad_fn=<BinaryCrossEntropyBackward0>)
Meta_loss tensor(0.9021, device='cuda:0', grad_fn=<BinaryCrossEntropyBackward0>)
Meta_loss tensor(0.9022, device='cuda:0', grad_fn=<BinaryCrossEntropyBackward0>)
Meta_loss tensor(0.9022, device='cuda:0', grad_fn=<BinaryCrossEntropyBackward0>)
Meta_loss tensor(0.9021, device='cuda:0', grad_fn=<BinaryCrossEntropyBackward0>)
Meta_loss tensor(0.9022, device='cuda:0', grad_fn=<BinaryCrossEntropyBackward0>)
Meta_loss tensor(0.9023, device='cuda:0', grad_fn=<BinaryCrossEntropyBackward0>)
Meta_loss tensor(0.9023, device='cuda:0', grad_fn=<BinaryCrossEntropyBackward0>)
Meta_loss tensor(0.9024, device='cuda:0', grad_fn=<BinaryCrossEntropyBackward0>)
Meta_loss tensor(0.9022, device='cuda:0', grad_fn=<BinaryCrossEntropyBackward0>)
Meta_loss tensor(0.9022, device='cuda:0', grad_fn=<BinaryCrossEntropyBackward0>)
Meta_loss tensor(0.9022, device='cuda:0', grad_fn=<BinaryCrossEntropyBackward0>)
Meta_loss tensor(0.9023, device='cuda:0', grad_fn=<BinaryCrossEntropyBackward0>)
Meta_loss tensor(0.9022, device='cuda:0', grad_fn=<BinaryCrossEntropyBackward0>)
Meta_loss tensor(0.9022, device='cuda:0', grad_fn=<BinaryCrossEntropyBackward0>)
Meta_loss tensor(0.9022, device='cuda:0', grad_fn=<BinaryCrossEntropyBackward0>)
---------- best_epoch : 307 ;   
[WARNING 42:02] Computing RM on meta and QUERY set
[INFO 42:05] RM: 0.07089132992960642
[INFO 42:05] Fold 3; results: ({'mi_acc': 0.5819631218910217, 'rmse': 0.556408166885376, 'mae': 0.4433284103870392, 'mi_prec': 0.5011353492736816, 'mi_rec': 0.524851381778717, 'mi_f_b': 0.5127193331718445, 'mi_auc': nan, 'ma_prec': 0.5731569528579712, 'ma_rec': 0.5740036964416504, 'ma_f_b': 0.5733476877212524}, {'meta_doa': np.float64(0.5097815043799903), 'pc-er': -0.0037517547607421875, 'rm': 0.07089132992960642})
