PID 2325390 sees CUDA_VISIBLE_DEVICES = 0
→ torch.device is 0 Tesla V100-SXM2-16GB
[INFO 36:51] Using device: cuda
[INFO 36:51] #### config : {'seed': 0, 'dataset_name': 'assist0910', 'load_params': True, 'save_params': False, 'embs_path': '../embs/', 'params_path': '../ckpt/', 'early_stopping': True, 'esc': 'error', 'verbose_early_stopping': False, 'disable_tqdm': False, 'valid_metric': 'rmse', 'learning_rate': 0.001, 'batch_size': 512, 'valid_batch_size': 10000, 'num_epochs': 100, 'eval_freq': 1, 'patience': 20, 'device': device(type='cuda'), 'lambda': 2.67605964593852e-06, 'tensorboard': False, 'flush_freq': True, 'pred_metrics': ['mi_acc', 'rmse', 'mae', 'mi_prec', 'mi_rec', 'mi_f_b', 'mi_auc', 'ma_prec', 'ma_rec', 'ma_f_b'], 'profile_metrics': ['meta_doa', 'pc-er', 'rm'], 'num_responses': 12, 'low_mem': False, 'n_query': 16, 'CDM': 'impact', 'i_fold': 4, 'num_inner_users_epochs': 9, 'num_inner_epochs': 10, 'inner_lr': 0.0001, 'inner_user_lr': 0.05, 'meta_lr': 0.05, 'meta_trainer': 'Adam', 'num_workers': 0, 'pin_memory': False, 'debug': False} ####
[INFO 37:08] Random_cont_model
[INFO 37:09] compiling CDM model
[INFO 37:17] compiling selection model
[INFO 37:17] ⏳ Début de l'entraînement...
[INFO 37:17] ✅ Entraînement terminé en 0.00 secondes.
[INFO 37:17] train on cuda
[WARNING 37:42] Computing RM on meta and QUERY set
[INFO 37:45] RM: 0.03578030119715771
[WARNING 37:48] Computing RM on meta and QUERY set
[INFO 37:48] RM: 0.12088697527362882
[WARNING 37:50] Computing RM on meta and QUERY set
[INFO 37:50] RM: 0.17295392244532745
[WARNING 37:53] Computing RM on meta and QUERY set
[INFO 37:53] RM: 0.19933306400598438
[WARNING 37:56] Computing RM on meta and QUERY set
[INFO 37:56] RM: 0.2416418660171398
[WARNING 37:59] Computing RM on meta and QUERY set
[INFO 37:59] RM: 0.27334976949307405
[WARNING 38:01] Computing RM on meta and QUERY set
[INFO 38:02] RM: 0.32278443260208356
[WARNING 38:04] Computing RM on meta and QUERY set
[INFO 38:04] RM: 0.3147271927796437
[WARNING 38:07] Computing RM on meta and QUERY set
[INFO 38:07] RM: 0.3080307925054796
[WARNING 38:10] Computing RM on meta and QUERY set
[INFO 38:10] RM: 0.30446444038112863
[WARNING 38:12] Computing RM on meta and QUERY set
[INFO 38:12] RM: 0.35451958214028206
[WARNING 38:15] Computing RM on meta and QUERY set
[INFO 38:15] RM: 0.3782853554228453
[WARNING 38:18] Computing RM on meta and QUERY set
[INFO 38:18] RM: 0.3677037301000309
[WARNING 38:21] Computing RM on meta and QUERY set
[INFO 38:21] RM: 0.4044707498739922
[WARNING 38:23] Computing RM on meta and QUERY set
[INFO 38:23] RM: 0.3933272012207045
[WARNING 38:26] Computing RM on meta and QUERY set
[INFO 38:26] RM: 0.40916332161089813
[INFO 38:26] Fold 4; pareto_index: 5.992012883740733; results: ({0: {'mi_acc': 0.6544421315193176, 'rmse': 0.5878416895866394, 'mae': 0.34555783867836, 'mi_prec': 0.8066666722297668, 'mi_rec': 0.6889679431915283, 'mi_f_b': 0.7431861758232117, 'mi_auc': 0.6260282418856519, 'ma_prec': 0.606458306312561, 'ma_rec': 0.6260282397270203, 'ma_f_b': 0.6075836420059204}, 1: {'mi_acc': 0.6503098607063293, 'rmse': 0.5913459658622742, 'mae': 0.3496900796890259, 'mi_prec': 0.8025000095367432, 'mi_rec': 0.6863862872123718, 'mi_f_b': 0.7399154305458069, 'mi_auc': 0.6208667034858297, 'ma_prec': 0.6023369431495667, 'ma_rec': 0.6208666563034058, 'ma_f_b': 0.6032122373580933}, 2: {'mi_acc': 0.6580578088760376, 'rmse': 0.5847581624984741, 'mae': 0.3419421315193176, 'mi_prec': 0.7950000166893005, 'mi_rec': 0.6963503360748291, 'mi_f_b': 0.7424123883247375, 'mi_auc': 0.630860694849243, 'ma_prec': 0.6148912906646729, 'ma_rec': 0.6308606863021851, 'ma_f_b': 0.6169819235801697}, 3: {'mi_acc': 0.6637396216392517, 'rmse': 0.5798795819282532, 'mae': 0.3362603187561035, 'mi_prec': 0.7900000214576721, 'mi_rec': 0.7037861943244934, 'mi_f_b': 0.744405210018158, 'mi_auc': 0.6379711942403605, 'ma_prec': 0.6239402294158936, 'ma_rec': 0.6379711627960205, 'ma_f_b': 0.6265422105789185}, 4: {'mi_acc': 0.6797520518302917, 'rmse': 0.5659044981002808, 'mae': 0.32024791836738586, 'mi_prec': 0.8066666722297668, 'mi_rec': 0.7138643264770508, 'mi_f_b': 0.7574335336685181, 'mi_auc': 0.6569321533923304, 'ma_prec': 0.639746367931366, 'ma_rec': 0.6569321751594543, 'ma_f_b': 0.6431544423103333}, 5: {'mi_acc': 0.6776859164237976, 'rmse': 0.5677270889282227, 'mae': 0.3223140239715576, 'mi_prec': 0.7933333516120911, 'mi_rec': 0.7168674468994141, 'mi_f_b': 0.7531645894050598, 'mi_auc': 0.6544863665187064, 'ma_prec': 0.641231894493103, 'ma_rec': 0.654486358165741, 'ma_f_b': 0.6444394588470459}, 6: {'mi_acc': 0.6833677291870117, 'rmse': 0.5627008080482483, 'mae': 0.3166322112083435, 'mi_prec': 0.7891666889190674, 'mi_rec': 0.7245600819587708, 'mi_f_b': 0.7554847002029419, 'mi_auc': 0.6611671530209717, 'ma_prec': 0.6500180959701538, 'ma_rec': 0.6611671447753906, 'ma_f_b': 0.6532002687454224}, 7: {'mi_acc': 0.6766528487205505, 'rmse': 0.5686361789703369, 'mae': 0.3233470916748047, 'mi_prec': 0.7858333587646484, 'mi_rec': 0.71875, 'mi_f_b': 0.7507961988449097, 'mi_auc': 0.6534455128205128, 'ma_prec': 0.6422373056411743, 'ma_rec': 0.6534454822540283, 'ma_f_b': 0.6452510356903076}, 8: {'mi_acc': 0.6709710359573364, 'rmse': 0.5736104249954224, 'mae': 0.3290289044380188, 'mi_prec': 0.7741666436195374, 'mi_rec': 0.7173745036125183, 'mi_f_b': 0.7446893453598022, 'mi_auc': 0.6472988031490372, 'ma_prec': 0.6384420394897461, 'ma_rec': 0.6472988128662109, 'ma_f_b': 0.6410447359085083}, 9: {'mi_acc': 0.6709710359573364, 'rmse': 0.5736104249954224, 'mae': 0.3290289044380188, 'mi_prec': 0.7683333158493042, 'mi_rec': 0.719750165939331, 'mi_f_b': 0.7432486414909363, 'mi_auc': 0.6476613571220002, 'ma_prec': 0.6402807831764221, 'ma_rec': 0.6476613283157349, 'ma_f_b': 0.6426523327827454}, 10: {'mi_acc': 0.6745867729187012, 'rmse': 0.5704500079154968, 'mae': 0.32541319727897644, 'mi_prec': 0.7699999809265137, 'mi_rec': 0.7230046987533569, 'mi_f_b': 0.7457626461982727, 'mi_auc': 0.6517759036488433, 'ma_prec': 0.6445108652114868, 'ma_rec': 0.6517758965492249, 'ma_f_b': 0.6469128727912903}, 11: {'mi_acc': 0.6699379682540894, 'rmse': 0.5745102167129517, 'mae': 0.33006197214126587, 'mi_prec': 0.7674999833106995, 'mi_rec': 0.7189695835113525, 'mi_f_b': 0.7424426078796387, 'mi_auc': 0.6465076782809233, 'ma_prec': 0.6391847729682922, 'ma_rec': 0.6465076804161072, 'ma_f_b': 0.6415303945541382}, 12: {'mi_acc': 0.6720041036605835, 'rmse': 0.5727092623710632, 'mae': 0.3279958665370941, 'mi_prec': 0.76583331823349, 'mi_rec': 0.7219167351722717, 'mi_f_b': 0.7432268261909485, 'mi_auc': 0.6490428306194675, 'ma_prec': 0.6424275636672974, 'ma_rec': 0.6490428447723389, 'ma_f_b': 0.6446655988693237}, 13: {'mi_acc': 0.6797520518302917, 'rmse': 0.5659044981002808, 'mae': 0.32024791836738586, 'mi_prec': 0.76583331823349, 'mi_rec': 0.7305246591567993, 'mi_f_b': 0.7477624416351318, 'mi_auc': 0.6580351825016063, 'ma_prec': 0.6526177525520325, 'ma_rec': 0.658035159111023, 'ma_f_b': 0.6546450257301331}, 14: {'mi_acc': 0.6823346614837646, 'rmse': 0.563618004322052, 'mae': 0.3176652789115906, 'mi_prec': 0.7699999809265137, 'mi_rec': 0.7315914630889893, 'mi_f_b': 0.7503045201301575, 'mi_auc': 0.6607437185220217, 'ma_prec': 0.6547011137008667, 'ma_rec': 0.6607437133789062, 'ma_f_b': 0.6569123268127441}, 15: {'mi_acc': 0.6823346614837646, 'rmse': 0.563618004322052, 'mae': 0.3176652789115906, 'mi_prec': 0.7683333158493042, 'mi_rec': 0.7323272228240967, 'mi_f_b': 0.7498983144760132, 'mi_auc': 0.6608460443741545, 'ma_prec': 0.655226469039917, 'ma_rec': 0.6608459949493408, 'ma_f_b': 0.6573270559310913}}, {0: {'meta_doa': np.float64(0.4800616282126764), 'pc-er': 0.1624755859375, 'rm': 0.03578030119715771}, 1: {'meta_doa': np.float64(0.50972869273286), 'pc-er': 0.2445068359375, 'rm': 0.12088697527362882}, 2: {'meta_doa': np.float64(0.5431522334148503), 'pc-er': 0.2261962890625, 'rm': 0.17295392244532745}, 3: {'meta_doa': np.float64(0.5079262653375434), 'pc-er': 0.1768798828125, 'rm': 0.19933306400598438}, 4: {'meta_doa': np.float64(0.5506700286113596), 'pc-er': 0.1910400390625, 'rm': 0.2416418660171398}, 5: {'meta_doa': np.float64(0.5637570825532917), 'pc-er': 0.2313232421875, 'rm': 0.27334976949307405}, 6: {'meta_doa': np.float64(0.5632504685296968), 'pc-er': 0.235595703125, 'rm': 0.32278443260208356}, 7: {'meta_doa': np.float64(0.5748685722003537), 'pc-er': 0.2666015625, 'rm': 0.3147271927796437}, 8: {'meta_doa': np.float64(0.5755593436221536), 'pc-er': 0.278564453125, 'rm': 0.3080307925054796}, 9: {'meta_doa': np.float64(0.538636065511647), 'pc-er': 0.288330078125, 'rm': 0.30446444038112863}, 10: {'meta_doa': np.float64(0.5784097188214237), 'pc-er': 0.307373046875, 'rm': 0.35451958214028206}, 11: {'meta_doa': np.float64(0.5845511388731999), 'pc-er': 0.270263671875, 'rm': 0.3782853554228453}, 12: {'meta_doa': np.float64(0.5871386700928586), 'pc-er': 0.282958984375, 'rm': 0.3677037301000309}, 13: {'meta_doa': np.float64(0.5823782996566261), 'pc-er': 0.302978515625, 'rm': 0.4044707498739922}, 14: {'meta_doa': np.float64(0.5846673560639603), 'pc-er': 0.287109375, 'rm': 0.3933272012207045}, 15: {'meta_doa': np.float64(0.5902891857218399), 'pc-er': 0.289306640625, 'rm': 0.40916332161089813}})
