PID 4065423 sees CUDA_VISIBLE_DEVICES = 0
→ torch.device is 0 Tesla V100-SXM2-16GB
[INFO 35:49] Using device: cuda
[INFO 35:49] #### config : {'seed': 0, 'dataset_name': 'math2', 'load_params': True, 'save_params': False, 'embs_path': '../embs/', 'params_path': '../ckpt/', 'early_stopping': True, 'esc': 'error', 'verbose_early_stopping': False, 'disable_tqdm': False, 'valid_metric': 'rmse', 'learning_rate': 0.001, 'batch_size': 512, 'valid_batch_size': 10000, 'num_epochs': 100, 'eval_freq': 1, 'patience': 20, 'device': device(type='cuda'), 'lambda': 2.67605964593852e-06, 'tensorboard': False, 'flush_freq': True, 'pred_metrics': ['mi_acc', 'rmse', 'mae', 'mi_prec', 'mi_rec', 'mi_f_b', 'mi_auc', 'ma_prec', 'ma_rec', 'ma_f_b'], 'profile_metrics': ['meta_doa', 'pc-er', 'rm'], 'num_responses': 12, 'low_mem': False, 'n_query': 16, 'CDM': 'ncdm', 'i_fold': 2, 'num_inner_users_epochs': 9, 'num_inner_epochs': 10, 'inner_lr': 0.0001, 'inner_user_lr': 0.001, 'meta_lr': 0.05, 'meta_trainer': 'Adam', 'num_workers': 0, 'pin_memory': False, 'debug': False} ####
[INFO 36:09] Random_cont_model
../ckpt/math2_NCDM_fold_2_seed_0
[INFO 36:09] compiling selection model
[INFO 36:13] ⏳ Début de l'entraînement...
[INFO 36:13] ✅ Entraînement terminé en 0.00 secondes.
[INFO 36:13] train on cuda
Meta_loss tensor(0.9815, device='cuda:0', grad_fn=<BinaryCrossEntropyBackward0>)
Meta_loss tensor(0.9800, device='cuda:0', grad_fn=<BinaryCrossEntropyBackward0>)
Meta_loss tensor(0.9784, device='cuda:0', grad_fn=<BinaryCrossEntropyBackward0>)
Meta_loss tensor(0.9767, device='cuda:0', grad_fn=<BinaryCrossEntropyBackward0>)
Meta_loss tensor(0.9750, device='cuda:0', grad_fn=<BinaryCrossEntropyBackward0>)
Meta_loss tensor(0.9736, device='cuda:0', grad_fn=<BinaryCrossEntropyBackward0>)
Meta_loss tensor(0.9720, device='cuda:0', grad_fn=<BinaryCrossEntropyBackward0>)
Meta_loss tensor(0.9704, device='cuda:0', grad_fn=<BinaryCrossEntropyBackward0>)
Meta_loss tensor(0.9687, device='cuda:0', grad_fn=<BinaryCrossEntropyBackward0>)
Meta_loss tensor(0.9671, device='cuda:0', grad_fn=<BinaryCrossEntropyBackward0>)
Meta_loss tensor(0.9655, device='cuda:0', grad_fn=<BinaryCrossEntropyBackward0>)
Meta_loss tensor(0.9640, device='cuda:0', grad_fn=<BinaryCrossEntropyBackward0>)
Meta_loss tensor(0.9624, device='cuda:0', grad_fn=<BinaryCrossEntropyBackward0>)
Meta_loss tensor(0.9608, device='cuda:0', grad_fn=<BinaryCrossEntropyBackward0>)
Meta_loss tensor(0.9590, device='cuda:0', grad_fn=<BinaryCrossEntropyBackward0>)
Meta_loss tensor(0.9573, device='cuda:0', grad_fn=<BinaryCrossEntropyBackward0>)
Meta_loss tensor(0.9557, device='cuda:0', grad_fn=<BinaryCrossEntropyBackward0>)
Meta_loss tensor(0.9545, device='cuda:0', grad_fn=<BinaryCrossEntropyBackward0>)
Meta_loss tensor(0.9533, device='cuda:0', grad_fn=<BinaryCrossEntropyBackward0>)
Meta_loss tensor(0.9519, device='cuda:0', grad_fn=<BinaryCrossEntropyBackward0>)
Meta_loss tensor(0.9503, device='cuda:0', grad_fn=<BinaryCrossEntropyBackward0>)
Meta_loss tensor(0.9490, device='cuda:0', grad_fn=<BinaryCrossEntropyBackward0>)
Meta_loss tensor(0.9478, device='cuda:0', grad_fn=<BinaryCrossEntropyBackward0>)
Meta_loss tensor(0.9465, device='cuda:0', grad_fn=<BinaryCrossEntropyBackward0>)
Meta_loss tensor(0.9454, device='cuda:0', grad_fn=<BinaryCrossEntropyBackward0>)
Meta_loss tensor(0.9443, device='cuda:0', grad_fn=<BinaryCrossEntropyBackward0>)
Meta_loss tensor(0.9432, device='cuda:0', grad_fn=<BinaryCrossEntropyBackward0>)
Meta_loss tensor(0.9421, device='cuda:0', grad_fn=<BinaryCrossEntropyBackward0>)
Meta_loss tensor(0.9409, device='cuda:0', grad_fn=<BinaryCrossEntropyBackward0>)
Meta_loss tensor(0.9399, device='cuda:0', grad_fn=<BinaryCrossEntropyBackward0>)
Meta_loss tensor(0.9388, device='cuda:0', grad_fn=<BinaryCrossEntropyBackward0>)
Meta_loss tensor(0.9377, device='cuda:0', grad_fn=<BinaryCrossEntropyBackward0>)
Meta_loss tensor(0.9366, device='cuda:0', grad_fn=<BinaryCrossEntropyBackward0>)
Meta_loss tensor(0.9357, device='cuda:0', grad_fn=<BinaryCrossEntropyBackward0>)
Meta_loss tensor(0.9348, device='cuda:0', grad_fn=<BinaryCrossEntropyBackward0>)
Meta_loss tensor(0.9338, device='cuda:0', grad_fn=<BinaryCrossEntropyBackward0>)
Meta_loss tensor(0.9326, device='cuda:0', grad_fn=<BinaryCrossEntropyBackward0>)
Meta_loss tensor(0.9315, device='cuda:0', grad_fn=<BinaryCrossEntropyBackward0>)
Meta_loss tensor(0.9306, device='cuda:0', grad_fn=<BinaryCrossEntropyBackward0>)
Meta_loss tensor(0.9298, device='cuda:0', grad_fn=<BinaryCrossEntropyBackward0>)
Meta_loss tensor(0.9290, device='cuda:0', grad_fn=<BinaryCrossEntropyBackward0>)
Meta_loss tensor(0.9283, device='cuda:0', grad_fn=<BinaryCrossEntropyBackward0>)
Meta_loss tensor(0.9276, device='cuda:0', grad_fn=<BinaryCrossEntropyBackward0>)
Meta_loss tensor(0.9269, device='cuda:0', grad_fn=<BinaryCrossEntropyBackward0>)
Meta_loss tensor(0.9261, device='cuda:0', grad_fn=<BinaryCrossEntropyBackward0>)
Meta_loss tensor(0.9256, device='cuda:0', grad_fn=<BinaryCrossEntropyBackward0>)
Meta_loss tensor(0.9252, device='cuda:0', grad_fn=<BinaryCrossEntropyBackward0>)
Meta_loss tensor(0.9248, device='cuda:0', grad_fn=<BinaryCrossEntropyBackward0>)
Meta_loss tensor(0.9243, device='cuda:0', grad_fn=<BinaryCrossEntropyBackward0>)
Meta_loss tensor(0.9237, device='cuda:0', grad_fn=<BinaryCrossEntropyBackward0>)
Meta_loss tensor(0.9231, device='cuda:0', grad_fn=<BinaryCrossEntropyBackward0>)
Meta_loss tensor(0.9227, device='cuda:0', grad_fn=<BinaryCrossEntropyBackward0>)
Meta_loss tensor(0.9222, device='cuda:0', grad_fn=<BinaryCrossEntropyBackward0>)
Meta_loss tensor(0.9216, device='cuda:0', grad_fn=<BinaryCrossEntropyBackward0>)
Meta_loss tensor(0.9212, device='cuda:0', grad_fn=<BinaryCrossEntropyBackward0>)
Meta_loss tensor(0.9206, device='cuda:0', grad_fn=<BinaryCrossEntropyBackward0>)
Meta_loss tensor(0.9203, device='cuda:0', grad_fn=<BinaryCrossEntropyBackward0>)
Meta_loss tensor(0.9199, device='cuda:0', grad_fn=<BinaryCrossEntropyBackward0>)
Meta_loss tensor(0.9193, device='cuda:0', grad_fn=<BinaryCrossEntropyBackward0>)
Meta_loss tensor(0.9190, device='cuda:0', grad_fn=<BinaryCrossEntropyBackward0>)
Meta_loss tensor(0.9186, device='cuda:0', grad_fn=<BinaryCrossEntropyBackward0>)
Meta_loss tensor(0.9182, device='cuda:0', grad_fn=<BinaryCrossEntropyBackward0>)
Meta_loss tensor(0.9178, device='cuda:0', grad_fn=<BinaryCrossEntropyBackward0>)
Meta_loss tensor(0.9173, device='cuda:0', grad_fn=<BinaryCrossEntropyBackward0>)
Meta_loss tensor(0.9169, device='cuda:0', grad_fn=<BinaryCrossEntropyBackward0>)
Meta_loss tensor(0.9166, device='cuda:0', grad_fn=<BinaryCrossEntropyBackward0>)
Meta_loss tensor(0.9163, device='cuda:0', grad_fn=<BinaryCrossEntropyBackward0>)
Meta_loss tensor(0.9159, device='cuda:0', grad_fn=<BinaryCrossEntropyBackward0>)
Meta_loss tensor(0.9155, device='cuda:0', grad_fn=<BinaryCrossEntropyBackward0>)
Meta_loss tensor(0.9152, device='cuda:0', grad_fn=<BinaryCrossEntropyBackward0>)
Meta_loss tensor(0.9149, device='cuda:0', grad_fn=<BinaryCrossEntropyBackward0>)
Meta_loss tensor(0.9146, device='cuda:0', grad_fn=<BinaryCrossEntropyBackward0>)
Meta_loss tensor(0.9142, device='cuda:0', grad_fn=<BinaryCrossEntropyBackward0>)
Meta_loss tensor(0.9138, device='cuda:0', grad_fn=<BinaryCrossEntropyBackward0>)
Meta_loss tensor(0.9135, device='cuda:0', grad_fn=<BinaryCrossEntropyBackward0>)
Meta_loss tensor(0.9132, device='cuda:0', grad_fn=<BinaryCrossEntropyBackward0>)
Meta_loss tensor(0.9129, device='cuda:0', grad_fn=<BinaryCrossEntropyBackward0>)
Meta_loss tensor(0.9125, device='cuda:0', grad_fn=<BinaryCrossEntropyBackward0>)
Meta_loss tensor(0.9121, device='cuda:0', grad_fn=<BinaryCrossEntropyBackward0>)
Meta_loss tensor(0.9117, device='cuda:0', grad_fn=<BinaryCrossEntropyBackward0>)
Meta_loss tensor(0.9117, device='cuda:0', grad_fn=<BinaryCrossEntropyBackward0>)
Meta_loss tensor(0.9114, device='cuda:0', grad_fn=<BinaryCrossEntropyBackward0>)
Meta_loss tensor(0.9112, device='cuda:0', grad_fn=<BinaryCrossEntropyBackward0>)
Meta_loss tensor(0.9109, device='cuda:0', grad_fn=<BinaryCrossEntropyBackward0>)
Meta_loss tensor(0.9108, device='cuda:0', grad_fn=<BinaryCrossEntropyBackward0>)
Meta_loss tensor(0.9104, device='cuda:0', grad_fn=<BinaryCrossEntropyBackward0>)
Meta_loss tensor(0.9100, device='cuda:0', grad_fn=<BinaryCrossEntropyBackward0>)
Meta_loss tensor(0.9099, device='cuda:0', grad_fn=<BinaryCrossEntropyBackward0>)
Meta_loss tensor(0.9098, device='cuda:0', grad_fn=<BinaryCrossEntropyBackward0>)
Meta_loss tensor(0.9099, device='cuda:0', grad_fn=<BinaryCrossEntropyBackward0>)
Meta_loss tensor(0.9096, device='cuda:0', grad_fn=<BinaryCrossEntropyBackward0>)
Meta_loss tensor(0.9093, device='cuda:0', grad_fn=<BinaryCrossEntropyBackward0>)
Meta_loss tensor(0.9090, device='cuda:0', grad_fn=<BinaryCrossEntropyBackward0>)
Meta_loss tensor(0.9087, device='cuda:0', grad_fn=<BinaryCrossEntropyBackward0>)
Meta_loss tensor(0.9084, device='cuda:0', grad_fn=<BinaryCrossEntropyBackward0>)
Meta_loss tensor(0.9085, device='cuda:0', grad_fn=<BinaryCrossEntropyBackward0>)
Meta_loss tensor(0.9082, device='cuda:0', grad_fn=<BinaryCrossEntropyBackward0>)
Meta_loss tensor(0.9080, device='cuda:0', grad_fn=<BinaryCrossEntropyBackward0>)
Meta_loss tensor(0.9077, device='cuda:0', grad_fn=<BinaryCrossEntropyBackward0>)
Meta_loss tensor(0.9077, device='cuda:0', grad_fn=<BinaryCrossEntropyBackward0>)
Meta_loss tensor(0.9077, device='cuda:0', grad_fn=<BinaryCrossEntropyBackward0>)
Meta_loss tensor(0.9076, device='cuda:0', grad_fn=<BinaryCrossEntropyBackward0>)
Meta_loss tensor(0.9076, device='cuda:0', grad_fn=<BinaryCrossEntropyBackward0>)
Meta_loss tensor(0.9076, device='cuda:0', grad_fn=<BinaryCrossEntropyBackward0>)
Meta_loss tensor(0.9072, device='cuda:0', grad_fn=<BinaryCrossEntropyBackward0>)
Meta_loss tensor(0.9070, device='cuda:0', grad_fn=<BinaryCrossEntropyBackward0>)
Meta_loss tensor(0.9066, device='cuda:0', grad_fn=<BinaryCrossEntropyBackward0>)
Meta_loss tensor(0.9062, device='cuda:0', grad_fn=<BinaryCrossEntropyBackward0>)
Meta_loss tensor(0.9058, device='cuda:0', grad_fn=<BinaryCrossEntropyBackward0>)
Meta_loss tensor(0.9056, device='cuda:0', grad_fn=<BinaryCrossEntropyBackward0>)
Meta_loss tensor(0.9055, device='cuda:0', grad_fn=<BinaryCrossEntropyBackward0>)
Meta_loss tensor(0.9054, device='cuda:0', grad_fn=<BinaryCrossEntropyBackward0>)
Meta_loss tensor(0.9050, device='cuda:0', grad_fn=<BinaryCrossEntropyBackward0>)
Meta_loss tensor(0.9047, device='cuda:0', grad_fn=<BinaryCrossEntropyBackward0>)
Meta_loss tensor(0.9046, device='cuda:0', grad_fn=<BinaryCrossEntropyBackward0>)
Meta_loss tensor(0.9045, device='cuda:0', grad_fn=<BinaryCrossEntropyBackward0>)
Meta_loss tensor(0.9040, device='cuda:0', grad_fn=<BinaryCrossEntropyBackward0>)
Meta_loss tensor(0.9033, device='cuda:0', grad_fn=<BinaryCrossEntropyBackward0>)
Meta_loss tensor(0.9030, device='cuda:0', grad_fn=<BinaryCrossEntropyBackward0>)
Meta_loss tensor(0.9028, device='cuda:0', grad_fn=<BinaryCrossEntropyBackward0>)
Meta_loss tensor(0.9027, device='cuda:0', grad_fn=<BinaryCrossEntropyBackward0>)
Meta_loss tensor(0.9026, device='cuda:0', grad_fn=<BinaryCrossEntropyBackward0>)
Meta_loss tensor(0.9025, device='cuda:0', grad_fn=<BinaryCrossEntropyBackward0>)
Meta_loss tensor(0.9023, device='cuda:0', grad_fn=<BinaryCrossEntropyBackward0>)
Meta_loss tensor(0.9020, device='cuda:0', grad_fn=<BinaryCrossEntropyBackward0>)
Meta_loss tensor(0.9018, device='cuda:0', grad_fn=<BinaryCrossEntropyBackward0>)
Meta_loss tensor(0.9015, device='cuda:0', grad_fn=<BinaryCrossEntropyBackward0>)
Meta_loss tensor(0.9014, device='cuda:0', grad_fn=<BinaryCrossEntropyBackward0>)
Meta_loss tensor(0.9012, device='cuda:0', grad_fn=<BinaryCrossEntropyBackward0>)
Meta_loss tensor(0.9011, device='cuda:0', grad_fn=<BinaryCrossEntropyBackward0>)
Meta_loss tensor(0.9008, device='cuda:0', grad_fn=<BinaryCrossEntropyBackward0>)
Meta_loss tensor(0.9006, device='cuda:0', grad_fn=<BinaryCrossEntropyBackward0>)
Meta_loss tensor(0.9004, device='cuda:0', grad_fn=<BinaryCrossEntropyBackward0>)
Meta_loss tensor(0.9002, device='cuda:0', grad_fn=<BinaryCrossEntropyBackward0>)
Meta_loss tensor(0.8999, device='cuda:0', grad_fn=<BinaryCrossEntropyBackward0>)
Meta_loss tensor(0.8999, device='cuda:0', grad_fn=<BinaryCrossEntropyBackward0>)
Meta_loss tensor(0.8997, device='cuda:0', grad_fn=<BinaryCrossEntropyBackward0>)
Meta_loss tensor(0.8993, device='cuda:0', grad_fn=<BinaryCrossEntropyBackward0>)
Meta_loss tensor(0.8990, device='cuda:0', grad_fn=<BinaryCrossEntropyBackward0>)
Meta_loss tensor(0.8988, device='cuda:0', grad_fn=<BinaryCrossEntropyBackward0>)
Meta_loss tensor(0.8987, device='cuda:0', grad_fn=<BinaryCrossEntropyBackward0>)
Meta_loss tensor(0.8987, device='cuda:0', grad_fn=<BinaryCrossEntropyBackward0>)
Meta_loss tensor(0.8985, device='cuda:0', grad_fn=<BinaryCrossEntropyBackward0>)
Meta_loss tensor(0.8984, device='cuda:0', grad_fn=<BinaryCrossEntropyBackward0>)
Meta_loss tensor(0.8982, device='cuda:0', grad_fn=<BinaryCrossEntropyBackward0>)
Meta_loss tensor(0.8980, device='cuda:0', grad_fn=<BinaryCrossEntropyBackward0>)
Meta_loss tensor(0.8980, device='cuda:0', grad_fn=<BinaryCrossEntropyBackward0>)
Meta_loss tensor(0.8979, device='cuda:0', grad_fn=<BinaryCrossEntropyBackward0>)
Meta_loss tensor(0.8975, device='cuda:0', grad_fn=<BinaryCrossEntropyBackward0>)
Meta_loss tensor(0.8973, device='cuda:0', grad_fn=<BinaryCrossEntropyBackward0>)
Meta_loss tensor(0.8972, device='cuda:0', grad_fn=<BinaryCrossEntropyBackward0>)
Meta_loss tensor(0.8972, device='cuda:0', grad_fn=<BinaryCrossEntropyBackward0>)
Meta_loss tensor(0.8970, device='cuda:0', grad_fn=<BinaryCrossEntropyBackward0>)
Meta_loss tensor(0.8967, device='cuda:0', grad_fn=<BinaryCrossEntropyBackward0>)
Meta_loss tensor(0.8967, device='cuda:0', grad_fn=<BinaryCrossEntropyBackward0>)
Meta_loss tensor(0.8963, device='cuda:0', grad_fn=<BinaryCrossEntropyBackward0>)
Meta_loss tensor(0.8960, device='cuda:0', grad_fn=<BinaryCrossEntropyBackward0>)
Meta_loss tensor(0.8958, device='cuda:0', grad_fn=<BinaryCrossEntropyBackward0>)
Meta_loss tensor(0.8957, device='cuda:0', grad_fn=<BinaryCrossEntropyBackward0>)
Meta_loss tensor(0.8954, device='cuda:0', grad_fn=<BinaryCrossEntropyBackward0>)
Meta_loss tensor(0.8950, device='cuda:0', grad_fn=<BinaryCrossEntropyBackward0>)
Meta_loss tensor(0.8948, device='cuda:0', grad_fn=<BinaryCrossEntropyBackward0>)
Meta_loss tensor(0.8946, device='cuda:0', grad_fn=<BinaryCrossEntropyBackward0>)
Meta_loss tensor(0.8944, device='cuda:0', grad_fn=<BinaryCrossEntropyBackward0>)
Meta_loss tensor(0.8943, device='cuda:0', grad_fn=<BinaryCrossEntropyBackward0>)
Meta_loss tensor(0.8942, device='cuda:0', grad_fn=<BinaryCrossEntropyBackward0>)
Meta_loss tensor(0.8938, device='cuda:0', grad_fn=<BinaryCrossEntropyBackward0>)
Meta_loss tensor(0.8937, device='cuda:0', grad_fn=<BinaryCrossEntropyBackward0>)
Meta_loss tensor(0.8934, device='cuda:0', grad_fn=<BinaryCrossEntropyBackward0>)
Meta_loss tensor(0.8932, device='cuda:0', grad_fn=<BinaryCrossEntropyBackward0>)
Meta_loss tensor(0.8930, device='cuda:0', grad_fn=<BinaryCrossEntropyBackward0>)
Meta_loss tensor(0.8927, device='cuda:0', grad_fn=<BinaryCrossEntropyBackward0>)
Meta_loss tensor(0.8926, device='cuda:0', grad_fn=<BinaryCrossEntropyBackward0>)
Meta_loss tensor(0.8922, device='cuda:0', grad_fn=<BinaryCrossEntropyBackward0>)
Meta_loss tensor(0.8921, device='cuda:0', grad_fn=<BinaryCrossEntropyBackward0>)
Meta_loss tensor(0.8917, device='cuda:0', grad_fn=<BinaryCrossEntropyBackward0>)
Meta_loss tensor(0.8914, device='cuda:0', grad_fn=<BinaryCrossEntropyBackward0>)
Meta_loss tensor(0.8912, device='cuda:0', grad_fn=<BinaryCrossEntropyBackward0>)
Meta_loss tensor(0.8908, device='cuda:0', grad_fn=<BinaryCrossEntropyBackward0>)
Meta_loss tensor(0.8906, device='cuda:0', grad_fn=<BinaryCrossEntropyBackward0>)
Meta_loss tensor(0.8905, device='cuda:0', grad_fn=<BinaryCrossEntropyBackward0>)
Meta_loss tensor(0.8903, device='cuda:0', grad_fn=<BinaryCrossEntropyBackward0>)
Meta_loss tensor(0.8902, device='cuda:0', grad_fn=<BinaryCrossEntropyBackward0>)
Meta_loss tensor(0.8901, device='cuda:0', grad_fn=<BinaryCrossEntropyBackward0>)
Meta_loss tensor(0.8901, device='cuda:0', grad_fn=<BinaryCrossEntropyBackward0>)
Meta_loss tensor(0.8901, device='cuda:0', grad_fn=<BinaryCrossEntropyBackward0>)
Meta_loss tensor(0.8899, device='cuda:0', grad_fn=<BinaryCrossEntropyBackward0>)
Meta_loss tensor(0.8900, device='cuda:0', grad_fn=<BinaryCrossEntropyBackward0>)
Meta_loss tensor(0.8902, device='cuda:0', grad_fn=<BinaryCrossEntropyBackward0>)
Meta_loss tensor(0.8903, device='cuda:0', grad_fn=<BinaryCrossEntropyBackward0>)
Meta_loss tensor(0.8903, device='cuda:0', grad_fn=<BinaryCrossEntropyBackward0>)
Meta_loss tensor(0.8902, device='cuda:0', grad_fn=<BinaryCrossEntropyBackward0>)
Meta_loss tensor(0.8901, device='cuda:0', grad_fn=<BinaryCrossEntropyBackward0>)
Meta_loss tensor(0.8900, device='cuda:0', grad_fn=<BinaryCrossEntropyBackward0>)
Meta_loss tensor(0.8898, device='cuda:0', grad_fn=<BinaryCrossEntropyBackward0>)
Meta_loss tensor(0.8897, device='cuda:0', grad_fn=<BinaryCrossEntropyBackward0>)
Meta_loss tensor(0.8894, device='cuda:0', grad_fn=<BinaryCrossEntropyBackward0>)
Meta_loss tensor(0.8893, device='cuda:0', grad_fn=<BinaryCrossEntropyBackward0>)
Meta_loss tensor(0.8892, device='cuda:0', grad_fn=<BinaryCrossEntropyBackward0>)
Meta_loss tensor(0.8891, device='cuda:0', grad_fn=<BinaryCrossEntropyBackward0>)
Meta_loss tensor(0.8890, device='cuda:0', grad_fn=<BinaryCrossEntropyBackward0>)
Meta_loss tensor(0.8891, device='cuda:0', grad_fn=<BinaryCrossEntropyBackward0>)
Meta_loss tensor(0.8889, device='cuda:0', grad_fn=<BinaryCrossEntropyBackward0>)
Meta_loss tensor(0.8885, device='cuda:0', grad_fn=<BinaryCrossEntropyBackward0>)
Meta_loss tensor(0.8885, device='cuda:0', grad_fn=<BinaryCrossEntropyBackward0>)
Meta_loss tensor(0.8884, device='cuda:0', grad_fn=<BinaryCrossEntropyBackward0>)
Meta_loss tensor(0.8881, device='cuda:0', grad_fn=<BinaryCrossEntropyBackward0>)
Meta_loss tensor(0.8879, device='cuda:0', grad_fn=<BinaryCrossEntropyBackward0>)
Meta_loss tensor(0.8877, device='cuda:0', grad_fn=<BinaryCrossEntropyBackward0>)
Meta_loss tensor(0.8875, device='cuda:0', grad_fn=<BinaryCrossEntropyBackward0>)
Meta_loss tensor(0.8875, device='cuda:0', grad_fn=<BinaryCrossEntropyBackward0>)
Meta_loss tensor(0.8876, device='cuda:0', grad_fn=<BinaryCrossEntropyBackward0>)
Meta_loss tensor(0.8877, device='cuda:0', grad_fn=<BinaryCrossEntropyBackward0>)
Meta_loss tensor(0.8879, device='cuda:0', grad_fn=<BinaryCrossEntropyBackward0>)
Meta_loss tensor(0.8879, device='cuda:0', grad_fn=<BinaryCrossEntropyBackward0>)
Meta_loss tensor(0.8878, device='cuda:0', grad_fn=<BinaryCrossEntropyBackward0>)
Meta_loss tensor(0.8878, device='cuda:0', grad_fn=<BinaryCrossEntropyBackward0>)
Meta_loss tensor(0.8877, device='cuda:0', grad_fn=<BinaryCrossEntropyBackward0>)
Meta_loss tensor(0.8875, device='cuda:0', grad_fn=<BinaryCrossEntropyBackward0>)
Meta_loss tensor(0.8873, device='cuda:0', grad_fn=<BinaryCrossEntropyBackward0>)
Meta_loss tensor(0.8871, device='cuda:0', grad_fn=<BinaryCrossEntropyBackward0>)
Meta_loss tensor(0.8872, device='cuda:0', grad_fn=<BinaryCrossEntropyBackward0>)
Meta_loss tensor(0.8871, device='cuda:0', grad_fn=<BinaryCrossEntropyBackward0>)
Meta_loss tensor(0.8870, device='cuda:0', grad_fn=<BinaryCrossEntropyBackward0>)
Meta_loss tensor(0.8869, device='cuda:0', grad_fn=<BinaryCrossEntropyBackward0>)
Meta_loss tensor(0.8868, device='cuda:0', grad_fn=<BinaryCrossEntropyBackward0>)
Meta_loss tensor(0.8868, device='cuda:0', grad_fn=<BinaryCrossEntropyBackward0>)
Meta_loss tensor(0.8868, device='cuda:0', grad_fn=<BinaryCrossEntropyBackward0>)
Meta_loss tensor(0.8868, device='cuda:0', grad_fn=<BinaryCrossEntropyBackward0>)
Meta_loss tensor(0.8868, device='cuda:0', grad_fn=<BinaryCrossEntropyBackward0>)
Meta_loss tensor(0.8866, device='cuda:0', grad_fn=<BinaryCrossEntropyBackward0>)
Meta_loss tensor(0.8865, device='cuda:0', grad_fn=<BinaryCrossEntropyBackward0>)
Meta_loss tensor(0.8864, device='cuda:0', grad_fn=<BinaryCrossEntropyBackward0>)
Meta_loss tensor(0.8861, device='cuda:0', grad_fn=<BinaryCrossEntropyBackward0>)
Meta_loss tensor(0.8858, device='cuda:0', grad_fn=<BinaryCrossEntropyBackward0>)
Meta_loss tensor(0.8858, device='cuda:0', grad_fn=<BinaryCrossEntropyBackward0>)
Meta_loss tensor(0.8858, device='cuda:0', grad_fn=<BinaryCrossEntropyBackward0>)
Meta_loss tensor(0.8858, device='cuda:0', grad_fn=<BinaryCrossEntropyBackward0>)
Meta_loss tensor(0.8856, device='cuda:0', grad_fn=<BinaryCrossEntropyBackward0>)
Meta_loss tensor(0.8857, device='cuda:0', grad_fn=<BinaryCrossEntropyBackward0>)
Meta_loss tensor(0.8857, device='cuda:0', grad_fn=<BinaryCrossEntropyBackward0>)
Meta_loss tensor(0.8857, device='cuda:0', grad_fn=<BinaryCrossEntropyBackward0>)
Meta_loss tensor(0.8859, device='cuda:0', grad_fn=<BinaryCrossEntropyBackward0>)
Meta_loss tensor(0.8860, device='cuda:0', grad_fn=<BinaryCrossEntropyBackward0>)
Meta_loss tensor(0.8859, device='cuda:0', grad_fn=<BinaryCrossEntropyBackward0>)
Meta_loss tensor(0.8858, device='cuda:0', grad_fn=<BinaryCrossEntropyBackward0>)
Meta_loss tensor(0.8857, device='cuda:0', grad_fn=<BinaryCrossEntropyBackward0>)
Meta_loss tensor(0.8857, device='cuda:0', grad_fn=<BinaryCrossEntropyBackward0>)
Meta_loss tensor(0.8859, device='cuda:0', grad_fn=<BinaryCrossEntropyBackward0>)
Meta_loss tensor(0.8859, device='cuda:0', grad_fn=<BinaryCrossEntropyBackward0>)
---------- best_epoch : 238 ;   
[WARNING 40:56] Computing RM on meta and QUERY set
[INFO 40:59] RM: 0.09513622866421281
[INFO 40:59] Fold 2; results: ({'mi_acc': 0.5941205620765686, 'rmse': 0.5475488305091858, 'mae': 0.4267331659793854, 'mi_prec': 0.4883567690849304, 'mi_rec': 0.560373067855835, 'mi_f_b': 0.5218921899795532, 'mi_auc': nan, 'ma_prec': 0.5851413607597351, 'ma_rec': 0.5882781744003296, 'ma_f_b': 0.5846409797668457}, {'meta_doa': np.float64(0.5124566331357648), 'pc-er': -0.023223876953125, 'rm': 0.09513622866421281})
