PID 1822637 sees CUDA_VISIBLE_DEVICES = 0
→ torch.device is 0 Tesla V100-SXM2-16GB
[INFO 28:04] Using device: cuda
[INFO 28:04] #### config : {'seed': 0, 'dataset_name': 'math2', 'load_params': True, 'save_params': False, 'embs_path': '../embs/', 'params_path': '../ckpt/', 'early_stopping': True, 'esc': 'error', 'verbose_early_stopping': False, 'disable_tqdm': False, 'valid_metric': 'rmse', 'learning_rate': 0.001, 'batch_size': 512, 'valid_batch_size': 10000, 'num_epochs': 100, 'eval_freq': 1, 'patience': 20, 'device': device(type='cuda'), 'lambda': 2.6180638633142202e-05, 'tensorboard': False, 'flush_freq': True, 'pred_metrics': ['mi_acc', 'rmse', 'mae', 'mi_prec', 'mi_rec', 'mi_f_b', 'mi_auc', 'ma_prec', 'ma_rec', 'ma_f_b'], 'profile_metrics': ['meta_doa', 'pc-er', 'rm'], 'num_responses': 12, 'low_mem': False, 'n_query': 16, 'CDM': 'impact', 'i_fold': 3, 'num_inner_users_epochs': 10, 'num_inner_epochs': 10, 'inner_lr': 0.0001, 'inner_user_lr': 0.05, 'meta_lr': 0.05, 'meta_trainer': 'Adam', 'num_workers': 0, 'pin_memory': False, 'debug': False} ####
[INFO 28:17] Random_cont_model
[INFO 28:17] compiling CDM model
[INFO 28:26] compiling selection model
[INFO 28:26] ⏳ Début de l'entraînement...
[INFO 28:26] ✅ Entraînement terminé en 0.00 secondes.
[INFO 28:26] train on cuda
[WARNING 30:07] Computing RM on meta and QUERY set
[INFO 30:10] RM: 0.3056003926695286
[WARNING 30:11] Computing RM on meta and QUERY set
[INFO 30:11] RM: 0.44049270087539283
[WARNING 30:13] Computing RM on meta and QUERY set
[INFO 30:13] RM: 0.5104436747010017
[WARNING 30:14] Computing RM on meta and QUERY set
[INFO 30:14] RM: 0.5629707936616055
[WARNING 30:16] Computing RM on meta and QUERY set
[INFO 30:16] RM: 0.5855565015329849
[WARNING 30:17] Computing RM on meta and QUERY set
[INFO 30:17] RM: 0.6254762490462451
[WARNING 30:19] Computing RM on meta and QUERY set
[INFO 30:19] RM: 0.6574156546790964
[WARNING 30:21] Computing RM on meta and QUERY set
[INFO 30:21] RM: 0.6842314233981418
[WARNING 30:22] Computing RM on meta and QUERY set
[INFO 30:22] RM: 0.7152891150794157
[WARNING 30:24] Computing RM on meta and QUERY set
[INFO 30:24] RM: 0.7365037577888812
[WARNING 30:25] Computing RM on meta and QUERY set
[INFO 30:25] RM: 0.7700552600310734
[WARNING 30:27] Computing RM on meta and QUERY set
[INFO 30:27] RM: 0.7941843368249548
[WARNING 30:29] Computing RM on meta and QUERY set
[INFO 30:29] RM: 0.8174523391661972
[WARNING 30:30] Computing RM on meta and QUERY set
[INFO 30:30] RM: 0.8246408309580058
[WARNING 30:32] Computing RM on meta and QUERY set
[INFO 30:32] RM: 0.8576528374487047
[WARNING 30:33] Computing RM on meta and QUERY set
[INFO 30:33] RM: 0.8837364875803211
[INFO 30:33] Fold 3; pareto_index: 6.921850899556871; results: ({0: {'mi_acc': 0.6135525703430176, 'rmse': 0.6216489672660828, 'mae': 0.3864474296569824, 'mi_prec': 0.6039963960647583, 'mi_rec': 0.5548602342605591, 'mi_f_b': 0.5783866047859192, 'mi_auc': 0.611049659240622, 'ma_prec': 0.612511396408081, 'ma_rec': 0.6110496520996094, 'ma_f_b': 0.6108452677726746}, 1: {'mi_acc': 0.6000996232032776, 'rmse': 0.6323767304420471, 'mae': 0.3999003469944, 'mi_prec': 0.5976384878158569, 'mi_rec': 0.5401190519332886, 'mi_f_b': 0.5674248337745667, 'mi_auc': 0.5984206119432023, 'ma_prec': 0.5998314619064331, 'ma_rec': 0.5984206199645996, 'ma_f_b': 0.5978049039840698}, 2: {'mi_acc': 0.6185351014137268, 'rmse': 0.6176283955574036, 'mae': 0.3814648687839508, 'mi_prec': 0.6130790114402771, 'mi_rec': 0.5597015023231506, 'mi_f_b': 0.5851755738258362, 'mi_auc': 0.6163504584160372, 'ma_prec': 0.6179406642913818, 'ma_rec': 0.6163504719734192, 'ma_f_b': 0.6160520911216736}, 3: {'mi_acc': 0.6282012462615967, 'rmse': 0.6097529530525208, 'mae': 0.37179869413375854, 'mi_prec': 0.6396457552909851, 'mi_rec': 0.5678290724754333, 'mi_f_b': 0.6016017198562622, 'mi_auc': 0.6275290386814553, 'ma_prec': 0.6294481754302979, 'ma_rec': 0.6275290250778198, 'ma_f_b': 0.62653648853302}, 4: {'mi_acc': 0.6368709206581116, 'rmse': 0.6026018857955933, 'mae': 0.36312904953956604, 'mi_prec': 0.6512261629104614, 'mi_rec': 0.5763665437698364, 'mi_f_b': 0.6115138530731201, 'mi_auc': 0.636374621905248, 'ma_prec': 0.6384349465370178, 'ma_rec': 0.6363745927810669, 'ma_f_b': 0.6353172659873962}, 5: {'mi_acc': 0.6457399129867554, 'rmse': 0.5951974987983704, 'mae': 0.35426008701324463, 'mi_prec': 0.6623523831367493, 'mi_rec': 0.5851554870605469, 'mi_f_b': 0.621365487575531, 'mi_auc': 0.6453500104273214, 'ma_prec': 0.6475498676300049, 'ma_rec': 0.6453499794006348, 'ma_f_b': 0.6442657709121704}, 6: {'mi_acc': 0.651021420955658, 'rmse': 0.5907440781593323, 'mae': 0.34897854924201965, 'mi_prec': 0.6621253490447998, 'mi_rec': 0.5914807319641113, 'mi_f_b': 0.6248124837875366, 'mi_auc': 0.6500008940048038, 'ma_prec': 0.6522312164306641, 'ma_rec': 0.6500009298324585, 'ma_f_b': 0.6493101119995117}, 7: {'mi_acc': 0.6522172093391418, 'rmse': 0.5897310972213745, 'mae': 0.34778276085853577, 'mi_prec': 0.6521344184875488, 'mi_rec': 0.5946169495582581, 'mi_f_b': 0.6220489740371704, 'mi_auc': 0.6501423022535665, 'ma_prec': 0.6522082090377808, 'ma_rec': 0.6501423120498657, 'ma_f_b': 0.6499872207641602}, 8: {'mi_acc': 0.6609865427017212, 'rmse': 0.5822485685348511, 'mae': 0.3390134274959564, 'mi_prec': 0.6650772094726562, 'mi_rec': 0.6031713485717773, 'mi_f_b': 0.6326134204864502, 'mi_auc': 0.6591836591061419, 'ma_prec': 0.6614322662353516, 'ma_rec': 0.6591836810112, 'ma_f_b': 0.6589524745941162}, 9: {'mi_acc': 0.6639760732650757, 'rmse': 0.5796756744384766, 'mae': 0.33602389693260193, 'mi_prec': 0.667574942111969, 'mi_rec': 0.6064356565475464, 'mi_f_b': 0.6355382204055786, 'mi_auc': 0.6620957859233002, 'ma_prec': 0.6643681526184082, 'ma_rec': 0.6620957851409912, 'ma_f_b': 0.6619177460670471}, 10: {'mi_acc': 0.6687593460083008, 'rmse': 0.5755351185798645, 'mae': 0.3312406539916992, 'mi_prec': 0.6714350581169128, 'mi_rec': 0.6117087006568909, 'mi_f_b': 0.640181839466095, 'mi_auc': 0.6667465010428519, 'ma_prec': 0.6690508723258972, 'ma_rec': 0.6667464971542358, 'ma_f_b': 0.6666566729545593}, 11: {'mi_acc': 0.6681613922119141, 'rmse': 0.5760542750358582, 'mae': 0.33183854818344116, 'mi_prec': 0.6634877324104309, 'mi_rec': 0.6125786304473877, 'mi_f_b': 0.6370177268981934, 'mi_auc': 0.66554856743536, 'ma_prec': 0.6676522493362427, 'ma_rec': 0.66554856300354, 'ma_f_b': 0.6657004356384277}, 12: {'mi_acc': 0.6701544523239136, 'rmse': 0.5743218064308167, 'mae': 0.32984551787376404, 'mi_prec': 0.6589463949203491, 'mi_rec': 0.6161358952522278, 'mi_f_b': 0.6368224620819092, 'mi_auc': 0.6670350767022517, 'ma_prec': 0.6689333319664001, 'ma_rec': 0.6670351028442383, 'ma_f_b': 0.6673524379730225}, 13: {'mi_acc': 0.6684603691101074, 'rmse': 0.5757947564125061, 'mae': 0.3315396010875702, 'mi_prec': 0.6730245351791382, 'mi_rec': 0.6110080480575562, 'mi_f_b': 0.6405186653137207, 'mi_auc': 0.6666151309008451, 'ma_prec': 0.6689576506614685, 'ma_rec': 0.6666151285171509, 'ma_f_b': 0.6664451956748962}, 14: {'mi_acc': 0.6657697558403015, 'rmse': 0.5781264305114746, 'mae': 0.3342301845550537, 'mi_prec': 0.657584011554718, 'mi_rec': 0.6107127666473389, 'mi_f_b': 0.6332823038101196, 'mi_auc': 0.6629040942243811, 'ma_prec': 0.6648779511451721, 'ma_rec': 0.6629040837287903, 'ma_f_b': 0.6631259322166443}, 15: {'mi_acc': 0.6724464297294617, 'rmse': 0.5723229050636292, 'mae': 0.32755354046821594, 'mi_prec': 0.6594005227088928, 'mi_rec': 0.6190577745437622, 'mi_f_b': 0.6385926008224487, 'mi_auc': 0.6691845737218804, 'ma_prec': 0.6710250377655029, 'ma_rec': 0.6691845655441284, 'ma_f_b': 0.6695468425750732}}, {0: {'meta_doa': np.float64(0.5470591424520858), 'pc-er': 0.058319091796875, 'rm': 0.3056003926695286}, 1: {'meta_doa': np.float64(0.5647898934995261), 'pc-er': 0.07220458984375, 'rm': 0.44049270087539283}, 2: {'meta_doa': np.float64(0.5806479056387417), 'pc-er': 0.03277587890625, 'rm': 0.5104436747010017}, 3: {'meta_doa': np.float64(0.6009311574034145), 'pc-er': 0.050567626953125, 'rm': 0.5629707936616055}, 4: {'meta_doa': np.float64(0.6181924071031283), 'pc-er': 0.040679931640625, 'rm': 0.5855565015329849}, 5: {'meta_doa': np.float64(0.6361076747027042), 'pc-er': 0.037109375, 'rm': 0.6254762490462451}, 6: {'meta_doa': np.float64(0.6540557125667535), 'pc-er': 0.047210693359375, 'rm': 0.6574156546790964}, 7: {'meta_doa': np.float64(0.6664830563633866), 'pc-er': 0.0244598388671875, 'rm': 0.6842314233981418}, 8: {'meta_doa': np.float64(0.6806787160332136), 'pc-er': 0.038360595703125, 'rm': 0.7152891150794157}, 9: {'meta_doa': np.float64(0.6933789080683649), 'pc-er': 0.01247406005859375, 'rm': 0.7365037577888812}, 10: {'meta_doa': np.float64(0.7075496741161031), 'pc-er': 0.041412353515625, 'rm': 0.7700552600310734}, 11: {'meta_doa': np.float64(0.7188854013973407), 'pc-er': 0.021240234375, 'rm': 0.7941843368249548}, 12: {'meta_doa': np.float64(0.7273269389676882), 'pc-er': 0.0091400146484375, 'rm': 0.8174523391661972}, 13: {'meta_doa': np.float64(0.7348775897254777), 'pc-er': 0.026031494140625, 'rm': 0.8246408309580058}, 14: {'meta_doa': np.float64(0.744422370374274), 'pc-er': 0.02349853515625, 'rm': 0.8576528374487047}, 15: {'meta_doa': np.float64(0.7547950339173822), 'pc-er': 0.0144805908203125, 'rm': 0.8837364875803211}})
