PID 104483 sees CUDA_VISIBLE_DEVICES = 0
→ torch.device is 0 Tesla V100-SXM2-16GB
[INFO 57:11] Using device: cuda
[INFO 57:11] #### config : {'seed': 0, 'dataset_name': 'algebra', 'load_params': True, 'save_params': False, 'embs_path': '../embs/', 'params_path': '../ckpt/', 'early_stopping': True, 'esc': 'error', 'verbose_early_stopping': False, 'disable_tqdm': False, 'valid_metric': 'rmse', 'learning_rate': 0.001, 'batch_size': 512, 'valid_batch_size': 10000, 'num_epochs': 100, 'eval_freq': 1, 'patience': 20, 'device': device(type='cuda'), 'lambda': 6.883708386254995e-06, 'tensorboard': False, 'flush_freq': True, 'pred_metrics': ['mi_acc', 'rmse', 'mae', 'mi_prec', 'mi_rec', 'mi_f_b', 'mi_auc', 'ma_prec', 'ma_rec', 'ma_f_b'], 'profile_metrics': ['meta_doa', 'pc-er', 'rm'], 'num_responses': 12, 'low_mem': False, 'n_query': 25, 'CDM': 'impact', 'i_fold': 3, 'num_inner_users_epochs': 3, 'num_inner_epochs': 10, 'inner_lr': 0.0001, 'inner_user_lr': 1.0, 'meta_lr': 0.05, 'meta_trainer': 'MAML', 'num_workers': 0, 'pin_memory': False, 'debug': False} ####
[INFO 57:51] Random_cont_model
[INFO 57:51] compiling CDM model
[INFO 58:53] compiling selection model
[INFO 58:53] ⏳ Training started...
[INFO 58:53] ------- START Training
[INFO 58:53] train on cuda
[INFO 59:19] - learning_users_emb: 0.05
[INFO 59:28] rmse : 0.5851372480392456
[INFO 59:28] valid_rmse : 3.524923324584961
[INFO 59:28] valid_loss : 4.834046840667725
[INFO 59:56] - learning_users_emb: 0.05
[INFO 00:04] rmse : 0.5690286755561829
[INFO 00:04] valid_rmse : 3.4278836250305176
[INFO 00:04] valid_loss : 4.7901997566223145
[INFO 00:24] - learning_users_emb: 0.05
[INFO 00:30] rmse : 0.5623817443847656
[INFO 00:30] valid_rmse : 3.3878419399261475
[INFO 00:30] valid_loss : 4.739954471588135
[INFO 00:49] - learning_users_emb: 0.05
[INFO 00:56] rmse : 0.5496072173118591
[INFO 00:56] valid_rmse : 3.310886859893799
[INFO 00:56] valid_loss : 4.706275939941406
[INFO 01:16] - learning_users_emb: 0.05
[INFO 01:22] rmse : 0.5382778644561768
[INFO 01:23] valid_rmse : 3.242637872695923
[INFO 01:23] valid_loss : 4.670159816741943
[INFO 01:41] - learning_users_emb: 0.05
[INFO 01:48] rmse : 0.5243197679519653
[INFO 01:48] valid_rmse : 3.158552885055542
[INFO 01:48] valid_loss : 4.65057897567749
[INFO 02:07] - learning_users_emb: 0.05
[INFO 02:14] rmse : 0.5187119245529175
[INFO 02:14] valid_rmse : 3.1247706413269043
[INFO 02:14] valid_loss : 4.620882987976074
[INFO 02:33] - learning_users_emb: 0.05
[INFO 02:40] rmse : 0.5124316215515137
[INFO 02:40] valid_rmse : 3.086937427520752
[INFO 02:40] valid_loss : 4.602727890014648
[INFO 02:58] - learning_users_emb: 0.05
[INFO 03:05] rmse : 0.5122277736663818
[INFO 03:05] valid_rmse : 3.085709571838379
[INFO 03:05] valid_loss : 4.582525730133057
[INFO 03:23] - learning_users_emb: 0.05
[INFO 03:30] rmse : 0.5083386301994324
[INFO 03:30] valid_rmse : 3.0622808933258057
[INFO 03:30] valid_loss : 4.574887275695801
[INFO 03:48] - learning_users_emb: 0.05
[INFO 03:55] rmse : 0.5071043372154236
[INFO 03:55] valid_rmse : 3.0548455715179443
[INFO 03:55] valid_loss : 4.558305740356445
[INFO 04:13] - learning_users_emb: 0.05
[INFO 04:20] rmse : 0.5013039112091064
[INFO 04:20] valid_rmse : 3.0199031829833984
[INFO 04:20] valid_loss : 4.5477190017700195
[INFO 04:38] - learning_users_emb: 0.05
[INFO 04:45] rmse : 0.5006784796714783
[INFO 04:45] valid_rmse : 3.0161354541778564
[INFO 04:45] valid_loss : 4.537216663360596
[INFO 05:03] - learning_users_emb: 0.05
[INFO 05:10] rmse : 0.49795907735824585
[INFO 05:10] valid_rmse : 2.999753475189209
[INFO 05:10] valid_loss : 4.528617858886719
[INFO 05:26] - learning_users_emb: 0.05
[INFO 05:33] rmse : 0.49416905641555786
[INFO 05:33] valid_rmse : 2.976922035217285
[INFO 05:33] valid_loss : 4.524029731750488
[INFO 05:48] - learning_users_emb: 0.05
[INFO 05:54] rmse : 0.4945915937423706
[INFO 05:54] valid_rmse : 2.9794673919677734
[INFO 05:54] valid_loss : 4.52176570892334
[INFO 06:11] - learning_users_emb: 0.05
[INFO 06:18] rmse : 0.49416905641555786
[INFO 06:18] valid_rmse : 2.976922035217285
[INFO 06:18] valid_loss : 4.517693042755127
[INFO 06:35] - learning_users_emb: 0.05
[INFO 06:42] rmse : 0.4992160201072693
[INFO 06:42] valid_rmse : 3.0073254108428955
[INFO 06:42] valid_loss : 4.517752170562744
[INFO 06:58] - learning_users_emb: 0.05
[INFO 07:05] rmse : 0.49289923906326294
[INFO 07:05] valid_rmse : 2.9692726135253906
[INFO 07:05] valid_loss : 4.51212215423584
[INFO 07:21] - learning_users_emb: 0.05
[INFO 07:28] rmse : 0.4992160201072693
[INFO 07:28] valid_rmse : 3.0073254108428955
[INFO 07:28] valid_loss : 4.513351917266846
[INFO 07:44] - learning_users_emb: 0.05
[INFO 07:51] rmse : 0.49395763874053955
[INFO 07:51] valid_rmse : 2.9756484031677246
[INFO 07:51] valid_loss : 4.509932518005371
[INFO 08:08] - learning_users_emb: 0.05
[INFO 08:14] rmse : 0.49013668298721313
[INFO 08:14] valid_rmse : 2.9526307582855225
[INFO 08:14] valid_loss : 4.514745712280273
[INFO 08:30] - learning_users_emb: 0.05
[INFO 08:37] rmse : 0.4909883737564087
[INFO 08:37] valid_rmse : 2.957761287689209
[INFO 08:37] valid_loss : 4.515356540679932
[INFO 08:53] - learning_users_emb: 0.05
[INFO 09:00] rmse : 0.4943803548812866
[INFO 09:00] valid_rmse : 2.9781949520111084
[INFO 09:00] valid_loss : 4.511609077453613
[INFO 09:15] - learning_users_emb: 0.025
[INFO 09:22] rmse : 0.48906999826431274
[INFO 09:22] valid_rmse : 2.946204900741577
[INFO 09:22] valid_loss : 4.507172107696533
[INFO 09:37] - learning_users_emb: 0.025
[INFO 09:43] rmse : 0.4918385446071625
[INFO 09:43] valid_rmse : 2.9628827571868896
[INFO 09:43] valid_loss : 4.51591157913208
[INFO 09:58] - learning_users_emb: 0.025
[INFO 10:05] rmse : 0.49353453516960144
[INFO 10:05] valid_rmse : 2.973099708557129
[INFO 10:05] valid_loss : 4.511536598205566
[INFO 10:20] - learning_users_emb: 0.025
[INFO 10:27] rmse : 0.49077558517456055
[INFO 10:27] valid_rmse : 2.956479549407959
[INFO 10:27] valid_loss : 4.51302433013916
[INFO 10:42] - learning_users_emb: 0.0125
[INFO 10:49] rmse : 0.48885640501976013
[INFO 10:49] valid_rmse : 2.944918155670166
[INFO 10:49] valid_loss : 4.51210880279541
[INFO 11:04] - learning_users_emb: 0.0125
[INFO 11:11] rmse : 0.4948027431964874
[INFO 11:11] valid_rmse : 2.9807393550872803
[INFO 11:11] valid_loss : 4.509805202484131
[INFO 11:27] - learning_users_emb: 0.0125
[INFO 11:34] rmse : 0.4945915937423706
[INFO 11:34] valid_rmse : 2.9794673919677734
[INFO 11:34] valid_loss : 4.507192611694336
[INFO 11:49] - learning_users_emb: 0.00625
[INFO 11:56] rmse : 0.49034973978996277
[INFO 11:56] valid_rmse : 2.953914165496826
[INFO 11:56] valid_loss : 4.505300998687744
[INFO 12:11] - learning_users_emb: 0.00625
[INFO 12:17] rmse : 0.49416905641555786
[INFO 12:17] valid_rmse : 2.976922035217285
[INFO 12:17] valid_loss : 4.5087785720825195
[INFO 12:32] - learning_users_emb: 0.00625
[INFO 12:39] rmse : 0.4958570897579193
[INFO 12:39] valid_rmse : 2.987091064453125
[INFO 12:39] valid_loss : 4.51536226272583
[INFO 12:54] - learning_users_emb: 0.00625
[INFO 13:01] rmse : 0.4924752414226532
[INFO 13:01] valid_rmse : 2.9667184352874756
[INFO 13:01] valid_loss : 4.514188766479492
[INFO 13:18] - learning_users_emb: 0.003125
[INFO 13:27] rmse : 0.49353453516960144
[INFO 13:27] valid_rmse : 2.973099708557129
[INFO 13:27] valid_loss : 4.506415367126465
[INFO 13:49] - learning_users_emb: 0.003125
[INFO 13:56] rmse : 0.49416905641555786
[INFO 13:56] valid_rmse : 2.976922035217285
[INFO 13:56] valid_loss : 4.515052318572998
[INFO 14:10] - learning_users_emb: 0.003125
[INFO 14:17] rmse : 0.49311110377311707
[INFO 14:17] valid_rmse : 2.9705488681793213
[INFO 14:17] valid_loss : 4.514404296875
[INFO 14:31] - learning_users_emb: 0.0015625
[INFO 14:38] rmse : 0.49416905641555786
[INFO 14:38] valid_rmse : 2.976922035217285
[INFO 14:38] valid_loss : 4.509025573730469
[INFO 14:52] - learning_users_emb: 0.0015625
[INFO 14:59] rmse : 0.49311110377311707
[INFO 14:59] valid_rmse : 2.9705488681793213
[INFO 14:59] valid_loss : 4.512735843658447
[INFO 15:14] - learning_users_emb: 0.0015625
[INFO 15:23] rmse : 0.49077558517456055
[INFO 15:23] valid_rmse : 2.956479549407959
[INFO 15:23] valid_loss : 4.509249210357666
[INFO 15:39] - learning_users_emb: 0.00078125
[INFO 15:46] rmse : 0.49268728494644165
[INFO 15:46] valid_rmse : 2.9679956436157227
[INFO 15:46] valid_loss : 4.509937286376953
[INFO 16:02] - learning_users_emb: 0.00078125
[INFO 16:09] rmse : 0.49395763874053955
[INFO 16:09] valid_rmse : 2.9756484031677246
[INFO 16:09] valid_loss : 4.5097832679748535
[INFO 16:23] - learning_users_emb: 0.00078125
[INFO 16:29] rmse : 0.48949694633483887
[INFO 16:29] valid_rmse : 2.9487767219543457
[INFO 16:29] valid_loss : 4.511654853820801
[INFO 16:43] - learning_users_emb: 0.000390625
[INFO 16:50] rmse : 0.49268728494644165
[INFO 16:50] valid_rmse : 2.9679956436157227
[INFO 16:50] valid_loss : 4.509487152099609
[INFO 17:04] - learning_users_emb: 0.000390625
[INFO 17:11] rmse : 0.49013668298721313
[INFO 17:11] valid_rmse : 2.9526307582855225
[INFO 17:11] valid_loss : 4.507783889770508
[INFO 17:25] - learning_users_emb: 0.000390625
[INFO 17:31] rmse : 0.49034973978996277
[INFO 17:31] valid_rmse : 2.953914165496826
[INFO 17:31] valid_loss : 4.507350921630859
[INFO 17:45] - learning_users_emb: 0.0001953125
[INFO 17:52] rmse : 0.4937461316585541
[INFO 17:52] valid_rmse : 2.974374294281006
[INFO 17:52] valid_loss : 4.507016658782959
[INFO 18:05] - learning_users_emb: 0.0001953125
[INFO 18:12] rmse : 0.49311110377311707
[INFO 18:12] valid_rmse : 2.9705488681793213
[INFO 18:12] valid_loss : 4.5133490562438965
[INFO 18:12] -- END Training --
[INFO 18:12] ✅ Training completed in 1158.94 seconds.
[INFO 18:12] train on cuda
[WARNING 18:32] Computing RM on meta and QUERY set
[INFO 18:35] RM: 0.031104863204089013
[WARNING 18:39] Computing RM on meta and QUERY set
[INFO 18:39] RM: 0.10432052975180686
[WARNING 18:43] Computing RM on meta and QUERY set
[INFO 18:43] RM: 0.12442363238501185
[WARNING 18:47] Computing RM on meta and QUERY set
[INFO 18:47] RM: 0.15390673092425317
[WARNING 18:51] Computing RM on meta and QUERY set
[INFO 18:51] RM: 0.16876456215900634
[WARNING 18:55] Computing RM on meta and QUERY set
[INFO 18:55] RM: 0.19889271488152047
[WARNING 18:59] Computing RM on meta and QUERY set
[INFO 18:59] RM: 0.2156772634495449
[WARNING 19:03] Computing RM on meta and QUERY set
[INFO 19:03] RM: 0.23274057043323187
[WARNING 19:07] Computing RM on meta and QUERY set
[INFO 19:07] RM: 0.2535825481319219
[WARNING 19:11] Computing RM on meta and QUERY set
[INFO 19:11] RM: 0.27583512072580296
[WARNING 19:15] Computing RM on meta and QUERY set
[INFO 19:15] RM: 0.2895104231763948
[WARNING 19:18] Computing RM on meta and QUERY set
[INFO 19:19] RM: 0.2970780324637546
[WARNING 19:22] Computing RM on meta and QUERY set
[INFO 19:22] RM: 0.30447868742307527
[WARNING 19:26] Computing RM on meta and QUERY set
[INFO 19:26] RM: 0.3120015708169464
[WARNING 19:30] Computing RM on meta and QUERY set
[INFO 19:30] RM: 0.31701332245377695
[WARNING 19:34] Computing RM on meta and QUERY set
[INFO 19:34] RM: 0.32509133308559546
[WARNING 19:38] Computing RM on meta and QUERY set
[INFO 19:38] RM: 0.3317520710955276
[WARNING 19:42] Computing RM on meta and QUERY set
[INFO 19:42] RM: 0.3318352059807688
[WARNING 19:46] Computing RM on meta and QUERY set
[INFO 19:46] RM: 0.33697002689439925
[WARNING 19:52] Computing RM on meta and QUERY set
[INFO 19:52] RM: 0.348682828011968
[WARNING 19:58] Computing RM on meta and QUERY set
[INFO 19:58] RM: 0.35623110334145164
[WARNING 20:04] Computing RM on meta and QUERY set
[INFO 20:04] RM: 0.37037469933305
[WARNING 20:10] Computing RM on meta and QUERY set
[INFO 20:10] RM: 0.38248286031264966
[WARNING 20:16] Computing RM on meta and QUERY set
[INFO 20:16] RM: 0.3912869007123112
[WARNING 20:23] Computing RM on meta and QUERY set
[INFO 20:23] RM: 0.3977785193648851
[INFO 20:23] Fold 3; pareto_index: 9.492525219061708; results: ({0: {'mi_acc': 0.7648420929908752, 'rmse': 0.4849308133125305, 'mae': 0.23515789210796356, 'mi_prec': 0.8542274236679077, 'mi_rec': 0.8260501623153687, 'mi_f_b': 0.8399025201797485, 'mi_auc': 0.7052112927904841, 'ma_prec': 0.693401575088501, 'ma_rec': 0.7052112817764282, 'ma_f_b': 0.6985877752304077}, 1: {'mi_acc': 0.7648420929908752, 'rmse': 0.4849308133125305, 'mae': 0.23515789210796356, 'mi_prec': 0.8542274236679077, 'mi_rec': 0.8260501623153687, 'mi_f_b': 0.8399025201797485, 'mi_auc': 0.7052112927904841, 'ma_prec': 0.693401575088501, 'ma_rec': 0.7052112817764282, 'ma_f_b': 0.6985877752304077}, 2: {'mi_acc': 0.7650526165962219, 'rmse': 0.48471370339393616, 'mae': 0.23494736850261688, 'mi_prec': 0.8545189499855042, 'mi_rec': 0.8260992169380188, 'mi_f_b': 0.8400687575340271, 'mi_auc': 0.7054788899372897, 'ma_prec': 0.6935473680496216, 'ma_rec': 0.7054789066314697, 'ma_f_b': 0.698781430721283}, 3: {'mi_acc': 0.7652631402015686, 'rmse': 0.48449647426605225, 'mae': 0.2347368448972702, 'mi_prec': 0.8548104763031006, 'mi_rec': 0.8261482119560242, 'mi_f_b': 0.8402349352836609, 'mi_auc': 0.7057468780712232, 'ma_prec': 0.6936931610107422, 'ma_rec': 0.7057468891143799, 'ma_f_b': 0.6989750862121582}, 4: {'mi_acc': 0.7652631402015686, 'rmse': 0.48449647426605225, 'mae': 0.2347368448972702, 'mi_prec': 0.8548104763031006, 'mi_rec': 0.8261482119560242, 'mi_f_b': 0.8402349352836609, 'mi_auc': 0.7057468780712232, 'ma_prec': 0.6936931610107422, 'ma_rec': 0.7057468891143799, 'ma_f_b': 0.6989750862121582}, 5: {'mi_acc': 0.7652631402015686, 'rmse': 0.48449647426605225, 'mae': 0.2347368448972702, 'mi_prec': 0.8548104763031006, 'mi_rec': 0.8261482119560242, 'mi_f_b': 0.8402349352836609, 'mi_auc': 0.7057468780712232, 'ma_prec': 0.6936931610107422, 'ma_rec': 0.7057468891143799, 'ma_f_b': 0.6989750862121582}, 6: {'mi_acc': 0.7650526165962219, 'rmse': 0.48471370339393616, 'mae': 0.23494736850261688, 'mi_prec': 0.8545189499855042, 'mi_rec': 0.8260992169380188, 'mi_f_b': 0.8400687575340271, 'mi_auc': 0.7054788899372897, 'ma_prec': 0.6935473680496216, 'ma_rec': 0.7054789066314697, 'ma_f_b': 0.698781430721283}, 7: {'mi_acc': 0.7650526165962219, 'rmse': 0.48471370339393616, 'mae': 0.23494736850261688, 'mi_prec': 0.8545189499855042, 'mi_rec': 0.8260992169380188, 'mi_f_b': 0.8400687575340271, 'mi_auc': 0.7054788899372897, 'ma_prec': 0.6935473680496216, 'ma_rec': 0.7054789066314697, 'ma_f_b': 0.698781430721283}, 8: {'mi_acc': 0.7648420929908752, 'rmse': 0.4849308133125305, 'mae': 0.23515789210796356, 'mi_prec': 0.8542274236679077, 'mi_rec': 0.8260501623153687, 'mi_f_b': 0.8399025201797485, 'mi_auc': 0.7052112927904841, 'ma_prec': 0.693401575088501, 'ma_rec': 0.7052112817764282, 'ma_f_b': 0.6985877752304077}, 9: {'mi_acc': 0.7648420929908752, 'rmse': 0.4849308133125305, 'mae': 0.23515789210796356, 'mi_prec': 0.8542274236679077, 'mi_rec': 0.8260501623153687, 'mi_f_b': 0.8399025201797485, 'mi_auc': 0.7052112927904841, 'ma_prec': 0.693401575088501, 'ma_rec': 0.7052112817764282, 'ma_f_b': 0.6985877752304077}, 10: {'mi_acc': 0.7644210457801819, 'rmse': 0.48536473512649536, 'mae': 0.23557893931865692, 'mi_prec': 0.8536443114280701, 'mi_rec': 0.8259520530700684, 'mi_f_b': 0.8395698070526123, 'mi_auc': 0.7046772673802737, 'ma_prec': 0.6931100487709045, 'ma_rec': 0.7046772837638855, 'ma_f_b': 0.6982007622718811}, 11: {'mi_acc': 0.7644210457801819, 'rmse': 0.48536473512649536, 'mae': 0.23557893931865692, 'mi_prec': 0.8536443114280701, 'mi_rec': 0.8259520530700684, 'mi_f_b': 0.8395698070526123, 'mi_auc': 0.7046772673802737, 'ma_prec': 0.6931100487709045, 'ma_rec': 0.7046772837638855, 'ma_f_b': 0.6982007622718811}, 12: {'mi_acc': 0.7648420929908752, 'rmse': 0.4849308133125305, 'mae': 0.23515789210796356, 'mi_prec': 0.8536443114280701, 'mi_rec': 0.8264182806015015, 'mi_f_b': 0.8398107290267944, 'mi_auc': 0.7052555408157468, 'ma_prec': 0.6938676238059998, 'ma_rec': 0.7052555084228516, 'ma_f_b': 0.69889235496521}, 13: {'mi_acc': 0.7652631402015686, 'rmse': 0.48449647426605225, 'mae': 0.2347368448972702, 'mi_prec': 0.8536443114280701, 'mi_rec': 0.8268850445747375, 'mi_f_b': 0.8400516510009766, 'mi_auc': 0.705832935652287, 'ma_prec': 0.694625198841095, 'ma_rec': 0.7058329582214355, 'ma_f_b': 0.6995829939842224}, 14: {'mi_acc': 0.7652631402015686, 'rmse': 0.48449647426605225, 'mae': 0.2347368448972702, 'mi_prec': 0.8536443114280701, 'mi_rec': 0.8268850445747375, 'mi_f_b': 0.8400516510009766, 'mi_auc': 0.705832935652287, 'ma_prec': 0.694625198841095, 'ma_rec': 0.7058329582214355, 'ma_f_b': 0.6995829939842224}, 15: {'mi_acc': 0.7652631402015686, 'rmse': 0.48449647426605225, 'mae': 0.2347368448972702, 'mi_prec': 0.8536443114280701, 'mi_rec': 0.8268850445747375, 'mi_f_b': 0.8400516510009766, 'mi_auc': 0.705832935652287, 'ma_prec': 0.694625198841095, 'ma_rec': 0.7058329582214355, 'ma_f_b': 0.6995829939842224}, 16: {'mi_acc': 0.765684187412262, 'rmse': 0.48406174778938293, 'mae': 0.23431578278541565, 'mi_prec': 0.8536443114280701, 'mi_rec': 0.8273523449897766, 'mi_f_b': 0.8402926921844482, 'mi_auc': 0.7064094579941943, 'ma_prec': 0.6953827738761902, 'ma_rec': 0.7064094543457031, 'ma_f_b': 0.700272798538208}, 17: {'mi_acc': 0.7661052346229553, 'rmse': 0.48362666368484497, 'mae': 0.2338947355747223, 'mi_prec': 0.8542274236679077, 'mi_rec': 0.8274498581886292, 'mi_f_b': 0.8406254649162292, 'mi_auc': 0.7069424716116465, 'ma_prec': 0.6956743001937866, 'ma_rec': 0.7069424390792847, 'ma_f_b': 0.7006607055664062}, 18: {'mi_acc': 0.7661052346229553, 'rmse': 0.48362666368484497, 'mae': 0.2338947355747223, 'mi_prec': 0.8545189499855042, 'mi_rec': 0.8272650241851807, 'mi_f_b': 0.840671181678772, 'mi_auc': 0.7069216614625242, 'ma_prec': 0.6954413056373596, 'ma_rec': 0.7069216966629028, 'ma_f_b': 0.7005097270011902}, 19: {'mi_acc': 0.766947329044342, 'rmse': 0.48275524377822876, 'mae': 0.23305262625217438, 'mi_prec': 0.8551020622253418, 'mi_rec': 0.8278295397758484, 'mi_f_b': 0.8412448167800903, 'mi_auc': 0.708032408560376, 'ma_prec': 0.6964904069900513, 'ma_rec': 0.7080324292182922, 'ma_f_b': 0.701587975025177}, 20: {'mi_acc': 0.766947329044342, 'rmse': 0.48275524377822876, 'mae': 0.23305262625217438, 'mi_prec': 0.8551020622253418, 'mi_rec': 0.8278295397758484, 'mi_f_b': 0.8412448167800903, 'mi_auc': 0.708032408560376, 'ma_prec': 0.6964904069900513, 'ma_rec': 0.7080324292182922, 'ma_f_b': 0.701587975025177}, 21: {'mi_acc': 0.766315758228302, 'rmse': 0.48340895771980286, 'mae': 0.2336842119693756, 'mi_prec': 0.8545189499855042, 'mi_rec': 0.8274986147880554, 'mi_f_b': 0.8407917618751526, 'mi_auc': 0.707209559084739, 'ma_prec': 0.6958200931549072, 'ma_rec': 0.707209587097168, 'ma_f_b': 0.7008547782897949}, 22: {'mi_acc': 0.7661052346229553, 'rmse': 0.48362666368484497, 'mae': 0.2338947355747223, 'mi_prec': 0.8545189499855042, 'mi_rec': 0.8272650241851807, 'mi_f_b': 0.840671181678772, 'mi_auc': 0.7069216614625242, 'ma_prec': 0.6954413056373596, 'ma_rec': 0.7069216966629028, 'ma_f_b': 0.7005097270011902}, 23: {'mi_acc': 0.765684187412262, 'rmse': 0.48406174778938293, 'mae': 0.23431578278541565, 'mi_prec': 0.8539358377456665, 'mi_rec': 0.8271674513816833, 'mi_f_b': 0.8403385877609253, 'mi_auc': 0.7063877036319667, 'ma_prec': 0.6951497793197632, 'ma_rec': 0.7063876986503601, 'ma_f_b': 0.7001218795776367}, 24: {'mi_acc': 0.765684187412262, 'rmse': 0.48406174778938293, 'mae': 0.23431578278541565, 'mi_prec': 0.8539358377456665, 'mi_rec': 0.8271674513816833, 'mi_f_b': 0.8403385877609253, 'mi_auc': 0.7063877036319667, 'ma_prec': 0.6951497793197632, 'ma_rec': 0.7063876986503601, 'ma_f_b': 0.7001218795776367}}, {0: {'meta_doa': np.float64(0.48721888479761877), 'pc-er': 0.187255859375, 'rm': 0.031104863204089013}, 1: {'meta_doa': np.float64(0.48446601317417654), 'pc-er': 0.1298828125, 'rm': 0.10432052975180686}, 2: {'meta_doa': np.float64(0.48519063636014415), 'pc-er': 0.1500244140625, 'rm': 0.12442363238501185}, 3: {'meta_doa': np.float64(0.48658182035667), 'pc-er': 0.10955810546875, 'rm': 0.15390673092425317}, 4: {'meta_doa': np.float64(0.48794818846128685), 'pc-er': 0.106689453125, 'rm': 0.16876456215900634}, 5: {'meta_doa': np.float64(0.48858593667726924), 'pc-er': 0.10589599609375, 'rm': 0.19889271488152047}, 6: {'meta_doa': np.float64(0.48934744386393897), 'pc-er': 0.09405517578125, 'rm': 0.2156772634495449}, 7: {'meta_doa': np.float64(0.49119556901457756), 'pc-er': 0.0885009765625, 'rm': 0.23274057043323187}, 8: {'meta_doa': np.float64(0.4914444983343998), 'pc-er': 0.08941650390625, 'rm': 0.2535825481319219}, 9: {'meta_doa': np.float64(0.4912205961621525), 'pc-er': 0.08807373046875, 'rm': 0.27583512072580296}, 10: {'meta_doa': np.float64(0.4927046023304752), 'pc-er': 0.09417724609375, 'rm': 0.2895104231763948}, 11: {'meta_doa': np.float64(0.49440462178163797), 'pc-er': 0.099609375, 'rm': 0.2970780324637546}, 12: {'meta_doa': np.float64(0.4948840396933952), 'pc-er': 0.10650634765625, 'rm': 0.30447868742307527}, 13: {'meta_doa': np.float64(0.49610292250201815), 'pc-er': 0.1107177734375, 'rm': 0.3120015708169464}, 14: {'meta_doa': np.float64(0.49803721917778415), 'pc-er': 0.119873046875, 'rm': 0.31701332245377695}, 15: {'meta_doa': np.float64(0.49764899142923785), 'pc-er': 0.1275634765625, 'rm': 0.32509133308559546}, 16: {'meta_doa': np.float64(0.49788284463704213), 'pc-er': 0.13623046875, 'rm': 0.3317520710955276}, 17: {'meta_doa': np.float64(0.49927467819631716), 'pc-er': 0.1395263671875, 'rm': 0.3318352059807688}, 18: {'meta_doa': np.float64(0.5006838315468582), 'pc-er': 0.119873046875, 'rm': 0.33697002689439925}, 19: {'meta_doa': np.float64(0.5024596845128776), 'pc-er': 0.1463623046875, 'rm': 0.348682828011968}, 20: {'meta_doa': np.float64(0.5025085971114344), 'pc-er': 0.1651611328125, 'rm': 0.35623110334145164}, 21: {'meta_doa': np.float64(0.5054221884311725), 'pc-er': 0.1812744140625, 'rm': 0.37037469933305}, 22: {'meta_doa': np.float64(0.5095327390746054), 'pc-er': 0.19189453125, 'rm': 0.38248286031264966}, 23: {'meta_doa': np.float64(0.5126771467672547), 'pc-er': 0.197509765625, 'rm': 0.3912869007123112}, 24: {'meta_doa': np.float64(0.5142693209785136), 'pc-er': 0.2021484375, 'rm': 0.3977785193648851}})
