PID 3559091 sees CUDA_VISIBLE_DEVICES = 0
→ torch.device is 0 Tesla V100-SXM2-16GB
[INFO 49:03] Using device: cuda
[INFO 49:03] #### config : {'seed': 0, 'dataset_name': 'math2', 'load_params': True, 'save_params': False, 'embs_path': '../embs/', 'params_path': '../ckpt/', 'early_stopping': True, 'esc': 'error', 'verbose_early_stopping': False, 'disable_tqdm': False, 'valid_metric': 'rmse', 'learning_rate': 0.001, 'batch_size': 512, 'valid_batch_size': 10000, 'num_epochs': 100, 'eval_freq': 1, 'patience': 20, 'device': device(type='cuda'), 'lambda': 2.67605964593852e-06, 'tensorboard': False, 'flush_freq': True, 'pred_metrics': ['mi_acc', 'rmse', 'mae', 'mi_prec', 'mi_rec', 'mi_f_b', 'mi_auc', 'ma_prec', 'ma_rec', 'ma_f_b'], 'profile_metrics': ['meta_doa', 'pc-er', 'rm'], 'num_responses': 12, 'low_mem': False, 'n_query': 16, 'CDM': 'impact', 'i_fold': 1, 'num_inner_users_epochs': 9, 'num_inner_epochs': 10, 'inner_lr': 0.0001, 'inner_user_lr': 0.003, 'meta_lr': 0.05, 'meta_trainer': 'Adam', 'num_workers': 0, 'pin_memory': False, 'debug': False} ####
[INFO 49:15] Random_cont_model
[INFO 49:16] compiling CDM model
[INFO 49:21] compiling selection model
[INFO 49:21] ⏳ Début de l'entraînement...
[INFO 49:21] ✅ Entraînement terminé en 0.00 secondes.
[INFO 49:21] train on cuda
Meta_loss tensor(0.7168, device='cuda:0', grad_fn=<DotBackward0>)
Meta_loss tensor(0.7145, device='cuda:0', grad_fn=<DotBackward0>)
Meta_loss tensor(0.7124, device='cuda:0', grad_fn=<DotBackward0>)
Meta_loss tensor(0.7108, device='cuda:0', grad_fn=<DotBackward0>)
Meta_loss tensor(0.7094, device='cuda:0', grad_fn=<DotBackward0>)
Meta_loss tensor(0.7084, device='cuda:0', grad_fn=<DotBackward0>)
Meta_loss tensor(0.7075, device='cuda:0', grad_fn=<DotBackward0>)
Meta_loss tensor(0.7068, device='cuda:0', grad_fn=<DotBackward0>)
Meta_loss tensor(0.7064, device='cuda:0', grad_fn=<DotBackward0>)
Meta_loss tensor(0.7061, device='cuda:0', grad_fn=<DotBackward0>)
Meta_loss tensor(0.7060, device='cuda:0', grad_fn=<DotBackward0>)
Meta_loss tensor(0.7060, device='cuda:0', grad_fn=<DotBackward0>)
Meta_loss tensor(0.7062, device='cuda:0', grad_fn=<DotBackward0>)
Meta_loss tensor(0.7064, device='cuda:0', grad_fn=<DotBackward0>)
Meta_loss tensor(0.7068, device='cuda:0', grad_fn=<DotBackward0>)
Meta_loss tensor(0.7072, device='cuda:0', grad_fn=<DotBackward0>)
Meta_loss tensor(0.7077, device='cuda:0', grad_fn=<DotBackward0>)
Meta_loss tensor(0.7083, device='cuda:0', grad_fn=<DotBackward0>)
Meta_loss tensor(0.7089, device='cuda:0', grad_fn=<DotBackward0>)
Meta_loss tensor(0.7097, device='cuda:0', grad_fn=<DotBackward0>)
Meta_loss tensor(0.7104, device='cuda:0', grad_fn=<DotBackward0>)
Meta_loss tensor(0.7113, device='cuda:0', grad_fn=<DotBackward0>)
---------- best_epoch : 10 ;   
[WARNING 49:50] Computing RM on meta and QUERY set
[INFO 49:53] RM: 0.8027233822775459
[INFO 49:53] Fold 1; results: ({'mi_acc': 0.6866965293884277, 'rmse': 0.5597351789474487, 'mae': 0.3133034408092499, 'mi_prec': 0.6406945586204529, 'mi_rec': 0.6529037952423096, 'mi_f_b': 0.6467415690422058, 'mi_auc': 0.6830362311992639, 'ma_prec': 0.682335376739502, 'ma_rec': 0.683036208152771, 'ma_f_b': 0.6826366782188416}, {'meta_doa': np.float64(0.7166255948637366), 'pc-er': 0.0287933349609375, 'rm': 0.8027233822775459})
