PID 976959 sees CUDA_VISIBLE_DEVICES = 0
→ torch.device is 0 Tesla V100-SXM2-16GB
[INFO 40:48] Using device: cuda
[INFO 40:48] #### config : {'seed': 0, 'dataset_name': 'algebra', 'load_params': True, 'save_params': False, 'embs_path': '../embs/', 'params_path': '../ckpt/', 'early_stopping': True, 'esc': 'error', 'verbose_early_stopping': False, 'disable_tqdm': False, 'valid_metric': 'rmse', 'learning_rate': 0.001, 'batch_size': 512, 'valid_batch_size': 10000, 'num_epochs': 100, 'eval_freq': 1, 'patience': 20, 'device': device(type='cuda'), 'lambda': 6.883708386254995e-06, 'tensorboard': False, 'flush_freq': True, 'pred_metrics': ['mi_acc', 'rmse', 'mae', 'mi_prec', 'mi_rec', 'mi_f_b', 'mi_auc', 'ma_prec', 'ma_rec', 'ma_f_b'], 'profile_metrics': ['meta_doa', 'pc-er', 'rm'], 'num_responses': 12, 'low_mem': False, 'n_query': 25, 'CDM': 'impact', 'i_fold': 1, 'num_inner_users_epochs': 7, 'num_inner_epochs': 10, 'inner_lr': 0.0001, 'inner_user_lr': 0.01, 'meta_lr': 0.05, 'meta_trainer': 'Adam', 'num_workers': 0, 'pin_memory': False, 'debug': False} ####
[INFO 41:15] Random_cont_model
[INFO 41:16] compiling CDM model
[INFO 41:44] compiling selection model
[INFO 41:44] ⏳ Début de l'entraînement...
[INFO 41:44] ✅ Entraînement terminé en 0.00 secondes.
[INFO 41:44] train on cuda
[WARNING 42:13] Computing RM on meta and QUERY set
[INFO 42:16] RM: -0.014487036558046697
[WARNING 42:20] Computing RM on meta and QUERY set
[INFO 42:20] RM: -0.014664770883066983
[WARNING 42:24] Computing RM on meta and QUERY set
[INFO 42:24] RM: -0.00330201604322249
[WARNING 42:28] Computing RM on meta and QUERY set
[INFO 42:28] RM: 0.012438963277269923
[WARNING 42:32] Computing RM on meta and QUERY set
[INFO 42:32] RM: 0.024377801780300672
[WARNING 42:36] Computing RM on meta and QUERY set
[INFO 42:36] RM: 0.028789140426658217
[WARNING 42:40] Computing RM on meta and QUERY set
[INFO 42:40] RM: 0.03487704391594838
[WARNING 42:44] Computing RM on meta and QUERY set
[INFO 42:44] RM: 0.04860812144785794
[WARNING 42:48] Computing RM on meta and QUERY set
[INFO 42:48] RM: 0.0912195710625413
[WARNING 42:52] Computing RM on meta and QUERY set
[INFO 42:52] RM: 0.12169348813261094
[WARNING 42:56] Computing RM on meta and QUERY set
[INFO 42:56] RM: 0.1437360584340922
[WARNING 43:00] Computing RM on meta and QUERY set
[INFO 43:00] RM: 0.16652252410695084
[WARNING 43:04] Computing RM on meta and QUERY set
[INFO 43:04] RM: 0.17915333342389247
[WARNING 43:08] Computing RM on meta and QUERY set
[INFO 43:08] RM: 0.20740175779445663
[WARNING 43:11] Computing RM on meta and QUERY set
[INFO 43:11] RM: 0.23862395759207272
[WARNING 43:16] Computing RM on meta and QUERY set
[INFO 43:16] RM: 0.2691303557329625
[WARNING 43:20] Computing RM on meta and QUERY set
[INFO 43:20] RM: 0.2845324608538533
[WARNING 43:24] Computing RM on meta and QUERY set
[INFO 43:24] RM: 0.30256751596210296
[WARNING 43:27] Computing RM on meta and QUERY set
[INFO 43:27] RM: 0.3338352071628291
[WARNING 43:31] Computing RM on meta and QUERY set
[INFO 43:31] RM: 0.36853034731105255
[WARNING 43:35] Computing RM on meta and QUERY set
[INFO 43:35] RM: 0.3853680256516223
[WARNING 43:39] Computing RM on meta and QUERY set
[INFO 43:39] RM: 0.4068694681562602
[WARNING 43:43] Computing RM on meta and QUERY set
[INFO 43:43] RM: 0.41883925753245727
[WARNING 43:47] Computing RM on meta and QUERY set
[INFO 43:47] RM: 0.4274721490668767
[WARNING 43:51] Computing RM on meta and QUERY set
[INFO 43:51] RM: 0.4345569891091762
[INFO 43:51] Fold 1; pareto_index: 9.924774053096652; results: ({0: {'mi_acc': 0.7883336544036865, 'rmse': 0.4600720703601837, 'mae': 0.2116663008928299, 'mi_prec': 0.9160282611846924, 'mi_rec': 0.8157963752746582, 'mi_f_b': 0.8630117774009705, 'mi_auc': 0.7406446683248269, 'ma_prec': 0.6814184188842773, 'ma_rec': 0.7406446933746338, 'ma_f_b': 0.698832631111145}, 1: {'mi_acc': 0.787261426448822, 'rmse': 0.461235910654068, 'mae': 0.21273857355117798, 'mi_prec': 0.9201532006263733, 'mi_rec': 0.81243497133255, 'mi_f_b': 0.862945556640625, 'mi_auc': 0.7407718163441369, 'ma_prec': 0.6759946346282959, 'ma_rec': 0.7407718300819397, 'ma_f_b': 0.6939249038696289}, 2: {'mi_acc': 0.7750375270843506, 'rmse': 0.4743020832538605, 'mae': 0.22496245801448822, 'mi_prec': 0.9074838161468506, 'mi_rec': 0.8073394298553467, 'mi_f_b': 0.8544874787330627, 'mi_auc': 0.7185282153366801, 'ma_prec': 0.6641438007354736, 'ma_rec': 0.7185282111167908, 'ma_f_b': 0.6794874668121338}, 3: {'mi_acc': 0.772892951965332, 'rmse': 0.4765574634075165, 'mae': 0.2271070033311844, 'mi_prec': 0.907189130783081, 'mi_rec': 0.8053884506225586, 'mi_f_b': 0.8532630801200867, 'mi_auc': 0.7151942191995815, 'ma_prec': 0.6604503393173218, 'ma_rec': 0.7151942253112793, 'ma_f_b': 0.675564706325531}, 4: {'mi_acc': 0.7716062664985657, 'rmse': 0.4779055714607239, 'mae': 0.22839373350143433, 'mi_prec': 0.9030642509460449, 'mi_rec': 0.8063667416572571, 'mi_f_b': 0.8519805669784546, 'mi_auc': 0.7123481059752869, 'ma_prec': 0.6615400314331055, 'ma_rec': 0.7123481035232544, 'ma_f_b': 0.6761075854301453}, 5: {'mi_acc': 0.7741796970367432, 'rmse': 0.47520551085472107, 'mae': 0.22582028806209564, 'mi_prec': 0.9110194444656372, 'mi_rec': 0.8045797348022461, 'mi_f_b': 0.8544976711273193, 'mi_auc': 0.7181435362362991, 'ma_prec': 0.6596074104309082, 'ma_rec': 0.7181435227394104, 'ma_f_b': 0.675214409828186}, 6: {'mi_acc': 0.7746086120605469, 'rmse': 0.4747540056705475, 'mae': 0.22539137303829193, 'mi_prec': 0.9124926328659058, 'mi_rec': 0.8042067289352417, 'mi_f_b': 0.8549344539642334, 'mi_auc': 0.7192215763802633, 'ma_prec': 0.6591619849205017, 'ma_rec': 0.7192215919494629, 'ma_f_b': 0.6749444007873535}, 7: {'mi_acc': 0.7748230695724487, 'rmse': 0.47452810406684875, 'mae': 0.22517691552639008, 'mi_prec': 0.912198007106781, 'mi_rec': 0.8045738339424133, 'mi_f_b': 0.8550124764442444, 'mi_auc': 0.7194648163973317, 'ma_prec': 0.6598026752471924, 'ma_rec': 0.7194648385047913, 'ma_f_b': 0.6755868196487427}, 8: {'mi_acc': 0.7812566757202148, 'rmse': 0.4677000045776367, 'mae': 0.21874329447746277, 'mi_prec': 0.9225103259086609, 'mi_rec': 0.8052983283996582, 'mi_f_b': 0.859928548336029, 'mi_auc': 0.7329717575998937, 'ma_prec': 0.6629887819290161, 'ma_rec': 0.7329717874526978, 'ma_f_b': 0.6804535388946533}, 9: {'mi_acc': 0.782543420791626, 'rmse': 0.4663223922252655, 'mae': 0.21745656430721283, 'mi_prec': 0.9207425117492676, 'mi_rec': 0.8074935674667358, 'mi_f_b': 0.8604075312614441, 'mi_auc': 0.7341376905806948, 'ma_prec': 0.6668330430984497, 'ma_rec': 0.7341377139091492, 'ma_f_b': 0.6843259930610657}, 10: {'mi_acc': 0.7844734787940979, 'rmse': 0.46424829959869385, 'mae': 0.21552647650241852, 'mi_prec': 0.9225103259086609, 'mi_rec': 0.8084172606468201, 'mi_f_b': 0.8617035746574402, 'mi_auc': 0.7377529276033037, 'ma_prec': 0.6688989400863647, 'ma_rec': 0.7377529144287109, 'ma_f_b': 0.6868013143539429}, 11: {'mi_acc': 0.7838301062583923, 'rmse': 0.4649406969547272, 'mae': 0.21616984903812408, 'mi_prec': 0.9195639491081238, 'mi_rec': 0.8093879818916321, 'mi_f_b': 0.8609655499458313, 'mi_auc': 0.7355490019898503, 'ma_prec': 0.6701838970184326, 'ma_rec': 0.7355489730834961, 'ma_f_b': 0.6877081990242004}, 12: {'mi_acc': 0.7846879363059998, 'rmse': 0.46401727199554443, 'mae': 0.21531201899051666, 'mi_prec': 0.9177961349487305, 'mi_rec': 0.8111979365348816, 'mi_f_b': 0.8612109422683716, 'mi_auc': 0.7360971357330902, 'ma_prec': 0.673240065574646, 'ma_rec': 0.7360971570014954, 'ma_f_b': 0.6906436681747437}, 13: {'mi_acc': 0.7756808996200562, 'rmse': 0.4736233651638031, 'mae': 0.22431910037994385, 'mi_prec': 0.905126690864563, 'mi_rec': 0.8092729449272156, 'mi_f_b': 0.8545202016830444, 'mi_auc': 0.7189386508958011, 'ma_prec': 0.6672993898391724, 'ma_rec': 0.7189387083053589, 'ma_f_b': 0.6824098825454712}, 14: {'mi_acc': 0.7780398726463318, 'rmse': 0.4711264371871948, 'mae': 0.22196011245250702, 'mi_prec': 0.9089570045471191, 'mi_rec': 0.8094988465309143, 'mi_f_b': 0.8563498258590698, 'mi_auc': 0.7234113814347644, 'ma_prec': 0.668426513671875, 'ma_rec': 0.7234113812446594, 'ma_f_b': 0.6841862201690674}, 15: {'mi_acc': 0.7758952975273132, 'rmse': 0.4733969271183014, 'mae': 0.224104642868042, 'mi_prec': 0.9089570045471191, 'mi_rec': 0.8073802590370178, 'mi_f_b': 0.8551629185676575, 'mi_auc': 0.7201984470121052, 'ma_prec': 0.6644864082336426, 'ma_rec': 0.7201984524726868, 'ma_f_b': 0.6800684332847595}, 16: {'mi_acc': 0.7791121602058411, 'rmse': 0.46998706459999084, 'mae': 0.22088783979415894, 'mi_prec': 0.9142604470252991, 'mi_rec': 0.8076522350311279, 'mi_f_b': 0.8576561808586121, 'mi_auc': 0.7266032333190248, 'ma_prec': 0.6659560799598694, 'ma_rec': 0.7266032099723816, 'ma_f_b': 0.682416558265686}, 17: {'mi_acc': 0.7769675850868225, 'rmse': 0.47226303815841675, 'mae': 0.2230323702096939, 'mi_prec': 0.9083676934242249, 'mi_rec': 0.8087617754936218, 'mi_f_b': 0.8556758165359497, 'mi_auc': 0.7216546979480962, 'ma_prec': 0.6669498085975647, 'ma_rec': 0.7216546535491943, 'ma_f_b': 0.6825548410415649}, 18: {'mi_acc': 0.7784687876701355, 'rmse': 0.47067099809646606, 'mae': 0.2215311974287033, 'mi_prec': 0.9074838161468506, 'mi_rec': 0.8107396960258484, 'mi_f_b': 0.8563881516456604, 'mi_auc': 0.7236568712039232, 'ma_prec': 0.6704479455947876, 'ma_rec': 0.7236568927764893, 'ma_f_b': 0.686046838760376}, 19: {'mi_acc': 0.7735363245010376, 'rmse': 0.475881963968277, 'mae': 0.22646364569664001, 'mi_prec': 0.8992339372634888, 'mi_rec': 0.8104089498519897, 'mi_f_b': 0.8525140285491943, 'mi_auc': 0.714569009461526, 'ma_prec': 0.6682931184768677, 'ma_rec': 0.7145690321922302, 'ma_f_b': 0.6824896931648254}, 20: {'mi_acc': 0.7750375270843506, 'rmse': 0.4743020832538605, 'mae': 0.22496245801448822, 'mi_prec': 0.8992339372634888, 'mi_rec': 0.8119180798530579, 'mi_f_b': 0.8533481955528259, 'mi_auc': 0.7167997396219575, 'ma_prec': 0.6710511445999146, 'ma_rec': 0.7167997360229492, 'ma_f_b': 0.685302734375}, 21: {'mi_acc': 0.7771820425987244, 'rmse': 0.4720359444618225, 'mae': 0.22281792759895325, 'mi_prec': 0.8971714973449707, 'mi_rec': 0.8152610659599304, 'mi_f_b': 0.8542572259902954, 'mi_auc': 0.7195917289849051, 'ma_prec': 0.6767181158065796, 'ma_rec': 0.7195917367935181, 'ma_f_b': 0.6906697750091553}, 22: {'mi_acc': 0.7795410752296448, 'rmse': 0.46953052282333374, 'mae': 0.22045892477035522, 'mi_prec': 0.8959929347038269, 'mi_rec': 0.8183530569076538, 'mi_f_b': 0.8554149866104126, 'mi_auc': 0.7227984980045763, 'ma_prec': 0.6820390224456787, 'ma_rec': 0.7227984666824341, 'ma_f_b': 0.695758044719696}, 23: {'mi_acc': 0.7731074094772339, 'rmse': 0.4763323962688446, 'mae': 0.22689254581928253, 'mi_prec': 0.8883323669433594, 'mi_rec': 0.816188395023346, 'mi_f_b': 0.8507336974143982, 'mi_auc': 0.7125317713213574, 'ma_prec': 0.6766327023506165, 'ma_rec': 0.7125318050384521, 'ma_f_b': 0.6889950633049011}, 24: {'mi_acc': 0.7726784944534302, 'rmse': 0.4767824113368988, 'mae': 0.22732146084308624, 'mi_prec': 0.8874484300613403, 'mi_rec': 0.8162601590156555, 'mi_f_b': 0.8503669500350952, 'mi_auc': 0.7118299785258901, 'ma_prec': 0.6765847206115723, 'ma_rec': 0.7118300199508667, 'ma_f_b': 0.6887874007225037}}, {0: {'meta_doa': np.float64(0.48748357793053704), 'pc-er': -0.0010709762573242188, 'rm': -0.014487036558046697}, 1: {'meta_doa': np.float64(0.4857295980532906), 'pc-er': 0.01348114013671875, 'rm': -0.014664770883066983}, 2: {'meta_doa': np.float64(0.48676063088780075), 'pc-er': -0.1622314453125, 'rm': -0.00330201604322249}, 3: {'meta_doa': np.float64(0.49386408505054386), 'pc-er': 0.016815185546875, 'rm': 0.012438963277269923}, 4: {'meta_doa': np.float64(0.4957347513837624), 'pc-er': 0.014251708984375, 'rm': 0.024377801780300672}, 5: {'meta_doa': np.float64(0.49269811303699595), 'pc-er': 0.009552001953125, 'rm': 0.028789140426658217}, 6: {'meta_doa': np.float64(0.490705288792215), 'pc-er': 0.18359375, 'rm': 0.03487704391594838}, 7: {'meta_doa': np.float64(0.5024920171503802), 'pc-er': 0.1746826171875, 'rm': 0.04860812144785794}, 8: {'meta_doa': np.float64(0.5069055465970617), 'pc-er': 0.16455078125, 'rm': 0.0912195710625413}, 9: {'meta_doa': np.float64(0.505716353758099), 'pc-er': -0.0158538818359375, 'rm': 0.12169348813261094}, 10: {'meta_doa': np.float64(0.5041873632687119), 'pc-er': -0.0213775634765625, 'rm': 0.1437360584340922}, 11: {'meta_doa': np.float64(0.5034826236275728), 'pc-er': -0.0355224609375, 'rm': 0.16652252410695084}, 12: {'meta_doa': np.float64(0.5062640501999437), 'pc-er': -0.04852294921875, 'rm': 0.17915333342389247}, 13: {'meta_doa': np.float64(0.5095694202845559), 'pc-er': -0.0592041015625, 'rm': 0.20740175779445663}, 14: {'meta_doa': np.float64(0.5130610992196059), 'pc-er': -0.070068359375, 'rm': 0.23862395759207272}, 15: {'meta_doa': np.float64(0.5182524044269173), 'pc-er': -0.0819091796875, 'rm': 0.2691303557329625}, 16: {'meta_doa': np.float64(0.5215537954939833), 'pc-er': 0.0906982421875, 'rm': 0.2845324608538533}, 17: {'meta_doa': np.float64(0.5269109529254272), 'pc-er': 0.08673095703125, 'rm': 0.30256751596210296}, 18: {'meta_doa': np.float64(0.5255324331389595), 'pc-er': 0.09027099609375, 'rm': 0.3338352071628291}, 19: {'meta_doa': np.float64(0.524993292932415), 'pc-er': 0.0882568359375, 'rm': 0.36853034731105255}, 20: {'meta_doa': np.float64(0.5299476175901908), 'pc-er': 0.0804443359375, 'rm': 0.3853680256516223}, 21: {'meta_doa': np.float64(0.5318483215894766), 'pc-er': 0.07672119140625, 'rm': 0.4068694681562602}, 22: {'meta_doa': np.float64(0.5286863969432344), 'pc-er': 0.076416015625, 'rm': 0.41883925753245727}, 23: {'meta_doa': np.float64(0.5332590017191963), 'pc-er': 0.07769775390625, 'rm': 0.4274721490668767}, 24: {'meta_doa': np.float64(0.5313288826006621), 'pc-er': 0.077880859375, 'rm': 0.4345569891091762}})
