PID 481413 sees CUDA_VISIBLE_DEVICES = 0
→ torch.device is 0 Tesla V100-SXM2-16GB
[INFO 14:18] Using device: cuda
[INFO 14:18] #### config : {'seed': 0, 'dataset_name': 'math2', 'load_params': True, 'save_params': False, 'embs_path': '../embs/', 'params_path': '../ckpt/', 'early_stopping': True, 'esc': 'error', 'verbose_early_stopping': False, 'disable_tqdm': False, 'valid_metric': 'rmse', 'learning_rate': 0.001, 'batch_size': 512, 'valid_batch_size': 10000, 'num_epochs': 100, 'eval_freq': 1, 'patience': 20, 'device': device(type='cuda'), 'lambda': 2.6180638633142202e-05, 'tensorboard': False, 'flush_freq': True, 'pred_metrics': ['mi_acc', 'rmse', 'mae', 'mi_prec', 'mi_rec', 'mi_f_b', 'mi_auc', 'ma_prec', 'ma_rec', 'ma_f_b'], 'profile_metrics': ['meta_doa', 'pc-er', 'rm'], 'num_responses': 12, 'low_mem': False, 'n_query': 16, 'CDM': 'impact', 'i_fold': 2, 'num_inner_users_epochs': 3, 'num_inner_epochs': 10, 'inner_lr': 0.0001, 'inner_user_lr': 1.5, 'meta_lr': 0.01, 'meta_trainer': 'MAML', 'num_workers': 0, 'pin_memory': False, 'debug': False} ####
[INFO 14:31] Random_cont_model
[INFO 14:31] compiling CDM model
[INFO 15:04] compiling selection model
[INFO 15:04] ⏳ Training started...
[INFO 15:04] ------- START Training
[INFO 15:04] train on cuda
[INFO 16:33] - learning_users_emb: 0.01
[INFO 17:02] rmse : 0.6266781091690063
[INFO 17:02] valid_rmse : 0.8013786673545837
[INFO 17:02] valid_loss : 1.1207830905914307
[INFO 18:28] - learning_users_emb: 0.01
[INFO 18:57] rmse : 0.6279489398002625
[INFO 18:57] valid_rmse : 0.80300372838974
[INFO 18:57] valid_loss : 1.1158312559127808
[INFO 20:23] - learning_users_emb: 0.01
[INFO 20:52] rmse : 0.6245276927947998
[INFO 20:52] valid_rmse : 0.7986287474632263
[INFO 20:52] valid_loss : 1.111585259437561
[INFO 22:18] - learning_users_emb: 0.01
[INFO 22:47] rmse : 0.6242883205413818
[INFO 22:47] valid_rmse : 0.7983226180076599
[INFO 22:47] valid_loss : 1.1078451871871948
[INFO 24:13] - learning_users_emb: 0.01
[INFO 24:42] rmse : 0.6231699585914612
[INFO 24:42] valid_rmse : 0.796892523765564
[INFO 24:42] valid_loss : 1.1041418313980103
[INFO 26:08] - learning_users_emb: 0.01
[INFO 26:37] rmse : 0.6273932456970215
[INFO 26:37] valid_rmse : 0.8022931218147278
[INFO 26:37] valid_loss : 1.1013848781585693
[INFO 28:03] - learning_users_emb: 0.01
[INFO 28:32] rmse : 0.6267576217651367
[INFO 28:32] valid_rmse : 0.8014802932739258
[INFO 28:32] valid_loss : 1.096596598625183
[INFO 29:59] - learning_users_emb: 0.01
[INFO 30:27] rmse : 0.624607503414154
[INFO 30:27] valid_rmse : 0.7987307906150818
[INFO 30:27] valid_loss : 1.093061089515686
[INFO 31:54] - learning_users_emb: 0.01
[INFO 32:23] rmse : 0.6246872544288635
[INFO 32:23] valid_rmse : 0.7988327741622925
[INFO 32:23] valid_loss : 1.0890380144119263
[INFO 33:52] - learning_users_emb: 0.01
[INFO 34:21] rmse : 0.6235696077346802
[INFO 34:21] valid_rmse : 0.7974035739898682
[INFO 34:21] valid_loss : 1.086125135421753
[INFO 35:51] - learning_users_emb: 0.01
[INFO 36:20] rmse : 0.6223698854446411
[INFO 36:20] valid_rmse : 0.7958694100379944
[INFO 36:20] valid_loss : 1.082987666130066
[INFO 37:50] - learning_users_emb: 0.01
[INFO 38:20] rmse : 0.6223698854446411
[INFO 38:20] valid_rmse : 0.7958694100379944
[INFO 38:20] valid_loss : 1.0793620347976685
[INFO 39:47] - learning_users_emb: 0.01
[INFO 40:17] rmse : 0.6197223663330078
[INFO 40:17] valid_rmse : 0.7924838066101074
[INFO 40:17] valid_loss : 1.0761760473251343
[INFO 41:44] - learning_users_emb: 0.01
[INFO 42:13] rmse : 0.6185151934623718
[INFO 42:13] valid_rmse : 0.7909401059150696
[INFO 42:13] valid_loss : 1.0727167129516602
[INFO 43:39] - learning_users_emb: 0.01
[INFO 44:08] rmse : 0.6180316209793091
[INFO 44:08] valid_rmse : 0.7903217673301697
[INFO 44:08] valid_loss : 1.0693020820617676
[INFO 45:35] - learning_users_emb: 0.01
[INFO 46:03] rmse : 0.6166595816612244
[INFO 46:03] valid_rmse : 0.7885672450065613
[INFO 46:03] valid_loss : 1.0658777952194214
[INFO 47:30] - learning_users_emb: 0.01
[INFO 47:58] rmse : 0.6142308115959167
[INFO 47:58] valid_rmse : 0.7854613661766052
[INFO 47:58] valid_loss : 1.063368320465088
[INFO 49:25] - learning_users_emb: 0.01
[INFO 49:54] rmse : 0.6140685677528381
[INFO 49:54] valid_rmse : 0.7852538824081421
[INFO 49:54] valid_loss : 1.060552716255188
[INFO 51:20] - learning_users_emb: 0.01
[INFO 51:49] rmse : 0.612118124961853
[INFO 51:49] valid_rmse : 0.7827597260475159
[INFO 51:49] valid_loss : 1.056810736656189
[INFO 53:15] - learning_users_emb: 0.01
[INFO 53:44] rmse : 0.6097529530525208
[INFO 53:44] valid_rmse : 0.7797352075576782
[INFO 53:44] valid_loss : 1.0542165040969849
[INFO 55:10] - learning_users_emb: 0.01
[INFO 55:38] rmse : 0.6063112616539001
[INFO 55:38] valid_rmse : 0.7753340601921082
[INFO 55:38] valid_loss : 1.0511666536331177
[INFO 57:04] - learning_users_emb: 0.01
[INFO 57:32] rmse : 0.6072965860366821
[INFO 57:32] valid_rmse : 0.7765941023826599
[INFO 57:32] valid_loss : 1.0492587089538574
[INFO 58:58] - learning_users_emb: 0.01
[INFO 59:26] rmse : 0.6028499007225037
[INFO 59:26] valid_rmse : 0.7709077596664429
[INFO 59:26] valid_loss : 1.046219825744629
[INFO 00:52] - learning_users_emb: 0.01
[INFO 01:20] rmse : 0.597203254699707
[INFO 01:20] valid_rmse : 0.763687014579773
[INFO 01:20] valid_loss : 1.0432865619659424
[INFO 02:45] - learning_users_emb: 0.01
[INFO 03:13] rmse : 0.5935208797454834
[INFO 03:13] valid_rmse : 0.7589780688285828
[INFO 03:13] valid_loss : 1.0403834581375122
[INFO 04:37] - learning_users_emb: 0.01
[INFO 05:05] rmse : 0.5898155570030212
[INFO 05:05] valid_rmse : 0.7542398571968079
[INFO 05:05] valid_loss : 1.038259506225586
[INFO 06:29] - learning_users_emb: 0.01
[INFO 06:57] rmse : 0.5832746028900146
[INFO 06:57] valid_rmse : 0.7458754181861877
[INFO 06:57] valid_loss : 1.0356229543685913
[INFO 08:22] - learning_users_emb: 0.01
[INFO 08:50] rmse : 0.5789876580238342
[INFO 08:50] valid_rmse : 0.7403934001922607
[INFO 08:50] valid_loss : 1.0333172082901
[INFO 10:14] - learning_users_emb: 0.01
[INFO 10:42] rmse : 0.5810493230819702
[INFO 10:42] valid_rmse : 0.7430298328399658
[INFO 10:42] valid_loss : 1.0315141677856445
[INFO 12:08] - learning_users_emb: 0.01
[INFO 12:37] rmse : 0.5782987475395203
[INFO 12:37] valid_rmse : 0.7395124435424805
[INFO 12:37] valid_loss : 1.0292617082595825
[INFO 14:02] - learning_users_emb: 0.01
[INFO 14:30] rmse : 0.5749287605285645
[INFO 14:30] valid_rmse : 0.7352030277252197
[INFO 14:30] valid_loss : 1.0269023180007935
[INFO 15:54] - learning_users_emb: 0.01
[INFO 16:22] rmse : 0.5686547160148621
[INFO 16:22] valid_rmse : 0.7271799445152283
[INFO 16:22] valid_loss : 1.0250006914138794
[INFO 17:47] - learning_users_emb: 0.01
[INFO 18:15] rmse : 0.569792628288269
[INFO 18:15] valid_rmse : 0.7286350727081299
[INFO 18:15] valid_loss : 1.023634433746338
[INFO 19:40] - learning_users_emb: 0.01
[INFO 20:08] rmse : 0.5638150572776794
[INFO 20:08] valid_rmse : 0.7209911346435547
[INFO 20:08] valid_loss : 1.020914912223816
[INFO 21:32] - learning_users_emb: 0.01
[INFO 22:00] rmse : 0.5622220635414124
[INFO 22:00] valid_rmse : 0.7189540266990662
[INFO 22:00] valid_loss : 1.0190318822860718
[INFO 23:24] - learning_users_emb: 0.01
[INFO 23:52] rmse : 0.554278552532196
[INFO 23:52] valid_rmse : 0.7087960839271545
[INFO 23:52] valid_loss : 1.016815423965454
[INFO 25:17] - learning_users_emb: 0.01
[INFO 25:45] rmse : 0.5565212965011597
[INFO 25:45] valid_rmse : 0.7116640210151672
[INFO 25:45] valid_loss : 1.01454758644104
[INFO 27:09] - learning_users_emb: 0.01
[INFO 27:37] rmse : 0.5571476817131042
[INFO 27:37] valid_rmse : 0.7124650478363037
[INFO 27:37] valid_loss : 1.0129334926605225
[INFO 29:01] - learning_users_emb: 0.01
[INFO 29:29] rmse : 0.5582197904586792
[INFO 29:29] valid_rmse : 0.7138360142707825
[INFO 29:29] valid_loss : 1.0107709169387817
[INFO 30:54] - learning_users_emb: 0.01
[INFO 31:21] rmse : 0.5553562045097351
[INFO 31:21] valid_rmse : 0.7101741433143616
[INFO 31:21] valid_loss : 1.0091420412063599
[INFO 32:46] - learning_users_emb: 0.01
[INFO 33:14] rmse : 0.5558942556381226
[INFO 33:14] valid_rmse : 0.7108622193336487
[INFO 33:14] valid_loss : 1.0072489976882935
[INFO 34:39] - learning_users_emb: 0.01
[INFO 35:07] rmse : 0.5531086921691895
[INFO 35:07] valid_rmse : 0.7073001265525818
[INFO 35:07] valid_loss : 1.005847692489624
[INFO 36:31] - learning_users_emb: 0.01
[INFO 36:59] rmse : 0.5570582151412964
[INFO 36:59] valid_rmse : 0.7123506665229797
[INFO 36:59] valid_loss : 1.004146933555603
[INFO 38:23] - learning_users_emb: 0.01
[INFO 38:51] rmse : 0.5512136816978455
[INFO 38:51] valid_rmse : 0.7048768401145935
[INFO 38:51] valid_loss : 1.0019419193267822
[INFO 40:16] - learning_users_emb: 0.01
[INFO 40:44] rmse : 0.5518460869789124
[INFO 40:44] valid_rmse : 0.7056854963302612
[INFO 40:44] valid_loss : 1.0009663105010986
[INFO 42:08] - learning_users_emb: 0.01
[INFO 42:36] rmse : 0.5528383851051331
[INFO 42:36] valid_rmse : 0.7069544196128845
[INFO 42:36] valid_loss : 0.9989492297172546
[INFO 44:01] - learning_users_emb: 0.01
[INFO 44:29] rmse : 0.5531988143920898
[INFO 44:29] valid_rmse : 0.7074153423309326
[INFO 44:29] valid_loss : 0.9977514743804932
[INFO 45:53] - learning_users_emb: 0.01
[INFO 46:21] rmse : 0.5513944625854492
[INFO 46:21] valid_rmse : 0.7051079869270325
[INFO 46:21] valid_loss : 0.9957638382911682
[INFO 47:45] - learning_users_emb: 0.01
[INFO 48:13] rmse : 0.5538288950920105
[INFO 48:13] valid_rmse : 0.7082210779190063
[INFO 48:13] valid_loss : 0.9945289492607117
[INFO 49:38] - learning_users_emb: 0.01
[INFO 50:06] rmse : 0.5557149648666382
[INFO 50:06] valid_rmse : 0.7106329202651978
[INFO 50:06] valid_loss : 0.9926178455352783
[INFO 51:30] - learning_users_emb: 0.01
[INFO 51:58] rmse : 0.5545481443405151
[INFO 51:58] valid_rmse : 0.7091408371925354
[INFO 51:58] valid_loss : 0.9914122223854065
[INFO 53:22] - learning_users_emb: 0.01
[INFO 53:50] rmse : 0.5565212965011597
[INFO 53:50] valid_rmse : 0.7116640210151672
[INFO 53:50] valid_loss : 0.9895293712615967
[INFO 55:15] - learning_users_emb: 0.01
[INFO 55:43] rmse : 0.5531988143920898
[INFO 55:43] valid_rmse : 0.7074153423309326
[INFO 55:43] valid_loss : 0.9887159466743469
[INFO 57:07] - learning_users_emb: 0.01
[INFO 57:35] rmse : 0.5551767349243164
[INFO 57:35] valid_rmse : 0.7099446654319763
[INFO 57:35] valid_loss : 0.9864697456359863
[INFO 58:59] - learning_users_emb: 0.01
[INFO 59:27] rmse : 0.5536489486694336
[INFO 59:27] valid_rmse : 0.7079909443855286
[INFO 59:27] valid_loss : 0.9855259656906128
[INFO 00:51] - learning_users_emb: 0.01
[INFO 01:19] rmse : 0.5536489486694336
[INFO 01:19] valid_rmse : 0.7079909443855286
[INFO 01:19] valid_loss : 0.9841066002845764
[INFO 02:43] - learning_users_emb: 0.01
[INFO 03:11] rmse : 0.5533788800239563
[INFO 03:11] valid_rmse : 0.7076455950737
[INFO 03:11] valid_loss : 0.9828141331672668
[INFO 04:35] - learning_users_emb: 0.01
[INFO 05:03] rmse : 0.5558942556381226
[INFO 05:03] valid_rmse : 0.7108622193336487
[INFO 05:03] valid_loss : 0.9819625020027161
[INFO 06:27] - learning_users_emb: 0.01
[INFO 06:55] rmse : 0.5525679588317871
[INFO 06:55] valid_rmse : 0.7066086530685425
[INFO 06:55] valid_loss : 0.9803637862205505
[INFO 08:20] - learning_users_emb: 0.01
[INFO 08:48] rmse : 0.5569688081741333
[INFO 08:48] valid_rmse : 0.7122362852096558
[INFO 08:48] valid_loss : 0.9788081645965576
[INFO 10:13] - learning_users_emb: 0.01
[INFO 10:41] rmse : 0.5523875951766968
[INFO 10:41] valid_rmse : 0.7063779830932617
[INFO 10:41] valid_loss : 0.9783047437667847
[INFO 12:06] - learning_users_emb: 0.01
[INFO 12:34] rmse : 0.5529285073280334
[INFO 12:34] valid_rmse : 0.7070696949958801
[INFO 12:34] valid_loss : 0.9767478704452515
[INFO 13:59] - learning_users_emb: 0.01
[INFO 14:26] rmse : 0.549312174320221
[INFO 14:26] valid_rmse : 0.7024452090263367
[INFO 14:26] valid_loss : 0.9758710861206055
[INFO 15:51] - learning_users_emb: 0.01
[INFO 16:19] rmse : 0.5535589456558228
[INFO 16:19] valid_rmse : 0.7078758478164673
[INFO 16:19] valid_loss : 0.9744871258735657
[INFO 17:44] - learning_users_emb: 0.01
[INFO 18:11] rmse : 0.5518460869789124
[INFO 18:40] valid_rmse : 0.7056854963302612
[INFO 18:40] valid_loss : 0.9735512137413025
[INFO 20:05] - learning_users_emb: 0.01
[INFO 20:32] rmse : 0.5524777770042419
[INFO 20:32] valid_rmse : 0.7064933180809021
[INFO 20:32] valid_loss : 0.9722549319267273
[INFO 21:55] - learning_users_emb: 0.01
[INFO 22:22] rmse : 0.5533788800239563
[INFO 22:22] valid_rmse : 0.7076455950737
[INFO 22:22] valid_loss : 0.9707867503166199
[INFO 23:44] - learning_users_emb: 0.01
[INFO 24:11] rmse : 0.5492214560508728
[INFO 24:11] valid_rmse : 0.7023292183876038
[INFO 24:11] valid_loss : 0.9698673486709595
[INFO 25:35] - learning_users_emb: 0.01
[INFO 26:03] rmse : 0.5514848232269287
[INFO 26:03] valid_rmse : 0.705223560333252
[INFO 26:03] valid_loss : 0.9689224362373352
[INFO 27:28] - learning_users_emb: 0.01
[INFO 27:56] rmse : 0.5521169304847717
[INFO 27:56] valid_rmse : 0.706031858921051
[INFO 27:56] valid_loss : 0.9682984948158264
[INFO 29:21] - learning_users_emb: 0.01
[INFO 29:49] rmse : 0.5513944625854492
[INFO 29:49] valid_rmse : 0.7051079869270325
[INFO 29:49] valid_loss : 0.9672448635101318
[INFO 31:14] - learning_users_emb: 0.01
[INFO 31:42] rmse : 0.5544583201408386
[INFO 31:42] valid_rmse : 0.7090259790420532
[INFO 31:42] valid_loss : 0.9660441875457764
[INFO 33:07] - learning_users_emb: 0.01
[INFO 33:35] rmse : 0.5491307377815247
[INFO 33:35] valid_rmse : 0.7022132277488708
[INFO 33:35] valid_loss : 0.9656894207000732
[INFO 35:00] - learning_users_emb: 0.01
[INFO 35:28] rmse : 0.5503996014595032
[INFO 35:28] valid_rmse : 0.7038357853889465
[INFO 35:28] valid_loss : 0.9641130566596985
[INFO 36:53] - learning_users_emb: 0.01
[INFO 37:21] rmse : 0.5517557859420776
[INFO 37:21] valid_rmse : 0.7055700421333313
[INFO 37:21] valid_loss : 0.9633992910385132
[INFO 38:45] - learning_users_emb: 0.01
[INFO 39:13] rmse : 0.549312174320221
[INFO 39:13] valid_rmse : 0.7024452090263367
[INFO 39:13] valid_loss : 0.962272047996521
[INFO 40:38] - learning_users_emb: 0.01
[INFO 41:06] rmse : 0.5494935512542725
[INFO 41:06] valid_rmse : 0.7026771903038025
[INFO 41:06] valid_loss : 0.96202152967453
[INFO 42:31] - learning_users_emb: 0.01
[INFO 42:59] rmse : 0.5442090034484863
[INFO 42:59] valid_rmse : 0.6959194540977478
[INFO 42:59] valid_loss : 0.9603375792503357
[INFO 44:24] - learning_users_emb: 0.01
[INFO 44:52] rmse : 0.552026629447937
[INFO 44:52] valid_rmse : 0.7059164047241211
[INFO 44:52] valid_loss : 0.9599899649620056
[INFO 46:17] - learning_users_emb: 0.01
[INFO 46:45] rmse : 0.5528383851051331
[INFO 46:45] valid_rmse : 0.7069544196128845
[INFO 46:45] valid_loss : 0.9591270685195923
[INFO 48:10] - learning_users_emb: 0.01
[INFO 48:38] rmse : 0.5500373840332031
[INFO 48:38] valid_rmse : 0.703372597694397
[INFO 48:38] valid_loss : 0.9580448865890503
[INFO 50:02] - learning_users_emb: 0.01
[INFO 50:30] rmse : 0.550580620765686
[INFO 50:30] valid_rmse : 0.7040672898292542
[INFO 50:30] valid_loss : 0.9582946300506592
[INFO 51:54] - learning_users_emb: 0.01
[INFO 52:22] rmse : 0.5522071123123169
[INFO 52:22] valid_rmse : 0.7061471939086914
[INFO 52:22] valid_loss : 0.957351803779602
[INFO 53:46] - learning_users_emb: 0.01
[INFO 54:14] rmse : 0.5499467849731445
[INFO 54:14] valid_rmse : 0.7032567262649536
[INFO 54:14] valid_loss : 0.9564161896705627
[INFO 55:39] - learning_users_emb: 0.01
[INFO 56:06] rmse : 0.5476770401000977
[INFO 56:06] valid_rmse : 0.700354278087616
[INFO 56:06] valid_loss : 0.9555734992027283
[INFO 57:31] - learning_users_emb: 0.01
[INFO 57:59] rmse : 0.5501279234886169
[INFO 57:59] valid_rmse : 0.7034884095191956
[INFO 57:59] valid_loss : 0.9550461173057556
[INFO 59:24] - learning_users_emb: 0.01
[INFO 59:51] rmse : 0.5515751838684082
[INFO 59:51] valid_rmse : 0.7053390741348267
[INFO 59:51] valid_loss : 0.9547218680381775
[INFO 01:16] - learning_users_emb: 0.01
[INFO 01:44] rmse : 0.5504900813102722
[INFO 01:44] valid_rmse : 0.7039514780044556
[INFO 01:44] valid_loss : 0.9537397623062134
[INFO 03:09] - learning_users_emb: 0.01
[INFO 03:37] rmse : 0.5497655272483826
[INFO 03:37] valid_rmse : 0.7030249834060669
[INFO 03:37] valid_loss : 0.9531847238540649
[INFO 05:01] - learning_users_emb: 0.01
[INFO 05:29] rmse : 0.5515751838684082
[INFO 05:29] valid_rmse : 0.7053390741348267
[INFO 05:29] valid_loss : 0.952979326248169
[INFO 06:54] - learning_users_emb: 0.01
[INFO 07:22] rmse : 0.5527482628822327
[INFO 07:22] valid_rmse : 0.7068392038345337
[INFO 07:22] valid_loss : 0.9523769617080688
[INFO 08:46] - learning_users_emb: 0.01
[INFO 09:14] rmse : 0.5454892516136169
[INFO 09:14] valid_rmse : 0.6975565552711487
[INFO 09:14] valid_loss : 0.9524027109146118
[INFO 10:38] - learning_users_emb: 0.01
[INFO 11:06] rmse : 0.5484043955802917
[INFO 11:06] valid_rmse : 0.7012844085693359
[INFO 11:06] valid_loss : 0.9514927268028259
[INFO 12:30] - learning_users_emb: 0.01
[INFO 12:58] rmse : 0.5503090620040894
[INFO 12:58] valid_rmse : 0.7037200331687927
[INFO 12:58] valid_loss : 0.951604962348938
[INFO 14:22] - learning_users_emb: 0.01
[INFO 14:50] rmse : 0.5465842485427856
[INFO 14:50] valid_rmse : 0.6989568471908569
[INFO 14:50] valid_loss : 0.950920581817627
[INFO 16:14] - learning_users_emb: 0.01
[INFO 16:42] rmse : 0.5457631945610046
[INFO 16:42] valid_rmse : 0.6979069113731384
[INFO 16:42] valid_loss : 0.9504287242889404
[INFO 18:07] - learning_users_emb: 0.01
[INFO 18:35] rmse : 0.5443005561828613
[INFO 18:35] valid_rmse : 0.6960365176200867
[INFO 18:35] valid_loss : 0.9501951336860657
[INFO 19:59] - learning_users_emb: 0.01
[INFO 20:27] rmse : 0.5453065633773804
[INFO 20:27] valid_rmse : 0.6973229646682739
[INFO 20:27] valid_loss : 0.9497905373573303
[INFO 20:27] -- END Training --
[INFO 20:27] ✅ Training completed in 11123.08 seconds.
[INFO 20:27] train on cuda
[WARNING 21:08] Computing RM on meta and QUERY set
[INFO 21:12] RM: 0.359650823248648
[WARNING 21:13] Computing RM on meta and QUERY set
[INFO 21:13] RM: 0.4293746398938276
[WARNING 21:15] Computing RM on meta and QUERY set
[INFO 21:15] RM: 0.4779365765179385
[WARNING 21:17] Computing RM on meta and QUERY set
[INFO 21:17] RM: 0.5227838473081291
[WARNING 21:18] Computing RM on meta and QUERY set
[INFO 21:18] RM: 0.5630773314075438
[WARNING 21:20] Computing RM on meta and QUERY set
[INFO 21:20] RM: 0.5984341142677435
[WARNING 21:21] Computing RM on meta and QUERY set
[INFO 21:21] RM: 0.6310155146224143
[WARNING 21:23] Computing RM on meta and QUERY set
[INFO 21:23] RM: 0.6589423479257299
[WARNING 21:25] Computing RM on meta and QUERY set
[INFO 21:25] RM: 0.6848779983121889
[WARNING 21:26] Computing RM on meta and QUERY set
[INFO 21:26] RM: 0.7101246728451318
[WARNING 21:28] Computing RM on meta and QUERY set
[INFO 21:28] RM: 0.7347594102837942
[WARNING 21:29] Computing RM on meta and QUERY set
[INFO 21:29] RM: 0.7581017438088298
[WARNING 21:31] Computing RM on meta and QUERY set
[INFO 21:31] RM: 0.7794856041549131
[WARNING 21:32] Computing RM on meta and QUERY set
[INFO 21:32] RM: 0.8011693660823593
[WARNING 21:34] Computing RM on meta and QUERY set
[INFO 21:34] RM: 0.8214598447918285
[WARNING 21:36] Computing RM on meta and QUERY set
[INFO 21:36] RM: 0.8406886115475645
[INFO 21:36] Fold 2; pareto_index: 6.986270831589617; results: ({0: {'mi_acc': 0.6642749905586243, 'rmse': 0.5794177651405334, 'mae': 0.33572494983673096, 'mi_prec': 0.6634446382522583, 'mi_rec': 0.6217830181121826, 'mi_f_b': 0.6419386267662048, 'mi_auc': 0.662957931725686, 'ma_prec': 0.6642045378684998, 'ma_rec': 0.6629579067230225, 'ma_f_b': 0.6629635095596313}, 1: {'mi_acc': 0.6646736264228821, 'rmse': 0.5790736675262451, 'mae': 0.33532634377479553, 'mi_prec': 0.6643233895301819, 'mi_rec': 0.6220942139625549, 'mi_f_b': 0.6425156593322754, 'mi_auc': 0.6633857258059322, 'ma_prec': 0.6646438837051392, 'ma_rec': 0.6633857488632202, 'ma_f_b': 0.6633803844451904}, 2: {'mi_acc': 0.6642749905586243, 'rmse': 0.5794177651405334, 'mae': 0.33572494983673096, 'mi_prec': 0.6643233895301819, 'mi_rec': 0.6215827465057373, 'mi_f_b': 0.6422427892684937, 'mi_auc': 0.6630157382797823, 'ma_prec': 0.6642791628837585, 'ma_rec': 0.6630157232284546, 'ma_f_b': 0.6629968881607056}, 3: {'mi_acc': 0.6654708385467529, 'rmse': 0.5783849358558655, 'mae': 0.3345291316509247, 'mi_prec': 0.6687170267105103, 'mi_rec': 0.6221132278442383, 'mi_f_b': 0.6445738673210144, 'mi_auc': 0.66442106111629, 'ma_prec': 0.6657464504241943, 'ma_rec': 0.6644210815429688, 'ma_f_b': 0.6643104553222656}, 4: {'mi_acc': 0.6672645211219788, 'rmse': 0.5768322348594666, 'mae': 0.33273541927337646, 'mi_prec': 0.6722319722175598, 'mi_rec': 0.6235989332199097, 'mi_f_b': 0.6470028162002563, 'mi_auc': 0.66632365111193, 'ma_prec': 0.6676862835884094, 'ma_rec': 0.6663236618041992, 'ma_f_b': 0.6661646366119385}, 5: {'mi_acc': 0.6705530285835266, 'rmse': 0.5739746689796448, 'mae': 0.3294469118118286, 'mi_prec': 0.6772847175598145, 'mi_rec': 0.6266260147094727, 'mi_f_b': 0.6509712934494019, 'mi_auc': 0.6697157451779796, 'ma_prec': 0.6711245775222778, 'ma_rec': 0.6697157621383667, 'ma_f_b': 0.6695127487182617}, 6: {'mi_acc': 0.6740408539772034, 'rmse': 0.5709283351898193, 'mae': 0.32595914602279663, 'mi_prec': 0.6840949058532715, 'mi_rec': 0.6294724345207214, 'mi_f_b': 0.6556479334831238, 'mi_auc': 0.6734233106780936, 'ma_prec': 0.6748944520950317, 'ma_rec': 0.6734232902526855, 'ma_f_b': 0.6731082201004028}, 7: {'mi_acc': 0.6758345365524292, 'rmse': 0.5693552494049072, 'mae': 0.324165403842926, 'mi_prec': 0.6867311000823975, 'mi_rec': 0.6311326622962952, 'mi_f_b': 0.6577591300010681, 'mi_auc': 0.6752672285957898, 'ma_prec': 0.6767597198486328, 'ma_rec': 0.675267219543457, 'ma_f_b': 0.674927830696106}, 8: {'mi_acc': 0.6779272556304932, 'rmse': 0.5675145387649536, 'mae': 0.32207274436950684, 'mi_prec': 0.6909050941467285, 'mi_rec': 0.6327967643737793, 'mi_f_b': 0.6605755090713501, 'mi_auc': 0.6775040171929901, 'ma_prec': 0.6790290474891663, 'ma_rec': 0.6775040030479431, 'ma_f_b': 0.6770833730697632}, 9: {'mi_acc': 0.6802192330360413, 'rmse': 0.5654916167259216, 'mae': 0.31978076696395874, 'mi_prec': 0.6937609910964966, 'mi_rec': 0.635029137134552, 'mi_f_b': 0.663097083568573, 'mi_auc': 0.6798219671091535, 'ma_prec': 0.6813689470291138, 'ma_rec': 0.6798219680786133, 'ma_f_b': 0.6793911457061768}, 10: {'mi_acc': 0.6823118925094604, 'rmse': 0.5636382699012756, 'mae': 0.31768807768821716, 'mi_prec': 0.6992530822753906, 'mi_rec': 0.6363454461097717, 'mi_f_b': 0.6663178205490112, 'mi_auc': 0.6821703466437784, 'ma_prec': 0.6837501525878906, 'ma_rec': 0.6821703314781189, 'ma_f_b': 0.6815803647041321}, 11: {'mi_acc': 0.6838066577911377, 'rmse': 0.5623106956481934, 'mae': 0.3161933124065399, 'mi_prec': 0.7007908821105957, 'mi_rec': 0.6378723978996277, 'mi_f_b': 0.6678529977798462, 'mi_auc': 0.6836561174058394, 'ma_prec': 0.685248613357544, 'ma_rec': 0.6836560964584351, 'ma_f_b': 0.683075487613678}, 12: {'mi_acc': 0.6848031878471375, 'rmse': 0.5614238977432251, 'mae': 0.31519681215286255, 'mi_prec': 0.7038664221763611, 'mi_rec': 0.6383741497993469, 'mi_f_b': 0.6695224642753601, 'mi_auc': 0.6848170731126026, 'ma_prec': 0.6864216327667236, 'ma_rec': 0.6848170757293701, 'ma_f_b': 0.6841278076171875}, 13: {'mi_acc': 0.6882909536361694, 'rmse': 0.5583090782165527, 'mae': 0.3117090165615082, 'mi_prec': 0.7076010704040527, 'mi_rec': 0.641889214515686, 'mi_f_b': 0.6731452345848083, 'mi_auc': 0.6882956060196449, 'ma_prec': 0.6899303793907166, 'ma_rec': 0.6882956027984619, 'ma_f_b': 0.687620222568512}, 14: {'mi_acc': 0.6888888478279114, 'rmse': 0.5577733516693115, 'mae': 0.31111109256744385, 'mi_prec': 0.7060632705688477, 'mi_rec': 0.6430572271347046, 'mi_f_b': 0.6730890274047852, 'mi_auc': 0.688711458377276, 'ma_prec': 0.6903469562530518, 'ma_rec': 0.6887114644050598, 'ma_f_b': 0.6881605386734009}, 15: {'mi_acc': 0.6903836131095886, 'rmse': 0.556431770324707, 'mae': 0.3096163272857666, 'mi_prec': 0.7071616649627686, 'mi_rec': 0.6447026133537292, 'mi_f_b': 0.6744892597198486, 'mi_auc': 0.690161684509841, 'ma_prec': 0.6918081045150757, 'ma_rec': 0.6901617050170898, 'ma_f_b': 0.6896436810493469}}, {0: {'meta_doa': np.float64(0.5382870819665767), 'pc-er': 0.060394287109375, 'rm': 0.359650823248648}, 1: {'meta_doa': np.float64(0.5643876257842273), 'pc-er': 0.0567626953125, 'rm': 0.4293746398938276}, 2: {'meta_doa': np.float64(0.5846373627430681), 'pc-er': 0.05181884765625, 'rm': 0.4779365765179385}, 3: {'meta_doa': np.float64(0.602789932762509), 'pc-er': 0.054962158203125, 'rm': 0.5227838473081291}, 4: {'meta_doa': np.float64(0.6167349407219276), 'pc-er': 0.055419921875, 'rm': 0.5630773314075438}, 5: {'meta_doa': np.float64(0.6299448434813895), 'pc-er': 0.0528564453125, 'rm': 0.5984341142677435}, 6: {'meta_doa': np.float64(0.6418955612033994), 'pc-er': 0.056732177734375, 'rm': 0.6310155146224143}, 7: {'meta_doa': np.float64(0.6501637623238065), 'pc-er': 0.06280517578125, 'rm': 0.6589423479257299}, 8: {'meta_doa': np.float64(0.6576435166450639), 'pc-er': 0.06829833984375, 'rm': 0.6848779983121889}, 9: {'meta_doa': np.float64(0.6685610866456093), 'pc-er': 0.07220458984375, 'rm': 0.7101246728451318}, 10: {'meta_doa': np.float64(0.6763718128470015), 'pc-er': 0.0804443359375, 'rm': 0.7347594102837942}, 11: {'meta_doa': np.float64(0.6856952605526391), 'pc-er': 0.08642578125, 'rm': 0.7581017438088298}, 12: {'meta_doa': np.float64(0.6908638306355059), 'pc-er': 0.0914306640625, 'rm': 0.7794856041549131}, 13: {'meta_doa': np.float64(0.6969119090322825), 'pc-er': 0.09521484375, 'rm': 0.8011693660823593}, 14: {'meta_doa': np.float64(0.7029765908432524), 'pc-er': 0.1005859375, 'rm': 0.8214598447918285}, 15: {'meta_doa': np.float64(0.709786618385035), 'pc-er': 0.10467529296875, 'rm': 0.8406886115475645}})
