PID 274827 sees CUDA_VISIBLE_DEVICES = 0
→ torch.device is 0 Tesla V100-SXM2-16GB
[INFO 36:50] Using device: cuda
[INFO 36:50] #### config : {'seed': 0, 'dataset_name': 'assist0910', 'load_params': True, 'save_params': False, 'embs_path': '../embs/', 'params_path': '../ckpt/', 'early_stopping': True, 'esc': 'error', 'verbose_early_stopping': False, 'disable_tqdm': False, 'valid_metric': 'rmse', 'learning_rate': 0.001, 'batch_size': 512, 'valid_batch_size': 10000, 'num_epochs': 100, 'eval_freq': 1, 'patience': 20, 'device': device(type='cuda'), 'lambda': 2.67605964593852e-06, 'tensorboard': False, 'flush_freq': True, 'pred_metrics': ['mi_acc', 'rmse', 'mae', 'mi_prec', 'mi_rec', 'mi_f_b', 'mi_auc', 'ma_prec', 'ma_rec', 'ma_f_b'], 'profile_metrics': ['meta_doa', 'pc-er', 'rm'], 'num_responses': 12, 'low_mem': False, 'n_query': 16, 'CDM': 'impact', 'i_fold': 2, 'num_inner_users_epochs': 9, 'num_inner_epochs': 10, 'inner_lr': 0.0001, 'inner_user_lr': 0.05, 'meta_lr': 0.05, 'meta_trainer': 'Adam', 'num_workers': 0, 'pin_memory': False, 'debug': False} ####
[INFO 37:07] Random_cont_model
[INFO 37:08] compiling CDM model
[INFO 37:16] compiling selection model
[INFO 37:16] ⏳ Début de l'entraînement...
[INFO 37:16] ✅ Entraînement terminé en 0.00 secondes.
[INFO 37:16] train on cuda
[WARNING 37:44] Computing RM on meta and QUERY set
[INFO 37:47] RM: 0.09588715709851126
[WARNING 37:49] Computing RM on meta and QUERY set
[INFO 37:49] RM: 0.1283992155065375
[WARNING 37:53] Computing RM on meta and QUERY set
[INFO 37:53] RM: 0.19556399056703985
[WARNING 37:57] Computing RM on meta and QUERY set
[INFO 37:57] RM: 0.23744280688061353
[WARNING 38:01] Computing RM on meta and QUERY set
[INFO 38:01] RM: 0.28470278031169816
[WARNING 38:06] Computing RM on meta and QUERY set
[INFO 38:06] RM: 0.2625589403008696
[WARNING 38:10] Computing RM on meta and QUERY set
[INFO 38:10] RM: 0.27521275153991
[WARNING 38:14] Computing RM on meta and QUERY set
[INFO 38:14] RM: 0.28642144254729224
[WARNING 38:18] Computing RM on meta and QUERY set
[INFO 38:18] RM: 0.3087230594557527
[WARNING 38:22] Computing RM on meta and QUERY set
[INFO 38:22] RM: 0.33273700169351234
[WARNING 38:26] Computing RM on meta and QUERY set
[INFO 38:26] RM: 0.34226758189310663
[WARNING 38:30] Computing RM on meta and QUERY set
[INFO 38:30] RM: 0.35805516814673244
[WARNING 38:34] Computing RM on meta and QUERY set
[INFO 38:34] RM: 0.3440477151663965
[WARNING 38:38] Computing RM on meta and QUERY set
[INFO 38:38] RM: 0.3491483551990027
[WARNING 38:42] Computing RM on meta and QUERY set
[INFO 38:42] RM: 0.3619179322866477
[WARNING 38:45] Computing RM on meta and QUERY set
[INFO 38:45] RM: 0.37339334820279274
[INFO 38:45] Fold 2; pareto_index: 5.856023150162171; results: ({0: {'mi_acc': 0.6352694630622864, 'rmse': 0.6039292216300964, 'mae': 0.36473050713539124, 'mi_prec': 0.8001658320426941, 'mi_rec': 0.6790992021560669, 'mi_f_b': 0.7346783876419067, 'mi_auc': 0.5936312456016889, 'ma_prec': 0.5766786336898804, 'ma_rec': 0.5936312675476074, 'ma_f_b': 0.5757073760032654}, 1: {'mi_acc': 0.650968074798584, 'rmse': 0.590789258480072, 'mae': 0.349031925201416, 'mi_prec': 0.8117744326591492, 'mi_rec': 0.6899224519729614, 'mi_f_b': 0.7459047436714172, 'mi_auc': 0.6142701833995083, 'ma_prec': 0.5938304662704468, 'ma_rec': 0.6142702102661133, 'ma_f_b': 0.5943391919136047}, 2: {'mi_acc': 0.6499214768409729, 'rmse': 0.5916743278503418, 'mae': 0.3500784933567047, 'mi_prec': 0.7976782917976379, 'mi_rec': 0.6935832500457764, 'mi_f_b': 0.7419976592063904, 'mi_auc': 0.6139672091448951, 'ma_prec': 0.5974206924438477, 'ma_rec': 0.6139671802520752, 'ma_f_b': 0.5988263487815857}, 3: {'mi_acc': 0.6577708125114441, 'rmse': 0.5850035548210144, 'mae': 0.3422291874885559, 'mi_prec': 0.8009950518608093, 'mi_rec': 0.699999988079071, 'mi_f_b': 0.7470998167991638, 'mi_auc': 0.6240112994350282, 'ma_prec': 0.6068804860115051, 'ma_rec': 0.6240112781524658, 'ma_f_b': 0.6089867949485779}, 4: {'mi_acc': 0.6609104871749878, 'rmse': 0.5823138952255249, 'mae': 0.3390894830226898, 'mi_prec': 0.7943615317344666, 'mi_rec': 0.7054491639137268, 'mi_f_b': 0.747269868850708, 'mi_auc': 0.6284931302548424, 'ma_prec': 0.6134928464889526, 'ma_rec': 0.6284931302070618, 'ma_f_b': 0.6160832643508911}, 5: {'mi_acc': 0.6635269522666931, 'rmse': 0.580062985420227, 'mae': 0.3364730477333069, 'mi_prec': 0.788557231426239, 'mi_rec': 0.7102315425872803, 'mi_f_b': 0.7473477721214294, 'mi_auc': 0.6322136601262816, 'ma_prec': 0.6191012859344482, 'ma_rec': 0.6322137117385864, 'ma_f_b': 0.6219119429588318}, 6: {'mi_acc': 0.6708529591560364, 'rmse': 0.5737133622169495, 'mae': 0.3291470408439636, 'mi_prec': 0.7868988513946533, 'mi_rec': 0.7183951735496521, 'mi_f_b': 0.7510882616043091, 'mi_auc': 0.6414009674232413, 'ma_prec': 0.6296196579933167, 'ma_rec': 0.641400933265686, 'ma_f_b': 0.632686972618103}, 7: {'mi_acc': 0.6724228262901306, 'rmse': 0.5723435878753662, 'mae': 0.3275771737098694, 'mi_prec': 0.7877280116081238, 'mi_rec': 0.7196969985961914, 'mi_f_b': 0.7521772980690002, 'mi_auc': 0.6432664205506845, 'ma_prec': 0.6314526796340942, 'ma_rec': 0.6432664394378662, 'ma_f_b': 0.6345763206481934}, 8: {'mi_acc': 0.6734693646430969, 'rmse': 0.5714285373687744, 'mae': 0.3265306055545807, 'mi_prec': 0.7835820913314819, 'mi_rec': 0.7224770784378052, 'mi_f_b': 0.7517899870872498, 'mi_auc': 0.6448206216623306, 'ma_prec': 0.634344220161438, 'ma_rec': 0.6448206305503845, 'ma_f_b': 0.6373628377914429}, 9: {'mi_acc': 0.6692830920219421, 'rmse': 0.5750799179077148, 'mae': 0.33071690797805786, 'mi_prec': 0.7786069512367249, 'mi_rec': 0.7200919985771179, 'mi_f_b': 0.748207151889801, 'mi_auc': 0.6401119101282582, 'ma_prec': 0.6304382085800171, 'ma_rec': 0.6401119232177734, 'ma_f_b': 0.6332498788833618}, 10: {'mi_acc': 0.674515962600708, 'rmse': 0.570512056350708, 'mae': 0.325484037399292, 'mi_prec': 0.7761194109916687, 'mi_rec': 0.7267080545425415, 'mi_f_b': 0.7506014704704285, 'mi_auc': 0.6466606183264707, 'ma_prec': 0.6384143233299255, 'ma_rec': 0.646660566329956, 'ma_f_b': 0.6411139965057373}, 11: {'mi_acc': 0.6734693646430969, 'rmse': 0.5714285373687744, 'mae': 0.3265306055545807, 'mi_prec': 0.7694858908653259, 'mi_rec': 0.7284144163131714, 'mi_f_b': 0.7483870983123779, 'mi_auc': 0.6459968602825745, 'ma_prec': 0.6393529176712036, 'ma_rec': 0.6459968090057373, 'ma_f_b': 0.6417046785354614}, 12: {'mi_acc': 0.6797488331794739, 'rmse': 0.56590735912323, 'mae': 0.3202511668205261, 'mi_prec': 0.7669983506202698, 'mi_rec': 0.7364649772644043, 'mi_f_b': 0.7514216899871826, 'mi_auc': 0.65372866728254, 'ma_prec': 0.648747444152832, 'ma_rec': 0.6537286639213562, 'ma_f_b': 0.6507108211517334}, 13: {'mi_acc': 0.6755625009536743, 'rmse': 0.569594144821167, 'mae': 0.3244374692440033, 'mi_prec': 0.7694858908653259, 'mi_rec': 0.730708658695221, 'mi_f_b': 0.749596118927002, 'mi_auc': 0.6485056567617036, 'ma_prec': 0.6421897411346436, 'ma_rec': 0.648505687713623, 'ma_f_b': 0.6444859504699707}, 14: {'mi_acc': 0.6661433577537537, 'rmse': 0.5778032541275024, 'mae': 0.33385661244392395, 'mi_prec': 0.7620232105255127, 'mi_rec': 0.7236220240592957, 'mi_f_b': 0.7423262596130371, 'mi_auc': 0.6379420688638568, 'ma_prec': 0.6320754289627075, 'ma_rec': 0.6379420757293701, 'ma_f_b': 0.634164571762085}, 15: {'mi_acc': 0.6713762283325195, 'rmse': 0.5732571482658386, 'mae': 0.3286237418651581, 'mi_prec': 0.7578772902488708, 'mi_rec': 0.7311999797821045, 'mi_f_b': 0.7442996501922607, 'mi_auc': 0.6447225416036308, 'ma_prec': 0.6406407356262207, 'ma_rec': 0.6447225213050842, 'ma_f_b': 0.6422815918922424}}, {0: {'meta_doa': np.float64(0.531126881411971), 'pc-er': 0.034637451171875, 'rm': 0.09588715709851126}, 1: {'meta_doa': np.float64(0.5432300837502273), 'pc-er': 0.05908203125, 'rm': 0.1283992155065375}, 2: {'meta_doa': np.float64(0.5460722584141231), 'pc-er': 0.09039306640625, 'rm': 0.19556399056703985}, 3: {'meta_doa': np.float64(0.5595257285225377), 'pc-er': 0.0838623046875, 'rm': 0.23744280688061353}, 4: {'meta_doa': np.float64(0.5398689794782197), 'pc-er': 0.1298828125, 'rm': 0.28470278031169816}, 5: {'meta_doa': np.float64(0.5395033899697289), 'pc-er': 0.142578125, 'rm': 0.2625589403008696}, 6: {'meta_doa': np.float64(0.5710141088668903), 'pc-er': 0.1439208984375, 'rm': 0.27521275153991}, 7: {'meta_doa': np.float64(0.5630942956099534), 'pc-er': 0.2283935546875, 'rm': 0.28642144254729224}, 8: {'meta_doa': np.float64(0.5441118688722867), 'pc-er': 0.25390625, 'rm': 0.3087230594557527}, 9: {'meta_doa': np.float64(0.5449434936864815), 'pc-er': 0.29443359375, 'rm': 0.33273700169351234}, 10: {'meta_doa': np.float64(0.5507007892946431), 'pc-er': 0.31689453125, 'rm': 0.34226758189310663}, 11: {'meta_doa': np.float64(0.5552602471513761), 'pc-er': 0.313232421875, 'rm': 0.35805516814673244}, 12: {'meta_doa': np.float64(0.5531137108603549), 'pc-er': 0.29443359375, 'rm': 0.3440477151663965}, 13: {'meta_doa': np.float64(0.5445060505741749), 'pc-er': 0.30419921875, 'rm': 0.3491483551990027}, 14: {'meta_doa': np.float64(0.5539548441565216), 'pc-er': 0.307861328125, 'rm': 0.3619179322866477}, 15: {'meta_doa': np.float64(0.5602673442692221), 'pc-er': 0.2978515625, 'rm': 0.37339334820279274}})
