PID 1877465 sees CUDA_VISIBLE_DEVICES = 0
→ torch.device is 0 Tesla V100-SXM2-16GB
[INFO 27:44] Using device: cuda
[INFO 27:44] #### config : {'seed': 0, 'dataset_name': 'math2', 'load_params': True, 'save_params': False, 'embs_path': '../embs/', 'params_path': '../ckpt/', 'early_stopping': True, 'esc': 'error', 'verbose_early_stopping': False, 'disable_tqdm': False, 'valid_metric': 'rmse', 'learning_rate': 0.001, 'batch_size': 512, 'valid_batch_size': 10000, 'num_epochs': 100, 'eval_freq': 1, 'patience': 20, 'device': device(type='cuda'), 'lambda': 2.6180638633142202e-05, 'tensorboard': False, 'flush_freq': True, 'pred_metrics': ['mi_acc', 'rmse', 'mae', 'mi_prec', 'mi_rec', 'mi_f_b', 'mi_auc', 'ma_prec', 'ma_rec', 'ma_f_b'], 'profile_metrics': ['meta_doa', 'pc-er', 'rm'], 'num_responses': 12, 'low_mem': False, 'n_query': 16, 'CDM': 'impact', 'i_fold': 1, 'num_inner_users_epochs': 10, 'num_inner_epochs': 10, 'inner_lr': 0.0001, 'inner_user_lr': 0.05, 'meta_lr': 0.05, 'meta_trainer': 'Adam', 'num_workers': 0, 'pin_memory': False, 'debug': False} ####
[INFO 27:57] Random_cont_model
[INFO 27:57] compiling CDM model
[INFO 28:02] compiling selection model
[INFO 28:02] ⏳ Début de l'entraînement...
[INFO 28:02] ✅ Entraînement terminé en 0.00 secondes.
[INFO 28:02] train on cuda
[WARNING 29:40] Computing RM on meta and QUERY set
[INFO 29:43] RM: 0.2701749740448975
[WARNING 29:44] Computing RM on meta and QUERY set
[INFO 29:44] RM: 0.4536030499436532
[WARNING 29:46] Computing RM on meta and QUERY set
[INFO 29:46] RM: 0.5419953342345729
[WARNING 29:48] Computing RM on meta and QUERY set
[INFO 29:48] RM: 0.5945527746996502
[WARNING 29:49] Computing RM on meta and QUERY set
[INFO 29:49] RM: 0.6221410150643567
[WARNING 29:51] Computing RM on meta and QUERY set
[INFO 29:51] RM: 0.6617626800274261
[WARNING 29:52] Computing RM on meta and QUERY set
[INFO 29:52] RM: 0.6928705841329175
[WARNING 29:54] Computing RM on meta and QUERY set
[INFO 29:54] RM: 0.7257540641562557
[WARNING 29:56] Computing RM on meta and QUERY set
[INFO 29:56] RM: 0.750358814472335
[WARNING 29:57] Computing RM on meta and QUERY set
[INFO 29:57] RM: 0.7640114616267051
[WARNING 29:59] Computing RM on meta and QUERY set
[INFO 29:59] RM: 0.7945401255998813
[WARNING 30:00] Computing RM on meta and QUERY set
[INFO 30:00] RM: 0.8191201933183986
[WARNING 30:02] Computing RM on meta and QUERY set
[INFO 30:02] RM: 0.8376735159598607
[WARNING 30:04] Computing RM on meta and QUERY set
[INFO 30:04] RM: 0.8454291786932088
[WARNING 30:06] Computing RM on meta and QUERY set
[INFO 30:06] RM: 0.878473677927906
[WARNING 30:07] Computing RM on meta and QUERY set
[INFO 30:07] RM: 0.8975303513457642
[INFO 30:07] Fold 1; pareto_index: 6.889702813875094; results: ({0: {'mi_acc': 0.6156452298164368, 'rmse': 0.619963526725769, 'mae': 0.38435474038124084, 'mi_prec': 0.527827262878418, 'mi_rec': 0.5773070454597473, 'mi_f_b': 0.551459550857544, 'mi_auc': 0.609756757249645, 'ma_prec': 0.607319712638855, 'ma_rec': 0.6097567677497864, 'ma_f_b': 0.6076101660728455}, 1: {'mi_acc': 0.594818115234375, 'rmse': 0.6365389823913574, 'mae': 0.4051818549633026, 'mi_prec': 0.5313891172409058, 'mi_rec': 0.5489880442619324, 'mi_f_b': 0.5400452613830566, 'mi_auc': 0.5894228051873178, 'ma_prec': 0.5888047814369202, 'ma_rec': 0.5894228219985962, 'ma_f_b': 0.5889896750450134}, 2: {'mi_acc': 0.6139511466026306, 'rmse': 0.6213282942771912, 'mae': 0.386048823595047, 'mi_prec': 0.5732412934303284, 'mi_rec': 0.5681818127632141, 'mi_f_b': 0.5707003474235535, 'mi_auc': 0.6099131878479507, 'ma_prec': 0.6100916862487793, 'ma_rec': 0.609913170337677, 'ma_f_b': 0.6099925637245178}, 3: {'mi_acc': 0.6308918595314026, 'rmse': 0.6075426936149597, 'mae': 0.369108110666275, 'mi_prec': 0.5823686718940735, 'mi_rec': 0.58865886926651, 'mi_f_b': 0.5854968428611755, 'mi_auc': 0.6265598031811768, 'ma_prec': 0.6262916922569275, 'ma_rec': 0.6265597939491272, 'ma_f_b': 0.6264110803604126}, 4: {'mi_acc': 0.6326856017112732, 'rmse': 0.6060646772384644, 'mae': 0.3673143982887268, 'mi_prec': 0.5803651213645935, 'mi_rec': 0.5914247035980225, 'mi_f_b': 0.5858426690101624, 'mi_auc': 0.6282163397761055, 'ma_prec': 0.6277254223823547, 'ma_rec': 0.6282163858413696, 'ma_f_b': 0.6279258131980896}, 5: {'mi_acc': 0.6316890716552734, 'rmse': 0.6068862080574036, 'mae': 0.3683108985424042, 'mi_prec': 0.5834817290306091, 'mi_rec': 0.589518666267395, 'mi_f_b': 0.5864846706390381, 'mi_auc': 0.6273769760294041, 'ma_prec': 0.6271188259124756, 'ma_rec': 0.6273769736289978, 'ma_f_b': 0.6272344589233398}, 6: {'mi_acc': 0.6401594281196594, 'rmse': 0.5998671054840088, 'mae': 0.3598405420780182, 'mi_prec': 0.5979518890380859, 'mi_rec': 0.5980850458145142, 'mi_f_b': 0.5980184674263, 'mi_auc': 0.6361637416246635, 'ma_prec': 0.6361579895019531, 'ma_rec': 0.6361637115478516, 'ma_f_b': 0.6361608505249023}, 7: {'mi_acc': 0.6497259140014648, 'rmse': 0.5918395519256592, 'mae': 0.3502740263938904, 'mi_prec': 0.5988423824310303, 'mi_rec': 0.6109470725059509, 'mi_f_b': 0.6048341393470764, 'mi_auc': 0.6454948475858402, 'ma_prec': 0.6449019908905029, 'ma_rec': 0.645494818687439, 'ma_f_b': 0.645146369934082}, 8: {'mi_acc': 0.6546088457107544, 'rmse': 0.587699830532074, 'mae': 0.3453911244869232, 'mi_prec': 0.6159839630126953, 'mi_rec': 0.613797664642334, 'mi_f_b': 0.6148888468742371, 'mi_auc': 0.6508467386608516, 'ma_prec': 0.650947093963623, 'ma_rec': 0.6508467197418213, 'ma_f_b': 0.6508951783180237}, 9: {'mi_acc': 0.6486297845840454, 'rmse': 0.5927648544311523, 'mae': 0.3513701856136322, 'mi_prec': 0.5975067019462585, 'mi_rec': 0.6097228527069092, 'mi_f_b': 0.6035529375076294, 'mi_auc': 0.6443785578154564, 'ma_prec': 0.6437830924987793, 'ma_rec': 0.6443785429000854, 'ma_f_b': 0.6440277099609375}, 10: {'mi_acc': 0.6518186330795288, 'rmse': 0.5900689363479614, 'mae': 0.3481813669204712, 'mi_prec': 0.604853093624115, 'mi_rec': 0.6124887466430664, 'mi_f_b': 0.6086469888687134, 'mi_auc': 0.6477339159978168, 'ma_prec': 0.6473661065101624, 'ma_rec': 0.6477339267730713, 'ma_f_b': 0.6475293636322021}, 11: {'mi_acc': 0.6538116335868835, 'rmse': 0.5883777141571045, 'mae': 0.34618833661079407, 'mi_prec': 0.608860194683075, 'mi_rec': 0.6143306493759155, 'mi_f_b': 0.6115831732749939, 'mi_auc': 0.6498126411859645, 'ma_prec': 0.6495500802993774, 'ma_rec': 0.649812638759613, 'ma_f_b': 0.6496708393096924}, 12: {'mi_acc': 0.6506227850914001, 'rmse': 0.5910813212394714, 'mae': 0.3493771553039551, 'mi_prec': 0.6115316152572632, 'mi_rec': 0.6093611121177673, 'mi_f_b': 0.6104444861412048, 'mi_auc': 0.6468191602440805, 'ma_prec': 0.6469168066978455, 'ma_rec': 0.6468191146850586, 'ma_f_b': 0.6468663215637207}, 13: {'mi_acc': 0.6528151035308838, 'rmse': 0.5892239212989807, 'mae': 0.34718483686447144, 'mi_prec': 0.6044078469276428, 'mi_rec': 0.6139755845069885, 'mi_f_b': 0.6091541647911072, 'mi_auc': 0.6486945405135055, 'ma_prec': 0.6482259035110474, 'ma_rec': 0.6486945152282715, 'ma_f_b': 0.6484279036521912}, 14: {'mi_acc': 0.661783754825592, 'rmse': 0.5815635919570923, 'mae': 0.33821624517440796, 'mi_prec': 0.619768500328064, 'mi_rec': 0.6228187680244446, 'mi_f_b': 0.621289849281311, 'mi_auc': 0.657950276476299, 'ma_prec': 0.657800555229187, 'ma_rec': 0.6579502820968628, 'ma_f_b': 0.6578721404075623}, 15: {'mi_acc': 0.6589934825897217, 'rmse': 0.5839575529098511, 'mae': 0.34100645780563354, 'mi_prec': 0.6115316152572632, 'mi_rec': 0.6209312677383423, 'mi_f_b': 0.6161956191062927, 'mi_auc': 0.6549675132771683, 'ma_prec': 0.6544939279556274, 'ma_rec': 0.6549675464630127, 'ma_f_b': 0.6546999216079712}}, {0: {'meta_doa': np.float64(0.5355796155811976), 'pc-er': 0.03558349609375, 'rm': 0.2701749740448975}, 1: {'meta_doa': np.float64(0.5636071046147826), 'pc-er': 0.10211181640625, 'rm': 0.4536030499436532}, 2: {'meta_doa': np.float64(0.5871284460459466), 'pc-er': 0.0831298828125, 'rm': 0.5419953342345729}, 3: {'meta_doa': np.float64(0.6088721517429183), 'pc-er': 0.06695556640625, 'rm': 0.5945527746996502}, 4: {'meta_doa': np.float64(0.6289544890950385), 'pc-er': 0.0955810546875, 'rm': 0.6221410150643567}, 5: {'meta_doa': np.float64(0.6466841382902964), 'pc-er': 0.08251953125, 'rm': 0.6617626800274261}, 6: {'meta_doa': np.float64(0.6626306789233724), 'pc-er': 0.0970458984375, 'rm': 0.6928705841329175}, 7: {'meta_doa': np.float64(0.6777533427430817), 'pc-er': 0.10205078125, 'rm': 0.7257540641562557}, 8: {'meta_doa': np.float64(0.6921356704153596), 'pc-er': 0.10076904296875, 'rm': 0.750358814472335}, 9: {'meta_doa': np.float64(0.7033618926619967), 'pc-er': 0.0911865234375, 'rm': 0.7640114616267051}, 10: {'meta_doa': np.float64(0.7142929318152933), 'pc-er': 0.10919189453125, 'rm': 0.7945401255998813}, 11: {'meta_doa': np.float64(0.7260377802727908), 'pc-er': 0.09197998046875, 'rm': 0.8191201933183986}, 12: {'meta_doa': np.float64(0.7345611863750237), 'pc-er': 0.07208251953125, 'rm': 0.8376735159598607}, 13: {'meta_doa': np.float64(0.7408900427543628), 'pc-er': 0.056121826171875, 'rm': 0.8454291786932088}, 14: {'meta_doa': np.float64(0.7518180976586514), 'pc-er': 0.0799560546875, 'rm': 0.878473677927906}, 15: {'meta_doa': np.float64(0.7594096406092803), 'pc-er': 0.08551025390625, 'rm': 0.8975303513457642}})
