PID 3444668 sees CUDA_VISIBLE_DEVICES = 0
→ torch.device is 0 Tesla V100-SXM2-16GB
[INFO 40:48] Using device: cuda
[INFO 40:48] #### config : {'seed': 0, 'dataset_name': 'algebra', 'load_params': True, 'save_params': False, 'embs_path': '../embs/', 'params_path': '../ckpt/', 'early_stopping': True, 'esc': 'error', 'verbose_early_stopping': False, 'disable_tqdm': False, 'valid_metric': 'rmse', 'learning_rate': 0.001, 'batch_size': 512, 'valid_batch_size': 10000, 'num_epochs': 100, 'eval_freq': 1, 'patience': 20, 'device': device(type='cuda'), 'lambda': 6.883708386254995e-06, 'tensorboard': False, 'flush_freq': True, 'pred_metrics': ['mi_acc', 'rmse', 'mae', 'mi_prec', 'mi_rec', 'mi_f_b', 'mi_auc', 'ma_prec', 'ma_rec', 'ma_f_b'], 'profile_metrics': ['meta_doa', 'pc-er', 'rm'], 'num_responses': 12, 'low_mem': False, 'n_query': 25, 'CDM': 'impact', 'i_fold': 4, 'num_inner_users_epochs': 7, 'num_inner_epochs': 10, 'inner_lr': 0.0001, 'inner_user_lr': 0.01, 'meta_lr': 0.05, 'meta_trainer': 'Adam', 'num_workers': 0, 'pin_memory': False, 'debug': False} ####
[INFO 41:16] Random_cont_model
[INFO 41:16] compiling CDM model
[INFO 41:44] compiling selection model
[INFO 41:44] ⏳ Début de l'entraînement...
[INFO 41:44] ✅ Entraînement terminé en 0.00 secondes.
[INFO 41:44] train on cuda
[WARNING 42:13] Computing RM on meta and QUERY set
[INFO 42:16] RM: 0.011352352027363486
[WARNING 42:20] Computing RM on meta and QUERY set
[INFO 42:20] RM: 0.02671292480615322
[WARNING 42:24] Computing RM on meta and QUERY set
[INFO 42:24] RM: 0.02725436695726415
[WARNING 42:28] Computing RM on meta and QUERY set
[INFO 42:28] RM: 0.029958307979406847
[WARNING 42:32] Computing RM on meta and QUERY set
[INFO 42:32] RM: 0.03086207138524261
[WARNING 42:35] Computing RM on meta and QUERY set
[INFO 42:35] RM: 0.027260733464220227
[WARNING 42:39] Computing RM on meta and QUERY set
[INFO 42:39] RM: 0.025257006866966292
[WARNING 42:43] Computing RM on meta and QUERY set
[INFO 42:43] RM: 0.02813783674511498
[WARNING 42:47] Computing RM on meta and QUERY set
[INFO 42:47] RM: 0.03568862225179196
[WARNING 42:51] Computing RM on meta and QUERY set
[INFO 42:51] RM: 0.05130856790829018
[WARNING 42:54] Computing RM on meta and QUERY set
[INFO 42:54] RM: 0.06264898018290034
[WARNING 42:58] Computing RM on meta and QUERY set
[INFO 42:58] RM: 0.07847023514754155
[WARNING 43:02] Computing RM on meta and QUERY set
[INFO 43:02] RM: 0.10049473216412969
[WARNING 43:06] Computing RM on meta and QUERY set
[INFO 43:06] RM: 0.11306307822448979
[WARNING 43:09] Computing RM on meta and QUERY set
[INFO 43:09] RM: 0.12821125885255602
[WARNING 43:13] Computing RM on meta and QUERY set
[INFO 43:13] RM: 0.1448386576709614
[WARNING 43:17] Computing RM on meta and QUERY set
[INFO 43:17] RM: 0.1643739495942175
[WARNING 43:21] Computing RM on meta and QUERY set
[INFO 43:21] RM: 0.17927347109597958
[WARNING 43:25] Computing RM on meta and QUERY set
[INFO 43:25] RM: 0.1995024746730566
[WARNING 43:28] Computing RM on meta and QUERY set
[INFO 43:28] RM: 0.2241382339298682
[WARNING 43:32] Computing RM on meta and QUERY set
[INFO 43:32] RM: 0.24029359512893336
[WARNING 43:36] Computing RM on meta and QUERY set
[INFO 43:36] RM: 0.2611754768501464
[WARNING 43:40] Computing RM on meta and QUERY set
[INFO 43:40] RM: 0.28962178319858695
[WARNING 43:43] Computing RM on meta and QUERY set
[INFO 43:43] RM: 0.2997159098320431
[WARNING 43:47] Computing RM on meta and QUERY set
[INFO 43:47] RM: 0.30529407122165764
[INFO 43:47] Fold 4; pareto_index: 9.579319182223795; results: ({0: {'mi_acc': 0.7574681639671326, 'rmse': 0.4924752414226532, 'mae': 0.24253185093402863, 'mi_prec': 0.9171974658966064, 'mi_rec': 0.7730061411857605, 'mi_f_b': 0.8389512896537781, 'mi_auc': 0.7305030674846624, 'ma_prec': 0.660612165927887, 'ma_rec': 0.7305030822753906, 'ma_f_b': 0.6740211248397827}, 1: {'mi_acc': 0.7557969689369202, 'rmse': 0.49416905641555786, 'mae': 0.24420304596424103, 'mi_prec': 0.920230507850647, 'mi_rec': 0.7700507640838623, 'mi_f_b': 0.8384689688682556, 'mi_auc': 0.7297715436386409, 'ma_prec': 0.6560884118080139, 'ma_rec': 0.7297715544700623, 'ma_f_b': 0.6691275238990784}, 2: {'mi_acc': 0.7541257739067078, 'rmse': 0.4958570897579193, 'mae': 0.24587424099445343, 'mi_prec': 0.9208371043205261, 'mi_rec': 0.7682186365127563, 'mi_f_b': 0.8376327753067017, 'mi_auc': 0.7278218865911901, 'ma_prec': 0.6530359983444214, 'ma_rec': 0.7278218865394592, 'ma_f_b': 0.6656981110572815}, 3: {'mi_acc': 0.7585126161575317, 'rmse': 0.4914136528968811, 'mae': 0.24148736894130707, 'mi_prec': 0.9262966513633728, 'mi_rec': 0.7698512673377991, 'mi_f_b': 0.8408589959144592, 'mi_auc': 0.7367549047938173, 'ma_prec': 0.6567724943161011, 'ma_rec': 0.7367548942565918, 'ma_f_b': 0.6702130436897278}, 4: {'mi_acc': 0.7606016397476196, 'rmse': 0.4892835319042206, 'mae': 0.23939837515354156, 'mi_prec': 0.9259933233261108, 'mi_rec': 0.7719342708587646, 'mi_f_b': 0.8419746160507202, 'mi_auc': 0.7393325148303025, 'ma_prec': 0.6603121161460876, 'ma_rec': 0.7393325567245483, 'ma_f_b': 0.6742172837257385}, 5: {'mi_acc': 0.7547524571418762, 'rmse': 0.4952247440814972, 'mae': 0.24524754285812378, 'mi_prec': 0.9244768023490906, 'mi_rec': 0.767178475856781, 'mi_f_b': 0.8385144472122192, 'mi_auc': 0.7306408243357652, 'ma_prec': 0.6518356800079346, 'ma_rec': 0.7306408286094666, 'ma_f_b': 0.6644829511642456}, 6: {'mi_acc': 0.758094847202301, 'rmse': 0.4918385446071625, 'mae': 0.24190516769886017, 'mi_prec': 0.9253867268562317, 'mi_rec': 0.7698712944984436, 'mi_f_b': 0.8404958844184875, 'mi_auc': 0.7356638101467703, 'ma_prec': 0.656653106212616, 'ma_rec': 0.7356637716293335, 'ma_f_b': 0.6700319051742554}, 7: {'mi_acc': 0.7626906037330627, 'rmse': 0.4871441125869751, 'mae': 0.23730938136577606, 'mi_prec': 0.9241734743118286, 'mi_rec': 0.7747266888618469, 'mi_f_b': 0.8428768515586853, 'mi_auc': 0.7409933124567178, 'ma_prec': 0.664771318435669, 'ma_rec': 0.740993320941925, 'ma_f_b': 0.6791176199913025}, 8: {'mi_acc': 0.7651973962783813, 'rmse': 0.48456433415412903, 'mae': 0.23480258882045746, 'mi_prec': 0.9223536252975464, 'mi_rec': 0.7779483199119568, 'mi_f_b': 0.8440189361572266, 'mi_auc': 0.7431882851966523, 'ma_prec': 0.6699016094207764, 'ma_rec': 0.7431882619857788, 'ma_f_b': 0.6846784353256226}, 9: {'mi_acc': 0.7647796273231506, 'rmse': 0.4849952459335327, 'mae': 0.23522038757801056, 'mi_prec': 0.9259933233261108, 'mi_rec': 0.77585768699646, 'mi_f_b': 0.8443030714988708, 'mi_auc': 0.7447363554473814, 'ma_prec': 0.6670235395431519, 'ma_rec': 0.7447363138198853, 'ma_f_b': 0.6817587018013}, 10: {'mi_acc': 0.7687487006187439, 'rmse': 0.48088595271110535, 'mae': 0.2312512993812561, 'mi_prec': 0.92659991979599, 'mi_rec': 0.7793367505073547, 'mi_f_b': 0.8466122150421143, 'mi_auc': 0.7501066603111833, 'ma_prec': 0.6730315089225769, 'ma_rec': 0.750106692314148, 'ma_f_b': 0.6884737014770508}, 11: {'mi_acc': 0.7693753838539124, 'rmse': 0.48023390769958496, 'mae': 0.23062461614608765, 'mi_prec': 0.9293296933174133, 'mi_rec': 0.778653085231781, 'mi_f_b': 0.8473451137542725, 'mi_auc': 0.7525894673419593, 'ma_prec': 0.6723829507827759, 'ma_rec': 0.7525894641876221, 'ma_f_b': 0.687976598739624}, 12: {'mi_acc': 0.7697932124137878, 'rmse': 0.47979873418807983, 'mae': 0.23020681738853455, 'mi_prec': 0.9287230968475342, 'mi_rec': 0.7793331742286682, 'mi_f_b': 0.8474952578544617, 'mi_auc': 0.75272019488105, 'ma_prec': 0.6734219789505005, 'ma_rec': 0.7527202367782593, 'ma_f_b': 0.6890798807144165}, 13: {'mi_acc': 0.7704198956489563, 'rmse': 0.47914519906044006, 'mae': 0.2295801192522049, 'mi_prec': 0.9253867268562317, 'mi_rec': 0.7815061211585999, 'mi_f_b': 0.8473822474479675, 'mi_auc': 0.7514552255258712, 'ma_prec': 0.6764517426490784, 'ma_rec': 0.7514551877975464, 'ma_f_b': 0.6921277046203613}, 14: {'mi_acc': 0.7672864198684692, 'rmse': 0.482403963804245, 'mae': 0.23271359503269196, 'mi_prec': 0.9247801303863525, 'mi_rec': 0.7787994742393494, 'mi_f_b': 0.8455352187156677, 'mi_auc': 0.747197909709773, 'ma_prec': 0.6717860698699951, 'ma_rec': 0.7471978664398193, 'ma_f_b': 0.6869505643844604}, 15: {'mi_acc': 0.7704198956489563, 'rmse': 0.47914519906044006, 'mae': 0.2295801192522049, 'mi_prec': 0.9241734743118286, 'mi_rec': 0.7820841670036316, 'mi_f_b': 0.847212553024292, 'mi_auc': 0.7507502874973784, 'ma_prec': 0.677187442779541, 'ma_rec': 0.7507503032684326, 'ma_f_b': 0.6928209066390991}, 16: {'mi_acc': 0.7733444571495056, 'rmse': 0.47608351707458496, 'mae': 0.2266555279493332, 'mi_prec': 0.9217470288276672, 'mi_rec': 0.7860838174819946, 'mi_f_b': 0.8485270738601685, 'mi_auc': 0.7529767571967085, 'ma_prec': 0.683356761932373, 'ma_rec': 0.7529767751693726, 'ma_f_b': 0.6992532014846802}, 17: {'mi_acc': 0.7720910906791687, 'rmse': 0.4773980677127838, 'mae': 0.2279089242219925, 'mi_prec': 0.9184106588363647, 'mi_rec': 0.7864934802055359, 'mi_f_b': 0.8473485708236694, 'mi_auc': 0.7497035301944586, 'ma_prec': 0.6833664178848267, 'ma_rec': 0.7497035264968872, 'ma_f_b': 0.698911190032959}, 18: {'mi_acc': 0.7685397863388062, 'rmse': 0.4811030924320221, 'mae': 0.23146019876003265, 'mi_prec': 0.9181073904037476, 'mi_rec': 0.7831823825836182, 'mi_f_b': 0.8452945947647095, 'mi_auc': 0.7451703788097758, 'ma_prec': 0.6778456568717957, 'ma_rec': 0.7451703548431396, 'ma_f_b': 0.6929624080657959}, 19: {'mi_acc': 0.7681220173835754, 'rmse': 0.4815371334552765, 'mae': 0.23187799751758575, 'mi_prec': 0.9175007343292236, 'mi_rec': 0.7830701470375061, 'mi_f_b': 0.8449720740318298, 'mi_auc': 0.7443489291793718, 'ma_prec': 0.6775423288345337, 'ma_rec': 0.7443488836288452, 'ma_f_b': 0.6925771236419678}, 20: {'mi_acc': 0.7643617987632751, 'rmse': 0.48542577028274536, 'mae': 0.23563818633556366, 'mi_prec': 0.9123445749282837, 'mi_rec': 0.7819079756736755, 'mi_f_b': 0.8421052694320679, 'mi_auc': 0.737230585866854, 'ma_prec': 0.6746286749839783, 'ma_rec': 0.7372305393218994, 'ma_f_b': 0.6889538764953613}, 21: {'mi_acc': 0.7704198956489563, 'rmse': 0.47914519906044006, 'mae': 0.2295801192522049, 'mi_prec': 0.9132544994354248, 'mi_rec': 0.7873954176902771, 'mi_f_b': 0.8456677794456482, 'mi_auc': 0.7452034100635653, 'ma_prec': 0.683808445930481, 'ma_rec': 0.7452033758163452, 'ma_f_b': 0.6988224983215332}, 22: {'mi_acc': 0.7637351155281067, 'rmse': 0.4860708713531494, 'mae': 0.2362648844718933, 'mi_prec': 0.9032453894615173, 'mi_rec': 0.78575199842453, 'mi_f_b': 0.8404120206832886, 'mi_auc': 0.7328960496264519, 'ma_prec': 0.6791394948959351, 'ma_rec': 0.732896089553833, 'ma_f_b': 0.6928236484527588}, 23: {'mi_acc': 0.7639440298080444, 'rmse': 0.48585593700408936, 'mae': 0.23605598509311676, 'mi_prec': 0.9017288684844971, 'mi_rec': 0.7867160439491272, 'mi_f_b': 0.8403053283691406, 'mi_auc': 0.7326437455109062, 'ma_prec': 0.6803946495056152, 'ma_rec': 0.732643723487854, 'ma_f_b': 0.6939717531204224}, 24: {'mi_acc': 0.7620639204978943, 'rmse': 0.4877869188785553, 'mae': 0.2379360795021057, 'mi_prec': 0.9017288684844971, 'mi_rec': 0.7848469018936157, 'mi_f_b': 0.8392378091812134, 'mi_auc': 0.7302612802876793, 'ma_prec': 0.6773744821548462, 'ma_rec': 0.7302613258361816, 'ma_f_b': 0.6908121109008789}}, {0: {'meta_doa': np.float64(0.49317823014249257), 'pc-er': -0.053009033203125, 'rm': 0.011352352027363486}, 1: {'meta_doa': np.float64(0.4975876646067339), 'pc-er': 0.060821533203125, 'rm': 0.02671292480615322}, 2: {'meta_doa': np.float64(0.5001624560968533), 'pc-er': 0.07916259765625, 'rm': 0.02725436695726415}, 3: {'meta_doa': np.float64(0.49499256860224083), 'pc-er': 0.045257568359375, 'rm': 0.029958307979406847}, 4: {'meta_doa': np.float64(0.49487715932376575), 'pc-er': 0.0208740234375, 'rm': 0.03086207138524261}, 5: {'meta_doa': np.float64(0.4960641627522926), 'pc-er': -0.0008268356323242188, 'rm': 0.027260733464220227}, 6: {'meta_doa': np.float64(0.4971927628347541), 'pc-er': -0.0190887451171875, 'rm': 0.025257006866966292}, 7: {'meta_doa': np.float64(0.4946160127438496), 'pc-er': -0.022491455078125, 'rm': 0.02813783674511498}, 8: {'meta_doa': np.float64(0.4957118425289289), 'pc-er': 0.130615234375, 'rm': 0.03568862225179196}, 9: {'meta_doa': np.float64(0.49622515194440037), 'pc-er': 0.044830322265625, 'rm': 0.05130856790829018}, 10: {'meta_doa': np.float64(0.4958568424819589), 'pc-er': -0.05755615234375, 'rm': 0.06264898018290034}, 11: {'meta_doa': np.float64(0.49779709207875117), 'pc-er': 0.0830078125, 'rm': 0.07847023514754155}, 12: {'meta_doa': np.float64(0.4986868946377578), 'pc-er': 0.2158203125, 'rm': 0.10049473216412969}, 13: {'meta_doa': np.float64(0.49955830445681987), 'pc-er': 0.225341796875, 'rm': 0.11306307822448979}, 14: {'meta_doa': np.float64(0.49989321307083), 'pc-er': 0.2322998046875, 'rm': 0.12821125885255602}, 15: {'meta_doa': np.float64(0.5017140811903252), 'pc-er': 0.2344970703125, 'rm': 0.1448386576709614}, 16: {'meta_doa': np.float64(0.5051619278950843), 'pc-er': 0.2369384765625, 'rm': 0.1643739495942175}, 17: {'meta_doa': np.float64(0.5043820597778844), 'pc-er': 0.234130859375, 'rm': 0.17927347109597958}, 18: {'meta_doa': np.float64(0.5014968414199296), 'pc-er': 0.2373046875, 'rm': 0.1995024746730566}, 19: {'meta_doa': np.float64(0.5050479428529042), 'pc-er': 0.2431640625, 'rm': 0.2241382339298682}, 20: {'meta_doa': np.float64(0.5021798990886764), 'pc-er': 0.2481689453125, 'rm': 0.24029359512893336}, 21: {'meta_doa': np.float64(0.5072915608878478), 'pc-er': 0.25390625, 'rm': 0.2611754768501464}, 22: {'meta_doa': np.float64(0.5171155605725343), 'pc-er': 0.37548828125, 'rm': 0.28962178319858695}, 23: {'meta_doa': np.float64(0.5176010397551558), 'pc-er': 0.377685546875, 'rm': 0.2997159098320431}, 24: {'meta_doa': np.float64(0.5140404860394302), 'pc-er': 0.378662109375, 'rm': 0.30529407122165764}})
