PID 2764065 sees CUDA_VISIBLE_DEVICES = 0
→ torch.device is 0 Tesla V100-SXM2-16GB
[INFO 36:52] Using device: cuda
[INFO 36:52] #### config : {'seed': 0, 'dataset_name': 'assist0910', 'load_params': True, 'save_params': False, 'embs_path': '../embs/', 'params_path': '../ckpt/', 'early_stopping': True, 'esc': 'error', 'verbose_early_stopping': False, 'disable_tqdm': False, 'valid_metric': 'rmse', 'learning_rate': 0.001, 'batch_size': 512, 'valid_batch_size': 10000, 'num_epochs': 100, 'eval_freq': 1, 'patience': 20, 'device': device(type='cuda'), 'lambda': 2.67605964593852e-06, 'tensorboard': False, 'flush_freq': True, 'pred_metrics': ['mi_acc', 'rmse', 'mae', 'mi_prec', 'mi_rec', 'mi_f_b', 'mi_auc', 'ma_prec', 'ma_rec', 'ma_f_b'], 'profile_metrics': ['meta_doa', 'pc-er', 'rm'], 'num_responses': 12, 'low_mem': False, 'n_query': 16, 'CDM': 'impact', 'i_fold': 0, 'num_inner_users_epochs': 9, 'num_inner_epochs': 10, 'inner_lr': 0.0001, 'inner_user_lr': 0.05, 'meta_lr': 0.05, 'meta_trainer': 'Adam', 'num_workers': 0, 'pin_memory': False, 'debug': False} ####
[INFO 37:10] Random_cont_model
[INFO 37:10] compiling CDM model
[INFO 37:19] compiling selection model
[INFO 37:19] ⏳ Début de l'entraînement...
[INFO 37:19] ✅ Entraînement terminé en 0.00 secondes.
[INFO 37:19] train on cuda
[WARNING 37:45] Computing RM on meta and QUERY set
[INFO 37:48] RM: 0.05814991271625089
[WARNING 37:50] Computing RM on meta and QUERY set
[INFO 37:51] RM: 0.12317830371553204
[WARNING 37:53] Computing RM on meta and QUERY set
[INFO 37:53] RM: 0.18697883887608885
[WARNING 37:56] Computing RM on meta and QUERY set
[INFO 37:56] RM: 0.24622887617859088
[WARNING 37:59] Computing RM on meta and QUERY set
[INFO 37:59] RM: 0.2700977677116006
[WARNING 38:01] Computing RM on meta and QUERY set
[INFO 38:01] RM: 0.2701633369851062
[WARNING 38:04] Computing RM on meta and QUERY set
[INFO 38:04] RM: 0.26432139154239026
[WARNING 38:07] Computing RM on meta and QUERY set
[INFO 38:07] RM: 0.2829945837457558
[WARNING 38:10] Computing RM on meta and QUERY set
[INFO 38:10] RM: 0.2971070853536001
[WARNING 38:12] Computing RM on meta and QUERY set
[INFO 38:12] RM: 0.29975502555054123
[WARNING 38:15] Computing RM on meta and QUERY set
[INFO 38:15] RM: 0.3201621961595238
[WARNING 38:18] Computing RM on meta and QUERY set
[INFO 38:18] RM: 0.32471948131611883
[WARNING 38:21] Computing RM on meta and QUERY set
[INFO 38:21] RM: 0.33350033289935366
[WARNING 38:23] Computing RM on meta and QUERY set
[INFO 38:24] RM: 0.33499260846972934
[WARNING 38:26] Computing RM on meta and QUERY set
[INFO 38:26] RM: 0.3437369250199547
[WARNING 38:29] Computing RM on meta and QUERY set
[INFO 38:29] RM: 0.36555640988042465
[INFO 38:29] Fold 0; pareto_index: 5.955947439850335; results: ({0: {'mi_acc': 0.6026971340179443, 'rmse': 0.6303197145462036, 'mae': 0.39730292558670044, 'mi_prec': 0.7638888955116272, 'mi_rec': 0.6404657959938049, 'mi_f_b': 0.696753740310669, 'mi_auc': 0.5747455320311721, 'ma_prec': 0.5636454820632935, 'ma_rec': 0.5747455358505249, 'ma_f_b': 0.5604069232940674}, 1: {'mi_acc': 0.6260373592376709, 'rmse': 0.6115248799324036, 'mae': 0.3739626705646515, 'mi_prec': 0.7751736044883728, 'mi_rec': 0.6590405702590942, 'mi_f_b': 0.7124053239822388, 'mi_auc': 0.6035168048015558, 'ma_prec': 0.5899063944816589, 'ma_rec': 0.6035168170928955, 'ma_f_b': 0.5889676809310913}, 2: {'mi_acc': 0.6379668116569519, 'rmse': 0.6016919612884521, 'mae': 0.3620332181453705, 'mi_prec': 0.7699652910232544, 'mi_rec': 0.6719697117805481, 'mi_f_b': 0.7176375389099121, 'mi_auc': 0.6180572169059011, 'ma_prec': 0.6059877872467041, 'ma_rec': 0.6180572509765625, 'ma_f_b': 0.6066511273384094}, 3: {'mi_acc': 0.6519709825515747, 'rmse': 0.5899398922920227, 'mae': 0.34802907705307007, 'mi_prec': 0.7734375, 'mi_rec': 0.6848577857017517, 'mi_f_b': 0.7264573574066162, 'mi_auc': 0.6342949295536374, 'ma_prec': 0.6225435137748718, 'ma_rec': 0.6342949271202087, 'ma_f_b': 0.6240982413291931}, 4: {'mi_acc': 0.6659751534461975, 'rmse': 0.5779488682746887, 'mae': 0.33402490615844727, 'mi_prec': 0.7708333134651184, 'mi_rec': 0.7003154754638672, 'mi_f_b': 0.733884334564209, 'mi_auc': 0.6501577287066246, 'ma_prec': 0.6405712962150574, 'ma_rec': 0.6501577496528625, 'ma_f_b': 0.6427081823348999}, 5: {'mi_acc': 0.6696058511734009, 'rmse': 0.5747992992401123, 'mae': 0.3303942084312439, 'mi_prec': 0.7673611044883728, 'mi_rec': 0.7055068016052246, 'mi_f_b': 0.7351351380348206, 'mi_auc': 0.6542348733410186, 'ma_prec': 0.6459227800369263, 'ma_rec': 0.6542348861694336, 'ma_f_b': 0.6480637788772583}, 6: {'mi_acc': 0.6721991896629333, 'rmse': 0.5725389122962952, 'mae': 0.32780084013938904, 'mi_prec': 0.7708333134651184, 'mi_rec': 0.7070063948631287, 'mi_f_b': 0.7375415563583374, 'mi_auc': 0.6570746132848044, 'ma_prec': 0.6483032703399658, 'ma_rec': 0.6570746302604675, 'ma_f_b': 0.6505387425422668}, 7: {'mi_acc': 0.6706432104110718, 'rmse': 0.5738962292671204, 'mae': 0.329356849193573, 'mi_prec': 0.7612847089767456, 'mi_rec': 0.7089733481407166, 'mi_f_b': 0.7341983914375305, 'mi_auc': 0.6554996858793097, 'ma_prec': 0.6486835479736328, 'ma_rec': 0.6554996967315674, 'ma_f_b': 0.650671124458313}, 8: {'mi_acc': 0.6716805100440979, 'rmse': 0.5729917287826538, 'mae': 0.3283195197582245, 'mi_prec': 0.7604166865348816, 'mi_rec': 0.7104622721672058, 'mi_f_b': 0.7345911860466003, 'mi_auc': 0.6566699924731747, 'ma_prec': 0.6501826047897339, 'ma_rec': 0.6566699743270874, 'ma_f_b': 0.6521358489990234}, 9: {'mi_acc': 0.6690871715545654, 'rmse': 0.5752502679824829, 'mae': 0.33091288805007935, 'mi_prec': 0.7552083134651184, 'mi_rec': 0.7096247673034668, 'mi_f_b': 0.7317073345184326, 'mi_auc': 0.6539576971877135, 'ma_prec': 0.6482226848602295, 'ma_rec': 0.653957724571228, 'ma_f_b': 0.6500214338302612}, 10: {'mi_acc': 0.6644191145896912, 'rmse': 0.5792934894561768, 'mae': 0.3355809450149536, 'mi_prec': 0.7517361044883728, 'mi_rec': 0.7057864665985107, 'mi_f_b': 0.7280369400978088, 'mi_auc': 0.6488989416679165, 'ma_prec': 0.6432649493217468, 'ma_rec': 0.6488989591598511, 'ma_f_b': 0.6449934244155884}, 11: {'mi_acc': 0.6690871715545654, 'rmse': 0.5752502679824829, 'mae': 0.33091288805007935, 'mi_prec': 0.7491319179534912, 'mi_rec': 0.712046205997467, 'mi_f_b': 0.7301185131072998, 'mi_auc': 0.6542074598521305, 'ma_prec': 0.6496948003768921, 'ma_rec': 0.6542074680328369, 'ma_f_b': 0.651252269744873}, 12: {'mi_acc': 0.6701245307922363, 'rmse': 0.5743479132652283, 'mae': 0.32987552881240845, 'mi_prec': 0.7543402910232544, 'mi_rec': 0.7111293077468872, 'mi_f_b': 0.7320978045463562, 'mi_auc': 0.6551397189393693, 'ma_prec': 0.6497216820716858, 'ma_rec': 0.655139684677124, 'ma_f_b': 0.6514739990234375}, 13: {'mi_acc': 0.6711618900299072, 'rmse': 0.573444128036499, 'mae': 0.32883819937705994, 'mi_prec': 0.7534722089767456, 'mi_rec': 0.7126436829566956, 'mi_f_b': 0.7324894070625305, 'mi_auc': 0.6563218390804598, 'ma_prec': 0.6512206792831421, 'ma_rec': 0.6563218832015991, 'ma_f_b': 0.6529203653335571}, 14: {'mi_acc': 0.6711618900299072, 'rmse': 0.573444128036499, 'mae': 0.32883819937705994, 'mi_prec': 0.7534722089767456, 'mi_rec': 0.7126436829566956, 'mi_f_b': 0.7324894070625305, 'mi_auc': 0.6563218390804598, 'ma_prec': 0.6512206792831421, 'ma_rec': 0.6563218832015991, 'ma_f_b': 0.6529203653335571}, 15: {'mi_acc': 0.6618257761001587, 'rmse': 0.5815275311470032, 'mae': 0.3381742835044861, 'mi_prec': 0.7404513955116272, 'mi_rec': 0.7072968482971191, 'mi_f_b': 0.7234945297241211, 'mi_auc': 0.6465847126325897, 'ma_prec': 0.6427772045135498, 'ma_rec': 0.6465847492218018, 'ma_f_b': 0.6441237330436707}}, {0: {'meta_doa': np.float64(0.5289690385779402), 'pc-er': 0.1395263671875, 'rm': 0.05814991271625089}, 1: {'meta_doa': np.float64(0.535749469661086), 'pc-er': 0.25439453125, 'rm': 0.12317830371553204}, 2: {'meta_doa': np.float64(0.5593452311726431), 'pc-er': 0.194091796875, 'rm': 0.18697883887608885}, 3: {'meta_doa': np.float64(0.5755572403221954), 'pc-er': 0.1466064453125, 'rm': 0.24622887617859088}, 4: {'meta_doa': np.float64(0.5709449987490293), 'pc-er': 0.11737060546875, 'rm': 0.2700977677116006}, 5: {'meta_doa': np.float64(0.5700028507477779), 'pc-er': 0.1658935546875, 'rm': 0.2701633369851062}, 6: {'meta_doa': np.float64(0.549982259818193), 'pc-er': 0.1302490234375, 'rm': 0.26432139154239026}, 7: {'meta_doa': np.float64(0.5776070498453328), 'pc-er': 0.1636962890625, 'rm': 0.2829945837457558}, 8: {'meta_doa': np.float64(0.5653438275897787), 'pc-er': 0.127197265625, 'rm': 0.2971070853536001}, 9: {'meta_doa': np.float64(0.5674904805727007), 'pc-er': 0.14892578125, 'rm': 0.29975502555054123}, 10: {'meta_doa': np.float64(0.5704905074959594), 'pc-er': 0.190185546875, 'rm': 0.3201621961595238}, 11: {'meta_doa': np.float64(0.5741607042305175), 'pc-er': 0.1678466796875, 'rm': 0.32471948131611883}, 12: {'meta_doa': np.float64(0.5670300456006424), 'pc-er': 0.1920166015625, 'rm': 0.33350033289935366}, 13: {'meta_doa': np.float64(0.57308117209797), 'pc-er': 0.1915283203125, 'rm': 0.33499260846972934}, 14: {'meta_doa': np.float64(0.572929396089983), 'pc-er': 0.22021484375, 'rm': 0.3437369250199547}, 15: {'meta_doa': np.float64(0.5724962339800258), 'pc-er': 0.2364501953125, 'rm': 0.36555640988042465}})
