PID 174191 sees CUDA_VISIBLE_DEVICES = 0
→ torch.device is 0 Tesla V100-SXM2-16GB
[INFO 13:35] Using device: cuda
[INFO 13:35] #### config : {'seed': 0, 'dataset_name': 'assist0910', 'load_params': True, 'save_params': False, 'embs_path': '../embs/', 'params_path': '../ckpt/', 'early_stopping': True, 'esc': 'error', 'verbose_early_stopping': False, 'disable_tqdm': False, 'valid_metric': 'rmse', 'learning_rate': 0.001, 'batch_size': 512, 'valid_batch_size': 10000, 'num_epochs': 100, 'eval_freq': 1, 'patience': 20, 'device': device(type='cuda'), 'lambda': 2.67605964593852e-06, 'tensorboard': False, 'flush_freq': True, 'pred_metrics': ['mi_acc', 'rmse', 'mae', 'mi_prec', 'mi_rec', 'mi_f_b', 'mi_auc', 'ma_prec', 'ma_rec', 'ma_f_b'], 'profile_metrics': ['meta_doa', 'pc-er', 'rm'], 'num_responses': 12, 'low_mem': False, 'n_query': 16, 'CDM': 'impact', 'i_fold': 3, 'num_inner_users_epochs': 3, 'num_inner_epochs': 10, 'inner_lr': 0.0001, 'inner_user_lr': 0.01, 'meta_lr': 2.0, 'meta_trainer': 'Approx_GAP', 'num_workers': 0, 'pin_memory': False, 'debug': False} ####
[INFO 13:52] Random_cont_model
[INFO 13:52] compiling CDM model
[INFO 13:57] compiling selection model
[INFO 13:57] ⏳ Début de l'entraînement...
[INFO 13:57] ------- START Training
[INFO 13:57] train on cuda
[INFO 14:15] - meta_params: 2.0
[INFO 14:22] rmse : 0.5291112065315247
[INFO 14:22] valid_rmse : 1.2905151844024658
[INFO 14:22] valid_loss : 1.6074680089950562
[INFO 14:35] - meta_params: 2.0
[INFO 14:41] rmse : 0.5286228656768799
[INFO 14:41] valid_rmse : 1.2893240451812744
[INFO 14:41] valid_loss : 1.6116445064544678
[INFO 14:53] - meta_params: 2.0
[INFO 14:58] rmse : 0.5217381715774536
[INFO 14:58] valid_rmse : 1.2725321054458618
[INFO 14:58] valid_loss : 1.5823516845703125
[INFO 15:09] - meta_params: 2.0
[INFO 15:15] rmse : 0.5076888203620911
[INFO 15:15] valid_rmse : 1.2382653951644897
[INFO 15:15] valid_loss : 1.5709187984466553
[INFO 15:26] - meta_params: 2.0
[INFO 15:31] rmse : 0.5112373232841492
[INFO 15:31] valid_rmse : 1.2469203472137451
[INFO 15:31] valid_loss : 1.584512710571289
[INFO 15:42] - meta_params: 2.0
[INFO 15:47] rmse : 0.5107319355010986
[INFO 15:47] valid_rmse : 1.24568772315979
[INFO 15:47] valid_loss : 1.5686956644058228
[INFO 15:57] - meta_params: 2.0
[INFO 16:03] rmse : 0.5025759935379028
[INFO 16:03] valid_rmse : 1.2257951498031616
[INFO 16:03] valid_loss : 1.588834524154663
[INFO 16:12] - meta_params: 2.0
[INFO 16:18] rmse : 0.498447984457016
[INFO 16:18] valid_rmse : 1.2157268524169922
[INFO 16:18] valid_loss : 1.5675098896026611
[INFO 16:27] - meta_params: 2.0
[INFO 16:32] rmse : 0.499483197927475
[INFO 16:32] valid_rmse : 1.2182517051696777
[INFO 16:32] valid_loss : 1.5685962438583374
[INFO 16:42] - meta_params: 2.0
[INFO 16:47] rmse : 0.49480774998664856
[INFO 16:47] valid_rmse : 1.20684814453125
[INFO 16:47] valid_loss : 1.5885730981826782
[INFO 16:56] - meta_params: 2.0
[INFO 17:01] rmse : 0.5010319948196411
[INFO 17:01] valid_rmse : 1.2220293283462524
[INFO 17:01] valid_loss : 1.5846248865127563
[INFO 17:10] - meta_params: 1.0
[INFO 17:16] rmse : 0.49008768796920776
[INFO 17:16] valid_rmse : 1.195335865020752
[INFO 17:16] valid_loss : 1.5632340908050537
[INFO 17:24] - meta_params: 1.0
[INFO 17:29] rmse : 0.4853217303752899
[INFO 17:29] valid_rmse : 1.1837115287780762
[INFO 17:29] valid_loss : 1.55873703956604
[INFO 17:37] - meta_params: 1.0
[INFO 17:43] rmse : 0.48956042528152466
[INFO 17:43] valid_rmse : 1.1940498352050781
[INFO 17:43] valid_loss : 1.5705740451812744
[INFO 17:51] - meta_params: 1.0
[INFO 17:57] rmse : 0.4853217303752899
[INFO 17:57] valid_rmse : 1.1837115287780762
[INFO 17:57] valid_loss : 1.5477614402770996
[INFO 18:04] - meta_params: 1.0
[INFO 18:10] rmse : 0.48850420117378235
[INFO 18:10] valid_rmse : 1.1914737224578857
[INFO 18:10] valid_loss : 1.5681160688400269
[INFO 18:18] - meta_params: 1.0
[INFO 18:23] rmse : 0.48372265696525574
[INFO 18:23] valid_rmse : 1.1798113584518433
[INFO 18:23] valid_loss : 1.5570957660675049
[INFO 18:31] - meta_params: 1.0
[INFO 18:36] rmse : 0.47727271914482117
[INFO 18:36] valid_rmse : 1.1640797853469849
[INFO 18:36] valid_loss : 1.5468521118164062
[INFO 18:44] - meta_params: 1.0
[INFO 18:50] rmse : 0.495850533246994
[INFO 18:50] valid_rmse : 1.2093915939331055
[INFO 18:50] valid_loss : 1.5468815565109253
[INFO 18:57] - meta_params: 1.0
[INFO 19:02] rmse : 0.48850420117378235
[INFO 19:02] valid_rmse : 1.1914737224578857
[INFO 19:02] valid_loss : 1.557765245437622
[INFO 19:10] - meta_params: 1.0
[INFO 19:15] rmse : 0.4842562675476074
[INFO 19:15] valid_rmse : 1.1811128854751587
[INFO 19:15] valid_loss : 1.5647629499435425
[INFO 19:23] - meta_params: 0.5
[INFO 19:28] rmse : 0.4890325963497162
[INFO 19:28] valid_rmse : 1.1927624940872192
[INFO 19:28] valid_loss : 1.5526853799819946
[INFO 19:35] - meta_params: 0.5
[INFO 19:41] rmse : 0.4799707233905792
[INFO 19:41] valid_rmse : 1.170660376548767
[INFO 19:41] valid_loss : 1.560444951057434
[INFO 19:48] - meta_params: 0.5
[INFO 19:54] rmse : 0.4810456931591034
[INFO 19:54] valid_rmse : 1.173282265663147
[INFO 19:54] valid_loss : 1.541906476020813
[INFO 20:01] - meta_params: 0.5
[INFO 20:07] rmse : 0.4778135418891907
[INFO 20:07] valid_rmse : 1.1653989553451538
[INFO 20:07] valid_loss : 1.5411396026611328
[INFO 20:13] - meta_params: 0.5
[INFO 20:19] rmse : 0.47889333963394165
[INFO 20:19] valid_rmse : 1.1680325269699097
[INFO 20:19] valid_loss : 1.5467389822006226
[INFO 20:26] - meta_params: 0.5
[INFO 20:31] rmse : 0.4794323146343231
[INFO 20:31] valid_rmse : 1.1693471670150757
[INFO 20:31] valid_loss : 1.5511552095413208
[INFO 20:38] - meta_params: 0.5
[INFO 20:44] rmse : 0.4921910762786865
[INFO 20:44] valid_rmse : 1.2004660367965698
[INFO 20:44] valid_loss : 1.5587899684906006
[INFO 20:50] - meta_params: 0.25
[INFO 20:56] rmse : 0.48691555857658386
[INFO 20:56] valid_rmse : 1.1875989437103271
[INFO 20:56] valid_loss : 1.5492430925369263
[INFO 21:03] - meta_params: 0.25
[INFO 21:08] rmse : 0.48211824893951416
[INFO 21:08] valid_rmse : 1.1758981943130493
[INFO 21:08] valid_loss : 1.5585764646530151
[INFO 21:15] - meta_params: 0.25
[INFO 21:21] rmse : 0.4874456822872162
[INFO 21:21] valid_rmse : 1.188891887664795
[INFO 21:21] valid_loss : 1.5536774396896362
[INFO 21:27] - meta_params: 0.125
[INFO 21:33] rmse : 0.4778135418891907
[INFO 21:33] valid_rmse : 1.1653989553451538
[INFO 21:33] valid_loss : 1.5467841625213623
[INFO 21:40] - meta_params: 0.125
[INFO 21:45] rmse : 0.48691555857658386
[INFO 21:45] valid_rmse : 1.1875989437103271
[INFO 21:45] valid_loss : 1.5655988454818726
[INFO 21:52] - meta_params: 0.125
[INFO 21:58] rmse : 0.47889333963394165
[INFO 21:58] valid_rmse : 1.1680325269699097
[INFO 21:58] valid_loss : 1.5550884008407593
[INFO 22:04] - meta_params: 0.0625
[INFO 22:09] rmse : 0.48211824893951416
[INFO 22:09] valid_rmse : 1.1758981943130493
[INFO 22:09] valid_loss : 1.5602608919143677
[INFO 22:16] - meta_params: 0.0625
[INFO 22:22] rmse : 0.4778135418891907
[INFO 22:22] valid_rmse : 1.1653989553451538
[INFO 22:22] valid_loss : 1.553508996963501
[INFO 22:28] - meta_params: 0.0625
[INFO 22:34] rmse : 0.4810456931591034
[INFO 22:34] valid_rmse : 1.173282265663147
[INFO 22:34] valid_loss : 1.551650047302246
[INFO 22:40] - meta_params: 0.03125
[INFO 22:46] rmse : 0.4761892259120941
[INFO 22:46] valid_rmse : 1.1614371538162231
[INFO 22:46] valid_loss : 1.5548248291015625
[INFO 22:52] - meta_params: 0.03125
[INFO 22:57] rmse : 0.4874456822872162
[INFO 22:57] valid_rmse : 1.188891887664795
[INFO 22:57] valid_loss : 1.5738420486450195
[INFO 23:04] - meta_params: 0.03125
[INFO 23:09] rmse : 0.4778135418891907
[INFO 23:09] valid_rmse : 1.1653989553451538
[INFO 23:09] valid_loss : 1.5705734491348267
[INFO 23:16] - meta_params: 0.015625
[INFO 23:21] rmse : 0.4842562675476074
[INFO 23:21] valid_rmse : 1.1811128854751587
[INFO 23:21] valid_loss : 1.5712153911590576
[INFO 23:28] - meta_params: 0.015625
[INFO 23:33] rmse : 0.4794323146343231
[INFO 23:33] valid_rmse : 1.1693471670150757
[INFO 23:33] valid_loss : 1.5419813394546509
[INFO 23:39] - meta_params: 0.015625
[INFO 23:45] rmse : 0.48638486862182617
[INFO 23:45] valid_rmse : 1.1863045692443848
[INFO 23:45] valid_loss : 1.5639309883117676
[INFO 23:51] - meta_params: 0.0078125
[INFO 23:56] rmse : 0.4916660785675049
[INFO 23:56] valid_rmse : 1.1991856098175049
[INFO 23:56] valid_loss : 1.5652072429656982
[INFO 24:02] - meta_params: 0.0078125
[INFO 24:08] rmse : 0.48372265696525574
[INFO 24:08] valid_rmse : 1.1798113584518433
[INFO 24:08] valid_loss : 1.558037519454956
[INFO 24:14] - meta_params: 0.0078125
[INFO 24:19] rmse : 0.4778135418891907
[INFO 24:19] valid_rmse : 1.1653989553451538
[INFO 24:19] valid_loss : 1.5506012439727783
[INFO 24:25] - meta_params: 0.00390625
[INFO 24:31] rmse : 0.47889333963394165
[INFO 24:31] valid_rmse : 1.1680325269699097
[INFO 24:31] valid_loss : 1.5618348121643066
[INFO 24:36] - meta_params: 0.00390625
[INFO 24:42] rmse : 0.49008768796920776
[INFO 24:42] valid_rmse : 1.195335865020752
[INFO 24:42] valid_loss : 1.5640226602554321
[INFO 24:48] - meta_params: 0.00390625
[INFO 24:53] rmse : 0.4799707233905792
[INFO 24:53] valid_rmse : 1.170660376548767
[INFO 24:53] valid_loss : 1.5476458072662354
[INFO 24:59] - meta_params: 0.001953125
[INFO 25:05] rmse : 0.4842562675476074
[INFO 25:05] valid_rmse : 1.1811128854751587
[INFO 25:05] valid_loss : 1.5650997161865234
[INFO 25:11] - meta_params: 0.001953125
[INFO 25:16] rmse : 0.48797523975372314
[INFO 25:16] valid_rmse : 1.1901835203170776
[INFO 25:16] valid_loss : 1.5606294870376587
[INFO 25:22] - meta_params: 0.001953125
[INFO 25:27] rmse : 0.47889333963394165
[INFO 25:27] valid_rmse : 1.1680325269699097
[INFO 25:27] valid_loss : 1.5367501974105835
[INFO 25:33] - meta_params: 0.001953125
[INFO 25:39] rmse : 0.4842562675476074
[INFO 25:39] valid_rmse : 1.1811128854751587
[INFO 25:39] valid_loss : 1.5381572246551514
[INFO 25:44] - meta_params: 0.001953125
[INFO 25:50] rmse : 0.4921910762786865
[INFO 25:50] valid_rmse : 1.2004660367965698
[INFO 25:50] valid_loss : 1.5565552711486816
[INFO 25:55] - meta_params: 0.001953125
[INFO 26:01] rmse : 0.48211824893951416
[INFO 26:01] valid_rmse : 1.1758981943130493
[INFO 26:01] valid_loss : 1.5445200204849243
[INFO 26:06] - meta_params: 0.0009765625
[INFO 26:12] rmse : 0.4916660785675049
[INFO 26:12] valid_rmse : 1.1991856098175049
[INFO 26:12] valid_loss : 1.572554349899292
[INFO 26:18] - meta_params: 0.0009765625
[INFO 26:23] rmse : 0.4853217303752899
[INFO 26:23] valid_rmse : 1.1837115287780762
[INFO 26:23] valid_loss : 1.5711312294006348
[INFO 26:29] - meta_params: 0.0009765625
[INFO 26:34] rmse : 0.4831884503364563
[INFO 26:34] valid_rmse : 1.1785084009170532
[INFO 26:34] valid_loss : 1.5619773864746094
[INFO 26:34] -- END Training --
[INFO 26:34] ✅ Entraînement terminé en 757.59 secondes.
[INFO 26:34] train on cuda
[WARNING 26:44] Computing RM on meta and QUERY set
[INFO 26:47] RM: 0.0616911891915838
[WARNING 26:49] Computing RM on meta and QUERY set
[INFO 26:49] RM: 0.07148090902233457
[WARNING 26:52] Computing RM on meta and QUERY set
[INFO 26:52] RM: 0.07999042430141642
[WARNING 26:55] Computing RM on meta and QUERY set
[INFO 26:55] RM: 0.08770972604160279
[WARNING 26:58] Computing RM on meta and QUERY set
[INFO 26:58] RM: 0.10258501762899642
[WARNING 27:00] Computing RM on meta and QUERY set
[INFO 27:00] RM: 0.11641912899861262
[WARNING 27:03] Computing RM on meta and QUERY set
[INFO 27:03] RM: 0.12903507566438907
[WARNING 27:06] Computing RM on meta and QUERY set
[INFO 27:06] RM: 0.14007824900936156
[WARNING 27:09] Computing RM on meta and QUERY set
[INFO 27:09] RM: 0.15668738953446282
[WARNING 27:11] Computing RM on meta and QUERY set
[INFO 27:11] RM: 0.17144247584817304
[WARNING 27:14] Computing RM on meta and QUERY set
[INFO 27:14] RM: 0.20400181840372053
[WARNING 27:17] Computing RM on meta and QUERY set
[INFO 27:17] RM: 0.21620605400641285
[WARNING 27:19] Computing RM on meta and QUERY set
[INFO 27:19] RM: 0.228388495394337
[WARNING 27:22] Computing RM on meta and QUERY set
[INFO 27:22] RM: 0.2436718322588946
[WARNING 27:25] Computing RM on meta and QUERY set
[INFO 27:25] RM: 0.23876397535302807
[WARNING 27:28] Computing RM on meta and QUERY set
[INFO 27:28] RM: 0.25139939258910543
[INFO 27:28] Fold 3; pareto_index: 5.635009918307632; results: ({0: {'mi_acc': 0.6375839114189148, 'rmse': 0.6020100116729736, 'mae': 0.3624160885810852, 'mi_prec': 0.8274706602096558, 'mi_rec': 0.6657682061195374, 'mi_f_b': 0.737864077091217, 'mi_auc': 0.6055110286023693, 'ma_prec': 0.5799533724784851, 'ma_rec': 0.6055110692977905, 'ma_f_b': 0.5754537582397461}, 1: {'mi_acc': 0.6417139768600464, 'rmse': 0.598569929599762, 'mae': 0.3582859933376312, 'mi_prec': 0.8266331553459167, 'mi_rec': 0.6696065068244934, 'mi_f_b': 0.7398800849914551, 'mi_auc': 0.6112611398143779, 'ma_prec': 0.5855911374092102, 'ma_rec': 0.6112611293792725, 'ma_f_b': 0.5822120308876038}, 2: {'mi_acc': 0.6422302722930908, 'rmse': 0.5981385707855225, 'mae': 0.3577697277069092, 'mi_prec': 0.8241205811500549, 'mi_rec': 0.6707566380500793, 'mi_f_b': 0.7395715117454529, 'mi_auc': 0.6119740677892355, 'ma_prec': 0.5870266556739807, 'ma_rec': 0.6119740605354309, 'ma_f_b': 0.5841303467750549}, 3: {'mi_acc': 0.6437790393829346, 'rmse': 0.5968424677848816, 'mae': 0.35622096061706543, 'mi_prec': 0.8216080665588379, 'mi_rec': 0.6728395223617554, 'mi_f_b': 0.7398189902305603, 'mi_auc': 0.6140815484935178, 'ma_prec': 0.5898081064224243, 'ma_rec': 0.6140815615653992, 'ma_f_b': 0.58758544921875}, 4: {'mi_acc': 0.6406814455986023, 'rmse': 0.5994318127632141, 'mae': 0.3593185245990753, 'mi_prec': 0.8174204230308533, 'mi_rec': 0.6712517142295837, 'mi_f_b': 0.7371600866317749, 'mi_auc': 0.6099529818505955, 'ma_prec': 0.5870413184165955, 'ma_rec': 0.609952986240387, 'ma_f_b': 0.5847301483154297}, 5: {'mi_acc': 0.6468766331672668, 'rmse': 0.5942418575286865, 'mae': 0.35312339663505554, 'mi_prec': 0.8182579278945923, 'mi_rec': 0.6765928268432617, 'mi_f_b': 0.7407126426696777, 'mi_auc': 0.6182152629893298, 'ma_prec': 0.5948624610900879, 'ma_rec': 0.6182152628898621, 'ma_f_b': 0.5936573147773743}, 6: {'mi_acc': 0.6473928689956665, 'rmse': 0.5938073396682739, 'mae': 0.3526071310043335, 'mi_prec': 0.8182579278945923, 'mi_rec': 0.6770616769790649, 'mi_f_b': 0.7409935593605042, 'mi_auc': 0.6188952110004742, 'ma_prec': 0.595535397529602, 'ma_rec': 0.6188951730728149, 'ma_f_b': 0.594425618648529}, 7: {'mi_acc': 0.6499741673469543, 'rmse': 0.5916298031806946, 'mae': 0.35002580285072327, 'mi_prec': 0.8199329972267151, 'mi_rec': 0.678918182849884, 'mi_f_b': 0.7427921295166016, 'mi_auc': 0.6222873674329985, 'ma_prec': 0.5983917713165283, 'ma_rec': 0.622287392616272, 'ma_f_b': 0.5975673198699951}, 8: {'mi_acc': 0.6541042923927307, 'rmse': 0.5881289839744568, 'mae': 0.3458957076072693, 'mi_prec': 0.8199329972267151, 'mi_rec': 0.6827057003974915, 'mi_f_b': 0.745053231716156, 'mi_auc': 0.6276351652983078, 'ma_prec': 0.6037753820419312, 'ma_rec': 0.62763512134552, 'ma_f_b': 0.6036662459373474}, 9: {'mi_acc': 0.6602994203567505, 'rmse': 0.5828383564949036, 'mae': 0.3397005498409271, 'mi_prec': 0.8216080665588379, 'mi_rec': 0.6879382729530334, 'mi_f_b': 0.7488549947738647, 'mi_auc': 0.6355542716615937, 'ma_prec': 0.6113423705101013, 'ma_rec': 0.6355542540550232, 'ma_f_b': 0.6120670437812805}, 10: {'mi_acc': 0.6685596108436584, 'rmse': 0.5757085680961609, 'mae': 0.33144035935401917, 'mi_prec': 0.8224455714225769, 'mi_rec': 0.6954674124717712, 'mi_f_b': 0.7536454796791077, 'mi_auc': 0.6458289491433967, 'ma_prec': 0.6218553781509399, 'ma_rec': 0.6458289623260498, 'ma_f_b': 0.6236681938171387}, 11: {'mi_acc': 0.6685596108436584, 'rmse': 0.5757085680961609, 'mae': 0.33144035935401917, 'mi_prec': 0.8216080665588379, 'mi_rec': 0.6957446932792664, 'mi_f_b': 0.7534562349319458, 'mi_auc': 0.6457850538980177, 'ma_prec': 0.6221095323562622, 'ma_rec': 0.6457850933074951, 'ma_f_b': 0.6239721775054932}, 12: {'mi_acc': 0.6670108437538147, 'rmse': 0.577052116394043, 'mae': 0.3329891562461853, 'mi_prec': 0.8157454133033752, 'mi_rec': 0.696211576461792, 'mi_f_b': 0.7512534260749817, 'mi_auc': 0.6436448233071418, 'ma_prec': 0.6218700408935547, 'ma_rec': 0.6436448097229004, 'ma_f_b': 0.6238702535629272}, 13: {'mi_acc': 0.6670108437538147, 'rmse': 0.577052116394043, 'mae': 0.3329891562461853, 'mi_prec': 0.8098827600479126, 'mi_rec': 0.6981949210166931, 'mi_f_b': 0.7499030828475952, 'mi_auc': 0.6434815308952023, 'ma_prec': 0.6236492991447449, 'ma_rec': 0.6434814929962158, 'ma_f_b': 0.6259168386459351}, 14: {'mi_acc': 0.6747547388076782, 'rmse': 0.5703027248382568, 'mae': 0.3252452313899994, 'mi_prec': 0.8090452551841736, 'mi_rec': 0.7061403393745422, 'mi_f_b': 0.7540983557701111, 'mi_auc': 0.6527186815897389, 'ma_prec': 0.6339977383613586, 'ma_rec': 0.6527186632156372, 'ma_f_b': 0.6369577050209045}, 15: {'mi_acc': 0.6737222671508789, 'rmse': 0.5712072849273682, 'mae': 0.3262777328491211, 'mi_prec': 0.8031826019287109, 'mi_rec': 0.7072271108627319, 'mi_f_b': 0.7521568536758423, 'mi_auc': 0.651376047806904, 'ma_prec': 0.6344311237335205, 'ma_rec': 0.6513760089874268, 'ma_f_b': 0.6374077200889587}}, {0: {'meta_doa': np.float64(0.5171933412847346), 'pc-er': 0.09515380859375, 'rm': 0.0616911891915838}, 1: {'meta_doa': np.float64(0.5194602939431918), 'pc-er': 0.10296630859375, 'rm': 0.07148090902233457}, 2: {'meta_doa': np.float64(0.5203490626289731), 'pc-er': 0.11480712890625, 'rm': 0.07999042430141642}, 3: {'meta_doa': np.float64(0.5223732538778353), 'pc-er': 0.1260986328125, 'rm': 0.08770972604160279}, 4: {'meta_doa': np.float64(0.526320096174512), 'pc-er': 0.1500244140625, 'rm': 0.10258501762899642}, 5: {'meta_doa': np.float64(0.5301927691327433), 'pc-er': 0.163818359375, 'rm': 0.11641912899861262}, 6: {'meta_doa': np.float64(0.5331933850670952), 'pc-er': 0.1754150390625, 'rm': 0.12903507566438907}, 7: {'meta_doa': np.float64(0.5357119638986503), 'pc-er': 0.18017578125, 'rm': 0.14007824900936156}, 8: {'meta_doa': np.float64(0.5391632587589767), 'pc-er': 0.1849365234375, 'rm': 0.15668738953446282}, 9: {'meta_doa': np.float64(0.5421662404549462), 'pc-er': 0.1910400390625, 'rm': 0.17144247584817304}, 10: {'meta_doa': np.float64(0.544848644378674), 'pc-er': 0.1956787109375, 'rm': 0.20400181840372053}, 11: {'meta_doa': np.float64(0.5475748683056719), 'pc-er': 0.2005615234375, 'rm': 0.21620605400641285}, 12: {'meta_doa': np.float64(0.5504482277705548), 'pc-er': 0.2049560546875, 'rm': 0.228388495394337}, 13: {'meta_doa': np.float64(0.5532629954440961), 'pc-er': 0.21484375, 'rm': 0.2436718322588946}, 14: {'meta_doa': np.float64(0.5555826913803039), 'pc-er': 0.2198486328125, 'rm': 0.23876397535302807}, 15: {'meta_doa': np.float64(0.5577905186288199), 'pc-er': 0.2242431640625, 'rm': 0.25139939258910543}})
