PID 2849084 sees CUDA_VISIBLE_DEVICES = 0
→ torch.device is 0 Tesla V100-SXM2-16GB
[INFO 51:17] Using device: cuda
[INFO 51:17] #### config : {'seed': 0, 'dataset_name': 'assist0910', 'load_params': True, 'save_params': False, 'embs_path': '../embs/', 'params_path': '../ckpt/', 'early_stopping': True, 'esc': 'error', 'verbose_early_stopping': False, 'disable_tqdm': False, 'valid_metric': 'rmse', 'learning_rate': 0.001, 'batch_size': 512, 'valid_batch_size': 10000, 'num_epochs': 100, 'eval_freq': 1, 'patience': 20, 'device': device(type='cuda'), 'lambda': 2.67605964593852e-06, 'tensorboard': False, 'flush_freq': True, 'pred_metrics': ['mi_acc', 'rmse', 'mae', 'mi_prec', 'mi_rec', 'mi_f_b', 'mi_auc', 'ma_prec', 'ma_rec', 'ma_f_b'], 'profile_metrics': ['meta_doa', 'pc-er', 'rm'], 'num_responses': 12, 'low_mem': False, 'n_query': 16, 'CDM': 'impact', 'i_fold': 1, 'num_inner_users_epochs': 3, 'num_inner_epochs': 10, 'inner_lr': 0.0001, 'inner_user_lr': 0.0030272604785952922, 'meta_lr': 0.01, 'meta_trainer': 'Approx_GAP', 'num_workers': 0, 'pin_memory': False, 'debug': False} ####
[INFO 51:35] Random_cont_model
[INFO 51:35] compiling CDM model
[INFO 51:43] compiling selection model
[INFO 51:43] ⏳ Début de l'entraînement...
[INFO 51:43] ------- START Training
[INFO 51:43] train on cuda
[INFO 52:02] - meta_params: 0.01
[INFO 52:09] rmse : 0.5668312907218933
[INFO 52:09] valid_rmse : 1.3825154304504395
[INFO 52:09] valid_loss : 1.7078443765640259
[INFO 52:21] - meta_params: 0.01
[INFO 52:27] rmse : 0.56590735912323
[INFO 52:27] valid_rmse : 1.3802618980407715
[INFO 52:27] valid_loss : 1.7059730291366577
[INFO 52:39] - meta_params: 0.01
[INFO 52:44] rmse : 0.5640549659729004
[INFO 52:44] valid_rmse : 1.3757438659667969
[INFO 52:44] valid_loss : 1.7110238075256348
[INFO 52:55] - meta_params: 0.01
[INFO 53:00] rmse : 0.56590735912323
[INFO 53:00] valid_rmse : 1.3802618980407715
[INFO 53:00] valid_loss : 1.704831838607788
[INFO 53:10] - meta_params: 0.01
[INFO 53:16] rmse : 0.563590943813324
[INFO 53:16] valid_rmse : 1.3746120929718018
[INFO 53:16] valid_loss : 1.708678126335144
[INFO 53:26] - meta_params: 0.01
[INFO 53:31] rmse : 0.5668312907218933
[INFO 53:31] valid_rmse : 1.3825154304504395
[INFO 53:31] valid_loss : 1.7098400592803955
[INFO 53:41] - meta_params: 0.01
[INFO 53:46] rmse : 0.5645186901092529
[INFO 53:46] valid_rmse : 1.3768749237060547
[INFO 53:46] valid_loss : 1.7063133716583252
[INFO 53:55] - meta_params: 0.005
[INFO 54:00] rmse : 0.5640549659729004
[INFO 54:00] valid_rmse : 1.3757438659667969
[INFO 54:00] valid_loss : 1.7090948820114136
[INFO 54:09] - meta_params: 0.005
[INFO 54:15] rmse : 0.5672927498817444
[INFO 54:15] valid_rmse : 1.3836408853530884
[INFO 54:15] valid_loss : 1.7088344097137451
[INFO 54:23] - meta_params: 0.005
[INFO 54:29] rmse : 0.569594144821167
[INFO 54:29] valid_rmse : 1.389254093170166
[INFO 54:29] valid_loss : 1.7078689336776733
[INFO 54:37] - meta_params: 0.0025
[INFO 54:43] rmse : 0.5631265044212341
[INFO 54:43] valid_rmse : 1.3734793663024902
[INFO 54:43] valid_loss : 1.7097535133361816
[INFO 54:51] - meta_params: 0.0025
[INFO 54:56] rmse : 0.563590943813324
[INFO 54:56] valid_rmse : 1.3746120929718018
[INFO 54:56] valid_loss : 1.7079598903656006
[INFO 55:04] - meta_params: 0.0025
[INFO 55:10] rmse : 0.563590943813324
[INFO 55:10] valid_rmse : 1.3746120929718018
[INFO 55:10] valid_loss : 1.7102253437042236
[INFO 55:18] - meta_params: 0.00125
[INFO 55:23] rmse : 0.5631265044212341
[INFO 55:23] valid_rmse : 1.3734793663024902
[INFO 55:23] valid_loss : 1.7061432600021362
[INFO 55:31] - meta_params: 0.00125
[INFO 55:37] rmse : 0.5645186901092529
[INFO 55:37] valid_rmse : 1.3768749237060547
[INFO 55:37] valid_loss : 1.7063381671905518
[INFO 55:44] - meta_params: 0.00125
[INFO 55:50] rmse : 0.5645186901092529
[INFO 55:50] valid_rmse : 1.3768749237060547
[INFO 55:50] valid_loss : 1.7067114114761353
[INFO 55:57] - meta_params: 0.000625
[INFO 56:03] rmse : 0.5691345930099487
[INFO 56:03] valid_rmse : 1.38813316822052
[INFO 56:03] valid_loss : 1.707257866859436
[INFO 56:10] - meta_params: 0.000625
[INFO 56:16] rmse : 0.5645186901092529
[INFO 56:16] valid_rmse : 1.3768749237060547
[INFO 56:16] valid_loss : 1.7050395011901855
[INFO 56:23] - meta_params: 0.000625
[INFO 56:28] rmse : 0.5612649321556091
[INFO 56:28] valid_rmse : 1.36893892288208
[INFO 56:28] valid_loss : 1.7097907066345215
[INFO 56:36] - meta_params: 0.0003125
[INFO 56:41] rmse : 0.563590943813324
[INFO 56:41] valid_rmse : 1.3746120929718018
[INFO 56:41] valid_loss : 1.7079352140426636
[INFO 56:48] - meta_params: 0.0003125
[INFO 56:54] rmse : 0.5668312907218933
[INFO 56:54] valid_rmse : 1.3825154304504395
[INFO 56:54] valid_loss : 1.7052057981491089
[INFO 57:01] - meta_params: 0.0003125
[INFO 57:06] rmse : 0.5640549659729004
[INFO 57:06] valid_rmse : 1.3757438659667969
[INFO 57:06] valid_loss : 1.7145916223526
[INFO 57:13] - meta_params: 0.00015625
[INFO 57:18] rmse : 0.5645186901092529
[INFO 57:18] valid_rmse : 1.3768749237060547
[INFO 57:18] valid_loss : 1.7054555416107178
[INFO 57:25] - meta_params: 0.00015625
[INFO 57:31] rmse : 0.56590735912323
[INFO 57:31] valid_rmse : 1.3802618980407715
[INFO 57:31] valid_loss : 1.7062885761260986
[INFO 57:38] - meta_params: 0.00015625
[INFO 57:43] rmse : 0.5645186901092529
[INFO 57:43] valid_rmse : 1.3768749237060547
[INFO 57:43] valid_loss : 1.7121433019638062
[INFO 57:43] -- END Training --
[INFO 57:43] ✅ Entraînement terminé en 360.29 secondes.
[INFO 57:43] train on cuda
[WARNING 57:53] Computing RM on meta and QUERY set
[INFO 57:56] RM: 0.03608492787786876
[WARNING 57:58] Computing RM on meta and QUERY set
[INFO 57:58] RM: 0.03666060014681359
[WARNING 58:01] Computing RM on meta and QUERY set
[INFO 58:01] RM: 0.03724541094181957
[WARNING 58:04] Computing RM on meta and QUERY set
[INFO 58:04] RM: 0.03785531371966771
[WARNING 58:06] Computing RM on meta and QUERY set
[INFO 58:06] RM: 0.039059832754889355
[WARNING 58:09] Computing RM on meta and QUERY set
[INFO 58:09] RM: 0.04034348884708845
[WARNING 58:12] Computing RM on meta and QUERY set
[INFO 58:12] RM: 0.041511774098715856
[WARNING 58:15] Computing RM on meta and QUERY set
[INFO 58:15] RM: 0.04271986644084576
[WARNING 58:17] Computing RM on meta and QUERY set
[INFO 58:17] RM: 0.044515419982977894
[WARNING 58:20] Computing RM on meta and QUERY set
[INFO 58:20] RM: 0.046398134191986184
[WARNING 58:23] Computing RM on meta and QUERY set
[INFO 58:23] RM: 0.048210066805753196
[WARNING 58:25] Computing RM on meta and QUERY set
[INFO 58:25] RM: 0.050036957699264265
[WARNING 58:28] Computing RM on meta and QUERY set
[INFO 58:28] RM: 0.05253350457132565
[WARNING 58:31] Computing RM on meta and QUERY set
[INFO 58:31] RM: 0.054965937839285044
[WARNING 58:34] Computing RM on meta and QUERY set
[INFO 58:34] RM: 0.05735168555363125
[WARNING 58:36] Computing RM on meta and QUERY set
[INFO 58:36] RM: 0.05971794970273979
[INFO 58:36] Fold 1; pareto_index: 4.923114364560468; results: ({0: {'mi_acc': 0.6108786463737488, 'rmse': 0.6237959265708923, 'mae': 0.38912132382392883, 'mi_prec': 0.8097731471061707, 'mi_rec': 0.638239324092865, 'mi_f_b': 0.7138461470603943, 'mi_auc': 0.5811284035006578, 'ma_prec': 0.5615445375442505, 'ma_rec': 0.5811283588409424, 'ma_f_b': 0.5530015230178833}, 1: {'mi_acc': 0.6108786463737488, 'rmse': 0.6237959265708923, 'mae': 0.38912132382392883, 'mi_prec': 0.8097731471061707, 'mi_rec': 0.638239324092865, 'mi_f_b': 0.7138461470603943, 'mi_auc': 0.5811284035006578, 'ma_prec': 0.5615445375442505, 'ma_rec': 0.5811283588409424, 'ma_f_b': 0.5530015230178833}, 2: {'mi_acc': 0.6103556156158447, 'rmse': 0.6242150068283081, 'mae': 0.3896443545818329, 'mi_prec': 0.8089005351066589, 'mi_rec': 0.6379903554916382, 'mi_f_b': 0.713351309299469, 'mi_auc': 0.5804330908780121, 'ma_prec': 0.5611082315444946, 'ma_rec': 0.5804331302642822, 'ma_f_b': 0.5525940656661987}, 3: {'mi_acc': 0.6103556156158447, 'rmse': 0.6242150068283081, 'mae': 0.3896443545818329, 'mi_prec': 0.8089005351066589, 'mi_rec': 0.6379903554916382, 'mi_f_b': 0.713351309299469, 'mi_auc': 0.5804330908780121, 'ma_prec': 0.5611082315444946, 'ma_rec': 0.5804331302642822, 'ma_f_b': 0.5525940656661987}, 4: {'mi_acc': 0.6103556156158447, 'rmse': 0.6242150068283081, 'mae': 0.3896443545818329, 'mi_prec': 0.8089005351066589, 'mi_rec': 0.6379903554916382, 'mi_f_b': 0.713351309299469, 'mi_auc': 0.5804330908780121, 'ma_prec': 0.5611082315444946, 'ma_rec': 0.5804331302642822, 'ma_f_b': 0.5525940656661987}, 5: {'mi_acc': 0.6108786463737488, 'rmse': 0.6237959265708923, 'mae': 0.38912132382392883, 'mi_prec': 0.8089005351066589, 'mi_rec': 0.6384297609329224, 'mi_f_b': 0.7136258482933044, 'mi_auc': 0.5811713977721883, 'ma_prec': 0.5617609620094299, 'ma_rec': 0.5811713933944702, 'ma_f_b': 0.5533871650695801}, 6: {'mi_acc': 0.6119246482849121, 'rmse': 0.6229568719863892, 'mae': 0.3880752921104431, 'mi_prec': 0.8089005351066589, 'mi_rec': 0.639310359954834, 'mi_f_b': 0.7141756415367126, 'mi_auc': 0.582642185400806, 'ma_prec': 0.5630664825439453, 'ma_rec': 0.5826421976089478, 'ma_f_b': 0.5549705624580383}, 7: {'mi_acc': 0.6114016771316528, 'rmse': 0.6233765482902527, 'mae': 0.38859832286834717, 'mi_prec': 0.8089005351066589, 'mi_rec': 0.6388697624206543, 'mi_f_b': 0.7139006853103638, 'mi_auc': 0.5819077575342609, 'ma_prec': 0.5624136924743652, 'ma_rec': 0.5819077491760254, 'ma_f_b': 0.5541793704032898}, 8: {'mi_acc': 0.6114016771316528, 'rmse': 0.6233765482902527, 'mae': 0.38859832286834717, 'mi_prec': 0.8089005351066589, 'mi_rec': 0.6388697624206543, 'mi_f_b': 0.7139006853103638, 'mi_auc': 0.5819077575342609, 'ma_prec': 0.5624136924743652, 'ma_rec': 0.5819077491760254, 'ma_f_b': 0.5541793704032898}, 9: {'mi_acc': 0.6114016771316528, 'rmse': 0.6233765482902527, 'mae': 0.38859832286834717, 'mi_prec': 0.8080279231071472, 'mi_rec': 0.639061450958252, 'mi_f_b': 0.71368008852005, 'mi_auc': 0.5819497173145403, 'ma_prec': 0.5626301765441895, 'ma_rec': 0.5819497108459473, 'ma_f_b': 0.5545617341995239}, 10: {'mi_acc': 0.6119246482849121, 'rmse': 0.6229568719863892, 'mae': 0.3880752921104431, 'mi_prec': 0.8080279231071472, 'mi_rec': 0.639502763748169, 'mi_f_b': 0.7139552235603333, 'mi_auc': 0.5826824156982282, 'ma_prec': 0.5632829070091248, 'ma_rec': 0.5826824307441711, 'ma_f_b': 0.5553516149520874}, 11: {'mi_acc': 0.6129707098007202, 'rmse': 0.6221168041229248, 'mae': 0.3870292901992798, 'mi_prec': 0.8106456995010376, 'mi_rec': 0.6398071646690369, 'mi_f_b': 0.7151654958724976, 'mi_auc': 0.5840340160498263, 'ma_prec': 0.5639390349388123, 'ma_rec': 0.5840340256690979, 'ma_f_b': 0.5557882785797119}, 12: {'mi_acc': 0.6124476790428162, 'rmse': 0.6225369572639465, 'mae': 0.38755229115486145, 'mi_prec': 0.8115183115005493, 'mi_rec': 0.6391752362251282, 'mi_f_b': 0.7151094675064087, 'mi_auc': 0.5832637776624783, 'ma_prec': 0.5630698800086975, 'ma_rec': 0.5832637548446655, 'ma_f_b': 0.5546111464500427}, 13: {'mi_acc': 0.6108786463737488, 'rmse': 0.6237959265708923, 'mae': 0.38912132382392883, 'mi_prec': 0.8080279231071472, 'mi_rec': 0.6386206746101379, 'mi_f_b': 0.7134052515029907, 'mi_auc': 0.5812151067323481, 'ma_prec': 0.5619773864746094, 'ma_rec': 0.5812151432037354, 'ma_f_b': 0.5537710189819336}, 14: {'mi_acc': 0.6103556156158447, 'rmse': 0.6242150068283081, 'mae': 0.3896443545818329, 'mi_prec': 0.8071553111076355, 'mi_rec': 0.6383712887763977, 'mi_f_b': 0.7129094004631042, 'mi_auc': 0.5805247381451719, 'ma_prec': 0.5615410804748535, 'ma_rec': 0.580524742603302, 'ma_f_b': 0.5533627867698669}, 15: {'mi_acc': 0.6093096137046814, 'rmse': 0.625052273273468, 'mae': 0.3906903564929962, 'mi_prec': 0.8062826991081238, 'mi_rec': 0.6376811861991882, 'mi_f_b': 0.7121387720108032, 'mi_auc': 0.5790997589758037, 'ma_prec': 0.5604520440101624, 'ma_rec': 0.5790997743606567, 'ma_f_b': 0.5521637797355652}}, {0: {'meta_doa': np.float64(0.502000245858788), 'pc-er': 0.0127410888671875, 'rm': 0.03608492787786876}, 1: {'meta_doa': np.float64(0.5022206012480892), 'pc-er': 0.0174102783203125, 'rm': 0.03666060014681359}, 2: {'meta_doa': np.float64(0.5023496642198426), 'pc-er': 0.0214385986328125, 'rm': 0.03724541094181957}, 3: {'meta_doa': np.float64(0.5025830469423013), 'pc-er': 0.024322509765625, 'rm': 0.03785531371966771}, 4: {'meta_doa': np.float64(0.5028905394004763), 'pc-er': 0.027984619140625, 'rm': 0.039059832754889355}, 5: {'meta_doa': np.float64(0.503335032657316), 'pc-er': 0.031982421875, 'rm': 0.04034348884708845}, 6: {'meta_doa': np.float64(0.5037185844215049), 'pc-er': 0.034637451171875, 'rm': 0.041511774098715856}, 7: {'meta_doa': np.float64(0.5039289244004381), 'pc-er': 0.036895751953125, 'rm': 0.04271986644084576}, 8: {'meta_doa': np.float64(0.5044444745525223), 'pc-er': 0.03912353515625, 'rm': 0.044515419982977894}, 9: {'meta_doa': np.float64(0.5020382435011651), 'pc-er': 0.042022705078125, 'rm': 0.046398134191986184}, 10: {'meta_doa': np.float64(0.5026585750866442), 'pc-er': 0.04522705078125, 'rm': 0.048210066805753196}, 11: {'meta_doa': np.float64(0.5031440153841306), 'pc-er': 0.04840087890625, 'rm': 0.050036957699264265}, 12: {'meta_doa': np.float64(0.5042677308212573), 'pc-er': 0.05780029296875, 'rm': 0.05253350457132565}, 13: {'meta_doa': np.float64(0.504945907775666), 'pc-er': 0.061767578125, 'rm': 0.054965937839285044}, 14: {'meta_doa': np.float64(0.5055185999350705), 'pc-er': 0.06634521484375, 'rm': 0.05735168555363125}, 15: {'meta_doa': np.float64(0.506015560716002), 'pc-er': 0.07110595703125, 'rm': 0.05971794970273979}})
