PID 1807686 sees CUDA_VISIBLE_DEVICES = 0
→ torch.device is 0 Tesla V100-SXM2-16GB
[INFO 50:28] Using device: cuda
[INFO 50:28] #### config : {'seed': 0, 'dataset_name': 'algebra', 'load_params': True, 'save_params': False, 'embs_path': '../embs/', 'params_path': '../ckpt/', 'early_stopping': True, 'esc': 'error', 'verbose_early_stopping': False, 'disable_tqdm': False, 'valid_metric': 'rmse', 'learning_rate': 0.001, 'batch_size': 512, 'valid_batch_size': 10000, 'num_epochs': 100, 'eval_freq': 1, 'patience': 20, 'device': device(type='cuda'), 'lambda': 2.67605964593852e-06, 'tensorboard': False, 'flush_freq': True, 'pred_metrics': ['mi_acc', 'rmse', 'mae', 'mi_prec', 'mi_rec', 'mi_f_b', 'mi_auc', 'ma_prec', 'ma_rec', 'ma_f_b'], 'profile_metrics': ['meta_doa', 'pc-er', 'rm'], 'num_responses': 12, 'low_mem': False, 'n_query': 25, 'CDM': 'impact', 'i_fold': 4, 'num_inner_users_epochs': 9, 'num_inner_epochs': 10, 'inner_lr': 0.0001, 'inner_user_lr': 0.009, 'meta_lr': 0.05, 'meta_trainer': 'Adam', 'num_workers': 0, 'pin_memory': False, 'debug': False} ####
[INFO 50:57] Random_cont_model
[INFO 50:57] compiling CDM model
[INFO 51:06] compiling selection model
[INFO 51:06] ⏳ Début de l'entraînement...
[INFO 51:06] ✅ Entraînement terminé en 0.00 secondes.
[INFO 51:06] train on cuda
Meta_loss tensor(0.7335, device='cuda:0', grad_fn=<DotBackward0>)
Meta_loss tensor(0.7319, device='cuda:0', grad_fn=<DotBackward0>)
Meta_loss tensor(0.7304, device='cuda:0', grad_fn=<DotBackward0>)
Meta_loss tensor(0.7290, device='cuda:0', grad_fn=<DotBackward0>)
Meta_loss tensor(0.7278, device='cuda:0', grad_fn=<DotBackward0>)
Meta_loss tensor(0.7266, device='cuda:0', grad_fn=<DotBackward0>)
Meta_loss tensor(0.7256, device='cuda:0', grad_fn=<DotBackward0>)
Meta_loss tensor(0.7246, device='cuda:0', grad_fn=<DotBackward0>)
Meta_loss tensor(0.7238, device='cuda:0', grad_fn=<DotBackward0>)
Meta_loss tensor(0.7231, device='cuda:0', grad_fn=<DotBackward0>)
Meta_loss tensor(0.7224, device='cuda:0', grad_fn=<DotBackward0>)
Meta_loss tensor(0.7219, device='cuda:0', grad_fn=<DotBackward0>)
Meta_loss tensor(0.7214, device='cuda:0', grad_fn=<DotBackward0>)
Meta_loss tensor(0.7210, device='cuda:0', grad_fn=<DotBackward0>)
Meta_loss tensor(0.7207, device='cuda:0', grad_fn=<DotBackward0>)
Meta_loss tensor(0.7204, device='cuda:0', grad_fn=<DotBackward0>)
Meta_loss tensor(0.7202, device='cuda:0', grad_fn=<DotBackward0>)
Meta_loss tensor(0.7201, device='cuda:0', grad_fn=<DotBackward0>)
Meta_loss tensor(0.7200, device='cuda:0', grad_fn=<DotBackward0>)
Meta_loss tensor(0.7200, device='cuda:0', grad_fn=<DotBackward0>)
Meta_loss tensor(0.7201, device='cuda:0', grad_fn=<DotBackward0>)
Meta_loss tensor(0.7201, device='cuda:0', grad_fn=<DotBackward0>)
Meta_loss tensor(0.7202, device='cuda:0', grad_fn=<DotBackward0>)
Meta_loss tensor(0.7204, device='cuda:0', grad_fn=<DotBackward0>)
Meta_loss tensor(0.7206, device='cuda:0', grad_fn=<DotBackward0>)
Meta_loss tensor(0.7208, device='cuda:0', grad_fn=<DotBackward0>)
Meta_loss tensor(0.7211, device='cuda:0', grad_fn=<DotBackward0>)
Meta_loss tensor(0.7214, device='cuda:0', grad_fn=<DotBackward0>)
Meta_loss tensor(0.7217, device='cuda:0', grad_fn=<DotBackward0>)
Meta_loss tensor(0.7221, device='cuda:0', grad_fn=<DotBackward0>)
Meta_loss tensor(0.7225, device='cuda:0', grad_fn=<DotBackward0>)
---------- best_epoch : 19 ;   
[WARNING 51:21] Computing RM on meta and QUERY set
[INFO 51:24] RM: 0.10484414832404489
[INFO 51:24] Fold 4; results: ({'mi_acc': 0.7612283229827881, 'rmse': 0.48864269256591797, 'mae': 0.23877167701721191, 'mi_prec': 0.9168941378593445, 'mi_rec': 0.7767214775085449, 'mi_f_b': 0.8410070538520813, 'mi_auc': 0.7352881142811211, 'ma_prec': 0.6668363213539124, 'ma_rec': 0.735288143157959, 'ma_f_b': 0.6808809041976929}, {'meta_doa': np.float64(0.5081286997210888), 'pc-er': 0.354248046875, 'rm': 0.10484414832404489})
