PID 3946720 sees CUDA_VISIBLE_DEVICES = 0
→ torch.device is 0 Tesla V100-SXM2-16GB
[INFO 58:21] Using device: cuda
[INFO 58:21] #### config : {'seed': 0, 'dataset_name': 'assist0910', 'load_params': True, 'save_params': False, 'embs_path': '../embs/', 'params_path': '../ckpt/', 'early_stopping': True, 'esc': 'error', 'verbose_early_stopping': False, 'disable_tqdm': False, 'valid_metric': 'rmse', 'learning_rate': 0.001, 'batch_size': 512, 'valid_batch_size': 10000, 'num_epochs': 100, 'eval_freq': 1, 'patience': 20, 'device': device(type='cuda'), 'lambda': 2.67605964593852e-06, 'tensorboard': False, 'flush_freq': True, 'pred_metrics': ['mi_acc', 'rmse', 'mae', 'mi_prec', 'mi_rec', 'mi_f_b', 'mi_auc', 'ma_prec', 'ma_rec', 'ma_f_b'], 'profile_metrics': ['meta_doa', 'pc-er', 'rm'], 'num_responses': 12, 'low_mem': False, 'n_query': 16, 'CDM': 'ncdm', 'i_fold': 2, 'num_inner_users_epochs': 9, 'num_inner_epochs': 10, 'inner_lr': 0.0001, 'inner_user_lr': 0.001, 'meta_lr': 0.05, 'meta_trainer': 'Adam', 'num_workers': 0, 'pin_memory': False, 'debug': False} ####
[INFO 58:38] Random_cont_model
../ckpt/assist0910_NCDM_fold_2_seed_0
[INFO 58:42] compiling selection model
[INFO 58:50] ⏳ Début de l'entraînement...
[INFO 58:50] ✅ Entraînement terminé en 0.00 secondes.
[INFO 58:50] train on cuda
Meta_loss tensor(0.9958, device='cuda:0', grad_fn=<BinaryCrossEntropyBackward0>)
Meta_loss tensor(0.9890, device='cuda:0', grad_fn=<BinaryCrossEntropyBackward0>)
Meta_loss tensor(0.9825, device='cuda:0', grad_fn=<BinaryCrossEntropyBackward0>)
Meta_loss tensor(0.9763, device='cuda:0', grad_fn=<BinaryCrossEntropyBackward0>)
Meta_loss tensor(0.9703, device='cuda:0', grad_fn=<BinaryCrossEntropyBackward0>)
Meta_loss tensor(0.9645, device='cuda:0', grad_fn=<BinaryCrossEntropyBackward0>)
Meta_loss tensor(0.9591, device='cuda:0', grad_fn=<BinaryCrossEntropyBackward0>)
Meta_loss tensor(0.9541, device='cuda:0', grad_fn=<BinaryCrossEntropyBackward0>)
Meta_loss tensor(0.9494, device='cuda:0', grad_fn=<BinaryCrossEntropyBackward0>)
Meta_loss tensor(0.9447, device='cuda:0', grad_fn=<BinaryCrossEntropyBackward0>)
Meta_loss tensor(0.9396, device='cuda:0', grad_fn=<BinaryCrossEntropyBackward0>)
Meta_loss tensor(0.9349, device='cuda:0', grad_fn=<BinaryCrossEntropyBackward0>)
Meta_loss tensor(0.9303, device='cuda:0', grad_fn=<BinaryCrossEntropyBackward0>)
Meta_loss tensor(0.9261, device='cuda:0', grad_fn=<BinaryCrossEntropyBackward0>)
Meta_loss tensor(0.9227, device='cuda:0', grad_fn=<BinaryCrossEntropyBackward0>)
Meta_loss tensor(0.9196, device='cuda:0', grad_fn=<BinaryCrossEntropyBackward0>)
Meta_loss tensor(0.9168, device='cuda:0', grad_fn=<BinaryCrossEntropyBackward0>)
Meta_loss tensor(0.9143, device='cuda:0', grad_fn=<BinaryCrossEntropyBackward0>)
Meta_loss tensor(0.9124, device='cuda:0', grad_fn=<BinaryCrossEntropyBackward0>)
Meta_loss tensor(0.9107, device='cuda:0', grad_fn=<BinaryCrossEntropyBackward0>)
Meta_loss tensor(0.9091, device='cuda:0', grad_fn=<BinaryCrossEntropyBackward0>)
Meta_loss tensor(0.9073, device='cuda:0', grad_fn=<BinaryCrossEntropyBackward0>)
Meta_loss tensor(0.9058, device='cuda:0', grad_fn=<BinaryCrossEntropyBackward0>)
Meta_loss tensor(0.9043, device='cuda:0', grad_fn=<BinaryCrossEntropyBackward0>)
Meta_loss tensor(0.9029, device='cuda:0', grad_fn=<BinaryCrossEntropyBackward0>)
Meta_loss tensor(0.9016, device='cuda:0', grad_fn=<BinaryCrossEntropyBackward0>)
Meta_loss tensor(0.9000, device='cuda:0', grad_fn=<BinaryCrossEntropyBackward0>)
Meta_loss tensor(0.8984, device='cuda:0', grad_fn=<BinaryCrossEntropyBackward0>)
Meta_loss tensor(0.8971, device='cuda:0', grad_fn=<BinaryCrossEntropyBackward0>)
Meta_loss tensor(0.8960, device='cuda:0', grad_fn=<BinaryCrossEntropyBackward0>)
Meta_loss tensor(0.8950, device='cuda:0', grad_fn=<BinaryCrossEntropyBackward0>)
Meta_loss tensor(0.8938, device='cuda:0', grad_fn=<BinaryCrossEntropyBackward0>)
Meta_loss tensor(0.8928, device='cuda:0', grad_fn=<BinaryCrossEntropyBackward0>)
Meta_loss tensor(0.8918, device='cuda:0', grad_fn=<BinaryCrossEntropyBackward0>)
Meta_loss tensor(0.8907, device='cuda:0', grad_fn=<BinaryCrossEntropyBackward0>)
Meta_loss tensor(0.8899, device='cuda:0', grad_fn=<BinaryCrossEntropyBackward0>)
Meta_loss tensor(0.8891, device='cuda:0', grad_fn=<BinaryCrossEntropyBackward0>)
Meta_loss tensor(0.8885, device='cuda:0', grad_fn=<BinaryCrossEntropyBackward0>)
Meta_loss tensor(0.8880, device='cuda:0', grad_fn=<BinaryCrossEntropyBackward0>)
Meta_loss tensor(0.8876, device='cuda:0', grad_fn=<BinaryCrossEntropyBackward0>)
Meta_loss tensor(0.8872, device='cuda:0', grad_fn=<BinaryCrossEntropyBackward0>)
Meta_loss tensor(0.8870, device='cuda:0', grad_fn=<BinaryCrossEntropyBackward0>)
Meta_loss tensor(0.8865, device='cuda:0', grad_fn=<BinaryCrossEntropyBackward0>)
Meta_loss tensor(0.8858, device='cuda:0', grad_fn=<BinaryCrossEntropyBackward0>)
Meta_loss tensor(0.8847, device='cuda:0', grad_fn=<BinaryCrossEntropyBackward0>)
Meta_loss tensor(0.8833, device='cuda:0', grad_fn=<BinaryCrossEntropyBackward0>)
Meta_loss tensor(0.8819, device='cuda:0', grad_fn=<BinaryCrossEntropyBackward0>)
Meta_loss tensor(0.8806, device='cuda:0', grad_fn=<BinaryCrossEntropyBackward0>)
Meta_loss tensor(0.8796, device='cuda:0', grad_fn=<BinaryCrossEntropyBackward0>)
Meta_loss tensor(0.8789, device='cuda:0', grad_fn=<BinaryCrossEntropyBackward0>)
Meta_loss tensor(0.8787, device='cuda:0', grad_fn=<BinaryCrossEntropyBackward0>)
Meta_loss tensor(0.8783, device='cuda:0', grad_fn=<BinaryCrossEntropyBackward0>)
Meta_loss tensor(0.8781, device='cuda:0', grad_fn=<BinaryCrossEntropyBackward0>)
Meta_loss tensor(0.8778, device='cuda:0', grad_fn=<BinaryCrossEntropyBackward0>)
Meta_loss tensor(0.8773, device='cuda:0', grad_fn=<BinaryCrossEntropyBackward0>)
Meta_loss tensor(0.8767, device='cuda:0', grad_fn=<BinaryCrossEntropyBackward0>)
Meta_loss tensor(0.8759, device='cuda:0', grad_fn=<BinaryCrossEntropyBackward0>)
Meta_loss tensor(0.8749, device='cuda:0', grad_fn=<BinaryCrossEntropyBackward0>)
Meta_loss tensor(0.8741, device='cuda:0', grad_fn=<BinaryCrossEntropyBackward0>)
Meta_loss tensor(0.8738, device='cuda:0', grad_fn=<BinaryCrossEntropyBackward0>)
Meta_loss tensor(0.8736, device='cuda:0', grad_fn=<BinaryCrossEntropyBackward0>)
Meta_loss tensor(0.8737, device='cuda:0', grad_fn=<BinaryCrossEntropyBackward0>)
Meta_loss tensor(0.8735, device='cuda:0', grad_fn=<BinaryCrossEntropyBackward0>)
Meta_loss tensor(0.8731, device='cuda:0', grad_fn=<BinaryCrossEntropyBackward0>)
Meta_loss tensor(0.8730, device='cuda:0', grad_fn=<BinaryCrossEntropyBackward0>)
Meta_loss tensor(0.8724, device='cuda:0', grad_fn=<BinaryCrossEntropyBackward0>)
Meta_loss tensor(0.8721, device='cuda:0', grad_fn=<BinaryCrossEntropyBackward0>)
Meta_loss tensor(0.8717, device='cuda:0', grad_fn=<BinaryCrossEntropyBackward0>)
Meta_loss tensor(0.8712, device='cuda:0', grad_fn=<BinaryCrossEntropyBackward0>)
Meta_loss tensor(0.8706, device='cuda:0', grad_fn=<BinaryCrossEntropyBackward0>)
Meta_loss tensor(0.8697, device='cuda:0', grad_fn=<BinaryCrossEntropyBackward0>)
Meta_loss tensor(0.8689, device='cuda:0', grad_fn=<BinaryCrossEntropyBackward0>)
Meta_loss tensor(0.8680, device='cuda:0', grad_fn=<BinaryCrossEntropyBackward0>)
Meta_loss tensor(0.8673, device='cuda:0', grad_fn=<BinaryCrossEntropyBackward0>)
Meta_loss tensor(0.8669, device='cuda:0', grad_fn=<BinaryCrossEntropyBackward0>)
Meta_loss tensor(0.8665, device='cuda:0', grad_fn=<BinaryCrossEntropyBackward0>)
Meta_loss tensor(0.8662, device='cuda:0', grad_fn=<BinaryCrossEntropyBackward0>)
Meta_loss tensor(0.8658, device='cuda:0', grad_fn=<BinaryCrossEntropyBackward0>)
Meta_loss tensor(0.8657, device='cuda:0', grad_fn=<BinaryCrossEntropyBackward0>)
Meta_loss tensor(0.8652, device='cuda:0', grad_fn=<BinaryCrossEntropyBackward0>)
Meta_loss tensor(0.8649, device='cuda:0', grad_fn=<BinaryCrossEntropyBackward0>)
Meta_loss tensor(0.8648, device='cuda:0', grad_fn=<BinaryCrossEntropyBackward0>)
Meta_loss tensor(0.8648, device='cuda:0', grad_fn=<BinaryCrossEntropyBackward0>)
Meta_loss tensor(0.8644, device='cuda:0', grad_fn=<BinaryCrossEntropyBackward0>)
Meta_loss tensor(0.8638, device='cuda:0', grad_fn=<BinaryCrossEntropyBackward0>)
Meta_loss tensor(0.8631, device='cuda:0', grad_fn=<BinaryCrossEntropyBackward0>)
Meta_loss tensor(0.8624, device='cuda:0', grad_fn=<BinaryCrossEntropyBackward0>)
Meta_loss tensor(0.8620, device='cuda:0', grad_fn=<BinaryCrossEntropyBackward0>)
Meta_loss tensor(0.8619, device='cuda:0', grad_fn=<BinaryCrossEntropyBackward0>)
Meta_loss tensor(0.8620, device='cuda:0', grad_fn=<BinaryCrossEntropyBackward0>)
Meta_loss tensor(0.8622, device='cuda:0', grad_fn=<BinaryCrossEntropyBackward0>)
Meta_loss tensor(0.8624, device='cuda:0', grad_fn=<BinaryCrossEntropyBackward0>)
Meta_loss tensor(0.8624, device='cuda:0', grad_fn=<BinaryCrossEntropyBackward0>)
Meta_loss tensor(0.8626, device='cuda:0', grad_fn=<BinaryCrossEntropyBackward0>)
Meta_loss tensor(0.8623, device='cuda:0', grad_fn=<BinaryCrossEntropyBackward0>)
Meta_loss tensor(0.8619, device='cuda:0', grad_fn=<BinaryCrossEntropyBackward0>)
Meta_loss tensor(0.8614, device='cuda:0', grad_fn=<BinaryCrossEntropyBackward0>)
Meta_loss tensor(0.8609, device='cuda:0', grad_fn=<BinaryCrossEntropyBackward0>)
Meta_loss tensor(0.8603, device='cuda:0', grad_fn=<BinaryCrossEntropyBackward0>)
Meta_loss tensor(0.8599, device='cuda:0', grad_fn=<BinaryCrossEntropyBackward0>)
Meta_loss tensor(0.8594, device='cuda:0', grad_fn=<BinaryCrossEntropyBackward0>)
Meta_loss tensor(0.8591, device='cuda:0', grad_fn=<BinaryCrossEntropyBackward0>)
Meta_loss tensor(0.8587, device='cuda:0', grad_fn=<BinaryCrossEntropyBackward0>)
Meta_loss tensor(0.8584, device='cuda:0', grad_fn=<BinaryCrossEntropyBackward0>)
Meta_loss tensor(0.8586, device='cuda:0', grad_fn=<BinaryCrossEntropyBackward0>)
Meta_loss tensor(0.8586, device='cuda:0', grad_fn=<BinaryCrossEntropyBackward0>)
Meta_loss tensor(0.8585, device='cuda:0', grad_fn=<BinaryCrossEntropyBackward0>)
Meta_loss tensor(0.8586, device='cuda:0', grad_fn=<BinaryCrossEntropyBackward0>)
Meta_loss tensor(0.8585, device='cuda:0', grad_fn=<BinaryCrossEntropyBackward0>)
Meta_loss tensor(0.8583, device='cuda:0', grad_fn=<BinaryCrossEntropyBackward0>)
Meta_loss tensor(0.8582, device='cuda:0', grad_fn=<BinaryCrossEntropyBackward0>)
Meta_loss tensor(0.8581, device='cuda:0', grad_fn=<BinaryCrossEntropyBackward0>)
Meta_loss tensor(0.8581, device='cuda:0', grad_fn=<BinaryCrossEntropyBackward0>)
Meta_loss tensor(0.8575, device='cuda:0', grad_fn=<BinaryCrossEntropyBackward0>)
Meta_loss tensor(0.8568, device='cuda:0', grad_fn=<BinaryCrossEntropyBackward0>)
Meta_loss tensor(0.8564, device='cuda:0', grad_fn=<BinaryCrossEntropyBackward0>)
Meta_loss tensor(0.8561, device='cuda:0', grad_fn=<BinaryCrossEntropyBackward0>)
Meta_loss tensor(0.8556, device='cuda:0', grad_fn=<BinaryCrossEntropyBackward0>)
Meta_loss tensor(0.8554, device='cuda:0', grad_fn=<BinaryCrossEntropyBackward0>)
Meta_loss tensor(0.8551, device='cuda:0', grad_fn=<BinaryCrossEntropyBackward0>)
Meta_loss tensor(0.8549, device='cuda:0', grad_fn=<BinaryCrossEntropyBackward0>)
Meta_loss tensor(0.8547, device='cuda:0', grad_fn=<BinaryCrossEntropyBackward0>)
Meta_loss tensor(0.8544, device='cuda:0', grad_fn=<BinaryCrossEntropyBackward0>)
Meta_loss tensor(0.8541, device='cuda:0', grad_fn=<BinaryCrossEntropyBackward0>)
Meta_loss tensor(0.8532, device='cuda:0', grad_fn=<BinaryCrossEntropyBackward0>)
Meta_loss tensor(0.8526, device='cuda:0', grad_fn=<BinaryCrossEntropyBackward0>)
Meta_loss tensor(0.8520, device='cuda:0', grad_fn=<BinaryCrossEntropyBackward0>)
Meta_loss tensor(0.8519, device='cuda:0', grad_fn=<BinaryCrossEntropyBackward0>)
Meta_loss tensor(0.8517, device='cuda:0', grad_fn=<BinaryCrossEntropyBackward0>)
Meta_loss tensor(0.8515, device='cuda:0', grad_fn=<BinaryCrossEntropyBackward0>)
Meta_loss tensor(0.8513, device='cuda:0', grad_fn=<BinaryCrossEntropyBackward0>)
Meta_loss tensor(0.8514, device='cuda:0', grad_fn=<BinaryCrossEntropyBackward0>)
Meta_loss tensor(0.8514, device='cuda:0', grad_fn=<BinaryCrossEntropyBackward0>)
Meta_loss tensor(0.8517, device='cuda:0', grad_fn=<BinaryCrossEntropyBackward0>)
Meta_loss tensor(0.8520, device='cuda:0', grad_fn=<BinaryCrossEntropyBackward0>)
Meta_loss tensor(0.8521, device='cuda:0', grad_fn=<BinaryCrossEntropyBackward0>)
Meta_loss tensor(0.8518, device='cuda:0', grad_fn=<BinaryCrossEntropyBackward0>)
Meta_loss tensor(0.8512, device='cuda:0', grad_fn=<BinaryCrossEntropyBackward0>)
Meta_loss tensor(0.8507, device='cuda:0', grad_fn=<BinaryCrossEntropyBackward0>)
Meta_loss tensor(0.8504, device='cuda:0', grad_fn=<BinaryCrossEntropyBackward0>)
Meta_loss tensor(0.8501, device='cuda:0', grad_fn=<BinaryCrossEntropyBackward0>)
Meta_loss tensor(0.8497, device='cuda:0', grad_fn=<BinaryCrossEntropyBackward0>)
Meta_loss tensor(0.8495, device='cuda:0', grad_fn=<BinaryCrossEntropyBackward0>)
Meta_loss tensor(0.8494, device='cuda:0', grad_fn=<BinaryCrossEntropyBackward0>)
Meta_loss tensor(0.8493, device='cuda:0', grad_fn=<BinaryCrossEntropyBackward0>)
Meta_loss tensor(0.8493, device='cuda:0', grad_fn=<BinaryCrossEntropyBackward0>)
Meta_loss tensor(0.8489, device='cuda:0', grad_fn=<BinaryCrossEntropyBackward0>)
Meta_loss tensor(0.8486, device='cuda:0', grad_fn=<BinaryCrossEntropyBackward0>)
Meta_loss tensor(0.8482, device='cuda:0', grad_fn=<BinaryCrossEntropyBackward0>)
Meta_loss tensor(0.8480, device='cuda:0', grad_fn=<BinaryCrossEntropyBackward0>)
Meta_loss tensor(0.8478, device='cuda:0', grad_fn=<BinaryCrossEntropyBackward0>)
Meta_loss tensor(0.8476, device='cuda:0', grad_fn=<BinaryCrossEntropyBackward0>)
Meta_loss tensor(0.8475, device='cuda:0', grad_fn=<BinaryCrossEntropyBackward0>)
Meta_loss tensor(0.8477, device='cuda:0', grad_fn=<BinaryCrossEntropyBackward0>)
Meta_loss tensor(0.8477, device='cuda:0', grad_fn=<BinaryCrossEntropyBackward0>)
Meta_loss tensor(0.8475, device='cuda:0', grad_fn=<BinaryCrossEntropyBackward0>)
Meta_loss tensor(0.8477, device='cuda:0', grad_fn=<BinaryCrossEntropyBackward0>)
Meta_loss tensor(0.8479, device='cuda:0', grad_fn=<BinaryCrossEntropyBackward0>)
Meta_loss tensor(0.8478, device='cuda:0', grad_fn=<BinaryCrossEntropyBackward0>)
Meta_loss tensor(0.8477, device='cuda:0', grad_fn=<BinaryCrossEntropyBackward0>)
Meta_loss tensor(0.8474, device='cuda:0', grad_fn=<BinaryCrossEntropyBackward0>)
Meta_loss tensor(0.8468, device='cuda:0', grad_fn=<BinaryCrossEntropyBackward0>)
Meta_loss tensor(0.8463, device='cuda:0', grad_fn=<BinaryCrossEntropyBackward0>)
Meta_loss tensor(0.8458, device='cuda:0', grad_fn=<BinaryCrossEntropyBackward0>)
Meta_loss tensor(0.8453, device='cuda:0', grad_fn=<BinaryCrossEntropyBackward0>)
Meta_loss tensor(0.8446, device='cuda:0', grad_fn=<BinaryCrossEntropyBackward0>)
Meta_loss tensor(0.8442, device='cuda:0', grad_fn=<BinaryCrossEntropyBackward0>)
Meta_loss tensor(0.8435, device='cuda:0', grad_fn=<BinaryCrossEntropyBackward0>)
Meta_loss tensor(0.8427, device='cuda:0', grad_fn=<BinaryCrossEntropyBackward0>)
Meta_loss tensor(0.8414, device='cuda:0', grad_fn=<BinaryCrossEntropyBackward0>)
Meta_loss tensor(0.8402, device='cuda:0', grad_fn=<BinaryCrossEntropyBackward0>)
Meta_loss tensor(0.8395, device='cuda:0', grad_fn=<BinaryCrossEntropyBackward0>)
Meta_loss tensor(0.8391, device='cuda:0', grad_fn=<BinaryCrossEntropyBackward0>)
Meta_loss tensor(0.8386, device='cuda:0', grad_fn=<BinaryCrossEntropyBackward0>)
Meta_loss tensor(0.8384, device='cuda:0', grad_fn=<BinaryCrossEntropyBackward0>)
Meta_loss tensor(0.8381, device='cuda:0', grad_fn=<BinaryCrossEntropyBackward0>)
Meta_loss tensor(0.8378, device='cuda:0', grad_fn=<BinaryCrossEntropyBackward0>)
Meta_loss tensor(0.8377, device='cuda:0', grad_fn=<BinaryCrossEntropyBackward0>)
Meta_loss tensor(0.8375, device='cuda:0', grad_fn=<BinaryCrossEntropyBackward0>)
Meta_loss tensor(0.8376, device='cuda:0', grad_fn=<BinaryCrossEntropyBackward0>)
Meta_loss tensor(0.8376, device='cuda:0', grad_fn=<BinaryCrossEntropyBackward0>)
Meta_loss tensor(0.8377, device='cuda:0', grad_fn=<BinaryCrossEntropyBackward0>)
Meta_loss tensor(0.8376, device='cuda:0', grad_fn=<BinaryCrossEntropyBackward0>)
Meta_loss tensor(0.8374, device='cuda:0', grad_fn=<BinaryCrossEntropyBackward0>)
Meta_loss tensor(0.8370, device='cuda:0', grad_fn=<BinaryCrossEntropyBackward0>)
Meta_loss tensor(0.8367, device='cuda:0', grad_fn=<BinaryCrossEntropyBackward0>)
Meta_loss tensor(0.8366, device='cuda:0', grad_fn=<BinaryCrossEntropyBackward0>)
Meta_loss tensor(0.8366, device='cuda:0', grad_fn=<BinaryCrossEntropyBackward0>)
Meta_loss tensor(0.8368, device='cuda:0', grad_fn=<BinaryCrossEntropyBackward0>)
Meta_loss tensor(0.8372, device='cuda:0', grad_fn=<BinaryCrossEntropyBackward0>)
Meta_loss tensor(0.8374, device='cuda:0', grad_fn=<BinaryCrossEntropyBackward0>)
Meta_loss tensor(0.8378, device='cuda:0', grad_fn=<BinaryCrossEntropyBackward0>)
Meta_loss tensor(0.8378, device='cuda:0', grad_fn=<BinaryCrossEntropyBackward0>)
Meta_loss tensor(0.8379, device='cuda:0', grad_fn=<BinaryCrossEntropyBackward0>)
Meta_loss tensor(0.8381, device='cuda:0', grad_fn=<BinaryCrossEntropyBackward0>)
Meta_loss tensor(0.8383, device='cuda:0', grad_fn=<BinaryCrossEntropyBackward0>)
Meta_loss tensor(0.8384, device='cuda:0', grad_fn=<BinaryCrossEntropyBackward0>)
Meta_loss tensor(0.8386, device='cuda:0', grad_fn=<BinaryCrossEntropyBackward0>)
Meta_loss tensor(0.8391, device='cuda:0', grad_fn=<BinaryCrossEntropyBackward0>)
---------- best_epoch : 187 ;   
[WARNING 59:37] Computing RM on meta and QUERY set
[INFO 59:40] RM: 0.06608686812119478
[INFO 59:40] Fold 2; results: ({'mi_acc': 0.6363160610198975, 'rmse': 0.5171583890914917, 'mae': 0.39028415083885193, 'mi_prec': 0.7628524303436279, 'mi_rec': 0.6922498345375061, 'mi_f_b': 0.725838303565979, 'mi_auc': nan, 'ma_prec': 0.5913553237915039, 'ma_rec': 0.6004204750061035, 'ma_f_b': 0.5929113626480103}, {'meta_doa': np.float64(0.5058937946094513), 'pc-er': -0.04437255859375, 'rm': 0.06608686812119478})
