PID 2881667 sees CUDA_VISIBLE_DEVICES = 0
→ torch.device is 0 Tesla V100-SXM2-16GB
[INFO 28:12] Using device: cuda
[INFO 28:12] #### config : {'seed': 0, 'dataset_name': 'math2', 'load_params': True, 'save_params': False, 'embs_path': '../embs/', 'params_path': '../ckpt/', 'early_stopping': True, 'esc': 'error', 'verbose_early_stopping': False, 'disable_tqdm': False, 'valid_metric': 'rmse', 'learning_rate': 0.001, 'batch_size': 512, 'valid_batch_size': 10000, 'num_epochs': 100, 'eval_freq': 1, 'patience': 20, 'device': device(type='cuda'), 'lambda': 2.6180638633142202e-05, 'tensorboard': False, 'flush_freq': True, 'pred_metrics': ['mi_acc', 'rmse', 'mae', 'mi_prec', 'mi_rec', 'mi_f_b', 'mi_auc', 'ma_prec', 'ma_rec', 'ma_f_b'], 'profile_metrics': ['meta_doa', 'pc-er', 'rm'], 'num_responses': 12, 'low_mem': False, 'n_query': 16, 'CDM': 'impact', 'i_fold': 0, 'num_inner_users_epochs': 10, 'num_inner_epochs': 10, 'inner_lr': 0.0001, 'inner_user_lr': 0.05, 'meta_lr': 0.05, 'meta_trainer': 'Adam', 'num_workers': 0, 'pin_memory': False, 'debug': False} ####
[INFO 28:25] Random_cont_model
[INFO 28:25] compiling CDM model
[INFO 28:37] compiling selection model
[INFO 28:37] ⏳ Début de l'entraînement...
[INFO 28:37] ✅ Entraînement terminé en 0.00 secondes.
[INFO 28:37] train on cuda
[WARNING 30:17] Computing RM on meta and QUERY set
[INFO 30:20] RM: 0.2722710253616264
[WARNING 30:21] Computing RM on meta and QUERY set
[INFO 30:21] RM: 0.4533766053996699
[WARNING 30:23] Computing RM on meta and QUERY set
[INFO 30:23] RM: 0.5321909419720857
[WARNING 30:25] Computing RM on meta and QUERY set
[INFO 30:25] RM: 0.5849899446092619
[WARNING 30:26] Computing RM on meta and QUERY set
[INFO 30:26] RM: 0.6113036199793345
[WARNING 30:28] Computing RM on meta and QUERY set
[INFO 30:28] RM: 0.6485845908240874
[WARNING 30:29] Computing RM on meta and QUERY set
[INFO 30:29] RM: 0.6820367845336645
[WARNING 30:31] Computing RM on meta and QUERY set
[INFO 30:31] RM: 0.7111140252634702
[WARNING 30:33] Computing RM on meta and QUERY set
[INFO 30:33] RM: 0.7392742560365221
[WARNING 30:34] Computing RM on meta and QUERY set
[INFO 30:34] RM: 0.7582080936703618
[WARNING 30:36] Computing RM on meta and QUERY set
[INFO 30:36] RM: 0.7905439013118609
[WARNING 30:37] Computing RM on meta and QUERY set
[INFO 30:37] RM: 0.8136691051396044
[WARNING 30:39] Computing RM on meta and QUERY set
[INFO 30:39] RM: 0.8337735432501576
[WARNING 30:41] Computing RM on meta and QUERY set
[INFO 30:41] RM: 0.845332131817621
[WARNING 30:42] Computing RM on meta and QUERY set
[INFO 30:42] RM: 0.8750422654017039
[WARNING 30:44] Computing RM on meta and QUERY set
[INFO 30:44] RM: 0.8995780874001734
[INFO 30:44] Fold 0; pareto_index: 7.0102118523392765; results: ({0: {'mi_acc': 0.606178343296051, 'rmse': 0.6275520920753479, 'mae': 0.3938215970993042, 'mi_prec': 0.5728439688682556, 'mi_rec': 0.5531637072563171, 'mi_f_b': 0.5628318786621094, 'mi_auc': 0.6020969502440063, 'ma_prec': 0.6027430295944214, 'ma_rec': 0.6020969152450562, 'ma_f_b': 0.6022681593894958}, 1: {'mi_acc': 0.5987045168876648, 'rmse': 0.6334788203239441, 'mae': 0.4012954533100128, 'mi_prec': 0.5721684098243713, 'mi_rec': 0.5443444848060608, 'mi_f_b': 0.5579097270965576, 'mi_auc': 0.5951645972267925, 'ma_prec': 0.5959697961807251, 'ma_rec': 0.5951645970344543, 'ma_f_b': 0.5952581167221069}, 2: {'mi_acc': 0.6101644039154053, 'rmse': 0.6243681311607361, 'mae': 0.38983556628227234, 'mi_prec': 0.5958117246627808, 'mi_rec': 0.5555322170257568, 'mi_f_b': 0.5749673843383789, 'mi_auc': 0.6075271153112781, 'ma_prec': 0.6086852550506592, 'ma_rec': 0.6075271368026733, 'ma_f_b': 0.6074726581573486}, 3: {'mi_acc': 0.6195316314697266, 'rmse': 0.6168211698532104, 'mae': 0.38046833872795105, 'mi_prec': 0.5870299339294434, 'mi_rec': 0.5678501129150391, 'mi_f_b': 0.5772807598114014, 'mi_auc': 0.6154827489684879, 'ma_prec': 0.6161820888519287, 'ma_rec': 0.615482747554779, 'ma_f_b': 0.6156923770904541}, 4: {'mi_acc': 0.6318883895874023, 'rmse': 0.6067219972610474, 'mae': 0.36811161041259766, 'mi_prec': 0.6057194471359253, 'mi_rec': 0.5806173086166382, 'mi_f_b': 0.5929027795791626, 'mi_auc': 0.6282390514485167, 'ma_prec': 0.629191517829895, 'ma_rec': 0.6282390356063843, 'ma_f_b': 0.6284812092781067}, 5: {'mi_acc': 0.6468360424041748, 'rmse': 0.594275951385498, 'mae': 0.3531639277935028, 'mi_prec': 0.6126998662948608, 'mi_rec': 0.5986798405647278, 'mi_f_b': 0.6056087017059326, 'mi_auc': 0.6426914822629803, 'ma_prec': 0.6433181166648865, 'ma_rec': 0.6426914930343628, 'ma_f_b': 0.642934262752533}, 6: {'mi_acc': 0.6494269967079163, 'rmse': 0.5920920372009277, 'mae': 0.35057297348976135, 'mi_prec': 0.6185543537139893, 'mi_rec': 0.6009625792503357, 'mi_f_b': 0.6096315979957581, 'mi_auc': 0.6454666538329844, 'ma_prec': 0.6462453603744507, 'ma_rec': 0.645466685295105, 'ma_f_b': 0.6457454562187195}, 7: {'mi_acc': 0.6588938236236572, 'rmse': 0.5840429067611694, 'mae': 0.341106116771698, 'mi_prec': 0.6205809712409973, 'mi_rec': 0.6132621169090271, 'mi_f_b': 0.6168997883796692, 'mi_auc': 0.654582696919601, 'ma_prec': 0.6549454927444458, 'ma_rec': 0.654582679271698, 'ma_f_b': 0.65474534034729}, 8: {'mi_acc': 0.6671649217605591, 'rmse': 0.5769186019897461, 'mae': 0.3328350782394409, 'mi_prec': 0.623733401298523, 'mi_rec': 0.6240144371986389, 'mi_f_b': 0.6238738894462585, 'mi_auc': 0.6627041352068005, 'ma_prec': 0.6626889705657959, 'ma_rec': 0.6627041101455688, 'ma_f_b': 0.6626965403556824}, 9: {'mi_acc': 0.6636770963668823, 'rmse': 0.5799334645271301, 'mae': 0.3363228440284729, 'mi_prec': 0.6347669363021851, 'mi_rec': 0.6165791749954224, 'mi_f_b': 0.6255408525466919, 'mi_auc': 0.6598363579758462, 'ma_prec': 0.6606976985931396, 'ma_rec': 0.6598363518714905, 'ma_f_b': 0.6601521968841553}, 10: {'mi_acc': 0.6690582633018494, 'rmse': 0.5752753019332886, 'mae': 0.33094170689582825, 'mi_prec': 0.6412969827651978, 'mi_rec': 0.6223776340484619, 'mi_f_b': 0.6316956281661987, 'mi_auc': 0.6652829676277194, 'ma_prec': 0.6661972999572754, 'ma_rec': 0.6652829647064209, 'ma_f_b': 0.6656171083450317}, 11: {'mi_acc': 0.6720477938652039, 'rmse': 0.5726710557937622, 'mae': 0.32795214653015137, 'mi_prec': 0.6331907510757446, 'mi_rec': 0.6285203695297241, 'mi_f_b': 0.6308469176292419, 'mi_auc': 0.6677937070039711, 'ma_prec': 0.6680433750152588, 'ma_rec': 0.6677937507629395, 'ma_f_b': 0.667911171913147}, 12: {'mi_acc': 0.6744394302368164, 'rmse': 0.5705791115760803, 'mae': 0.3255605399608612, 'mi_prec': 0.6406214833259583, 'mi_rec': 0.6299822926521301, 'mi_f_b': 0.635257363319397, 'mi_auc': 0.670399731116486, 'ma_prec': 0.6709542870521545, 'ma_rec': 0.6703997254371643, 'ma_f_b': 0.6706386804580688}, 13: {'mi_acc': 0.6789237260818481, 'rmse': 0.5666358470916748, 'mae': 0.3210762143135071, 'mi_prec': 0.6358928084373474, 'mi_rec': 0.6376157402992249, 'mi_f_b': 0.6367530822753906, 'mi_auc': 0.6745873792449096, 'ma_prec': 0.6744891405105591, 'ma_rec': 0.6745873689651489, 'ma_f_b': 0.6745373010635376}, 14: {'mi_acc': 0.6830094456672668, 'rmse': 0.5630190968513489, 'mae': 0.31699052453041077, 'mi_prec': 0.6399459838867188, 'mi_rec': 0.642405092716217, 'mi_f_b': 0.6411731839179993, 'mi_auc': 0.6787145615867565, 'ma_prec': 0.6785714626312256, 'ma_rec': 0.6787145733833313, 'ma_f_b': 0.6786410212516785}, 15: {'mi_acc': 0.6871947646141052, 'rmse': 0.5592898726463318, 'mae': 0.31280517578125, 'mi_prec': 0.6467012166976929, 'mi_rec': 0.6465556025505066, 'mi_f_b': 0.6466284394264221, 'mi_auc': 0.6830131863066434, 'ma_prec': 0.6830216646194458, 'ma_rec': 0.6830132007598877, 'ma_f_b': 0.6830174326896667}}, {0: {'meta_doa': np.float64(0.5386962363659125), 'pc-er': 0.057098388671875, 'rm': 0.2722710253616264}, 1: {'meta_doa': np.float64(0.5636463425003986), 'pc-er': -0.01473236083984375, 'rm': 0.4533766053996699}, 2: {'meta_doa': np.float64(0.58674553745305), 'pc-er': 0.0257720947265625, 'rm': 0.5321909419720857}, 3: {'meta_doa': np.float64(0.6074339186098943), 'pc-er': 0.061676025390625, 'rm': 0.5849899446092619}, 4: {'meta_doa': np.float64(0.6264936130052897), 'pc-er': 0.056488037109375, 'rm': 0.6113036199793345}, 5: {'meta_doa': np.float64(0.6443475157393286), 'pc-er': 0.0677490234375, 'rm': 0.6485845908240874}, 6: {'meta_doa': np.float64(0.6599459546854934), 'pc-er': 0.08123779296875, 'rm': 0.6820367845336645}, 7: {'meta_doa': np.float64(0.6738882200923932), 'pc-er': 0.056793212890625, 'rm': 0.7111140252634702}, 8: {'meta_doa': np.float64(0.6882332974893457), 'pc-er': 0.0567626953125, 'rm': 0.7392742560365221}, 9: {'meta_doa': np.float64(0.7014792074794107), 'pc-er': 0.058563232421875, 'rm': 0.7582080936703618}, 10: {'meta_doa': np.float64(0.7151364359866539), 'pc-er': 0.0565185546875, 'rm': 0.7905439013118609}, 11: {'meta_doa': np.float64(0.7250662149796574), 'pc-er': 0.07830810546875, 'rm': 0.8136691051396044}, 12: {'meta_doa': np.float64(0.7341390234468119), 'pc-er': 0.0755615234375, 'rm': 0.8337735432501576}, 13: {'meta_doa': np.float64(0.7422592670484701), 'pc-er': 0.087646484375, 'rm': 0.845332131817621}, 14: {'meta_doa': np.float64(0.7520514882230183), 'pc-er': 0.08001708984375, 'rm': 0.8750422654017039}, 15: {'meta_doa': np.float64(0.7616586649069342), 'pc-er': 0.12493896484375, 'rm': 0.8995780874001734}})
