PID 2203111 sees CUDA_VISIBLE_DEVICES = 0
→ torch.device is 0 Tesla V100-SXM2-16GB
[INFO 50:26] Using device: cuda
[INFO 50:26] #### config : {'seed': 0, 'dataset_name': 'algebra', 'load_params': True, 'save_params': False, 'embs_path': '../embs/', 'params_path': '../ckpt/', 'early_stopping': True, 'esc': 'error', 'verbose_early_stopping': False, 'disable_tqdm': False, 'valid_metric': 'rmse', 'learning_rate': 0.001, 'batch_size': 512, 'valid_batch_size': 10000, 'num_epochs': 100, 'eval_freq': 1, 'patience': 20, 'device': device(type='cuda'), 'lambda': 2.67605964593852e-06, 'tensorboard': False, 'flush_freq': True, 'pred_metrics': ['mi_acc', 'rmse', 'mae', 'mi_prec', 'mi_rec', 'mi_f_b', 'mi_auc', 'ma_prec', 'ma_rec', 'ma_f_b'], 'profile_metrics': ['meta_doa', 'pc-er', 'rm'], 'num_responses': 12, 'low_mem': False, 'n_query': 25, 'CDM': 'impact', 'i_fold': 0, 'num_inner_users_epochs': 9, 'num_inner_epochs': 10, 'inner_lr': 0.0001, 'inner_user_lr': 0.009, 'meta_lr': 0.05, 'meta_trainer': 'Adam', 'num_workers': 0, 'pin_memory': False, 'debug': False} ####
[INFO 50:55] Random_cont_model
[INFO 50:55] compiling CDM model
[INFO 51:04] compiling selection model
[INFO 51:04] ⏳ Début de l'entraînement...
[INFO 51:04] ✅ Entraînement terminé en 0.00 secondes.
[INFO 51:04] train on cuda
Meta_loss tensor(0.7196, device='cuda:0', grad_fn=<DotBackward0>)
Meta_loss tensor(0.7183, device='cuda:0', grad_fn=<DotBackward0>)
Meta_loss tensor(0.7171, device='cuda:0', grad_fn=<DotBackward0>)
Meta_loss tensor(0.7161, device='cuda:0', grad_fn=<DotBackward0>)
Meta_loss tensor(0.7152, device='cuda:0', grad_fn=<DotBackward0>)
Meta_loss tensor(0.7144, device='cuda:0', grad_fn=<DotBackward0>)
Meta_loss tensor(0.7136, device='cuda:0', grad_fn=<DotBackward0>)
Meta_loss tensor(0.7129, device='cuda:0', grad_fn=<DotBackward0>)
Meta_loss tensor(0.7124, device='cuda:0', grad_fn=<DotBackward0>)
Meta_loss tensor(0.7119, device='cuda:0', grad_fn=<DotBackward0>)
Meta_loss tensor(0.7115, device='cuda:0', grad_fn=<DotBackward0>)
Meta_loss tensor(0.7112, device='cuda:0', grad_fn=<DotBackward0>)
Meta_loss tensor(0.7109, device='cuda:0', grad_fn=<DotBackward0>)
Meta_loss tensor(0.7106, device='cuda:0', grad_fn=<DotBackward0>)
Meta_loss tensor(0.7105, device='cuda:0', grad_fn=<DotBackward0>)
Meta_loss tensor(0.7103, device='cuda:0', grad_fn=<DotBackward0>)
Meta_loss tensor(0.7103, device='cuda:0', grad_fn=<DotBackward0>)
Meta_loss tensor(0.7103, device='cuda:0', grad_fn=<DotBackward0>)
Meta_loss tensor(0.7102, device='cuda:0', grad_fn=<DotBackward0>)
Meta_loss tensor(0.7103, device='cuda:0', grad_fn=<DotBackward0>)
Meta_loss tensor(0.7104, device='cuda:0', grad_fn=<DotBackward0>)
Meta_loss tensor(0.7104, device='cuda:0', grad_fn=<DotBackward0>)
Meta_loss tensor(0.7106, device='cuda:0', grad_fn=<DotBackward0>)
Meta_loss tensor(0.7107, device='cuda:0', grad_fn=<DotBackward0>)
Meta_loss tensor(0.7110, device='cuda:0', grad_fn=<DotBackward0>)
Meta_loss tensor(0.7112, device='cuda:0', grad_fn=<DotBackward0>)
Meta_loss tensor(0.7116, device='cuda:0', grad_fn=<DotBackward0>)
Meta_loss tensor(0.7119, device='cuda:0', grad_fn=<DotBackward0>)
Meta_loss tensor(0.7122, device='cuda:0', grad_fn=<DotBackward0>)
Meta_loss tensor(0.7126, device='cuda:0', grad_fn=<DotBackward0>)
---------- best_epoch : 18 ;   
[WARNING 51:19] Computing RM on meta and QUERY set
[INFO 51:22] RM: 0.20681711321734117
[INFO 51:22] Fold 0; results: ({'mi_acc': 0.760575532913208, 'rmse': 0.48931026458740234, 'mae': 0.23942452669143677, 'mi_prec': 0.9132320880889893, 'mi_rec': 0.7792173624038696, 'mi_f_b': 0.8409188389778137, 'mi_auc': 0.7296086726599683, 'ma_prec': 0.6646580100059509, 'ma_rec': 0.7296086549758911, 'ma_f_b': 0.6785938739776611}, {'meta_doa': np.float64(0.5266584211708705), 'pc-er': -0.0272216796875, 'rm': 0.20681711321734117})
