PID 4065426 sees CUDA_VISIBLE_DEVICES = 0
→ torch.device is 0 Tesla V100-SXM2-16GB
[INFO 35:49] Using device: cuda
[INFO 35:49] #### config : {'seed': 0, 'dataset_name': 'math2', 'load_params': True, 'save_params': False, 'embs_path': '../embs/', 'params_path': '../ckpt/', 'early_stopping': True, 'esc': 'error', 'verbose_early_stopping': False, 'disable_tqdm': False, 'valid_metric': 'rmse', 'learning_rate': 0.001, 'batch_size': 512, 'valid_batch_size': 10000, 'num_epochs': 100, 'eval_freq': 1, 'patience': 20, 'device': device(type='cuda'), 'lambda': 2.67605964593852e-06, 'tensorboard': False, 'flush_freq': True, 'pred_metrics': ['mi_acc', 'rmse', 'mae', 'mi_prec', 'mi_rec', 'mi_f_b', 'mi_auc', 'ma_prec', 'ma_rec', 'ma_f_b'], 'profile_metrics': ['meta_doa', 'pc-er', 'rm'], 'num_responses': 12, 'low_mem': False, 'n_query': 16, 'CDM': 'ncdm', 'i_fold': 4, 'num_inner_users_epochs': 9, 'num_inner_epochs': 10, 'inner_lr': 0.0001, 'inner_user_lr': 0.001, 'meta_lr': 0.05, 'meta_trainer': 'Adam', 'num_workers': 0, 'pin_memory': False, 'debug': False} ####
[INFO 36:01] Random_cont_model
../ckpt/math2_NCDM_fold_4_seed_0
[INFO 36:01] compiling selection model
[INFO 36:06] ⏳ Début de l'entraînement...
[INFO 36:06] ✅ Entraînement terminé en 0.00 secondes.
[INFO 36:06] train on cuda
Meta_loss tensor(0.9039, device='cuda:0', grad_fn=<BinaryCrossEntropyBackward0>)
Meta_loss tensor(0.9023, device='cuda:0', grad_fn=<BinaryCrossEntropyBackward0>)
Meta_loss tensor(0.9010, device='cuda:0', grad_fn=<BinaryCrossEntropyBackward0>)
Meta_loss tensor(0.8997, device='cuda:0', grad_fn=<BinaryCrossEntropyBackward0>)
Meta_loss tensor(0.8984, device='cuda:0', grad_fn=<BinaryCrossEntropyBackward0>)
Meta_loss tensor(0.8967, device='cuda:0', grad_fn=<BinaryCrossEntropyBackward0>)
Meta_loss tensor(0.8952, device='cuda:0', grad_fn=<BinaryCrossEntropyBackward0>)
Meta_loss tensor(0.8937, device='cuda:0', grad_fn=<BinaryCrossEntropyBackward0>)
Meta_loss tensor(0.8925, device='cuda:0', grad_fn=<BinaryCrossEntropyBackward0>)
Meta_loss tensor(0.8910, device='cuda:0', grad_fn=<BinaryCrossEntropyBackward0>)
Meta_loss tensor(0.8897, device='cuda:0', grad_fn=<BinaryCrossEntropyBackward0>)
Meta_loss tensor(0.8884, device='cuda:0', grad_fn=<BinaryCrossEntropyBackward0>)
Meta_loss tensor(0.8870, device='cuda:0', grad_fn=<BinaryCrossEntropyBackward0>)
Meta_loss tensor(0.8856, device='cuda:0', grad_fn=<BinaryCrossEntropyBackward0>)
Meta_loss tensor(0.8845, device='cuda:0', grad_fn=<BinaryCrossEntropyBackward0>)
Meta_loss tensor(0.8834, device='cuda:0', grad_fn=<BinaryCrossEntropyBackward0>)
Meta_loss tensor(0.8825, device='cuda:0', grad_fn=<BinaryCrossEntropyBackward0>)
Meta_loss tensor(0.8814, device='cuda:0', grad_fn=<BinaryCrossEntropyBackward0>)
Meta_loss tensor(0.8802, device='cuda:0', grad_fn=<BinaryCrossEntropyBackward0>)
Meta_loss tensor(0.8790, device='cuda:0', grad_fn=<BinaryCrossEntropyBackward0>)
Meta_loss tensor(0.8779, device='cuda:0', grad_fn=<BinaryCrossEntropyBackward0>)
Meta_loss tensor(0.8769, device='cuda:0', grad_fn=<BinaryCrossEntropyBackward0>)
Meta_loss tensor(0.8760, device='cuda:0', grad_fn=<BinaryCrossEntropyBackward0>)
Meta_loss tensor(0.8750, device='cuda:0', grad_fn=<BinaryCrossEntropyBackward0>)
Meta_loss tensor(0.8740, device='cuda:0', grad_fn=<BinaryCrossEntropyBackward0>)
Meta_loss tensor(0.8728, device='cuda:0', grad_fn=<BinaryCrossEntropyBackward0>)
Meta_loss tensor(0.8717, device='cuda:0', grad_fn=<BinaryCrossEntropyBackward0>)
Meta_loss tensor(0.8708, device='cuda:0', grad_fn=<BinaryCrossEntropyBackward0>)
Meta_loss tensor(0.8698, device='cuda:0', grad_fn=<BinaryCrossEntropyBackward0>)
Meta_loss tensor(0.8687, device='cuda:0', grad_fn=<BinaryCrossEntropyBackward0>)
Meta_loss tensor(0.8676, device='cuda:0', grad_fn=<BinaryCrossEntropyBackward0>)
Meta_loss tensor(0.8667, device='cuda:0', grad_fn=<BinaryCrossEntropyBackward0>)
Meta_loss tensor(0.8659, device='cuda:0', grad_fn=<BinaryCrossEntropyBackward0>)
Meta_loss tensor(0.8650, device='cuda:0', grad_fn=<BinaryCrossEntropyBackward0>)
Meta_loss tensor(0.8641, device='cuda:0', grad_fn=<BinaryCrossEntropyBackward0>)
Meta_loss tensor(0.8635, device='cuda:0', grad_fn=<BinaryCrossEntropyBackward0>)
Meta_loss tensor(0.8627, device='cuda:0', grad_fn=<BinaryCrossEntropyBackward0>)
Meta_loss tensor(0.8619, device='cuda:0', grad_fn=<BinaryCrossEntropyBackward0>)
Meta_loss tensor(0.8610, device='cuda:0', grad_fn=<BinaryCrossEntropyBackward0>)
Meta_loss tensor(0.8602, device='cuda:0', grad_fn=<BinaryCrossEntropyBackward0>)
Meta_loss tensor(0.8594, device='cuda:0', grad_fn=<BinaryCrossEntropyBackward0>)
Meta_loss tensor(0.8586, device='cuda:0', grad_fn=<BinaryCrossEntropyBackward0>)
Meta_loss tensor(0.8578, device='cuda:0', grad_fn=<BinaryCrossEntropyBackward0>)
Meta_loss tensor(0.8571, device='cuda:0', grad_fn=<BinaryCrossEntropyBackward0>)
Meta_loss tensor(0.8565, device='cuda:0', grad_fn=<BinaryCrossEntropyBackward0>)
Meta_loss tensor(0.8559, device='cuda:0', grad_fn=<BinaryCrossEntropyBackward0>)
Meta_loss tensor(0.8550, device='cuda:0', grad_fn=<BinaryCrossEntropyBackward0>)
Meta_loss tensor(0.8543, device='cuda:0', grad_fn=<BinaryCrossEntropyBackward0>)
Meta_loss tensor(0.8538, device='cuda:0', grad_fn=<BinaryCrossEntropyBackward0>)
Meta_loss tensor(0.8533, device='cuda:0', grad_fn=<BinaryCrossEntropyBackward0>)
Meta_loss tensor(0.8527, device='cuda:0', grad_fn=<BinaryCrossEntropyBackward0>)
Meta_loss tensor(0.8522, device='cuda:0', grad_fn=<BinaryCrossEntropyBackward0>)
Meta_loss tensor(0.8516, device='cuda:0', grad_fn=<BinaryCrossEntropyBackward0>)
Meta_loss tensor(0.8511, device='cuda:0', grad_fn=<BinaryCrossEntropyBackward0>)
Meta_loss tensor(0.8504, device='cuda:0', grad_fn=<BinaryCrossEntropyBackward0>)
Meta_loss tensor(0.8497, device='cuda:0', grad_fn=<BinaryCrossEntropyBackward0>)
Meta_loss tensor(0.8492, device='cuda:0', grad_fn=<BinaryCrossEntropyBackward0>)
Meta_loss tensor(0.8486, device='cuda:0', grad_fn=<BinaryCrossEntropyBackward0>)
Meta_loss tensor(0.8481, device='cuda:0', grad_fn=<BinaryCrossEntropyBackward0>)
Meta_loss tensor(0.8476, device='cuda:0', grad_fn=<BinaryCrossEntropyBackward0>)
Meta_loss tensor(0.8472, device='cuda:0', grad_fn=<BinaryCrossEntropyBackward0>)
Meta_loss tensor(0.8466, device='cuda:0', grad_fn=<BinaryCrossEntropyBackward0>)
Meta_loss tensor(0.8461, device='cuda:0', grad_fn=<BinaryCrossEntropyBackward0>)
Meta_loss tensor(0.8456, device='cuda:0', grad_fn=<BinaryCrossEntropyBackward0>)
Meta_loss tensor(0.8454, device='cuda:0', grad_fn=<BinaryCrossEntropyBackward0>)
Meta_loss tensor(0.8451, device='cuda:0', grad_fn=<BinaryCrossEntropyBackward0>)
Meta_loss tensor(0.8446, device='cuda:0', grad_fn=<BinaryCrossEntropyBackward0>)
Meta_loss tensor(0.8441, device='cuda:0', grad_fn=<BinaryCrossEntropyBackward0>)
Meta_loss tensor(0.8440, device='cuda:0', grad_fn=<BinaryCrossEntropyBackward0>)
Meta_loss tensor(0.8436, device='cuda:0', grad_fn=<BinaryCrossEntropyBackward0>)
Meta_loss tensor(0.8432, device='cuda:0', grad_fn=<BinaryCrossEntropyBackward0>)
Meta_loss tensor(0.8426, device='cuda:0', grad_fn=<BinaryCrossEntropyBackward0>)
Meta_loss tensor(0.8422, device='cuda:0', grad_fn=<BinaryCrossEntropyBackward0>)
Meta_loss tensor(0.8419, device='cuda:0', grad_fn=<BinaryCrossEntropyBackward0>)
Meta_loss tensor(0.8416, device='cuda:0', grad_fn=<BinaryCrossEntropyBackward0>)
Meta_loss tensor(0.8411, device='cuda:0', grad_fn=<BinaryCrossEntropyBackward0>)
Meta_loss tensor(0.8409, device='cuda:0', grad_fn=<BinaryCrossEntropyBackward0>)
Meta_loss tensor(0.8406, device='cuda:0', grad_fn=<BinaryCrossEntropyBackward0>)
Meta_loss tensor(0.8401, device='cuda:0', grad_fn=<BinaryCrossEntropyBackward0>)
Meta_loss tensor(0.8397, device='cuda:0', grad_fn=<BinaryCrossEntropyBackward0>)
Meta_loss tensor(0.8393, device='cuda:0', grad_fn=<BinaryCrossEntropyBackward0>)
Meta_loss tensor(0.8388, device='cuda:0', grad_fn=<BinaryCrossEntropyBackward0>)
Meta_loss tensor(0.8385, device='cuda:0', grad_fn=<BinaryCrossEntropyBackward0>)
Meta_loss tensor(0.8384, device='cuda:0', grad_fn=<BinaryCrossEntropyBackward0>)
Meta_loss tensor(0.8380, device='cuda:0', grad_fn=<BinaryCrossEntropyBackward0>)
Meta_loss tensor(0.8375, device='cuda:0', grad_fn=<BinaryCrossEntropyBackward0>)
Meta_loss tensor(0.8372, device='cuda:0', grad_fn=<BinaryCrossEntropyBackward0>)
Meta_loss tensor(0.8369, device='cuda:0', grad_fn=<BinaryCrossEntropyBackward0>)
Meta_loss tensor(0.8367, device='cuda:0', grad_fn=<BinaryCrossEntropyBackward0>)
Meta_loss tensor(0.8365, device='cuda:0', grad_fn=<BinaryCrossEntropyBackward0>)
Meta_loss tensor(0.8363, device='cuda:0', grad_fn=<BinaryCrossEntropyBackward0>)
Meta_loss tensor(0.8361, device='cuda:0', grad_fn=<BinaryCrossEntropyBackward0>)
Meta_loss tensor(0.8358, device='cuda:0', grad_fn=<BinaryCrossEntropyBackward0>)
Meta_loss tensor(0.8355, device='cuda:0', grad_fn=<BinaryCrossEntropyBackward0>)
Meta_loss tensor(0.8352, device='cuda:0', grad_fn=<BinaryCrossEntropyBackward0>)
Meta_loss tensor(0.8350, device='cuda:0', grad_fn=<BinaryCrossEntropyBackward0>)
Meta_loss tensor(0.8348, device='cuda:0', grad_fn=<BinaryCrossEntropyBackward0>)
Meta_loss tensor(0.8344, device='cuda:0', grad_fn=<BinaryCrossEntropyBackward0>)
Meta_loss tensor(0.8344, device='cuda:0', grad_fn=<BinaryCrossEntropyBackward0>)
Meta_loss tensor(0.8342, device='cuda:0', grad_fn=<BinaryCrossEntropyBackward0>)
Meta_loss tensor(0.8342, device='cuda:0', grad_fn=<BinaryCrossEntropyBackward0>)
Meta_loss tensor(0.8342, device='cuda:0', grad_fn=<BinaryCrossEntropyBackward0>)
Meta_loss tensor(0.8340, device='cuda:0', grad_fn=<BinaryCrossEntropyBackward0>)
Meta_loss tensor(0.8336, device='cuda:0', grad_fn=<BinaryCrossEntropyBackward0>)
Meta_loss tensor(0.8334, device='cuda:0', grad_fn=<BinaryCrossEntropyBackward0>)
Meta_loss tensor(0.8329, device='cuda:0', grad_fn=<BinaryCrossEntropyBackward0>)
Meta_loss tensor(0.8327, device='cuda:0', grad_fn=<BinaryCrossEntropyBackward0>)
Meta_loss tensor(0.8324, device='cuda:0', grad_fn=<BinaryCrossEntropyBackward0>)
Meta_loss tensor(0.8322, device='cuda:0', grad_fn=<BinaryCrossEntropyBackward0>)
Meta_loss tensor(0.8322, device='cuda:0', grad_fn=<BinaryCrossEntropyBackward0>)
Meta_loss tensor(0.8321, device='cuda:0', grad_fn=<BinaryCrossEntropyBackward0>)
Meta_loss tensor(0.8319, device='cuda:0', grad_fn=<BinaryCrossEntropyBackward0>)
Meta_loss tensor(0.8317, device='cuda:0', grad_fn=<BinaryCrossEntropyBackward0>)
Meta_loss tensor(0.8314, device='cuda:0', grad_fn=<BinaryCrossEntropyBackward0>)
Meta_loss tensor(0.8313, device='cuda:0', grad_fn=<BinaryCrossEntropyBackward0>)
Meta_loss tensor(0.8313, device='cuda:0', grad_fn=<BinaryCrossEntropyBackward0>)
Meta_loss tensor(0.8311, device='cuda:0', grad_fn=<BinaryCrossEntropyBackward0>)
Meta_loss tensor(0.8310, device='cuda:0', grad_fn=<BinaryCrossEntropyBackward0>)
Meta_loss tensor(0.8308, device='cuda:0', grad_fn=<BinaryCrossEntropyBackward0>)
Meta_loss tensor(0.8306, device='cuda:0', grad_fn=<BinaryCrossEntropyBackward0>)
Meta_loss tensor(0.8304, device='cuda:0', grad_fn=<BinaryCrossEntropyBackward0>)
Meta_loss tensor(0.8301, device='cuda:0', grad_fn=<BinaryCrossEntropyBackward0>)
Meta_loss tensor(0.8302, device='cuda:0', grad_fn=<BinaryCrossEntropyBackward0>)
Meta_loss tensor(0.8299, device='cuda:0', grad_fn=<BinaryCrossEntropyBackward0>)
Meta_loss tensor(0.8296, device='cuda:0', grad_fn=<BinaryCrossEntropyBackward0>)
Meta_loss tensor(0.8293, device='cuda:0', grad_fn=<BinaryCrossEntropyBackward0>)
Meta_loss tensor(0.8290, device='cuda:0', grad_fn=<BinaryCrossEntropyBackward0>)
Meta_loss tensor(0.8287, device='cuda:0', grad_fn=<BinaryCrossEntropyBackward0>)
Meta_loss tensor(0.8284, device='cuda:0', grad_fn=<BinaryCrossEntropyBackward0>)
Meta_loss tensor(0.8283, device='cuda:0', grad_fn=<BinaryCrossEntropyBackward0>)
Meta_loss tensor(0.8279, device='cuda:0', grad_fn=<BinaryCrossEntropyBackward0>)
Meta_loss tensor(0.8276, device='cuda:0', grad_fn=<BinaryCrossEntropyBackward0>)
Meta_loss tensor(0.8274, device='cuda:0', grad_fn=<BinaryCrossEntropyBackward0>)
Meta_loss tensor(0.8273, device='cuda:0', grad_fn=<BinaryCrossEntropyBackward0>)
Meta_loss tensor(0.8271, device='cuda:0', grad_fn=<BinaryCrossEntropyBackward0>)
Meta_loss tensor(0.8270, device='cuda:0', grad_fn=<BinaryCrossEntropyBackward0>)
Meta_loss tensor(0.8268, device='cuda:0', grad_fn=<BinaryCrossEntropyBackward0>)
Meta_loss tensor(0.8265, device='cuda:0', grad_fn=<BinaryCrossEntropyBackward0>)
Meta_loss tensor(0.8262, device='cuda:0', grad_fn=<BinaryCrossEntropyBackward0>)
Meta_loss tensor(0.8262, device='cuda:0', grad_fn=<BinaryCrossEntropyBackward0>)
Meta_loss tensor(0.8261, device='cuda:0', grad_fn=<BinaryCrossEntropyBackward0>)
Meta_loss tensor(0.8259, device='cuda:0', grad_fn=<BinaryCrossEntropyBackward0>)
Meta_loss tensor(0.8258, device='cuda:0', grad_fn=<BinaryCrossEntropyBackward0>)
Meta_loss tensor(0.8256, device='cuda:0', grad_fn=<BinaryCrossEntropyBackward0>)
Meta_loss tensor(0.8254, device='cuda:0', grad_fn=<BinaryCrossEntropyBackward0>)
Meta_loss tensor(0.8254, device='cuda:0', grad_fn=<BinaryCrossEntropyBackward0>)
Meta_loss tensor(0.8252, device='cuda:0', grad_fn=<BinaryCrossEntropyBackward0>)
Meta_loss tensor(0.8250, device='cuda:0', grad_fn=<BinaryCrossEntropyBackward0>)
Meta_loss tensor(0.8246, device='cuda:0', grad_fn=<BinaryCrossEntropyBackward0>)
Meta_loss tensor(0.8244, device='cuda:0', grad_fn=<BinaryCrossEntropyBackward0>)
Meta_loss tensor(0.8242, device='cuda:0', grad_fn=<BinaryCrossEntropyBackward0>)
Meta_loss tensor(0.8240, device='cuda:0', grad_fn=<BinaryCrossEntropyBackward0>)
Meta_loss tensor(0.8239, device='cuda:0', grad_fn=<BinaryCrossEntropyBackward0>)
Meta_loss tensor(0.8239, device='cuda:0', grad_fn=<BinaryCrossEntropyBackward0>)
Meta_loss tensor(0.8237, device='cuda:0', grad_fn=<BinaryCrossEntropyBackward0>)
Meta_loss tensor(0.8235, device='cuda:0', grad_fn=<BinaryCrossEntropyBackward0>)
Meta_loss tensor(0.8233, device='cuda:0', grad_fn=<BinaryCrossEntropyBackward0>)
Meta_loss tensor(0.8231, device='cuda:0', grad_fn=<BinaryCrossEntropyBackward0>)
Meta_loss tensor(0.8231, device='cuda:0', grad_fn=<BinaryCrossEntropyBackward0>)
Meta_loss tensor(0.8231, device='cuda:0', grad_fn=<BinaryCrossEntropyBackward0>)
Meta_loss tensor(0.8230, device='cuda:0', grad_fn=<BinaryCrossEntropyBackward0>)
Meta_loss tensor(0.8228, device='cuda:0', grad_fn=<BinaryCrossEntropyBackward0>)
Meta_loss tensor(0.8226, device='cuda:0', grad_fn=<BinaryCrossEntropyBackward0>)
Meta_loss tensor(0.8224, device='cuda:0', grad_fn=<BinaryCrossEntropyBackward0>)
Meta_loss tensor(0.8223, device='cuda:0', grad_fn=<BinaryCrossEntropyBackward0>)
Meta_loss tensor(0.8220, device='cuda:0', grad_fn=<BinaryCrossEntropyBackward0>)
Meta_loss tensor(0.8219, device='cuda:0', grad_fn=<BinaryCrossEntropyBackward0>)
Meta_loss tensor(0.8217, device='cuda:0', grad_fn=<BinaryCrossEntropyBackward0>)
Meta_loss tensor(0.8214, device='cuda:0', grad_fn=<BinaryCrossEntropyBackward0>)
Meta_loss tensor(0.8212, device='cuda:0', grad_fn=<BinaryCrossEntropyBackward0>)
Meta_loss tensor(0.8211, device='cuda:0', grad_fn=<BinaryCrossEntropyBackward0>)
Meta_loss tensor(0.8210, device='cuda:0', grad_fn=<BinaryCrossEntropyBackward0>)
Meta_loss tensor(0.8208, device='cuda:0', grad_fn=<BinaryCrossEntropyBackward0>)
Meta_loss tensor(0.8206, device='cuda:0', grad_fn=<BinaryCrossEntropyBackward0>)
Meta_loss tensor(0.8203, device='cuda:0', grad_fn=<BinaryCrossEntropyBackward0>)
Meta_loss tensor(0.8203, device='cuda:0', grad_fn=<BinaryCrossEntropyBackward0>)
Meta_loss tensor(0.8202, device='cuda:0', grad_fn=<BinaryCrossEntropyBackward0>)
Meta_loss tensor(0.8201, device='cuda:0', grad_fn=<BinaryCrossEntropyBackward0>)
Meta_loss tensor(0.8200, device='cuda:0', grad_fn=<BinaryCrossEntropyBackward0>)
Meta_loss tensor(0.8202, device='cuda:0', grad_fn=<BinaryCrossEntropyBackward0>)
Meta_loss tensor(0.8201, device='cuda:0', grad_fn=<BinaryCrossEntropyBackward0>)
Meta_loss tensor(0.8202, device='cuda:0', grad_fn=<BinaryCrossEntropyBackward0>)
Meta_loss tensor(0.8202, device='cuda:0', grad_fn=<BinaryCrossEntropyBackward0>)
Meta_loss tensor(0.8201, device='cuda:0', grad_fn=<BinaryCrossEntropyBackward0>)
Meta_loss tensor(0.8203, device='cuda:0', grad_fn=<BinaryCrossEntropyBackward0>)
Meta_loss tensor(0.8201, device='cuda:0', grad_fn=<BinaryCrossEntropyBackward0>)
Meta_loss tensor(0.8200, device='cuda:0', grad_fn=<BinaryCrossEntropyBackward0>)
Meta_loss tensor(0.8202, device='cuda:0', grad_fn=<BinaryCrossEntropyBackward0>)
Meta_loss tensor(0.8202, device='cuda:0', grad_fn=<BinaryCrossEntropyBackward0>)
Meta_loss tensor(0.8202, device='cuda:0', grad_fn=<BinaryCrossEntropyBackward0>)
Meta_loss tensor(0.8201, device='cuda:0', grad_fn=<BinaryCrossEntropyBackward0>)
Meta_loss tensor(0.8201, device='cuda:0', grad_fn=<BinaryCrossEntropyBackward0>)
Meta_loss tensor(0.8201, device='cuda:0', grad_fn=<BinaryCrossEntropyBackward0>)
Meta_loss tensor(0.8201, device='cuda:0', grad_fn=<BinaryCrossEntropyBackward0>)
Meta_loss tensor(0.8201, device='cuda:0', grad_fn=<BinaryCrossEntropyBackward0>)
Meta_loss tensor(0.8201, device='cuda:0', grad_fn=<BinaryCrossEntropyBackward0>)
Meta_loss tensor(0.8201, device='cuda:0', grad_fn=<BinaryCrossEntropyBackward0>)
Meta_loss tensor(0.8200, device='cuda:0', grad_fn=<BinaryCrossEntropyBackward0>)
---------- best_epoch : 186 ;   
[WARNING 39:47] Computing RM on meta and QUERY set
[INFO 39:50] RM: 0.08343051589456427
[INFO 39:50] Fold 4; results: ({'mi_acc': 0.6218236088752747, 'rmse': 0.5302556753158569, 'mae': 0.4104010760784149, 'mi_prec': 0.48714447021484375, 'mi_rec': 0.5814774632453918, 'mi_f_b': 0.5301473736763, 'mi_auc': nan, 'ma_prec': 0.6069587469100952, 'ma_rec': 0.6133422255516052, 'ma_f_b': 0.6068564057350159}, {'meta_doa': np.float64(0.5117336600255151), 'pc-er': 0.004055023193359375, 'rm': 0.08343051589456427})
