PID 1822618 sees CUDA_VISIBLE_DEVICES = 0
→ torch.device is 0 Tesla V100-SXM2-16GB
[INFO 28:04] Using device: cuda
[INFO 28:04] #### config : {'seed': 0, 'dataset_name': 'math2', 'load_params': True, 'save_params': False, 'embs_path': '../embs/', 'params_path': '../ckpt/', 'early_stopping': True, 'esc': 'error', 'verbose_early_stopping': False, 'disable_tqdm': False, 'valid_metric': 'rmse', 'learning_rate': 0.001, 'batch_size': 512, 'valid_batch_size': 10000, 'num_epochs': 100, 'eval_freq': 1, 'patience': 20, 'device': device(type='cuda'), 'lambda': 2.6180638633142202e-05, 'tensorboard': False, 'flush_freq': True, 'pred_metrics': ['mi_acc', 'rmse', 'mae', 'mi_prec', 'mi_rec', 'mi_f_b', 'mi_auc', 'ma_prec', 'ma_rec', 'ma_f_b'], 'profile_metrics': ['meta_doa', 'pc-er', 'rm'], 'num_responses': 12, 'low_mem': False, 'n_query': 16, 'CDM': 'impact', 'i_fold': 2, 'num_inner_users_epochs': 10, 'num_inner_epochs': 10, 'inner_lr': 0.0001, 'inner_user_lr': 0.05, 'meta_lr': 0.05, 'meta_trainer': 'Adam', 'num_workers': 0, 'pin_memory': False, 'debug': False} ####
[INFO 28:17] Random_cont_model
[INFO 28:17] compiling CDM model
[INFO 28:26] compiling selection model
[INFO 28:26] ⏳ Début de l'entraînement...
[INFO 28:26] ✅ Entraînement terminé en 0.00 secondes.
[INFO 28:26] train on cuda
[WARNING 30:07] Computing RM on meta and QUERY set
[INFO 30:10] RM: 0.26298407265858825
[WARNING 30:11] Computing RM on meta and QUERY set
[INFO 30:11] RM: 0.43601655086395724
[WARNING 30:13] Computing RM on meta and QUERY set
[INFO 30:13] RM: 0.5262934741218961
[WARNING 30:14] Computing RM on meta and QUERY set
[INFO 30:14] RM: 0.5860658938851644
[WARNING 30:16] Computing RM on meta and QUERY set
[INFO 30:16] RM: 0.6127360823621469
[WARNING 30:18] Computing RM on meta and QUERY set
[INFO 30:18] RM: 0.6558893365119349
[WARNING 30:19] Computing RM on meta and QUERY set
[INFO 30:19] RM: 0.6891287428961532
[WARNING 30:21] Computing RM on meta and QUERY set
[INFO 30:21] RM: 0.717965590660227
[WARNING 30:22] Computing RM on meta and QUERY set
[INFO 30:22] RM: 0.7416238129139313
[WARNING 30:24] Computing RM on meta and QUERY set
[INFO 30:24] RM: 0.7563760984563033
[WARNING 30:26] Computing RM on meta and QUERY set
[INFO 30:26] RM: 0.7890606373416742
[WARNING 30:27] Computing RM on meta and QUERY set
[INFO 30:27] RM: 0.8204061736124544
[WARNING 30:29] Computing RM on meta and QUERY set
[INFO 30:29] RM: 0.8396771970152346
[WARNING 30:31] Computing RM on meta and QUERY set
[INFO 30:31] RM: 0.845479475495342
[WARNING 30:32] Computing RM on meta and QUERY set
[INFO 30:32] RM: 0.8788558584814844
[WARNING 30:34] Computing RM on meta and QUERY set
[INFO 30:34] RM: 0.8999765449546022
[INFO 30:34] Fold 2; pareto_index: 6.980638975479583; results: ({0: {'mi_acc': 0.6071748733520508, 'rmse': 0.6267576217651367, 'mae': 0.39282509684562683, 'mi_prec': 0.5445957779884338, 'mi_rec': 0.5701472163200378, 'mi_f_b': 0.5570786595344543, 'mi_auc': 0.6028158161523021, 'ma_prec': 0.6018619537353516, 'ma_rec': 0.6028158664703369, 'ma_f_b': 0.6020845174789429}, 1: {'mi_acc': 0.5980069637298584, 'rmse': 0.6340292096138, 'mae': 0.4019930064678192, 'mi_prec': 0.557117760181427, 'mi_rec': 0.556873083114624, 'mi_f_b': 0.5569953918457031, 'mi_auc': 0.5945284933290931, 'ma_prec': 0.5945355296134949, 'ma_rec': 0.5945284962654114, 'ma_f_b': 0.5945320129394531}, 2: {'mi_acc': 0.6114598512649536, 'rmse': 0.6233298182487488, 'mae': 0.3885400891304016, 'mi_prec': 0.5533831119537354, 'mi_rec': 0.5744583606719971, 'mi_f_b': 0.5637238621711731, 'mi_auc': 0.6073176859971141, 'ma_prec': 0.6065292358398438, 'ma_rec': 0.6073176860809326, 'ma_f_b': 0.6067519187927246}, 3: {'mi_acc': 0.6279023289680481, 'rmse': 0.6099980473518372, 'mae': 0.3720976412296295, 'mi_prec': 0.5836994647979736, 'mi_rec': 0.5909697413444519, 'mi_f_b': 0.5873120427131653, 'mi_auc': 0.6244251173657642, 'ma_prec': 0.6241495609283447, 'ma_rec': 0.6244251132011414, 'ma_f_b': 0.6242674589157104}, 4: {'mi_acc': 0.6240159273147583, 'rmse': 0.6131753921508789, 'mae': 0.3759840428829193, 'mi_prec': 0.5856766104698181, 'mi_rec': 0.5855479836463928, 'mi_f_b': 0.5856122970581055, 'mi_auc': 0.6207564833110346, 'ma_prec': 0.620760977268219, 'ma_rec': 0.6207565069198608, 'ma_f_b': 0.6207587718963623}, 5: {'mi_acc': 0.642551064491272, 'rmse': 0.5978702902793884, 'mae': 0.35744890570640564, 'mi_prec': 0.5973198413848877, 'mi_rec': 0.6078694462776184, 'mi_f_b': 0.6025484800338745, 'mi_auc': 0.6391558629012479, 'ma_prec': 0.6387109756469727, 'ma_rec': 0.6391558647155762, 'ma_f_b': 0.6388930082321167}, 6: {'mi_acc': 0.6467363834381104, 'rmse': 0.594359815120697, 'mae': 0.3532635569572449, 'mi_prec': 0.6017135381698608, 'mi_rec': 0.612614631652832, 'mi_f_b': 0.6071151494979858, 'mi_auc': 0.6433849557842288, 'ma_prec': 0.6429140567779541, 'ma_rec': 0.6433849334716797, 'ma_f_b': 0.6431068181991577}, 7: {'mi_acc': 0.6570004820823669, 'rmse': 0.5856615900993347, 'mae': 0.34299948811531067, 'mi_prec': 0.6052284836769104, 'mi_rec': 0.6261363625526428, 'mi_f_b': 0.6155049204826355, 'mi_auc': 0.6536183149148986, 'ma_prec': 0.6526051163673401, 'ma_rec': 0.653618335723877, 'ma_f_b': 0.6529583930969238}, 8: {'mi_acc': 0.6554060578346252, 'rmse': 0.5870212316513062, 'mae': 0.34459391236305237, 'mi_prec': 0.6058875322341919, 'mi_rec': 0.6236996650695801, 'mi_f_b': 0.6146645545959473, 'mi_auc': 0.6520422521762694, 'ma_prec': 0.6512020230293274, 'ma_rec': 0.6520422697067261, 'ma_f_b': 0.6515103578567505}, 9: {'mi_acc': 0.6540109515190125, 'rmse': 0.5882083177566528, 'mae': 0.34598901867866516, 'mi_prec': 0.6096221208572388, 'mi_rec': 0.6208053827285767, 'mi_f_b': 0.6151629090309143, 'mi_auc': 0.650744104150461, 'ma_prec': 0.6502423882484436, 'ma_rec': 0.6507440805435181, 'ma_f_b': 0.6504489183425903}, 10: {'mi_acc': 0.6620826721191406, 'rmse': 0.581306517124176, 'mae': 0.3379172682762146, 'mi_prec': 0.6153339147567749, 'mi_rec': 0.6307138204574585, 'mi_f_b': 0.6229289770126343, 'mi_auc': 0.6588499298432868, 'ma_prec': 0.6581138372421265, 'ma_rec': 0.6588499546051025, 'ma_f_b': 0.6583995819091797}, 11: {'mi_acc': 0.6651718616485596, 'rmse': 0.5786433219909668, 'mae': 0.33482807874679565, 'mi_prec': 0.6118189692497253, 'mi_rec': 0.6361352205276489, 'mi_f_b': 0.6237401962280273, 'mi_auc': 0.6618894244633423, 'ma_prec': 0.6606422662734985, 'ma_rec': 0.6618894338607788, 'ma_f_b': 0.6610622406005859}, 12: {'mi_acc': 0.671250581741333, 'rmse': 0.5733667016029358, 'mae': 0.3287493586540222, 'mi_prec': 0.621045708656311, 'mi_rec': 0.6423540115356445, 'mi_f_b': 0.63152015209198, 'mi_auc': 0.6680886133198016, 'ma_prec': 0.6669882535934448, 'ma_rec': 0.6680886149406433, 'ma_f_b': 0.6673837304115295}, 13: {'mi_acc': 0.6713502407073975, 'rmse': 0.5732797980308533, 'mae': 0.32864969968795776, 'mi_prec': 0.6151142120361328, 'mi_rec': 0.6442705988883972, 'mi_f_b': 0.6293548345565796, 'mi_auc': 0.6681539292732513, 'ma_prec': 0.6665759086608887, 'ma_rec': 0.6681539416313171, 'ma_f_b': 0.6670762300491333}, 14: {'mi_acc': 0.6760338544845581, 'rmse': 0.5691801905632019, 'mae': 0.3239661157131195, 'mi_prec': 0.628954291343689, 'mi_rec': 0.6470056772232056, 'mi_f_b': 0.6378523111343384, 'mi_auc': 0.6729680655004684, 'ma_prec': 0.67203688621521, 'ma_rec': 0.6729680895805359, 'ma_f_b': 0.6723923683166504}, 15: {'mi_acc': 0.6802192330360413, 'rmse': 0.5654916167259216, 'mae': 0.31978076696395874, 'mi_prec': 0.6388400793075562, 'mi_rec': 0.6501229405403137, 'mi_f_b': 0.6444321274757385, 'mi_auc': 0.677272914726764, 'ma_prec': 0.6767061948776245, 'ma_rec': 0.6772729158401489, 'ma_f_b': 0.676946759223938}}, {0: {'meta_doa': np.float64(0.540033281308141), 'pc-er': 0.08197021484375, 'rm': 0.26298407265858825}, 1: {'meta_doa': np.float64(0.5670670945389749), 'pc-er': 0.047821044921875, 'rm': 0.43601655086395724}, 2: {'meta_doa': np.float64(0.5898206218491935), 'pc-er': 0.06591796875, 'rm': 0.5262934741218961}, 3: {'meta_doa': np.float64(0.6117003729837858), 'pc-er': 0.06658935546875, 'rm': 0.5860658938851644}, 4: {'meta_doa': np.float64(0.6306782541471602), 'pc-er': 0.0750732421875, 'rm': 0.6127360823621469}, 5: {'meta_doa': np.float64(0.6472153760070509), 'pc-er': 0.107177734375, 'rm': 0.6558893365119349}, 6: {'meta_doa': np.float64(0.6629754003081965), 'pc-er': 0.08905029296875, 'rm': 0.6891287428961532}, 7: {'meta_doa': np.float64(0.6781675998210421), 'pc-er': 0.1083984375, 'rm': 0.717965590660227}, 8: {'meta_doa': np.float64(0.6893754876593238), 'pc-er': 0.10491943359375, 'rm': 0.7416238129139313}, 9: {'meta_doa': np.float64(0.7013332465255131), 'pc-er': 0.11083984375, 'rm': 0.7563760984563033}, 10: {'meta_doa': np.float64(0.7140346675004892), 'pc-er': 0.12322998046875, 'rm': 0.7890606373416742}, 11: {'meta_doa': np.float64(0.7270894614857379), 'pc-er': 0.12841796875, 'rm': 0.8204061736124544}, 12: {'meta_doa': np.float64(0.7346511008499185), 'pc-er': 0.1314697265625, 'rm': 0.8396771970152346}, 13: {'meta_doa': np.float64(0.7423408689962686), 'pc-er': 0.12109375, 'rm': 0.845479475495342}, 14: {'meta_doa': np.float64(0.7526379748014), 'pc-er': 0.138427734375, 'rm': 0.8788558584814844}, 15: {'meta_doa': np.float64(0.7614327661480842), 'pc-er': 0.14013671875, 'rm': 0.8999765449546022}})
