PID 2764066 sees CUDA_VISIBLE_DEVICES = 0
→ torch.device is 0 Tesla V100-SXM2-16GB
[INFO 36:52] Using device: cuda
[INFO 36:52] #### config : {'seed': 0, 'dataset_name': 'assist0910', 'load_params': True, 'save_params': False, 'embs_path': '../embs/', 'params_path': '../ckpt/', 'early_stopping': True, 'esc': 'error', 'verbose_early_stopping': False, 'disable_tqdm': False, 'valid_metric': 'rmse', 'learning_rate': 0.001, 'batch_size': 512, 'valid_batch_size': 10000, 'num_epochs': 100, 'eval_freq': 1, 'patience': 20, 'device': device(type='cuda'), 'lambda': 2.67605964593852e-06, 'tensorboard': False, 'flush_freq': True, 'pred_metrics': ['mi_acc', 'rmse', 'mae', 'mi_prec', 'mi_rec', 'mi_f_b', 'mi_auc', 'ma_prec', 'ma_rec', 'ma_f_b'], 'profile_metrics': ['meta_doa', 'pc-er', 'rm'], 'num_responses': 12, 'low_mem': False, 'n_query': 16, 'CDM': 'impact', 'i_fold': 1, 'num_inner_users_epochs': 9, 'num_inner_epochs': 10, 'inner_lr': 0.0001, 'inner_user_lr': 0.05, 'meta_lr': 0.05, 'meta_trainer': 'Adam', 'num_workers': 0, 'pin_memory': False, 'debug': False} ####
[INFO 37:10] Random_cont_model
[INFO 37:10] compiling CDM model
[INFO 37:19] compiling selection model
[INFO 37:19] ⏳ Début de l'entraînement...
[INFO 37:19] ✅ Entraînement terminé en 0.00 secondes.
[INFO 37:19] train on cuda
[WARNING 37:45] Computing RM on meta and QUERY set
[INFO 37:48] RM: 0.06306753147442597
[WARNING 37:51] Computing RM on meta and QUERY set
[INFO 37:51] RM: 0.12441542738526055
[WARNING 37:53] Computing RM on meta and QUERY set
[INFO 37:53] RM: 0.16870518306324114
[WARNING 37:56] Computing RM on meta and QUERY set
[INFO 37:56] RM: 0.19706499086612506
[WARNING 37:59] Computing RM on meta and QUERY set
[INFO 37:59] RM: 0.1960893622321754
[WARNING 38:02] Computing RM on meta and QUERY set
[INFO 38:02] RM: 0.22112547866454388
[WARNING 38:04] Computing RM on meta and QUERY set
[INFO 38:04] RM: 0.2178529252891277
[WARNING 38:07] Computing RM on meta and QUERY set
[INFO 38:07] RM: 0.2550265541304819
[WARNING 38:10] Computing RM on meta and QUERY set
[INFO 38:10] RM: 0.25061618584092266
[WARNING 38:13] Computing RM on meta and QUERY set
[INFO 38:13] RM: 0.3171150257312844
[WARNING 38:16] Computing RM on meta and QUERY set
[INFO 38:16] RM: 0.3057332860607075
[WARNING 38:19] Computing RM on meta and QUERY set
[INFO 38:19] RM: 0.33485220393777865
[WARNING 38:22] Computing RM on meta and QUERY set
[INFO 38:22] RM: 0.3200953019902929
[WARNING 38:24] Computing RM on meta and QUERY set
[INFO 38:24] RM: 0.3696415742691848
[WARNING 38:27] Computing RM on meta and QUERY set
[INFO 38:27] RM: 0.3921063934649981
[WARNING 38:30] Computing RM on meta and QUERY set
[INFO 38:30] RM: 0.3809075685111354
[INFO 38:30] Fold 1; pareto_index: 5.6861169670332705; results: ({0: {'mi_acc': 0.6516736149787903, 'rmse': 0.5901917815208435, 'mae': 0.34832635521888733, 'mi_prec': 0.8324607610702515, 'mi_rec': 0.668067216873169, 'mi_f_b': 0.7412588000297546, 'mi_auc': 0.6356865060073615, 'ma_prec': 0.606830894947052, 'ma_rec': 0.6356865167617798, 'ma_f_b': 0.6042293906211853}, 1: {'mi_acc': 0.6579497456550598, 'rmse': 0.584850549697876, 'mae': 0.3420501947402954, 'mi_prec': 0.8289703130722046, 'mi_rec': 0.6747159361839294, 'mi_f_b': 0.7439311742782593, 'mi_auc': 0.6429135101010102, 'ma_prec': 0.6155295372009277, 'ma_rec': 0.6429135203361511, 'ma_f_b': 0.6144852638244629}, 2: {'mi_acc': 0.6736401319503784, 'rmse': 0.5712791085243225, 'mae': 0.3263598382472992, 'mi_prec': 0.8176265358924866, 'mi_rec': 0.6930473446846008, 'mi_f_b': 0.7502001523971558, 'mi_auc': 0.6599165257819104, 'ma_prec': 0.6379255056381226, 'ma_rec': 0.6599165201187134, 'ma_f_b': 0.6398059129714966}, 3: {'mi_acc': 0.6752091646194458, 'rmse': 0.5699042081832886, 'mae': 0.3247907757759094, 'mi_prec': 0.8089005351066589, 'mi_rec': 0.697516918182373, 'mi_f_b': 0.749090850353241, 'mi_auc': 0.6609368526613725, 'ma_prec': 0.642048180103302, 'ma_rec': 0.6609368324279785, 'ma_f_b': 0.6443749070167542}, 4: {'mi_acc': 0.6731171607971191, 'rmse': 0.5717366933822632, 'mae': 0.32688283920288086, 'mi_prec': 0.8001745343208313, 'mi_rec': 0.698400616645813, 'mi_f_b': 0.7458316087722778, 'mi_auc': 0.6580483847794051, 'ma_prec': 0.6416016221046448, 'ma_rec': 0.6580483913421631, 'ma_f_b': 0.6439780592918396}, 5: {'mi_acc': 0.6746861934661865, 'rmse': 0.5703628659248352, 'mae': 0.3253138065338135, 'mi_prec': 0.7931936979293823, 'mi_rec': 0.7024729251861572, 'mi_f_b': 0.7450819611549377, 'mi_auc': 0.6594889032277427, 'ma_prec': 0.6452913880348206, 'ma_rec': 0.6594889163970947, 'ma_f_b': 0.6478300094604492}, 6: {'mi_acc': 0.6626569032669067, 'rmse': 0.5808124542236328, 'mae': 0.33734309673309326, 'mi_prec': 0.7774869203567505, 'mi_rec': 0.6955503225326538, 'mi_f_b': 0.7342397570610046, 'mi_auc': 0.6457149537739806, 'ma_prec': 0.6341742873191833, 'ma_rec': 0.6457149386405945, 'ma_f_b': 0.6362680196762085}, 7: {'mi_acc': 0.6642259359359741, 'rmse': 0.5794601440429688, 'mae': 0.3357740640640259, 'mi_prec': 0.7635253071784973, 'mi_rec': 0.7022472023963928, 'mi_f_b': 0.7316054105758667, 'mi_auc': 0.6476701420521646, 'ma_prec': 0.6395955085754395, 'ma_rec': 0.6476701498031616, 'ma_f_b': 0.6416406631469727}, 8: {'mi_acc': 0.6637029051780701, 'rmse': 0.5799112319946289, 'mae': 0.33629706501960754, 'mi_prec': 0.7600349187850952, 'mi_rec': 0.7029862999916077, 'mi_f_b': 0.7303982973098755, 'mi_auc': 0.6471840757357166, 'ma_prec': 0.6398085951805115, 'ma_rec': 0.6471840739250183, 'ma_f_b': 0.6417801380157471}, 9: {'mi_acc': 0.6689330339431763, 'rmse': 0.5753841400146484, 'mae': 0.33106693625450134, 'mi_prec': 0.7609075307846069, 'mi_rec': 0.7083671689033508, 'mi_f_b': 0.7336979508399963, 'mi_auc': 0.6530088475518036, 'ma_prec': 0.6461195945739746, 'ma_rec': 0.6530088186264038, 'ma_f_b': 0.6481205821037292}, 10: {'mi_acc': 0.6637029051780701, 'rmse': 0.5799112319946289, 'mae': 0.33629706501960754, 'mi_prec': 0.7495636940002441, 'mi_rec': 0.7069959044456482, 'mi_f_b': 0.7276577353477478, 'mi_auc': 0.6476155894456549, 'ma_prec': 0.6424058675765991, 'ma_rec': 0.6476156115531921, 'ma_f_b': 0.6440749168395996}, 11: {'mi_acc': 0.6626569032669067, 'rmse': 0.5808124542236328, 'mae': 0.33734309673309326, 'mi_prec': 0.746073305606842, 'mi_rec': 0.707196056842804, 'mi_f_b': 0.7261146306991577, 'mi_auc': 0.6466278868655779, 'ma_prec': 0.6419661641120911, 'ma_rec': 0.6466279029846191, 'ma_f_b': 0.6435202360153198}, 12: {'mi_acc': 0.6569037437438965, 'rmse': 0.5857441425323486, 'mae': 0.34309622645378113, 'mi_prec': 0.7417103052139282, 'mi_rec': 0.702479362487793, 'mi_f_b': 0.7215620279312134, 'mi_auc': 0.6404134585952768, 'ma_prec': 0.6358681917190552, 'ma_rec': 0.6404134631156921, 'ma_f_b': 0.6373478174209595}, 13: {'mi_acc': 0.6521966457366943, 'rmse': 0.5897485017776489, 'mae': 0.3478033244609833, 'mi_prec': 0.7321116924285889, 'mi_rec': 0.700918972492218, 'mi_f_b': 0.71617591381073, 'mi_auc': 0.6357741673531148, 'ma_prec': 0.6323744058609009, 'ma_rec': 0.6357741355895996, 'ma_f_b': 0.6335774660110474}, 14: {'mi_acc': 0.6563807129859924, 'rmse': 0.5861904621124268, 'mae': 0.3436192274093628, 'mi_prec': 0.7390924692153931, 'mi_rec': 0.7029045820236206, 'mi_f_b': 0.7205443978309631, 'mi_auc': 0.6399954221859648, 'ma_prec': 0.6358647346496582, 'ma_rec': 0.6399954557418823, 'ma_f_b': 0.6372579336166382}, 15: {'mi_acc': 0.6569037437438965, 'rmse': 0.5857441425323486, 'mae': 0.34309622645378113, 'mi_prec': 0.7390924692153931, 'mi_rec': 0.7034883499145508, 'mi_f_b': 0.7208510637283325, 'mi_auc': 0.6405859939561162, 'ma_prec': 0.6365175247192383, 'ma_rec': 0.6405860185623169, 'ma_f_b': 0.637901782989502}}, {0: {'meta_doa': np.float64(0.5188580699924814), 'pc-er': 0.044189453125, 'rm': 0.06306753147442597}, 1: {'meta_doa': np.float64(0.520030224998782), 'pc-er': 0.173095703125, 'rm': 0.12441542738526055}, 2: {'meta_doa': np.float64(0.5195331642703563), 'pc-er': 0.2308349609375, 'rm': 0.16870518306324114}, 3: {'meta_doa': np.float64(0.5304199856849627), 'pc-er': 0.2452392578125, 'rm': 0.19706499086612506}, 4: {'meta_doa': np.float64(0.5106196909484911), 'pc-er': 0.2117919921875, 'rm': 0.1960893622321754}, 5: {'meta_doa': np.float64(0.5319780862564012), 'pc-er': 0.1685791015625, 'rm': 0.22112547866454388}, 6: {'meta_doa': np.float64(0.504748506706586), 'pc-er': 0.1689453125, 'rm': 0.2178529252891277}, 7: {'meta_doa': np.float64(0.5167722169589997), 'pc-er': 0.1932373046875, 'rm': 0.2550265541304819}, 8: {'meta_doa': np.float64(0.5212818236779577), 'pc-er': 0.2469482421875, 'rm': 0.25061618584092266}, 9: {'meta_doa': np.float64(0.553821434889535), 'pc-er': 0.258056640625, 'rm': 0.3171150257312844}, 10: {'meta_doa': np.float64(0.549125139687846), 'pc-er': 0.2325439453125, 'rm': 0.3057332860607075}, 11: {'meta_doa': np.float64(0.5323553307429045), 'pc-er': 0.1331787109375, 'rm': 0.33485220393777865}, 12: {'meta_doa': np.float64(0.5458749901020138), 'pc-er': 0.1678466796875, 'rm': 0.3200953019902929}, 13: {'meta_doa': np.float64(0.5683627470456717), 'pc-er': 0.21923828125, 'rm': 0.3696415742691848}, 14: {'meta_doa': np.float64(0.5767498058776037), 'pc-er': 0.190673828125, 'rm': 0.3921063934649981}, 15: {'meta_doa': np.float64(0.5721551892950154), 'pc-er': 0.2425537109375, 'rm': 0.3809075685111354}})
