PID 2325389 sees CUDA_VISIBLE_DEVICES = 0
→ torch.device is 0 Tesla V100-SXM2-16GB
[INFO 36:51] Using device: cuda
[INFO 36:51] #### config : {'seed': 0, 'dataset_name': 'assist0910', 'load_params': True, 'save_params': False, 'embs_path': '../embs/', 'params_path': '../ckpt/', 'early_stopping': True, 'esc': 'error', 'verbose_early_stopping': False, 'disable_tqdm': False, 'valid_metric': 'rmse', 'learning_rate': 0.001, 'batch_size': 512, 'valid_batch_size': 10000, 'num_epochs': 100, 'eval_freq': 1, 'patience': 20, 'device': device(type='cuda'), 'lambda': 2.67605964593852e-06, 'tensorboard': False, 'flush_freq': True, 'pred_metrics': ['mi_acc', 'rmse', 'mae', 'mi_prec', 'mi_rec', 'mi_f_b', 'mi_auc', 'ma_prec', 'ma_rec', 'ma_f_b'], 'profile_metrics': ['meta_doa', 'pc-er', 'rm'], 'num_responses': 12, 'low_mem': False, 'n_query': 16, 'CDM': 'impact', 'i_fold': 3, 'num_inner_users_epochs': 9, 'num_inner_epochs': 10, 'inner_lr': 0.0001, 'inner_user_lr': 0.05, 'meta_lr': 0.05, 'meta_trainer': 'Adam', 'num_workers': 0, 'pin_memory': False, 'debug': False} ####
[INFO 37:08] Random_cont_model
[INFO 37:09] compiling CDM model
[INFO 37:17] compiling selection model
[INFO 37:17] ⏳ Début de l'entraînement...
[INFO 37:17] ✅ Entraînement terminé en 0.00 secondes.
[INFO 37:17] train on cuda
[WARNING 37:42] Computing RM on meta and QUERY set
[INFO 37:45] RM: 0.1423268469573793
[WARNING 37:48] Computing RM on meta and QUERY set
[INFO 37:48] RM: 0.2072326803412389
[WARNING 37:51] Computing RM on meta and QUERY set
[INFO 37:51] RM: 0.24242874150345747
[WARNING 37:53] Computing RM on meta and QUERY set
[INFO 37:53] RM: 0.2661982654135231
[WARNING 37:56] Computing RM on meta and QUERY set
[INFO 37:56] RM: 0.2989163547348063
[WARNING 37:59] Computing RM on meta and QUERY set
[INFO 37:59] RM: 0.30995277418920153
[WARNING 38:01] Computing RM on meta and QUERY set
[INFO 38:02] RM: 0.34881942743953653
[WARNING 38:04] Computing RM on meta and QUERY set
[INFO 38:04] RM: 0.35522528014534444
[WARNING 38:07] Computing RM on meta and QUERY set
[INFO 38:07] RM: 0.3632420287439947
[WARNING 38:10] Computing RM on meta and QUERY set
[INFO 38:10] RM: 0.36104541012836683
[WARNING 38:13] Computing RM on meta and QUERY set
[INFO 38:13] RM: 0.3802631325491155
[WARNING 38:15] Computing RM on meta and QUERY set
[INFO 38:15] RM: 0.38343824418803585
[WARNING 38:18] Computing RM on meta and QUERY set
[INFO 38:18] RM: 0.3919291134755675
[WARNING 38:21] Computing RM on meta and QUERY set
[INFO 38:21] RM: 0.38371844392143645
[WARNING 38:24] Computing RM on meta and QUERY set
[INFO 38:24] RM: 0.39711808884066624
[WARNING 38:26] Computing RM on meta and QUERY set
[INFO 38:26] RM: 0.4141010269595164
[INFO 38:26] Fold 3; pareto_index: 6.217680913472261; results: ({0: {'mi_acc': 0.6484254002571106, 'rmse': 0.5929372906684875, 'mae': 0.3515745997428894, 'mi_prec': 0.8350083827972412, 'mi_rec': 0.6731938123703003, 'mi_f_b': 0.7454205751419067, 'mi_auc': 0.6205881220607223, 'ma_prec': 0.5917975902557373, 'ma_rec': 0.6205881237983704, 'ma_f_b': 0.5887236595153809}, 1: {'mi_acc': 0.6572018265724182, 'rmse': 0.5854896903038025, 'mae': 0.3427981436252594, 'mi_prec': 0.8224455714225769, 'mi_rec': 0.6847977638244629, 'mi_f_b': 0.7473363280296326, 'mi_auc': 0.631663297758775, 'ma_prec': 0.6070505380630493, 'ma_rec': 0.6316633224487305, 'ma_f_b': 0.6072155237197876}, 2: {'mi_acc': 0.6664945483207703, 'rmse': 0.577499270439148, 'mae': 0.33350542187690735, 'mi_prec': 0.8149078488349915, 'mi_rec': 0.6959942579269409, 'mi_f_b': 0.7507715225219727, 'mi_auc': 0.6429878623318231, 'ma_prec': 0.6214512586593628, 'ma_rec': 0.642987847328186, 'ma_f_b': 0.6234356760978699}, 3: {'mi_acc': 0.6788848638534546, 'rmse': 0.5666702389717102, 'mae': 0.3211151361465454, 'mi_prec': 0.8216080665588379, 'mi_rec': 0.7057554125785828, 'mi_f_b': 0.75928795337677, 'mi_auc': 0.6581793431799351, 'ma_prec': 0.6355684995651245, 'ma_rec': 0.6581793427467346, 'ma_f_b': 0.6385586857795715}, 4: {'mi_acc': 0.6840474605560303, 'rmse': 0.5620965361595154, 'mae': 0.31595250964164734, 'mi_prec': 0.8190954923629761, 'mi_rec': 0.7117903828620911, 'mi_f_b': 0.7616822719573975, 'mi_auc': 0.6640657116042412, 'ma_prec': 0.643060564994812, 'ma_rec': 0.6640657186508179, 'ma_f_b': 0.6465378999710083}, 5: {'mi_acc': 0.6861125230789185, 'rmse': 0.5602566003799438, 'mae': 0.31388744711875916, 'mi_prec': 0.8140703439712524, 'mi_rec': 0.7157584428787231, 'mi_f_b': 0.7617554664611816, 'mi_auc': 0.6661693896083085, 'ma_prec': 0.6472774147987366, 'ma_rec': 0.6661694049835205, 'ma_f_b': 0.6509231328964233}, 6: {'mi_acc': 0.692307710647583, 'rmse': 0.5547001957893372, 'mae': 0.307692289352417, 'mi_prec': 0.805695116519928, 'mi_rec': 0.7254902124404907, 'mi_f_b': 0.7634920477867126, 'mi_auc': 0.6728923975482173, 'ma_prec': 0.6578946709632874, 'ma_rec': 0.6728923916816711, 'ma_f_b': 0.6616573929786682}, 7: {'mi_acc': 0.6866288185119629, 'rmse': 0.5597956776618958, 'mae': 0.3133711814880371, 'mi_prec': 0.7906197905540466, 'mi_rec': 0.7255957126617432, 'mi_f_b': 0.7567133903503418, 'mi_auc': 0.6662569673062329, 'ma_prec': 0.6550676226615906, 'ma_rec': 0.6662569642066956, 'ma_f_b': 0.6582696437835693}, 8: {'mi_acc': 0.6964377760887146, 'rmse': 0.5509647727012634, 'mae': 0.303562194108963, 'mi_prec': 0.8006700277328491, 'mi_rec': 0.7320061326026917, 'mi_f_b': 0.7648000121116638, 'mi_auc': 0.6774135223750919, 'ma_prec': 0.6648033857345581, 'ma_rec': 0.6774135231971741, 'ma_f_b': 0.6684261560440063}, 9: {'mi_acc': 0.6824986934661865, 'rmse': 0.5634725093841553, 'mae': 0.3175012767314911, 'mi_prec': 0.7881072163581848, 'mi_rec': 0.7221795916557312, 'mi_f_b': 0.7537044286727905, 'mi_auc': 0.6615629789057527, 'ma_prec': 0.6504466533660889, 'ma_rec': 0.661562979221344, 'ma_f_b': 0.6535407304763794}, 10: {'mi_acc': 0.6752710342407227, 'rmse': 0.569849967956543, 'mae': 0.32472896575927734, 'mi_prec': 0.7805694937705994, 'mi_rec': 0.7174749970436096, 'mi_f_b': 0.7476935386657715, 'mi_auc': 0.6534083367721975, 'ma_prec': 0.6433130502700806, 'ma_rec': 0.6534083485603333, 'ma_f_b': 0.6461132764816284}, 11: {'mi_acc': 0.6752710342407227, 'rmse': 0.569849967956543, 'mae': 0.32472896575927734, 'mi_prec': 0.7738693356513977, 'mi_rec': 0.7201870679855347, 'mi_f_b': 0.7460637092590332, 'mi_auc': 0.6536715124385937, 'ma_prec': 0.6453465223312378, 'ma_rec': 0.6536715030670166, 'ma_f_b': 0.6479066014289856}, 12: {'mi_acc': 0.6824986934661865, 'rmse': 0.5634725093841553, 'mae': 0.3175012767314911, 'mi_prec': 0.7721943259239197, 'mi_rec': 0.7288537621498108, 'mi_f_b': 0.749898374080658, 'mi_auc': 0.6620459250894033, 'ma_prec': 0.6552761793136597, 'ma_rec': 0.662045955657959, 'ma_f_b': 0.6576346755027771}, 13: {'mi_acc': 0.6943727135658264, 'rmse': 0.5528356432914734, 'mae': 0.3056272566318512, 'mi_prec': 0.7747068405151367, 'mi_rec': 0.7411859035491943, 'mi_f_b': 0.7575756907463074, 'mi_auc': 0.6753824987905177, 'ma_prec': 0.6699913740158081, 'ma_rec': 0.6753824949264526, 'ma_f_b': 0.6720839738845825}, 14: {'mi_acc': 0.6881775856018066, 'rmse': 0.5584105849266052, 'mae': 0.31182241439819336, 'mi_prec': 0.7705192565917969, 'mi_rec': 0.7360000014305115, 'mi_f_b': 0.7528641223907471, 'mi_auc': 0.6685822416302767, 'ma_prec': 0.6631869077682495, 'ma_rec': 0.6685822010040283, 'ma_f_b': 0.6652432084083557}, 15: {'mi_acc': 0.6917914152145386, 'rmse': 0.5551653504371643, 'mae': 0.30820855498313904, 'mi_prec': 0.7696817517280579, 'mi_rec': 0.7405318021774292, 'mi_f_b': 0.7548254132270813, 'mi_auc': 0.6727084433206442, 'ma_prec': 0.6681517362594604, 'ma_rec': 0.6727083921432495, 'ma_f_b': 0.6699769496917725}}, {0: {'meta_doa': np.float64(0.5255406761535802), 'pc-er': 0.0281982421875, 'rm': 0.1423268469573793}, 1: {'meta_doa': np.float64(0.5584573715317176), 'pc-er': 0.08013916015625, 'rm': 0.2072326803412389}, 2: {'meta_doa': np.float64(0.5599406148639573), 'pc-er': 0.1378173828125, 'rm': 0.24242874150345747}, 3: {'meta_doa': np.float64(0.5721677186628092), 'pc-er': 0.15478515625, 'rm': 0.2661982654135231}, 4: {'meta_doa': np.float64(0.5806563495453597), 'pc-er': 0.1640625, 'rm': 0.2989163547348063}, 5: {'meta_doa': np.float64(0.5699587804921379), 'pc-er': 0.1385498046875, 'rm': 0.30995277418920153}, 6: {'meta_doa': np.float64(0.5846701410371934), 'pc-er': 0.17236328125, 'rm': 0.34881942743953653}, 7: {'meta_doa': np.float64(0.5791370743797825), 'pc-er': 0.1768798828125, 'rm': 0.35522528014534444}, 8: {'meta_doa': np.float64(0.584346855270508), 'pc-er': 0.1553955078125, 'rm': 0.3632420287439947}, 9: {'meta_doa': np.float64(0.554875139503496), 'pc-er': 0.1593017578125, 'rm': 0.36104541012836683}, 10: {'meta_doa': np.float64(0.5673631400246725), 'pc-er': 0.1953125, 'rm': 0.3802631325491155}, 11: {'meta_doa': np.float64(0.5735904083807887), 'pc-er': 0.2236328125, 'rm': 0.38343824418803585}, 12: {'meta_doa': np.float64(0.5787425003103673), 'pc-er': 0.258544921875, 'rm': 0.3919291134755675}, 13: {'meta_doa': np.float64(0.5754689308564407), 'pc-er': 0.310546875, 'rm': 0.38371844392143645}, 14: {'meta_doa': np.float64(0.5809000797627641), 'pc-er': 0.270751953125, 'rm': 0.39711808884066624}, 15: {'meta_doa': np.float64(0.5884999334185995), 'pc-er': 0.264404296875, 'rm': 0.4141010269595164}})
