PID 976969 sees CUDA_VISIBLE_DEVICES = 0
→ torch.device is 0 Tesla V100-SXM2-16GB
[INFO 40:48] Using device: cuda
[INFO 40:48] #### config : {'seed': 0, 'dataset_name': 'algebra', 'load_params': True, 'save_params': False, 'embs_path': '../embs/', 'params_path': '../ckpt/', 'early_stopping': True, 'esc': 'error', 'verbose_early_stopping': False, 'disable_tqdm': False, 'valid_metric': 'rmse', 'learning_rate': 0.001, 'batch_size': 512, 'valid_batch_size': 10000, 'num_epochs': 100, 'eval_freq': 1, 'patience': 20, 'device': device(type='cuda'), 'lambda': 6.883708386254995e-06, 'tensorboard': False, 'flush_freq': True, 'pred_metrics': ['mi_acc', 'rmse', 'mae', 'mi_prec', 'mi_rec', 'mi_f_b', 'mi_auc', 'ma_prec', 'ma_rec', 'ma_f_b'], 'profile_metrics': ['meta_doa', 'pc-er', 'rm'], 'num_responses': 12, 'low_mem': False, 'n_query': 25, 'CDM': 'impact', 'i_fold': 0, 'num_inner_users_epochs': 7, 'num_inner_epochs': 10, 'inner_lr': 0.0001, 'inner_user_lr': 0.01, 'meta_lr': 0.05, 'meta_trainer': 'Adam', 'num_workers': 0, 'pin_memory': False, 'debug': False} ####
[INFO 41:15] Random_cont_model
[INFO 41:16] compiling CDM model
[INFO 41:44] compiling selection model
[INFO 41:44] ⏳ Début de l'entraînement...
[INFO 41:44] ✅ Entraînement terminé en 0.00 secondes.
[INFO 41:44] train on cuda
[WARNING 42:13] Computing RM on meta and QUERY set
[INFO 42:16] RM: -0.0016861435414910802
[WARNING 42:20] Computing RM on meta and QUERY set
[INFO 42:20] RM: 0.010227519053065761
[WARNING 42:24] Computing RM on meta and QUERY set
[INFO 42:24] RM: 0.026794737960204998
[WARNING 42:28] Computing RM on meta and QUERY set
[INFO 42:28] RM: 0.04145427092009577
[WARNING 42:32] Computing RM on meta and QUERY set
[INFO 42:32] RM: 0.059475192174395834
[WARNING 42:36] Computing RM on meta and QUERY set
[INFO 42:36] RM: 0.08433993639425538
[WARNING 42:40] Computing RM on meta and QUERY set
[INFO 42:40] RM: 0.1113091272224364
[WARNING 42:43] Computing RM on meta and QUERY set
[INFO 42:43] RM: 0.1368312471057181
[WARNING 42:47] Computing RM on meta and QUERY set
[INFO 42:47] RM: 0.14404335399187
[WARNING 42:51] Computing RM on meta and QUERY set
[INFO 42:51] RM: 0.16960189054793476
[WARNING 42:55] Computing RM on meta and QUERY set
[INFO 42:55] RM: 0.17825947059452618
[WARNING 42:59] Computing RM on meta and QUERY set
[INFO 42:59] RM: 0.2148432306178481
[WARNING 43:03] Computing RM on meta and QUERY set
[INFO 43:03] RM: 0.2591776502741646
[WARNING 43:06] Computing RM on meta and QUERY set
[INFO 43:06] RM: 0.2957423501728799
[WARNING 43:10] Computing RM on meta and QUERY set
[INFO 43:10] RM: 0.33436571304413637
[WARNING 43:14] Computing RM on meta and QUERY set
[INFO 43:14] RM: 0.35897894369833044
[WARNING 43:18] Computing RM on meta and QUERY set
[INFO 43:18] RM: 0.3448322424841819
[WARNING 43:22] Computing RM on meta and QUERY set
[INFO 43:22] RM: 0.3774071256962877
[WARNING 43:26] Computing RM on meta and QUERY set
[INFO 43:26] RM: 0.40933629282904055
[WARNING 43:30] Computing RM on meta and QUERY set
[INFO 43:30] RM: 0.4072680153143666
[WARNING 43:34] Computing RM on meta and QUERY set
[INFO 43:34] RM: 0.41681722440547053
[WARNING 43:37] Computing RM on meta and QUERY set
[INFO 43:37] RM: 0.4302681481574369
[WARNING 43:41] Computing RM on meta and QUERY set
[INFO 43:41] RM: 0.44235413278837976
[WARNING 43:45] Computing RM on meta and QUERY set
[INFO 43:45] RM: 0.45007509572885357
[WARNING 43:49] Computing RM on meta and QUERY set
[INFO 43:49] RM: 0.4618804304193879
[INFO 43:49] Fold 0; pareto_index: 9.785318927064313; results: ({0: {'mi_acc': 0.7723856568336487, 'rmse': 0.47708946466445923, 'mae': 0.2276143580675125, 'mi_prec': 0.9203594923019409, 'mi_rec': 0.7871720194816589, 'mi_f_b': 0.8485714793205261, 'mi_auc': 0.7482240148806775, 'ma_prec': 0.6794105172157288, 'ma_rec': 0.7482240200042725, 'ma_f_b': 0.6952451467514038}, 1: {'mi_acc': 0.7796865105628967, 'rmse': 0.4693756699562073, 'mae': 0.22031351923942566, 'mi_prec': 0.9237682223320007, 'mi_rec': 0.7926083207130432, 'mi_f_b': 0.8531768918037415, 'mi_auc': 0.7590273887074107, 'ma_prec': 0.6891568303108215, 'ma_rec': 0.759027361869812, 'ma_f_b': 0.7060381174087524}, 2: {'mi_acc': 0.7698088884353638, 'rmse': 0.479782372713089, 'mae': 0.23019111156463623, 'mi_prec': 0.9172605872154236, 'mi_rec': 0.7861886024475098, 'mi_f_b': 0.8466819524765015, 'mi_auc': 0.7434306123785874, 'ma_prec': 0.6771617531776428, 'ma_rec': 0.7434306144714355, 'ma_f_b': 0.6925054788589478}, 3: {'mi_acc': 0.7670174241065979, 'rmse': 0.4826827347278595, 'mae': 0.23298262059688568, 'mi_prec': 0.9147815108299255, 'mi_rec': 0.7846890091896057, 'mi_f_b': 0.844756007194519, 'mi_auc': 0.7387132126914544, 'ma_prec': 0.6741739511489868, 'ma_rec': 0.7387132048606873, 'ma_f_b': 0.689044713973999}, 4: {'mi_acc': 0.7637964487075806, 'rmse': 0.48600777983665466, 'mae': 0.23620356619358063, 'mi_prec': 0.9191199541091919, 'mi_rec': 0.7795006632804871, 'mi_f_b': 0.8435723185539246, 'mi_auc': 0.7365813144306047, 'ma_prec': 0.6662033200263977, 'ma_rec': 0.7365813255310059, 'ma_f_b': 0.6807695031166077}, 5: {'mi_acc': 0.7629375457763672, 'rmse': 0.48689064383506775, 'mae': 0.2370624989271164, 'mi_prec': 0.9188100695610046, 'mi_rec': 0.778828501701355, 'mi_f_b': 0.8430481553077698, 'mi_auc': 0.735296589873144, 'ma_prec': 0.6649994254112244, 'ma_rec': 0.7352966070175171, 'ma_f_b': 0.6794188022613525}, 6: {'mi_acc': 0.7631522417068481, 'rmse': 0.4866700768470764, 'mae': 0.23684775829315186, 'mi_prec': 0.9206693768501282, 'mi_rec': 0.7781561017036438, 'mi_f_b': 0.8434350490570068, 'mi_auc': 0.7365154768423333, 'ma_prec': 0.6641808748245239, 'ma_rec': 0.736515462398529, 'ma_f_b': 0.6786589026451111}, 7: {'mi_acc': 0.7614344358444214, 'rmse': 0.48843178153038025, 'mae': 0.2385656088590622, 'mi_prec': 0.9215990304946899, 'mi_rec': 0.7760960459709167, 'mi_f_b': 0.8426123261451721, 'mi_auc': 0.7347146833681281, 'ma_prec': 0.660799503326416, 'ma_rec': 0.734714686870575, 'ma_f_b': 0.6749646663665771}, 8: {'mi_acc': 0.7642259001731873, 'rmse': 0.48556578159332275, 'mae': 0.23577411472797394, 'mi_prec': 0.922838568687439, 'mi_rec': 0.7781552076339722, 'mi_f_b': 0.8443436622619629, 'mi_auc': 0.7390776064802717, 'ma_prec': 0.664566159248352, 'ma_rec': 0.7390775680541992, 'ma_f_b': 0.679251492023468}, 9: {'mi_acc': 0.7655143141746521, 'rmse': 0.4842372536659241, 'mae': 0.23448573052883148, 'mi_prec': 0.9225286841392517, 'mi_rec': 0.7795234322547913, 'mi_f_b': 0.8450184464454651, 'mi_auc': 0.7405970399228577, 'ma_prec': 0.6668587327003479, 'ma_rec': 0.7405970096588135, 'ma_f_b': 0.6817684769630432}, 10: {'mi_acc': 0.7635817527770996, 'rmse': 0.4862286448478699, 'mae': 0.23641830682754517, 'mi_prec': 0.9231484532356262, 'mi_rec': 0.7774008512496948, 'mi_f_b': 0.844028890132904, 'mi_auc': 0.7383973872335042, 'ma_prec': 0.6633224487304688, 'ma_rec': 0.7383973598480225, 'ma_f_b': 0.6778903007507324}, 11: {'mi_acc': 0.7663732171058655, 'rmse': 0.4833495616912842, 'mae': 0.2336268126964569, 'mi_prec': 0.924078106880188, 'mi_rec': 0.7796078324317932, 'mi_f_b': 0.8457174897193909, 'mi_auc': 0.7425683446455505, 'ma_prec': 0.6672837734222412, 'ma_rec': 0.7425683736801147, 'ma_f_b': 0.6823636293411255}, 12: {'mi_acc': 0.7620786428451538, 'rmse': 0.4877718985080719, 'mae': 0.23792141675949097, 'mi_prec': 0.9178803563117981, 'mi_rec': 0.7784494161605835, 'mi_f_b': 0.8424345850944519, 'mi_auc': 0.7337082724115168, 'ma_prec': 0.6641849279403687, 'ma_rec': 0.7337082624435425, 'ma_f_b': 0.6784477829933167}, 13: {'mi_acc': 0.7635817527770996, 'rmse': 0.4862286448478699, 'mae': 0.23641830682754517, 'mi_prec': 0.9178803563117981, 'mi_rec': 0.7798841595649719, 'mi_f_b': 0.8432739973068237, 'mi_auc': 0.7356929478844635, 'ma_prec': 0.6666324734687805, 'ma_rec': 0.7356929779052734, 'ma_f_b': 0.6811389923095703}, 14: {'mi_acc': 0.7592871189117432, 'rmse': 0.4906250238418579, 'mae': 0.24071291089057922, 'mi_prec': 0.9163309335708618, 'mi_rec': 0.7765231132507324, 'mi_f_b': 0.8406538367271423, 'mi_auc': 0.729250953915135, 'ma_prec': 0.6606130003929138, 'ma_rec': 0.729250967502594, 'ma_f_b': 0.6743857264518738}, 15: {'mi_acc': 0.750912606716156, 'rmse': 0.4990865886211395, 'mae': 0.2490874081850052, 'mi_prec': 0.9095134735107422, 'mi_rec': 0.7717591524124146, 'mi_f_b': 0.8349928855895996, 'mi_auc': 0.7149193814078741, 'ma_prec': 0.651260256767273, 'ma_rec': 0.71491938829422, 'ma_f_b': 0.6635559797286987}, 16: {'mi_acc': 0.7504831552505493, 'rmse': 0.49951663613319397, 'mae': 0.24951685965061188, 'mi_prec': 0.9061047434806824, 'mi_rec': 0.7729315161705017, 'mi_f_b': 0.8342368006706238, 'mi_auc': 0.7131248068106688, 'ma_prec': 0.6527026891708374, 'ma_rec': 0.7131248116493225, 'ma_f_b': 0.6649482846260071}, 17: {'mi_acc': 0.750697910785675, 'rmse': 0.49930164217948914, 'mae': 0.24930213391780853, 'mi_prec': 0.9045553207397461, 'mi_rec': 0.7738600373268127, 'mi_f_b': 0.8341192007064819, 'mi_auc': 0.7129187111694256, 'ma_prec': 0.6540259122848511, 'ma_rec': 0.712918758392334, 'ma_f_b': 0.6663036346435547}, 18: {'mi_acc': 0.7526304721832275, 'rmse': 0.4973626136779785, 'mae': 0.24736955761909485, 'mi_prec': 0.9045553207397461, 'mi_rec': 0.7757108807563782, 'mi_f_b': 0.8351931571960449, 'mi_auc': 0.7155959266637775, 'ma_prec': 0.6571727991104126, 'ma_rec': 0.7155959606170654, 'ma_f_b': 0.669748067855835}, 19: {'mi_acc': 0.7517715692520142, 'rmse': 0.4982253313064575, 'mae': 0.24822847545146942, 'mi_prec': 0.9002169370651245, 'mi_rec': 0.7769457101821899, 'mi_f_b': 0.8340510725975037, 'mi_auc': 0.7130915900876413, 'ma_prec': 0.658500075340271, 'ma_rec': 0.7130916118621826, 'ma_f_b': 0.6708585619926453}, 20: {'mi_acc': 0.7567103505134583, 'rmse': 0.4932440221309662, 'mae': 0.24328967928886414, 'mi_prec': 0.9002169370651245, 'mi_rec': 0.7817545533180237, 'mi_f_b': 0.8368140459060669, 'mi_auc': 0.7197827071720188, 'ma_prec': 0.6665420532226562, 'ma_rec': 0.7197827100753784, 'ma_f_b': 0.6794782876968384}, 21: {'mi_acc': 0.7573545575141907, 'rmse': 0.4925905764102936, 'mae': 0.2426454871892929, 'mi_prec': 0.897118091583252, 'mi_rec': 0.7839155197143555, 'mi_f_b': 0.836705207824707, 'mi_auc': 0.7197585877959086, 'ma_prec': 0.6695380806922913, 'ma_rec': 0.7197586297988892, 'ma_f_b': 0.6823459267616272}, 22: {'mi_acc': 0.7556366920471191, 'rmse': 0.4943312108516693, 'mae': 0.24436333775520325, 'mi_prec': 0.8927796483039856, 'mi_rec': 0.7843724489212036, 'mi_f_b': 0.8350724577903748, 'mi_auc': 0.7163732156651814, 'ma_prec': 0.6694667339324951, 'ma_rec': 0.7163732051849365, 'ma_f_b': 0.6818278431892395}, 23: {'mi_acc': 0.7564955949783325, 'rmse': 0.4934616684913635, 'mae': 0.24350440502166748, 'mi_prec': 0.8915401101112366, 'mi_rec': 0.7858508825302124, 'mi_f_b': 0.835365891456604, 'mi_auc': 0.7172226189653452, 'ma_prec': 0.6716442108154297, 'ma_rec': 0.7172226309776306, 'ma_f_b': 0.6839649081230164}, 24: {'mi_acc': 0.7556366920471191, 'rmse': 0.4943312108516693, 'mae': 0.24436333775520325, 'mi_prec': 0.8899906873703003, 'mi_rec': 0.7857729196548462, 'mi_f_b': 0.8346410989761353, 'mi_auc': 0.7157407483255105, 'ma_prec': 0.6712191104888916, 'ma_rec': 0.7157407402992249, 'ma_f_b': 0.683356761932373}}, {0: {'meta_doa': np.float64(0.4908936019490677), 'pc-er': 0.06439208984375, 'rm': -0.0016861435414910802}, 1: {'meta_doa': np.float64(0.5037981009157683), 'pc-er': -0.1519775390625, 'rm': 0.010227519053065761}, 2: {'meta_doa': np.float64(0.49889670240041517), 'pc-er': -0.032684326171875, 'rm': 0.026794737960204998}, 3: {'meta_doa': np.float64(0.4985799055852609), 'pc-er': 0.3212890625, 'rm': 0.04145427092009577}, 4: {'meta_doa': np.float64(0.49907003102279707), 'pc-er': 0.32421875, 'rm': 0.059475192174395834}, 5: {'meta_doa': np.float64(0.5047659475266625), 'pc-er': 0.09686279296875, 'rm': 0.08433993639425538}, 6: {'meta_doa': np.float64(0.5137731523579606), 'pc-er': 0.11431884765625, 'rm': 0.1113091272224364}, 7: {'meta_doa': np.float64(0.5153425015868753), 'pc-er': 0.010955810546875, 'rm': 0.1368312471057181}, 8: {'meta_doa': np.float64(0.5185367767933801), 'pc-er': 0.0284271240234375, 'rm': 0.14404335399187}, 9: {'meta_doa': np.float64(0.5169323834867858), 'pc-er': 0.1534423828125, 'rm': 0.16960189054793476}, 10: {'meta_doa': np.float64(0.5170281886274634), 'pc-er': 0.156005859375, 'rm': 0.17825947059452618}, 11: {'meta_doa': np.float64(0.5165797336290382), 'pc-er': 0.0396728515625, 'rm': 0.2148432306178481}, 12: {'meta_doa': np.float64(0.5124998790362038), 'pc-er': 0.036376953125, 'rm': 0.2591776502741646}, 13: {'meta_doa': np.float64(0.509185176710347), 'pc-er': 0.026153564453125, 'rm': 0.2957423501728799}, 14: {'meta_doa': np.float64(0.5105049159466226), 'pc-er': 0.01354217529296875, 'rm': 0.33436571304413637}, 15: {'meta_doa': np.float64(0.5138988339356232), 'pc-er': 0.0006122589111328125, 'rm': 0.35897894369833044}, 16: {'meta_doa': np.float64(0.5196901054562129), 'pc-er': -0.0161895751953125, 'rm': 0.3448322424841819}, 17: {'meta_doa': np.float64(0.5172186601158952), 'pc-er': -0.0300140380859375, 'rm': 0.3774071256962877}, 18: {'meta_doa': np.float64(0.5240872095084377), 'pc-er': -0.03900146484375, 'rm': 0.40933629282904055}, 19: {'meta_doa': np.float64(0.5175007269396812), 'pc-er': -0.045440673828125, 'rm': 0.4072680153143666}, 20: {'meta_doa': np.float64(0.5254207320304323), 'pc-er': -0.04559326171875, 'rm': 0.41681722440547053}, 21: {'meta_doa': np.float64(0.5303239399616231), 'pc-er': -0.045654296875, 'rm': 0.4302681481574369}, 22: {'meta_doa': np.float64(0.5308956666446791), 'pc-er': -0.044464111328125, 'rm': 0.44235413278837976}, 23: {'meta_doa': np.float64(0.5269586125138592), 'pc-er': -0.043731689453125, 'rm': 0.45007509572885357}, 24: {'meta_doa': np.float64(0.5289754745067727), 'pc-er': -0.046783447265625, 'rm': 0.4618804304193879}})
