PID 1822619 sees CUDA_VISIBLE_DEVICES = 0
→ torch.device is 0 Tesla V100-SXM2-16GB
[INFO 28:04] Using device: cuda
[INFO 28:04] #### config : {'seed': 0, 'dataset_name': 'math2', 'load_params': True, 'save_params': False, 'embs_path': '../embs/', 'params_path': '../ckpt/', 'early_stopping': True, 'esc': 'error', 'verbose_early_stopping': False, 'disable_tqdm': False, 'valid_metric': 'rmse', 'learning_rate': 0.001, 'batch_size': 512, 'valid_batch_size': 10000, 'num_epochs': 100, 'eval_freq': 1, 'patience': 20, 'device': device(type='cuda'), 'lambda': 2.6180638633142202e-05, 'tensorboard': False, 'flush_freq': True, 'pred_metrics': ['mi_acc', 'rmse', 'mae', 'mi_prec', 'mi_rec', 'mi_f_b', 'mi_auc', 'ma_prec', 'ma_rec', 'ma_f_b'], 'profile_metrics': ['meta_doa', 'pc-er', 'rm'], 'num_responses': 12, 'low_mem': False, 'n_query': 16, 'CDM': 'impact', 'i_fold': 4, 'num_inner_users_epochs': 10, 'num_inner_epochs': 10, 'inner_lr': 0.0001, 'inner_user_lr': 0.05, 'meta_lr': 0.05, 'meta_trainer': 'Adam', 'num_workers': 0, 'pin_memory': False, 'debug': False} ####
[INFO 28:17] Random_cont_model
[INFO 28:17] compiling CDM model
[INFO 28:26] compiling selection model
[INFO 28:26] ⏳ Début de l'entraînement...
[INFO 28:26] ✅ Entraînement terminé en 0.00 secondes.
[INFO 28:26] train on cuda
[WARNING 30:07] Computing RM on meta and QUERY set
[INFO 30:10] RM: 0.26863774291378406
[WARNING 30:12] Computing RM on meta and QUERY set
[INFO 30:12] RM: 0.42808647643976905
[WARNING 30:13] Computing RM on meta and QUERY set
[INFO 30:13] RM: 0.5291802918032157
[WARNING 30:15] Computing RM on meta and QUERY set
[INFO 30:15] RM: 0.5824922059718621
[WARNING 30:16] Computing RM on meta and QUERY set
[INFO 30:16] RM: 0.6132505959981642
[WARNING 30:18] Computing RM on meta and QUERY set
[INFO 30:18] RM: 0.6549618178203322
[WARNING 30:20] Computing RM on meta and QUERY set
[INFO 30:20] RM: 0.6887185614485167
[WARNING 30:21] Computing RM on meta and QUERY set
[INFO 30:21] RM: 0.7193241651827057
[WARNING 30:23] Computing RM on meta and QUERY set
[INFO 30:23] RM: 0.7493451784759472
[WARNING 30:25] Computing RM on meta and QUERY set
[INFO 30:25] RM: 0.7658304248574651
[WARNING 30:26] Computing RM on meta and QUERY set
[INFO 30:26] RM: 0.7943980976739853
[WARNING 30:28] Computing RM on meta and QUERY set
[INFO 30:28] RM: 0.8199615872617929
[WARNING 30:30] Computing RM on meta and QUERY set
[INFO 30:30] RM: 0.8386018753745744
[WARNING 30:31] Computing RM on meta and QUERY set
[INFO 30:31] RM: 0.8491722662952197
[WARNING 30:33] Computing RM on meta and QUERY set
[INFO 30:33] RM: 0.8803989442157808
[WARNING 30:34] Computing RM on meta and QUERY set
[INFO 30:34] RM: 0.8995397922946975
[INFO 30:34] Fold 4; pareto_index: 6.958211626959652; results: ({0: {'mi_acc': 0.5984055399894714, 'rmse': 0.6337147355079651, 'mae': 0.4015944004058838, 'mi_prec': 0.5515358448028564, 'mi_rec': 0.5407093167304993, 'mi_f_b': 0.5460689663887024, 'mi_auc': 0.5928510709044286, 'ma_prec': 0.5932324528694153, 'ma_rec': 0.5928510427474976, 'ma_f_b': 0.5929951667785645}, 1: {'mi_acc': 0.6016940474510193, 'rmse': 0.6311148405075073, 'mae': 0.3983059227466583, 'mi_prec': 0.5492604970932007, 'mi_rec': 0.5449209809303284, 'mi_f_b': 0.5470820665359497, 'mi_auc': 0.595743279843255, 'ma_prec': 0.5959068536758423, 'ma_rec': 0.5957432985305786, 'ma_f_b': 0.5958175659179688}, 2: {'mi_acc': 0.6045839190483093, 'rmse': 0.6288211345672607, 'mae': 0.3954160213470459, 'mi_prec': 0.5736063718795776, 'mi_rec': 0.5462622046470642, 'mi_f_b': 0.5596004724502563, 'mi_auc': 0.600252865475567, 'ma_prec': 0.6011648774147034, 'ma_rec': 0.6002528667449951, 'ma_f_b': 0.6004151105880737}, 3: {'mi_acc': 0.6158445477485657, 'rmse': 0.6198027729988098, 'mae': 0.3841554522514343, 'mi_prec': 0.5676905512809753, 'mi_rec': 0.5606741309165955, 'mi_f_b': 0.5641605257987976, 'mi_auc': 0.6102386005854366, 'ma_prec': 0.6105296611785889, 'ma_rec': 0.6102385520935059, 'ma_f_b': 0.6103653311729431}, 4: {'mi_acc': 0.6268061399459839, 'rmse': 0.6108958721160889, 'mae': 0.37319380044937134, 'mi_prec': 0.5806598663330078, 'mi_rec': 0.5729681253433228, 'mi_f_b': 0.5767883658409119, 'mi_auc': 0.6213702803798924, 'ma_prec': 0.6217129230499268, 'ma_rec': 0.6213703155517578, 'ma_f_b': 0.6215195655822754}, 5: {'mi_acc': 0.6364723443984985, 'rmse': 0.6029325127601624, 'mae': 0.3635276257991791, 'mi_prec': 0.5626848936080933, 'mi_rec': 0.5889497399330139, 'mi_f_b': 0.5755177736282349, 'mi_auc': 0.6298072944356183, 'ma_prec': 0.628328263759613, 'ma_rec': 0.6298072934150696, 'ma_f_b': 0.6288185119628906}, 6: {'mi_acc': 0.6500248908996582, 'rmse': 0.5915868878364563, 'mae': 0.3499750792980194, 'mi_prec': 0.5813424587249756, 'mi_rec': 0.604447603225708, 'mi_f_b': 0.5926699042320251, 'mi_auc': 0.6438215955281573, 'ma_prec': 0.6424442529678345, 'ma_rec': 0.6438215970993042, 'ma_f_b': 0.6429457664489746}, 7: {'mi_acc': 0.6491280198097229, 'rmse': 0.5923444628715515, 'mae': 0.3508719503879547, 'mi_prec': 0.5815699696540833, 'mi_rec': 0.603114664554596, 'mi_f_b': 0.5921463966369629, 'mi_auc': 0.642940812577953, 'ma_prec': 0.6416715383529663, 'ma_rec': 0.6429408192634583, 'ma_f_b': 0.6421429514884949}, 8: {'mi_acc': 0.6557050347328186, 'rmse': 0.5867665410041809, 'mae': 0.3442949652671814, 'mi_prec': 0.5924914479255676, 'mi_rec': 0.6101218461990356, 'mi_f_b': 0.6011773943901062, 'mi_auc': 0.6497808768468888, 'ma_prec': 0.6487280130386353, 'ma_rec': 0.6497808694839478, 'ma_f_b': 0.649146556854248}, 9: {'mi_acc': 0.661783754825592, 'rmse': 0.5815635919570923, 'mae': 0.33821624517440796, 'mi_prec': 0.6209328770637512, 'mi_rec': 0.6122952699661255, 'mi_f_b': 0.6165838241577148, 'mi_auc': 0.6568109531233999, 'ma_prec': 0.6572749614715576, 'ma_rec': 0.656810998916626, 'ma_f_b': 0.6570172309875488}, 10: {'mi_acc': 0.6659690737724304, 'rmse': 0.5779540538787842, 'mae': 0.3340308666229248, 'mi_prec': 0.6225255727767944, 'mi_rec': 0.6177466511726379, 'mi_f_b': 0.6201269030570984, 'mi_auc': 0.660906870336245, 'ma_prec': 0.6611741781234741, 'ma_rec': 0.6609068512916565, 'ma_f_b': 0.6610326766967773}, 11: {'mi_acc': 0.6684603691101074, 'rmse': 0.5757947564125061, 'mae': 0.3315396010875702, 'mi_prec': 0.6252560019493103, 'mi_rec': 0.6205962300300598, 'mi_f_b': 0.6229174137115479, 'mi_auc': 0.6634281190323943, 'ma_prec': 0.6636918187141418, 'ma_rec': 0.6634281277656555, 'ma_f_b': 0.6635525822639465}, 12: {'mi_acc': 0.6651718616485596, 'rmse': 0.5786433219909668, 'mae': 0.33482807874679565, 'mi_prec': 0.6204777956008911, 'mi_rec': 0.6171079277992249, 'mi_f_b': 0.6187882423400879, 'mi_auc': 0.6600496979824882, 'ma_prec': 0.6602388620376587, 'ma_rec': 0.6600496768951416, 'ma_f_b': 0.6601403951644897}, 13: {'mi_acc': 0.6675634980201721, 'rmse': 0.5765730142593384, 'mae': 0.3324364721775055, 'mi_prec': 0.6327645182609558, 'mi_rec': 0.6175882816314697, 'mi_f_b': 0.6250842809677124, 'mi_auc': 0.6629156122960688, 'ma_prec': 0.6637226939201355, 'ma_rec': 0.6629155874252319, 'ma_f_b': 0.6632403135299683}, 14: {'mi_acc': 0.6687593460083008, 'rmse': 0.5755351185798645, 'mae': 0.3312406539916992, 'mi_prec': 0.6259385943412781, 'mi_rec': 0.620853066444397, 'mi_f_b': 0.623385488986969, 'mi_auc': 0.6637455981002061, 'ma_prec': 0.6640331149101257, 'ma_rec': 0.6637455821037292, 'ma_f_b': 0.6638805866241455}, 15: {'mi_acc': 0.6721474528312683, 'rmse': 0.5725840926170349, 'mae': 0.3278525173664093, 'mi_prec': 0.634357213973999, 'mi_rec': 0.6235741376876831, 'mi_f_b': 0.6289194822311401, 'mi_auc': 0.6673765761973358, 'ma_prec': 0.6679764986038208, 'ma_rec': 0.6673765778541565, 'ma_f_b': 0.6676371693611145}}, {0: {'meta_doa': np.float64(0.5367526106892253), 'pc-er': 0.047088623046875, 'rm': 0.26863774291378406}, 1: {'meta_doa': np.float64(0.5601896922263132), 'pc-er': 0.04217529296875, 'rm': 0.42808647643976905}, 2: {'meta_doa': np.float64(0.5861648031919018), 'pc-er': 0.0889892578125, 'rm': 0.5291802918032157}, 3: {'meta_doa': np.float64(0.6096748611047853), 'pc-er': 0.066162109375, 'rm': 0.5824922059718621}, 4: {'meta_doa': np.float64(0.6286158390902055), 'pc-er': 0.0732421875, 'rm': 0.6132505959981642}, 5: {'meta_doa': np.float64(0.6474826964589275), 'pc-er': 0.100341796875, 'rm': 0.6549618178203322}, 6: {'meta_doa': np.float64(0.6647265024997109), 'pc-er': 0.1158447265625, 'rm': 0.6887185614485167}, 7: {'meta_doa': np.float64(0.6780888714287787), 'pc-er': 0.11181640625, 'rm': 0.7193241651827057}, 8: {'meta_doa': np.float64(0.6933814481145577), 'pc-er': 0.1337890625, 'rm': 0.7493451784759472}, 9: {'meta_doa': np.float64(0.7041197334859628), 'pc-er': 0.1273193359375, 'rm': 0.7658304248574651}, 10: {'meta_doa': np.float64(0.7165045445194345), 'pc-er': 0.147705078125, 'rm': 0.7943980976739853}, 11: {'meta_doa': np.float64(0.7288096964215385), 'pc-er': 0.128662109375, 'rm': 0.8199615872617929}, 12: {'meta_doa': np.float64(0.7367786450719942), 'pc-er': 0.140869140625, 'rm': 0.8386018753745744}, 13: {'meta_doa': np.float64(0.7454113980362306), 'pc-er': 0.126953125, 'rm': 0.8491722662952197}, 14: {'meta_doa': np.float64(0.7552368677312041), 'pc-er': 0.127685546875, 'rm': 0.8803989442157808}, 15: {'meta_doa': np.float64(0.7646795736033176), 'pc-er': 0.123046875, 'rm': 0.8995397922946975}})
